<?xml version="1.0" encoding="UTF-8" ?>
<testsuite name="sqlServerDriver  various" errors="0" tests="5" failures="2" time="1.341" timestamp="2021-10-15T13:25:41">
  <testcase classname="sqlServerDriver  various" name="select getdate() should give results" time="0.282"></testcase>
  <testcase classname="sqlServerDriver  various" name="select * from table should give results" time="0.261"></testcase>
  <testcase classname="sqlServerDriver  various" name="Date should be given as objects" time="0.258"></testcase>
  <testcase classname="sqlServerDriver  various" name="notify should be called from queryRaw when multiple result got (two select)" time="0.271"><failure type="expect" message="Expected &amp;apos;System.Data.SqlClient.SqlException: Invalid object name &amp;apos;seller&amp;apos;. running select top 5 * from customer ; select top 10 * from seller; &amp;apos; to be undefined.">Error: Expected &amp;apos;System.Data.SqlClient.SqlException: Invalid object name &amp;apos;seller&amp;apos;. running select top 5 * from customer ; select top 10 * from seller; &amp;apos; to be undefined.
    at new jasmine.ExpectationResult (D:\progetti\jsMetaBackend\node_modules\jasmine-node\lib\jasmine-node/jasmine-1.3.1.js:114:32)
    at matchersClass.toBeUndefined (D:\progetti\jsMetaBackend\node_modules\jasmine-node\lib\jasmine-node/jasmine-1.3.1.js:1316:29)
    at Object.&amp;lt;anonymous&amp;gt; (D:\progetti\jsMetaBackend\test\spec\jsSqlServerDriverSpec.js:249:29)
    at fire (D:\progetti\jsMetaBackend\node_modules\JQDeferred\lib\jquery-deferred.js:212:30)
    at Object.fireWith [as rejectWith] (D:\progetti\jsMetaBackend\node_modules\JQDeferred\lib\jquery-deferred.js:324:7)
    at Object.deferred.&amp;lt;computed&amp;gt; [as reject] (D:\progetti\jsMetaBackend\node_modules\JQDeferred\lib\jquery-deferred.js:73:33)
    at D:\progetti\jsMetaBackend\src\edge-sql.js:204:9
</failure></testcase>
  <testcase classname="sqlServerDriver  various" name="notify should be called from queryRaw when multiple result got (three select)" time="0.267"><failure type="expect" message="Expected &amp;apos;System.Data.SqlClient.SqlException: Invalid object name &amp;apos;seller&amp;apos;. running select top 1 * from seller;select top 3 * from seller;select top 5 * from customer;select top 10 * from seller;select top  2 * from customer;&amp;apos; to be undefined.">Error: Expected &amp;apos;System.Data.SqlClient.SqlException: Invalid object name &amp;apos;seller&amp;apos;. running select top 1 * from seller;select top 3 * from seller;select top 5 * from customer;select top 10 * from seller;select top  2 * from customer;&amp;apos; to be undefined.
    at new jasmine.ExpectationResult (D:\progetti\jsMetaBackend\node_modules\jasmine-node\lib\jasmine-node/jasmine-1.3.1.js:114:32)
    at matchersClass.toBeUndefined (D:\progetti\jsMetaBackend\node_modules\jasmine-node\lib\jasmine-node/jasmine-1.3.1.js:1316:29)
    at Object.&amp;lt;anonymous&amp;gt; (D:\progetti\jsMetaBackend\test\spec\jsSqlServerDriverSpec.js:269:29)
    at fire (D:\progetti\jsMetaBackend\node_modules\JQDeferred\lib\jquery-deferred.js:212:30)
    at Object.fireWith [as rejectWith] (D:\progetti\jsMetaBackend\node_modules\JQDeferred\lib\jquery-deferred.js:324:7)
    at Object.deferred.&amp;lt;computed&amp;gt; [as reject] (D:\progetti\jsMetaBackend\node_modules\JQDeferred\lib\jquery-deferred.js:73:33)
    at D:\progetti\jsMetaBackend\src\edge-sql.js:204:9
</failure></testcase>
</testsuite>