<?xml version="1.0" encoding="UTF-8" ?>
<testsuite name="sqlServerDriver  structure" errors="0" tests="5" failures="0" time="1.027" timestamp="2021-10-15T13:25:39">
  <testcase classname="sqlServerDriver  structure" name="should be defined" time="0.199"></testcase>
  <testcase classname="sqlServerDriver  structure" name="Connection should be a function" time="0.203"></testcase>
  <testcase classname="sqlServerDriver  structure" name="Connection should be a Constructor function" time="0.21"></testcase>
  <testcase classname="sqlServerDriver  structure" name="Connection() should return an object" time="0.21"></testcase>
  <testcase classname="sqlServerDriver  structure" name="Connection.open should be a function" time="0.204"></testcase>
</testsuite>