<?xml version="1.0" encoding="UTF-8" ?>
<testsuite name="sqlServerDriver  querylines" errors="0" tests="6" failures="6" time="32.62" timestamp="2021-10-15T13:25:46">
  <testcase classname="sqlServerDriver  querylines" name="queryLines should return as many meta as read tables " time="5.444"><failure type="expect" message="timeout: timed out after 5000 msec waiting for spec to complete">timeout: timed out after 5000 msec waiting for spec to complete</failure></testcase>
  <testcase classname="sqlServerDriver  querylines" name="meta returned from queryLines should be arrays " time="5.402"><failure type="expect" message="timeout: timed out after 5000 msec waiting for spec to complete">timeout: timed out after 5000 msec waiting for spec to complete</failure></testcase>
  <testcase classname="sqlServerDriver  querylines" name="queryLines should return all rows one at a time" time="5.459"><failure type="expect" message="timeout: timed out after 5000 msec waiting for spec to complete">timeout: timed out after 5000 msec waiting for spec to complete</failure></testcase>
  <testcase classname="sqlServerDriver  querylines" name="queryLines should return row as arrays " time="5.395"><failure type="expect" message="timeout: timed out after 5000 msec waiting for spec to complete">timeout: timed out after 5000 msec waiting for spec to complete</failure></testcase>
  <testcase classname="sqlServerDriver  querylines" name="queryLines should return row as objects when raw=false " time="5.507"><failure type="expect" message="timeout: timed out after 5000 msec waiting for spec to complete">timeout: timed out after 5000 msec waiting for spec to complete</failure></testcase>
  <testcase classname="sqlServerDriver  querylines" name="queryLines should work with multiple results " time="5.411"><failure type="expect" message="timeout: timed out after 5000 msec waiting for spec to complete">timeout: timed out after 5000 msec waiting for spec to complete</failure></testcase>
</testsuite>