<?xml version="1.0" encoding="UTF-8" ?>
<testsuite name="PostData changeList" errors="0" tests="15" failures="15" time="0.035" timestamp="2021-05-04T11:08:16">
  <testcase classname="PostData changeList" name="should be a function" time="0.013"><failure type="expect" message="Expected undefined to equal &amp;lt;jasmine.any(function Function() { [native code] })&amp;gt;.">Error: Expected undefined to equal &amp;lt;jasmine.any(function Function() { [native code] })&amp;gt;.
    at new jasmine.ExpectationResult (D:\progetti\jsMetaBackend\node_modules\jasmine-node\lib\jasmine-node/jasmine-1.3.1.js:114:32)
    at matchersClass.toEqual (D:\progetti\jsMetaBackend\node_modules\jasmine-node\lib\jasmine-node/jasmine-1.3.1.js:1316:29)
    at jasmine.Spec.&amp;lt;anonymous&amp;gt; (D:\progetti\jsMetaBackend\test\spec\jsPostDataSpec.js:159:51)
    at jasmine.Block.execute (D:\progetti\jsMetaBackend\node_modules\jasmine-node\lib\jasmine-node/jasmine-1.3.1.js:1145:17)
    at jasmine.Queue.next_ (D:\progetti\jsMetaBackend\node_modules\jasmine-node\lib\jasmine-node/jasmine-1.3.1.js:2177:31)
    at jasmine.Queue.start (D:\progetti\jsMetaBackend\node_modules\jasmine-node\lib\jasmine-node/jasmine-1.3.1.js:2130:8)
    at jasmine.Spec.execute (D:\progetti\jsMetaBackend\node_modules\jasmine-node\lib\jasmine-node/jasmine-1.3.1.js:2458:14)
    at jasmine.Queue.next_ (D:\progetti\jsMetaBackend\node_modules\jasmine-node\lib\jasmine-node/jasmine-1.3.1.js:2177:31)
    at jasmine.Queue.start (D:\progetti\jsMetaBackend\node_modules\jasmine-node\lib\jasmine-node/jasmine-1.3.1.js:2130:8)
    at jasmine.Suite.execute (D:\progetti\jsMetaBackend\node_modules\jasmine-node\lib\jasmine-node/jasmine-1.3.1.js:2604:14)
    at jasmine.Queue.next_ (D:\progetti\jsMetaBackend\node_modules\jasmine-node\lib\jasmine-node/jasmine-1.3.1.js:2177:31)
    at jasmine.Queue.start (D:\progetti\jsMetaBackend\node_modules\jasmine-node\lib\jasmine-node/jasmine-1.3.1.js:2130:8)
    at jasmine.Suite.execute (D:\progetti\jsMetaBackend\node_modules\jasmine-node\lib\jasmine-node/jasmine-1.3.1.js:2604:14)
    at jasmine.Queue.next_ (D:\progetti\jsMetaBackend\node_modules\jasmine-node\lib\jasmine-node/jasmine-1.3.1.js:2177:31)
    at onComplete (D:\progetti\jsMetaBackend\node_modules\jasmine-node\lib\jasmine-node/jasmine-1.3.1.js:2173:18)
    at jasmine.Suite.finish (D:\progetti\jsMetaBackend\node_modules\jasmine-node\lib\jasmine-node/jasmine-1.3.1.js:2561:5)
    at jasmine.Queue.onComplete (D:\progetti\jsMetaBackend\node_modules\jasmine-node\lib\jasmine-node/jasmine-1.3.1.js:2605:10)
    at jasmine.Queue.next_ (D:\progetti\jsMetaBackend\node_modules\jasmine-node\lib\jasmine-node/jasmine-1.3.1.js:2187:14)
    at onComplete (D:\progetti\jsMetaBackend\node_modules\jasmine-node\lib\jasmine-node/jasmine-1.3.1.js:2173:18)
    at jasmine.Spec.finish (D:\progetti\jsMetaBackend\node_modules\jasmine-node\lib\jasmine-node/jasmine-1.3.1.js:2432:5)
    at jasmine.Queue.onComplete (D:\progetti\jsMetaBackend\node_modules\jasmine-node\lib\jasmine-node/jasmine-1.3.1.js:2459:10)
    at jasmine.Queue.next_ (D:\progetti\jsMetaBackend\node_modules\jasmine-node\lib\jasmine-node/jasmine-1.3.1.js:2187:14)
    at Timeout._onTimeout (D:\progetti\jsMetaBackend\node_modules\jasmine-node\lib\jasmine-node/jasmine-1.3.1.js:2167:18)
    at listOnTimeout (internal/timers.js:554:17)
    at processTimers (internal/timers.js:497:7)
</failure></testcase>
  <testcase classname="PostData changeList" name="should return an array" time="0.001"><failure type="expect" message="TypeError: PostData.prototype.changeList is not a function">TypeError: PostData.prototype.changeList is not a function
    at jasmine.Spec.&amp;lt;anonymous&amp;gt; (D:\progetti\jsMetaBackend\test\spec\jsPostDataSpec.js:163:39)
    at jasmine.Block.execute (D:\progetti\jsMetaBackend\node_modules\jasmine-node\lib\jasmine-node/jasmine-1.3.1.js:1145:17)
    at jasmine.Queue.next_ (D:\progetti\jsMetaBackend\node_modules\jasmine-node\lib\jasmine-node/jasmine-1.3.1.js:2177:31)
    at jasmine.Queue.start (D:\progetti\jsMetaBackend\node_modules\jasmine-node\lib\jasmine-node/jasmine-1.3.1.js:2130:8)
    at jasmine.Spec.execute (D:\progetti\jsMetaBackend\node_modules\jasmine-node\lib\jasmine-node/jasmine-1.3.1.js:2458:14)
    at jasmine.Queue.next_ (D:\progetti\jsMetaBackend\node_modules\jasmine-node\lib\jasmine-node/jasmine-1.3.1.js:2177:31)
    at jasmine.Queue.start (D:\progetti\jsMetaBackend\node_modules\jasmine-node\lib\jasmine-node/jasmine-1.3.1.js:2130:8)
    at jasmine.Suite.execute (D:\progetti\jsMetaBackend\node_modules\jasmine-node\lib\jasmine-node/jasmine-1.3.1.js:2604:14)
    at jasmine.Queue.next_ (D:\progetti\jsMetaBackend\node_modules\jasmine-node\lib\jasmine-node/jasmine-1.3.1.js:2177:31)
    at jasmine.Queue.start (D:\progetti\jsMetaBackend\node_modules\jasmine-node\lib\jasmine-node/jasmine-1.3.1.js:2130:8)
    at jasmine.Suite.execute (D:\progetti\jsMetaBackend\node_modules\jasmine-node\lib\jasmine-node/jasmine-1.3.1.js:2604:14)
    at jasmine.Queue.next_ (D:\progetti\jsMetaBackend\node_modules\jasmine-node\lib\jasmine-node/jasmine-1.3.1.js:2177:31)
    at onComplete (D:\progetti\jsMetaBackend\node_modules\jasmine-node\lib\jasmine-node/jasmine-1.3.1.js:2173:18)
    at jasmine.Suite.finish (D:\progetti\jsMetaBackend\node_modules\jasmine-node\lib\jasmine-node/jasmine-1.3.1.js:2561:5)
    at jasmine.Queue.onComplete (D:\progetti\jsMetaBackend\node_modules\jasmine-node\lib\jasmine-node/jasmine-1.3.1.js:2605:10)
    at jasmine.Queue.next_ (D:\progetti\jsMetaBackend\node_modules\jasmine-node\lib\jasmine-node/jasmine-1.3.1.js:2187:14)
    at onComplete (D:\progetti\jsMetaBackend\node_modules\jasmine-node\lib\jasmine-node/jasmine-1.3.1.js:2173:18)
    at jasmine.Spec.finish (D:\progetti\jsMetaBackend\node_modules\jasmine-node\lib\jasmine-node/jasmine-1.3.1.js:2432:5)
    at jasmine.Queue.onComplete (D:\progetti\jsMetaBackend\node_modules\jasmine-node\lib\jasmine-node/jasmine-1.3.1.js:2459:10)
    at jasmine.Queue.next_ (D:\progetti\jsMetaBackend\node_modules\jasmine-node\lib\jasmine-node/jasmine-1.3.1.js:2187:14)
    at Timeout._onTimeout (D:\progetti\jsMetaBackend\node_modules\jasmine-node\lib\jasmine-node/jasmine-1.3.1.js:2167:18)
    at listOnTimeout (internal/timers.js:554:17)
    at processTimers (internal/timers.js:497:7)
</failure></testcase>
  <testcase classname="PostData changeList" name="should return as many rows as there were modified in d" time="0.001"><failure type="expect" message="TypeError: p.changeList is not a function">TypeError: p.changeList is not a function
    at jasmine.Spec.&amp;lt;anonymous&amp;gt; (D:\progetti\jsMetaBackend\test\spec\jsPostDataSpec.js:169:25)
    at jasmine.Block.execute (D:\progetti\jsMetaBackend\node_modules\jasmine-node\lib\jasmine-node/jasmine-1.3.1.js:1145:17)
    at jasmine.Queue.next_ (D:\progetti\jsMetaBackend\node_modules\jasmine-node\lib\jasmine-node/jasmine-1.3.1.js:2177:31)
    at jasmine.Queue.start (D:\progetti\jsMetaBackend\node_modules\jasmine-node\lib\jasmine-node/jasmine-1.3.1.js:2130:8)
    at jasmine.Spec.execute (D:\progetti\jsMetaBackend\node_modules\jasmine-node\lib\jasmine-node/jasmine-1.3.1.js:2458:14)
    at jasmine.Queue.next_ (D:\progetti\jsMetaBackend\node_modules\jasmine-node\lib\jasmine-node/jasmine-1.3.1.js:2177:31)
    at jasmine.Queue.start (D:\progetti\jsMetaBackend\node_modules\jasmine-node\lib\jasmine-node/jasmine-1.3.1.js:2130:8)
    at jasmine.Suite.execute (D:\progetti\jsMetaBackend\node_modules\jasmine-node\lib\jasmine-node/jasmine-1.3.1.js:2604:14)
    at jasmine.Queue.next_ (D:\progetti\jsMetaBackend\node_modules\jasmine-node\lib\jasmine-node/jasmine-1.3.1.js:2177:31)
    at jasmine.Queue.start (D:\progetti\jsMetaBackend\node_modules\jasmine-node\lib\jasmine-node/jasmine-1.3.1.js:2130:8)
    at jasmine.Suite.execute (D:\progetti\jsMetaBackend\node_modules\jasmine-node\lib\jasmine-node/jasmine-1.3.1.js:2604:14)
    at jasmine.Queue.next_ (D:\progetti\jsMetaBackend\node_modules\jasmine-node\lib\jasmine-node/jasmine-1.3.1.js:2177:31)
    at onComplete (D:\progetti\jsMetaBackend\node_modules\jasmine-node\lib\jasmine-node/jasmine-1.3.1.js:2173:18)
    at jasmine.Suite.finish (D:\progetti\jsMetaBackend\node_modules\jasmine-node\lib\jasmine-node/jasmine-1.3.1.js:2561:5)
    at jasmine.Queue.onComplete (D:\progetti\jsMetaBackend\node_modules\jasmine-node\lib\jasmine-node/jasmine-1.3.1.js:2605:10)
    at jasmine.Queue.next_ (D:\progetti\jsMetaBackend\node_modules\jasmine-node\lib\jasmine-node/jasmine-1.3.1.js:2187:14)
    at onComplete (D:\progetti\jsMetaBackend\node_modules\jasmine-node\lib\jasmine-node/jasmine-1.3.1.js:2173:18)
    at jasmine.Spec.finish (D:\progetti\jsMetaBackend\node_modules\jasmine-node\lib\jasmine-node/jasmine-1.3.1.js:2432:5)
    at jasmine.Queue.onComplete (D:\progetti\jsMetaBackend\node_modules\jasmine-node\lib\jasmine-node/jasmine-1.3.1.js:2459:10)
    at jasmine.Queue.next_ (D:\progetti\jsMetaBackend\node_modules\jasmine-node\lib\jasmine-node/jasmine-1.3.1.js:2187:14)
    at Timeout._onTimeout (D:\progetti\jsMetaBackend\node_modules\jasmine-node\lib\jasmine-node/jasmine-1.3.1.js:2167:18)
    at listOnTimeout (internal/timers.js:554:17)
    at processTimers (internal/timers.js:497:7)
</failure></testcase>
  <testcase classname="PostData changeList" name="should return as many rows as there were modified in d (2th set)" time="0.001"><failure type="expect" message="TypeError: p.changeList is not a function">TypeError: p.changeList is not a function
    at jasmine.Spec.&amp;lt;anonymous&amp;gt; (D:\progetti\jsMetaBackend\test\spec\jsPostDataSpec.js:178:25)
    at jasmine.Block.execute (D:\progetti\jsMetaBackend\node_modules\jasmine-node\lib\jasmine-node/jasmine-1.3.1.js:1145:17)
    at jasmine.Queue.next_ (D:\progetti\jsMetaBackend\node_modules\jasmine-node\lib\jasmine-node/jasmine-1.3.1.js:2177:31)
    at jasmine.Queue.start (D:\progetti\jsMetaBackend\node_modules\jasmine-node\lib\jasmine-node/jasmine-1.3.1.js:2130:8)
    at jasmine.Spec.execute (D:\progetti\jsMetaBackend\node_modules\jasmine-node\lib\jasmine-node/jasmine-1.3.1.js:2458:14)
    at jasmine.Queue.next_ (D:\progetti\jsMetaBackend\node_modules\jasmine-node\lib\jasmine-node/jasmine-1.3.1.js:2177:31)
    at jasmine.Queue.start (D:\progetti\jsMetaBackend\node_modules\jasmine-node\lib\jasmine-node/jasmine-1.3.1.js:2130:8)
    at jasmine.Suite.execute (D:\progetti\jsMetaBackend\node_modules\jasmine-node\lib\jasmine-node/jasmine-1.3.1.js:2604:14)
    at jasmine.Queue.next_ (D:\progetti\jsMetaBackend\node_modules\jasmine-node\lib\jasmine-node/jasmine-1.3.1.js:2177:31)
    at jasmine.Queue.start (D:\progetti\jsMetaBackend\node_modules\jasmine-node\lib\jasmine-node/jasmine-1.3.1.js:2130:8)
    at jasmine.Suite.execute (D:\progetti\jsMetaBackend\node_modules\jasmine-node\lib\jasmine-node/jasmine-1.3.1.js:2604:14)
    at jasmine.Queue.next_ (D:\progetti\jsMetaBackend\node_modules\jasmine-node\lib\jasmine-node/jasmine-1.3.1.js:2177:31)
    at onComplete (D:\progetti\jsMetaBackend\node_modules\jasmine-node\lib\jasmine-node/jasmine-1.3.1.js:2173:18)
    at jasmine.Suite.finish (D:\progetti\jsMetaBackend\node_modules\jasmine-node\lib\jasmine-node/jasmine-1.3.1.js:2561:5)
    at jasmine.Queue.onComplete (D:\progetti\jsMetaBackend\node_modules\jasmine-node\lib\jasmine-node/jasmine-1.3.1.js:2605:10)
    at jasmine.Queue.next_ (D:\progetti\jsMetaBackend\node_modules\jasmine-node\lib\jasmine-node/jasmine-1.3.1.js:2187:14)
    at onComplete (D:\progetti\jsMetaBackend\node_modules\jasmine-node\lib\jasmine-node/jasmine-1.3.1.js:2173:18)
    at jasmine.Spec.finish (D:\progetti\jsMetaBackend\node_modules\jasmine-node\lib\jasmine-node/jasmine-1.3.1.js:2432:5)
    at jasmine.Queue.onComplete (D:\progetti\jsMetaBackend\node_modules\jasmine-node\lib\jasmine-node/jasmine-1.3.1.js:2459:10)
    at jasmine.Queue.next_ (D:\progetti\jsMetaBackend\node_modules\jasmine-node\lib\jasmine-node/jasmine-1.3.1.js:2187:14)
    at Timeout._onTimeout (D:\progetti\jsMetaBackend\node_modules\jasmine-node\lib\jasmine-node/jasmine-1.3.1.js:2167:18)
    at listOnTimeout (internal/timers.js:554:17)
    at processTimers (internal/timers.js:497:7)
</failure></testcase>
  <testcase classname="PostData changeList" name="should return as many rows as there were modified in d (3th set)" time="0.002"><failure type="expect" message="TypeError: p.changeList is not a function">TypeError: p.changeList is not a function
    at jasmine.Spec.&amp;lt;anonymous&amp;gt; (D:\progetti\jsMetaBackend\test\spec\jsPostDataSpec.js:185:25)
    at jasmine.Block.execute (D:\progetti\jsMetaBackend\node_modules\jasmine-node\lib\jasmine-node/jasmine-1.3.1.js:1145:17)
    at jasmine.Queue.next_ (D:\progetti\jsMetaBackend\node_modules\jasmine-node\lib\jasmine-node/jasmine-1.3.1.js:2177:31)
    at jasmine.Queue.start (D:\progetti\jsMetaBackend\node_modules\jasmine-node\lib\jasmine-node/jasmine-1.3.1.js:2130:8)
    at jasmine.Spec.execute (D:\progetti\jsMetaBackend\node_modules\jasmine-node\lib\jasmine-node/jasmine-1.3.1.js:2458:14)
    at jasmine.Queue.next_ (D:\progetti\jsMetaBackend\node_modules\jasmine-node\lib\jasmine-node/jasmine-1.3.1.js:2177:31)
    at jasmine.Queue.start (D:\progetti\jsMetaBackend\node_modules\jasmine-node\lib\jasmine-node/jasmine-1.3.1.js:2130:8)
    at jasmine.Suite.execute (D:\progetti\jsMetaBackend\node_modules\jasmine-node\lib\jasmine-node/jasmine-1.3.1.js:2604:14)
    at jasmine.Queue.next_ (D:\progetti\jsMetaBackend\node_modules\jasmine-node\lib\jasmine-node/jasmine-1.3.1.js:2177:31)
    at jasmine.Queue.start (D:\progetti\jsMetaBackend\node_modules\jasmine-node\lib\jasmine-node/jasmine-1.3.1.js:2130:8)
    at jasmine.Suite.execute (D:\progetti\jsMetaBackend\node_modules\jasmine-node\lib\jasmine-node/jasmine-1.3.1.js:2604:14)
    at jasmine.Queue.next_ (D:\progetti\jsMetaBackend\node_modules\jasmine-node\lib\jasmine-node/jasmine-1.3.1.js:2177:31)
    at onComplete (D:\progetti\jsMetaBackend\node_modules\jasmine-node\lib\jasmine-node/jasmine-1.3.1.js:2173:18)
    at jasmine.Suite.finish (D:\progetti\jsMetaBackend\node_modules\jasmine-node\lib\jasmine-node/jasmine-1.3.1.js:2561:5)
    at jasmine.Queue.onComplete (D:\progetti\jsMetaBackend\node_modules\jasmine-node\lib\jasmine-node/jasmine-1.3.1.js:2605:10)
    at jasmine.Queue.next_ (D:\progetti\jsMetaBackend\node_modules\jasmine-node\lib\jasmine-node/jasmine-1.3.1.js:2187:14)
    at onComplete (D:\progetti\jsMetaBackend\node_modules\jasmine-node\lib\jasmine-node/jasmine-1.3.1.js:2173:18)
    at jasmine.Spec.finish (D:\progetti\jsMetaBackend\node_modules\jasmine-node\lib\jasmine-node/jasmine-1.3.1.js:2432:5)
    at jasmine.Queue.onComplete (D:\progetti\jsMetaBackend\node_modules\jasmine-node\lib\jasmine-node/jasmine-1.3.1.js:2459:10)
    at jasmine.Queue.next_ (D:\progetti\jsMetaBackend\node_modules\jasmine-node\lib\jasmine-node/jasmine-1.3.1.js:2187:14)
    at Timeout._onTimeout (D:\progetti\jsMetaBackend\node_modules\jasmine-node\lib\jasmine-node/jasmine-1.3.1.js:2167:18)
    at listOnTimeout (internal/timers.js:554:17)
    at processTimers (internal/timers.js:497:7)
</failure></testcase>
  <testcase classname="PostData changeList" name="should return as many rows as there were modified in d (4th set)" time="0.001"><failure type="expect" message="TypeError: p.changeList is not a function">TypeError: p.changeList is not a function
    at jasmine.Spec.&amp;lt;anonymous&amp;gt; (D:\progetti\jsMetaBackend\test\spec\jsPostDataSpec.js:192:25)
    at jasmine.Block.execute (D:\progetti\jsMetaBackend\node_modules\jasmine-node\lib\jasmine-node/jasmine-1.3.1.js:1145:17)
    at jasmine.Queue.next_ (D:\progetti\jsMetaBackend\node_modules\jasmine-node\lib\jasmine-node/jasmine-1.3.1.js:2177:31)
    at jasmine.Queue.start (D:\progetti\jsMetaBackend\node_modules\jasmine-node\lib\jasmine-node/jasmine-1.3.1.js:2130:8)
    at jasmine.Spec.execute (D:\progetti\jsMetaBackend\node_modules\jasmine-node\lib\jasmine-node/jasmine-1.3.1.js:2458:14)
    at jasmine.Queue.next_ (D:\progetti\jsMetaBackend\node_modules\jasmine-node\lib\jasmine-node/jasmine-1.3.1.js:2177:31)
    at jasmine.Queue.start (D:\progetti\jsMetaBackend\node_modules\jasmine-node\lib\jasmine-node/jasmine-1.3.1.js:2130:8)
    at jasmine.Suite.execute (D:\progetti\jsMetaBackend\node_modules\jasmine-node\lib\jasmine-node/jasmine-1.3.1.js:2604:14)
    at jasmine.Queue.next_ (D:\progetti\jsMetaBackend\node_modules\jasmine-node\lib\jasmine-node/jasmine-1.3.1.js:2177:31)
    at jasmine.Queue.start (D:\progetti\jsMetaBackend\node_modules\jasmine-node\lib\jasmine-node/jasmine-1.3.1.js:2130:8)
    at jasmine.Suite.execute (D:\progetti\jsMetaBackend\node_modules\jasmine-node\lib\jasmine-node/jasmine-1.3.1.js:2604:14)
    at jasmine.Queue.next_ (D:\progetti\jsMetaBackend\node_modules\jasmine-node\lib\jasmine-node/jasmine-1.3.1.js:2177:31)
    at onComplete (D:\progetti\jsMetaBackend\node_modules\jasmine-node\lib\jasmine-node/jasmine-1.3.1.js:2173:18)
    at jasmine.Suite.finish (D:\progetti\jsMetaBackend\node_modules\jasmine-node\lib\jasmine-node/jasmine-1.3.1.js:2561:5)
    at jasmine.Queue.onComplete (D:\progetti\jsMetaBackend\node_modules\jasmine-node\lib\jasmine-node/jasmine-1.3.1.js:2605:10)
    at jasmine.Queue.next_ (D:\progetti\jsMetaBackend\node_modules\jasmine-node\lib\jasmine-node/jasmine-1.3.1.js:2187:14)
    at onComplete (D:\progetti\jsMetaBackend\node_modules\jasmine-node\lib\jasmine-node/jasmine-1.3.1.js:2173:18)
    at jasmine.Spec.finish (D:\progetti\jsMetaBackend\node_modules\jasmine-node\lib\jasmine-node/jasmine-1.3.1.js:2432:5)
    at jasmine.Queue.onComplete (D:\progetti\jsMetaBackend\node_modules\jasmine-node\lib\jasmine-node/jasmine-1.3.1.js:2459:10)
    at jasmine.Queue.next_ (D:\progetti\jsMetaBackend\node_modules\jasmine-node\lib\jasmine-node/jasmine-1.3.1.js:2187:14)
    at Timeout._onTimeout (D:\progetti\jsMetaBackend\node_modules\jasmine-node\lib\jasmine-node/jasmine-1.3.1.js:2167:18)
    at listOnTimeout (internal/timers.js:554:17)
    at processTimers (internal/timers.js:497:7)
</failure></testcase>
  <testcase classname="PostData changeList" name="should return as many rows as there were modified in d (5th set)" time="0.003"><failure type="expect" message="TypeError: p.changeList is not a function">TypeError: p.changeList is not a function
    at jasmine.Spec.&amp;lt;anonymous&amp;gt; (D:\progetti\jsMetaBackend\test\spec\jsPostDataSpec.js:216:25)
    at jasmine.Block.execute (D:\progetti\jsMetaBackend\node_modules\jasmine-node\lib\jasmine-node/jasmine-1.3.1.js:1145:17)
    at jasmine.Queue.next_ (D:\progetti\jsMetaBackend\node_modules\jasmine-node\lib\jasmine-node/jasmine-1.3.1.js:2177:31)
    at jasmine.Queue.start (D:\progetti\jsMetaBackend\node_modules\jasmine-node\lib\jasmine-node/jasmine-1.3.1.js:2130:8)
    at jasmine.Spec.execute (D:\progetti\jsMetaBackend\node_modules\jasmine-node\lib\jasmine-node/jasmine-1.3.1.js:2458:14)
    at jasmine.Queue.next_ (D:\progetti\jsMetaBackend\node_modules\jasmine-node\lib\jasmine-node/jasmine-1.3.1.js:2177:31)
    at jasmine.Queue.start (D:\progetti\jsMetaBackend\node_modules\jasmine-node\lib\jasmine-node/jasmine-1.3.1.js:2130:8)
    at jasmine.Suite.execute (D:\progetti\jsMetaBackend\node_modules\jasmine-node\lib\jasmine-node/jasmine-1.3.1.js:2604:14)
    at jasmine.Queue.next_ (D:\progetti\jsMetaBackend\node_modules\jasmine-node\lib\jasmine-node/jasmine-1.3.1.js:2177:31)
    at jasmine.Queue.start (D:\progetti\jsMetaBackend\node_modules\jasmine-node\lib\jasmine-node/jasmine-1.3.1.js:2130:8)
    at jasmine.Suite.execute (D:\progetti\jsMetaBackend\node_modules\jasmine-node\lib\jasmine-node/jasmine-1.3.1.js:2604:14)
    at jasmine.Queue.next_ (D:\progetti\jsMetaBackend\node_modules\jasmine-node\lib\jasmine-node/jasmine-1.3.1.js:2177:31)
    at onComplete (D:\progetti\jsMetaBackend\node_modules\jasmine-node\lib\jasmine-node/jasmine-1.3.1.js:2173:18)
    at jasmine.Suite.finish (D:\progetti\jsMetaBackend\node_modules\jasmine-node\lib\jasmine-node/jasmine-1.3.1.js:2561:5)
    at jasmine.Queue.onComplete (D:\progetti\jsMetaBackend\node_modules\jasmine-node\lib\jasmine-node/jasmine-1.3.1.js:2605:10)
    at jasmine.Queue.next_ (D:\progetti\jsMetaBackend\node_modules\jasmine-node\lib\jasmine-node/jasmine-1.3.1.js:2187:14)
    at onComplete (D:\progetti\jsMetaBackend\node_modules\jasmine-node\lib\jasmine-node/jasmine-1.3.1.js:2173:18)
    at jasmine.Spec.finish (D:\progetti\jsMetaBackend\node_modules\jasmine-node\lib\jasmine-node/jasmine-1.3.1.js:2432:5)
    at jasmine.Queue.onComplete (D:\progetti\jsMetaBackend\node_modules\jasmine-node\lib\jasmine-node/jasmine-1.3.1.js:2459:10)
    at jasmine.Queue.next_ (D:\progetti\jsMetaBackend\node_modules\jasmine-node\lib\jasmine-node/jasmine-1.3.1.js:2187:14)
    at Timeout._onTimeout (D:\progetti\jsMetaBackend\node_modules\jasmine-node\lib\jasmine-node/jasmine-1.3.1.js:2167:18)
    at listOnTimeout (internal/timers.js:554:17)
    at processTimers (internal/timers.js:497:7)
</failure></testcase>
  <testcase classname="PostData changeList" name="should return as many rows as there were modified in d (6th set)" time="0.001"><failure type="expect" message="TypeError: p.changeList is not a function">TypeError: p.changeList is not a function
    at jasmine.Spec.&amp;lt;anonymous&amp;gt; (D:\progetti\jsMetaBackend\test\spec\jsPostDataSpec.js:241:25)
    at jasmine.Block.execute (D:\progetti\jsMetaBackend\node_modules\jasmine-node\lib\jasmine-node/jasmine-1.3.1.js:1145:17)
    at jasmine.Queue.next_ (D:\progetti\jsMetaBackend\node_modules\jasmine-node\lib\jasmine-node/jasmine-1.3.1.js:2177:31)
    at jasmine.Queue.start (D:\progetti\jsMetaBackend\node_modules\jasmine-node\lib\jasmine-node/jasmine-1.3.1.js:2130:8)
    at jasmine.Spec.execute (D:\progetti\jsMetaBackend\node_modules\jasmine-node\lib\jasmine-node/jasmine-1.3.1.js:2458:14)
    at jasmine.Queue.next_ (D:\progetti\jsMetaBackend\node_modules\jasmine-node\lib\jasmine-node/jasmine-1.3.1.js:2177:31)
    at jasmine.Queue.start (D:\progetti\jsMetaBackend\node_modules\jasmine-node\lib\jasmine-node/jasmine-1.3.1.js:2130:8)
    at jasmine.Suite.execute (D:\progetti\jsMetaBackend\node_modules\jasmine-node\lib\jasmine-node/jasmine-1.3.1.js:2604:14)
    at jasmine.Queue.next_ (D:\progetti\jsMetaBackend\node_modules\jasmine-node\lib\jasmine-node/jasmine-1.3.1.js:2177:31)
    at jasmine.Queue.start (D:\progetti\jsMetaBackend\node_modules\jasmine-node\lib\jasmine-node/jasmine-1.3.1.js:2130:8)
    at jasmine.Suite.execute (D:\progetti\jsMetaBackend\node_modules\jasmine-node\lib\jasmine-node/jasmine-1.3.1.js:2604:14)
    at jasmine.Queue.next_ (D:\progetti\jsMetaBackend\node_modules\jasmine-node\lib\jasmine-node/jasmine-1.3.1.js:2177:31)
    at onComplete (D:\progetti\jsMetaBackend\node_modules\jasmine-node\lib\jasmine-node/jasmine-1.3.1.js:2173:18)
    at jasmine.Suite.finish (D:\progetti\jsMetaBackend\node_modules\jasmine-node\lib\jasmine-node/jasmine-1.3.1.js:2561:5)
    at jasmine.Queue.onComplete (D:\progetti\jsMetaBackend\node_modules\jasmine-node\lib\jasmine-node/jasmine-1.3.1.js:2605:10)
    at jasmine.Queue.next_ (D:\progetti\jsMetaBackend\node_modules\jasmine-node\lib\jasmine-node/jasmine-1.3.1.js:2187:14)
    at onComplete (D:\progetti\jsMetaBackend\node_modules\jasmine-node\lib\jasmine-node/jasmine-1.3.1.js:2173:18)
    at jasmine.Spec.finish (D:\progetti\jsMetaBackend\node_modules\jasmine-node\lib\jasmine-node/jasmine-1.3.1.js:2432:5)
    at jasmine.Queue.onComplete (D:\progetti\jsMetaBackend\node_modules\jasmine-node\lib\jasmine-node/jasmine-1.3.1.js:2459:10)
    at jasmine.Queue.next_ (D:\progetti\jsMetaBackend\node_modules\jasmine-node\lib\jasmine-node/jasmine-1.3.1.js:2187:14)
    at Timeout._onTimeout (D:\progetti\jsMetaBackend\node_modules\jasmine-node\lib\jasmine-node/jasmine-1.3.1.js:2167:18)
    at listOnTimeout (internal/timers.js:554:17)
    at processTimers (internal/timers.js:497:7)
</failure></testcase>
  <testcase classname="PostData changeList" name="checkIsNotParent should return not-parents" time="0.002"><failure type="expect" message="TypeError: p.checkIsNotParent is not a function">TypeError: p.checkIsNotParent is not a function
    at jasmine.Spec.&amp;lt;anonymous&amp;gt; (D:\progetti\jsMetaBackend\test\spec\jsPostDataSpec.js:266:22)
    at jasmine.Block.execute (D:\progetti\jsMetaBackend\node_modules\jasmine-node\lib\jasmine-node/jasmine-1.3.1.js:1145:17)
    at jasmine.Queue.next_ (D:\progetti\jsMetaBackend\node_modules\jasmine-node\lib\jasmine-node/jasmine-1.3.1.js:2177:31)
    at jasmine.Queue.start (D:\progetti\jsMetaBackend\node_modules\jasmine-node\lib\jasmine-node/jasmine-1.3.1.js:2130:8)
    at jasmine.Spec.execute (D:\progetti\jsMetaBackend\node_modules\jasmine-node\lib\jasmine-node/jasmine-1.3.1.js:2458:14)
    at jasmine.Queue.next_ (D:\progetti\jsMetaBackend\node_modules\jasmine-node\lib\jasmine-node/jasmine-1.3.1.js:2177:31)
    at jasmine.Queue.start (D:\progetti\jsMetaBackend\node_modules\jasmine-node\lib\jasmine-node/jasmine-1.3.1.js:2130:8)
    at jasmine.Suite.execute (D:\progetti\jsMetaBackend\node_modules\jasmine-node\lib\jasmine-node/jasmine-1.3.1.js:2604:14)
    at jasmine.Queue.next_ (D:\progetti\jsMetaBackend\node_modules\jasmine-node\lib\jasmine-node/jasmine-1.3.1.js:2177:31)
    at jasmine.Queue.start (D:\progetti\jsMetaBackend\node_modules\jasmine-node\lib\jasmine-node/jasmine-1.3.1.js:2130:8)
    at jasmine.Suite.execute (D:\progetti\jsMetaBackend\node_modules\jasmine-node\lib\jasmine-node/jasmine-1.3.1.js:2604:14)
    at jasmine.Queue.next_ (D:\progetti\jsMetaBackend\node_modules\jasmine-node\lib\jasmine-node/jasmine-1.3.1.js:2177:31)
    at onComplete (D:\progetti\jsMetaBackend\node_modules\jasmine-node\lib\jasmine-node/jasmine-1.3.1.js:2173:18)
    at jasmine.Suite.finish (D:\progetti\jsMetaBackend\node_modules\jasmine-node\lib\jasmine-node/jasmine-1.3.1.js:2561:5)
    at jasmine.Queue.onComplete (D:\progetti\jsMetaBackend\node_modules\jasmine-node\lib\jasmine-node/jasmine-1.3.1.js:2605:10)
    at jasmine.Queue.next_ (D:\progetti\jsMetaBackend\node_modules\jasmine-node\lib\jasmine-node/jasmine-1.3.1.js:2187:14)
    at onComplete (D:\progetti\jsMetaBackend\node_modules\jasmine-node\lib\jasmine-node/jasmine-1.3.1.js:2173:18)
    at jasmine.Spec.finish (D:\progetti\jsMetaBackend\node_modules\jasmine-node\lib\jasmine-node/jasmine-1.3.1.js:2432:5)
    at jasmine.Queue.onComplete (D:\progetti\jsMetaBackend\node_modules\jasmine-node\lib\jasmine-node/jasmine-1.3.1.js:2459:10)
    at jasmine.Queue.next_ (D:\progetti\jsMetaBackend\node_modules\jasmine-node\lib\jasmine-node/jasmine-1.3.1.js:2187:14)
    at Timeout._onTimeout (D:\progetti\jsMetaBackend\node_modules\jasmine-node\lib\jasmine-node/jasmine-1.3.1.js:2167:18)
    at listOnTimeout (internal/timers.js:554:17)
    at processTimers (internal/timers.js:497:7)
</failure></testcase>
  <testcase classname="PostData changeList" name="checkIsNotChild should return not-childs" time="0.001"><failure type="expect" message="TypeError: p.checkIsNotChild is not a function">TypeError: p.checkIsNotChild is not a function
    at jasmine.Spec.&amp;lt;anonymous&amp;gt; (D:\progetti\jsMetaBackend\test\spec\jsPostDataSpec.js:303:22)
    at jasmine.Block.execute (D:\progetti\jsMetaBackend\node_modules\jasmine-node\lib\jasmine-node/jasmine-1.3.1.js:1145:17)
    at jasmine.Queue.next_ (D:\progetti\jsMetaBackend\node_modules\jasmine-node\lib\jasmine-node/jasmine-1.3.1.js:2177:31)
    at jasmine.Queue.start (D:\progetti\jsMetaBackend\node_modules\jasmine-node\lib\jasmine-node/jasmine-1.3.1.js:2130:8)
    at jasmine.Spec.execute (D:\progetti\jsMetaBackend\node_modules\jasmine-node\lib\jasmine-node/jasmine-1.3.1.js:2458:14)
    at jasmine.Queue.next_ (D:\progetti\jsMetaBackend\node_modules\jasmine-node\lib\jasmine-node/jasmine-1.3.1.js:2177:31)
    at jasmine.Queue.start (D:\progetti\jsMetaBackend\node_modules\jasmine-node\lib\jasmine-node/jasmine-1.3.1.js:2130:8)
    at jasmine.Suite.execute (D:\progetti\jsMetaBackend\node_modules\jasmine-node\lib\jasmine-node/jasmine-1.3.1.js:2604:14)
    at jasmine.Queue.next_ (D:\progetti\jsMetaBackend\node_modules\jasmine-node\lib\jasmine-node/jasmine-1.3.1.js:2177:31)
    at jasmine.Queue.start (D:\progetti\jsMetaBackend\node_modules\jasmine-node\lib\jasmine-node/jasmine-1.3.1.js:2130:8)
    at jasmine.Suite.execute (D:\progetti\jsMetaBackend\node_modules\jasmine-node\lib\jasmine-node/jasmine-1.3.1.js:2604:14)
    at jasmine.Queue.next_ (D:\progetti\jsMetaBackend\node_modules\jasmine-node\lib\jasmine-node/jasmine-1.3.1.js:2177:31)
    at onComplete (D:\progetti\jsMetaBackend\node_modules\jasmine-node\lib\jasmine-node/jasmine-1.3.1.js:2173:18)
    at jasmine.Suite.finish (D:\progetti\jsMetaBackend\node_modules\jasmine-node\lib\jasmine-node/jasmine-1.3.1.js:2561:5)
    at jasmine.Queue.onComplete (D:\progetti\jsMetaBackend\node_modules\jasmine-node\lib\jasmine-node/jasmine-1.3.1.js:2605:10)
    at jasmine.Queue.next_ (D:\progetti\jsMetaBackend\node_modules\jasmine-node\lib\jasmine-node/jasmine-1.3.1.js:2187:14)
    at onComplete (D:\progetti\jsMetaBackend\node_modules\jasmine-node\lib\jasmine-node/jasmine-1.3.1.js:2173:18)
    at jasmine.Spec.finish (D:\progetti\jsMetaBackend\node_modules\jasmine-node\lib\jasmine-node/jasmine-1.3.1.js:2432:5)
    at jasmine.Queue.onComplete (D:\progetti\jsMetaBackend\node_modules\jasmine-node\lib\jasmine-node/jasmine-1.3.1.js:2459:10)
    at jasmine.Queue.next_ (D:\progetti\jsMetaBackend\node_modules\jasmine-node\lib\jasmine-node/jasmine-1.3.1.js:2187:14)
    at Timeout._onTimeout (D:\progetti\jsMetaBackend\node_modules\jasmine-node\lib\jasmine-node/jasmine-1.3.1.js:2167:18)
    at listOnTimeout (internal/timers.js:554:17)
    at processTimers (internal/timers.js:497:7)
</failure></testcase>
  <testcase classname="PostData changeList" name="sortTables should work called with checkIsNotChild" time="0.001"><failure type="expect" message="TypeError: d.tables is not iterable">TypeError: d.tables is not iterable
    at PostData.sortTables (D:\progetti\jsMetaBackend\src\jsPostData.js:265:22)
    at jasmine.Spec.&amp;lt;anonymous&amp;gt; (D:\progetti\jsMetaBackend\test\spec\jsPostDataSpec.js:339:25)
    at jasmine.Block.execute (D:\progetti\jsMetaBackend\node_modules\jasmine-node\lib\jasmine-node/jasmine-1.3.1.js:1145:17)
    at jasmine.Queue.next_ (D:\progetti\jsMetaBackend\node_modules\jasmine-node\lib\jasmine-node/jasmine-1.3.1.js:2177:31)
    at jasmine.Queue.start (D:\progetti\jsMetaBackend\node_modules\jasmine-node\lib\jasmine-node/jasmine-1.3.1.js:2130:8)
    at jasmine.Spec.execute (D:\progetti\jsMetaBackend\node_modules\jasmine-node\lib\jasmine-node/jasmine-1.3.1.js:2458:14)
    at jasmine.Queue.next_ (D:\progetti\jsMetaBackend\node_modules\jasmine-node\lib\jasmine-node/jasmine-1.3.1.js:2177:31)
    at jasmine.Queue.start (D:\progetti\jsMetaBackend\node_modules\jasmine-node\lib\jasmine-node/jasmine-1.3.1.js:2130:8)
    at jasmine.Suite.execute (D:\progetti\jsMetaBackend\node_modules\jasmine-node\lib\jasmine-node/jasmine-1.3.1.js:2604:14)
    at jasmine.Queue.next_ (D:\progetti\jsMetaBackend\node_modules\jasmine-node\lib\jasmine-node/jasmine-1.3.1.js:2177:31)
    at jasmine.Queue.start (D:\progetti\jsMetaBackend\node_modules\jasmine-node\lib\jasmine-node/jasmine-1.3.1.js:2130:8)
    at jasmine.Suite.execute (D:\progetti\jsMetaBackend\node_modules\jasmine-node\lib\jasmine-node/jasmine-1.3.1.js:2604:14)
    at jasmine.Queue.next_ (D:\progetti\jsMetaBackend\node_modules\jasmine-node\lib\jasmine-node/jasmine-1.3.1.js:2177:31)
    at onComplete (D:\progetti\jsMetaBackend\node_modules\jasmine-node\lib\jasmine-node/jasmine-1.3.1.js:2173:18)
    at jasmine.Suite.finish (D:\progetti\jsMetaBackend\node_modules\jasmine-node\lib\jasmine-node/jasmine-1.3.1.js:2561:5)
    at jasmine.Queue.onComplete (D:\progetti\jsMetaBackend\node_modules\jasmine-node\lib\jasmine-node/jasmine-1.3.1.js:2605:10)
    at jasmine.Queue.next_ (D:\progetti\jsMetaBackend\node_modules\jasmine-node\lib\jasmine-node/jasmine-1.3.1.js:2187:14)
    at onComplete (D:\progetti\jsMetaBackend\node_modules\jasmine-node\lib\jasmine-node/jasmine-1.3.1.js:2173:18)
    at jasmine.Spec.finish (D:\progetti\jsMetaBackend\node_modules\jasmine-node\lib\jasmine-node/jasmine-1.3.1.js:2432:5)
    at jasmine.Queue.onComplete (D:\progetti\jsMetaBackend\node_modules\jasmine-node\lib\jasmine-node/jasmine-1.3.1.js:2459:10)
    at jasmine.Queue.next_ (D:\progetti\jsMetaBackend\node_modules\jasmine-node\lib\jasmine-node/jasmine-1.3.1.js:2187:14)
    at Timeout._onTimeout (D:\progetti\jsMetaBackend\node_modules\jasmine-node\lib\jasmine-node/jasmine-1.3.1.js:2167:18)
    at listOnTimeout (internal/timers.js:554:17)
    at processTimers (internal/timers.js:497:7)
</failure></testcase>
  <testcase classname="PostData changeList" name="sortTables should work called with checkIsNotParent" time="0.002"><failure type="expect" message="TypeError: d.tables is not iterable">TypeError: d.tables is not iterable
    at PostData.sortTables (D:\progetti\jsMetaBackend\src\jsPostData.js:265:22)
    at jasmine.Spec.&amp;lt;anonymous&amp;gt; (D:\progetti\jsMetaBackend\test\spec\jsPostDataSpec.js:369:25)
    at jasmine.Block.execute (D:\progetti\jsMetaBackend\node_modules\jasmine-node\lib\jasmine-node/jasmine-1.3.1.js:1145:17)
    at jasmine.Queue.next_ (D:\progetti\jsMetaBackend\node_modules\jasmine-node\lib\jasmine-node/jasmine-1.3.1.js:2177:31)
    at jasmine.Queue.start (D:\progetti\jsMetaBackend\node_modules\jasmine-node\lib\jasmine-node/jasmine-1.3.1.js:2130:8)
    at jasmine.Spec.execute (D:\progetti\jsMetaBackend\node_modules\jasmine-node\lib\jasmine-node/jasmine-1.3.1.js:2458:14)
    at jasmine.Queue.next_ (D:\progetti\jsMetaBackend\node_modules\jasmine-node\lib\jasmine-node/jasmine-1.3.1.js:2177:31)
    at jasmine.Queue.start (D:\progetti\jsMetaBackend\node_modules\jasmine-node\lib\jasmine-node/jasmine-1.3.1.js:2130:8)
    at jasmine.Suite.execute (D:\progetti\jsMetaBackend\node_modules\jasmine-node\lib\jasmine-node/jasmine-1.3.1.js:2604:14)
    at jasmine.Queue.next_ (D:\progetti\jsMetaBackend\node_modules\jasmine-node\lib\jasmine-node/jasmine-1.3.1.js:2177:31)
    at jasmine.Queue.start (D:\progetti\jsMetaBackend\node_modules\jasmine-node\lib\jasmine-node/jasmine-1.3.1.js:2130:8)
    at jasmine.Suite.execute (D:\progetti\jsMetaBackend\node_modules\jasmine-node\lib\jasmine-node/jasmine-1.3.1.js:2604:14)
    at jasmine.Queue.next_ (D:\progetti\jsMetaBackend\node_modules\jasmine-node\lib\jasmine-node/jasmine-1.3.1.js:2177:31)
    at onComplete (D:\progetti\jsMetaBackend\node_modules\jasmine-node\lib\jasmine-node/jasmine-1.3.1.js:2173:18)
    at jasmine.Suite.finish (D:\progetti\jsMetaBackend\node_modules\jasmine-node\lib\jasmine-node/jasmine-1.3.1.js:2561:5)
    at jasmine.Queue.onComplete (D:\progetti\jsMetaBackend\node_modules\jasmine-node\lib\jasmine-node/jasmine-1.3.1.js:2605:10)
    at jasmine.Queue.next_ (D:\progetti\jsMetaBackend\node_modules\jasmine-node\lib\jasmine-node/jasmine-1.3.1.js:2187:14)
    at onComplete (D:\progetti\jsMetaBackend\node_modules\jasmine-node\lib\jasmine-node/jasmine-1.3.1.js:2173:18)
    at jasmine.Spec.finish (D:\progetti\jsMetaBackend\node_modules\jasmine-node\lib\jasmine-node/jasmine-1.3.1.js:2432:5)
    at jasmine.Queue.onComplete (D:\progetti\jsMetaBackend\node_modules\jasmine-node\lib\jasmine-node/jasmine-1.3.1.js:2459:10)
    at jasmine.Queue.next_ (D:\progetti\jsMetaBackend\node_modules\jasmine-node\lib\jasmine-node/jasmine-1.3.1.js:2187:14)
    at Timeout._onTimeout (D:\progetti\jsMetaBackend\node_modules\jasmine-node\lib\jasmine-node/jasmine-1.3.1.js:2167:18)
    at listOnTimeout (internal/timers.js:554:17)
    at processTimers (internal/timers.js:497:7)
</failure></testcase>
  <testcase classname="PostData changeList" name="sortTables should work called with checkIsNotParent (2th set)" time="0.001"><failure type="expect" message="TypeError: d.tables is not iterable">TypeError: d.tables is not iterable
    at PostData.sortTables (D:\progetti\jsMetaBackend\src\jsPostData.js:265:22)
    at jasmine.Spec.&amp;lt;anonymous&amp;gt; (D:\progetti\jsMetaBackend\test\spec\jsPostDataSpec.js:397:25)
    at jasmine.Block.execute (D:\progetti\jsMetaBackend\node_modules\jasmine-node\lib\jasmine-node/jasmine-1.3.1.js:1145:17)
    at jasmine.Queue.next_ (D:\progetti\jsMetaBackend\node_modules\jasmine-node\lib\jasmine-node/jasmine-1.3.1.js:2177:31)
    at jasmine.Queue.start (D:\progetti\jsMetaBackend\node_modules\jasmine-node\lib\jasmine-node/jasmine-1.3.1.js:2130:8)
    at jasmine.Spec.execute (D:\progetti\jsMetaBackend\node_modules\jasmine-node\lib\jasmine-node/jasmine-1.3.1.js:2458:14)
    at jasmine.Queue.next_ (D:\progetti\jsMetaBackend\node_modules\jasmine-node\lib\jasmine-node/jasmine-1.3.1.js:2177:31)
    at jasmine.Queue.start (D:\progetti\jsMetaBackend\node_modules\jasmine-node\lib\jasmine-node/jasmine-1.3.1.js:2130:8)
    at jasmine.Suite.execute (D:\progetti\jsMetaBackend\node_modules\jasmine-node\lib\jasmine-node/jasmine-1.3.1.js:2604:14)
    at jasmine.Queue.next_ (D:\progetti\jsMetaBackend\node_modules\jasmine-node\lib\jasmine-node/jasmine-1.3.1.js:2177:31)
    at jasmine.Queue.start (D:\progetti\jsMetaBackend\node_modules\jasmine-node\lib\jasmine-node/jasmine-1.3.1.js:2130:8)
    at jasmine.Suite.execute (D:\progetti\jsMetaBackend\node_modules\jasmine-node\lib\jasmine-node/jasmine-1.3.1.js:2604:14)
    at jasmine.Queue.next_ (D:\progetti\jsMetaBackend\node_modules\jasmine-node\lib\jasmine-node/jasmine-1.3.1.js:2177:31)
    at onComplete (D:\progetti\jsMetaBackend\node_modules\jasmine-node\lib\jasmine-node/jasmine-1.3.1.js:2173:18)
    at jasmine.Suite.finish (D:\progetti\jsMetaBackend\node_modules\jasmine-node\lib\jasmine-node/jasmine-1.3.1.js:2561:5)
    at jasmine.Queue.onComplete (D:\progetti\jsMetaBackend\node_modules\jasmine-node\lib\jasmine-node/jasmine-1.3.1.js:2605:10)
    at jasmine.Queue.next_ (D:\progetti\jsMetaBackend\node_modules\jasmine-node\lib\jasmine-node/jasmine-1.3.1.js:2187:14)
    at onComplete (D:\progetti\jsMetaBackend\node_modules\jasmine-node\lib\jasmine-node/jasmine-1.3.1.js:2173:18)
    at jasmine.Spec.finish (D:\progetti\jsMetaBackend\node_modules\jasmine-node\lib\jasmine-node/jasmine-1.3.1.js:2432:5)
    at jasmine.Queue.onComplete (D:\progetti\jsMetaBackend\node_modules\jasmine-node\lib\jasmine-node/jasmine-1.3.1.js:2459:10)
    at jasmine.Queue.next_ (D:\progetti\jsMetaBackend\node_modules\jasmine-node\lib\jasmine-node/jasmine-1.3.1.js:2187:14)
    at Timeout._onTimeout (D:\progetti\jsMetaBackend\node_modules\jasmine-node\lib\jasmine-node/jasmine-1.3.1.js:2167:18)
    at listOnTimeout (internal/timers.js:554:17)
    at processTimers (internal/timers.js:497:7)
</failure></testcase>
  <testcase classname="PostData changeList" name="insert on parents should precede insert on child" time="0.001"><failure type="expect" message="TypeError: p.changeList is not a function">TypeError: p.changeList is not a function
    at jasmine.Spec.&amp;lt;anonymous&amp;gt; (D:\progetti\jsMetaBackend\test\spec\jsPostDataSpec.js:425:25)
    at jasmine.Block.execute (D:\progetti\jsMetaBackend\node_modules\jasmine-node\lib\jasmine-node/jasmine-1.3.1.js:1145:17)
    at jasmine.Queue.next_ (D:\progetti\jsMetaBackend\node_modules\jasmine-node\lib\jasmine-node/jasmine-1.3.1.js:2177:31)
    at jasmine.Queue.start (D:\progetti\jsMetaBackend\node_modules\jasmine-node\lib\jasmine-node/jasmine-1.3.1.js:2130:8)
    at jasmine.Spec.execute (D:\progetti\jsMetaBackend\node_modules\jasmine-node\lib\jasmine-node/jasmine-1.3.1.js:2458:14)
    at jasmine.Queue.next_ (D:\progetti\jsMetaBackend\node_modules\jasmine-node\lib\jasmine-node/jasmine-1.3.1.js:2177:31)
    at jasmine.Queue.start (D:\progetti\jsMetaBackend\node_modules\jasmine-node\lib\jasmine-node/jasmine-1.3.1.js:2130:8)
    at jasmine.Suite.execute (D:\progetti\jsMetaBackend\node_modules\jasmine-node\lib\jasmine-node/jasmine-1.3.1.js:2604:14)
    at jasmine.Queue.next_ (D:\progetti\jsMetaBackend\node_modules\jasmine-node\lib\jasmine-node/jasmine-1.3.1.js:2177:31)
    at jasmine.Queue.start (D:\progetti\jsMetaBackend\node_modules\jasmine-node\lib\jasmine-node/jasmine-1.3.1.js:2130:8)
    at jasmine.Suite.execute (D:\progetti\jsMetaBackend\node_modules\jasmine-node\lib\jasmine-node/jasmine-1.3.1.js:2604:14)
    at jasmine.Queue.next_ (D:\progetti\jsMetaBackend\node_modules\jasmine-node\lib\jasmine-node/jasmine-1.3.1.js:2177:31)
    at onComplete (D:\progetti\jsMetaBackend\node_modules\jasmine-node\lib\jasmine-node/jasmine-1.3.1.js:2173:18)
    at jasmine.Suite.finish (D:\progetti\jsMetaBackend\node_modules\jasmine-node\lib\jasmine-node/jasmine-1.3.1.js:2561:5)
    at jasmine.Queue.onComplete (D:\progetti\jsMetaBackend\node_modules\jasmine-node\lib\jasmine-node/jasmine-1.3.1.js:2605:10)
    at jasmine.Queue.next_ (D:\progetti\jsMetaBackend\node_modules\jasmine-node\lib\jasmine-node/jasmine-1.3.1.js:2187:14)
    at onComplete (D:\progetti\jsMetaBackend\node_modules\jasmine-node\lib\jasmine-node/jasmine-1.3.1.js:2173:18)
    at jasmine.Spec.finish (D:\progetti\jsMetaBackend\node_modules\jasmine-node\lib\jasmine-node/jasmine-1.3.1.js:2432:5)
    at jasmine.Queue.onComplete (D:\progetti\jsMetaBackend\node_modules\jasmine-node\lib\jasmine-node/jasmine-1.3.1.js:2459:10)
    at jasmine.Queue.next_ (D:\progetti\jsMetaBackend\node_modules\jasmine-node\lib\jasmine-node/jasmine-1.3.1.js:2187:14)
    at Timeout._onTimeout (D:\progetti\jsMetaBackend\node_modules\jasmine-node\lib\jasmine-node/jasmine-1.3.1.js:2167:18)
    at listOnTimeout (internal/timers.js:554:17)
    at processTimers (internal/timers.js:497:7)
</failure></testcase>
  <testcase classname="PostData changeList" name="deletes on child should precede deletes on parent" time="0.001"><failure type="expect" message="TypeError: p.changeList is not a function">TypeError: p.changeList is not a function
    at jasmine.Spec.&amp;lt;anonymous&amp;gt; (D:\progetti\jsMetaBackend\test\spec\jsPostDataSpec.js:485:25)
    at jasmine.Block.execute (D:\progetti\jsMetaBackend\node_modules\jasmine-node\lib\jasmine-node/jasmine-1.3.1.js:1145:17)
    at jasmine.Queue.next_ (D:\progetti\jsMetaBackend\node_modules\jasmine-node\lib\jasmine-node/jasmine-1.3.1.js:2177:31)
    at jasmine.Queue.start (D:\progetti\jsMetaBackend\node_modules\jasmine-node\lib\jasmine-node/jasmine-1.3.1.js:2130:8)
    at jasmine.Spec.execute (D:\progetti\jsMetaBackend\node_modules\jasmine-node\lib\jasmine-node/jasmine-1.3.1.js:2458:14)
    at jasmine.Queue.next_ (D:\progetti\jsMetaBackend\node_modules\jasmine-node\lib\jasmine-node/jasmine-1.3.1.js:2177:31)
    at jasmine.Queue.start (D:\progetti\jsMetaBackend\node_modules\jasmine-node\lib\jasmine-node/jasmine-1.3.1.js:2130:8)
    at jasmine.Suite.execute (D:\progetti\jsMetaBackend\node_modules\jasmine-node\lib\jasmine-node/jasmine-1.3.1.js:2604:14)
    at jasmine.Queue.next_ (D:\progetti\jsMetaBackend\node_modules\jasmine-node\lib\jasmine-node/jasmine-1.3.1.js:2177:31)
    at jasmine.Queue.start (D:\progetti\jsMetaBackend\node_modules\jasmine-node\lib\jasmine-node/jasmine-1.3.1.js:2130:8)
    at jasmine.Suite.execute (D:\progetti\jsMetaBackend\node_modules\jasmine-node\lib\jasmine-node/jasmine-1.3.1.js:2604:14)
    at jasmine.Queue.next_ (D:\progetti\jsMetaBackend\node_modules\jasmine-node\lib\jasmine-node/jasmine-1.3.1.js:2177:31)
    at onComplete (D:\progetti\jsMetaBackend\node_modules\jasmine-node\lib\jasmine-node/jasmine-1.3.1.js:2173:18)
    at jasmine.Suite.finish (D:\progetti\jsMetaBackend\node_modules\jasmine-node\lib\jasmine-node/jasmine-1.3.1.js:2561:5)
    at jasmine.Queue.onComplete (D:\progetti\jsMetaBackend\node_modules\jasmine-node\lib\jasmine-node/jasmine-1.3.1.js:2605:10)
    at jasmine.Queue.next_ (D:\progetti\jsMetaBackend\node_modules\jasmine-node\lib\jasmine-node/jasmine-1.3.1.js:2187:14)
    at onComplete (D:\progetti\jsMetaBackend\node_modules\jasmine-node\lib\jasmine-node/jasmine-1.3.1.js:2173:18)
    at jasmine.Spec.finish (D:\progetti\jsMetaBackend\node_modules\jasmine-node\lib\jasmine-node/jasmine-1.3.1.js:2432:5)
    at jasmine.Queue.onComplete (D:\progetti\jsMetaBackend\node_modules\jasmine-node\lib\jasmine-node/jasmine-1.3.1.js:2459:10)
    at jasmine.Queue.next_ (D:\progetti\jsMetaBackend\node_modules\jasmine-node\lib\jasmine-node/jasmine-1.3.1.js:2187:14)
    at Timeout._onTimeout (D:\progetti\jsMetaBackend\node_modules\jasmine-node\lib\jasmine-node/jasmine-1.3.1.js:2167:18)
    at listOnTimeout (internal/timers.js:554:17)
    at processTimers (internal/timers.js:497:7)
</failure></testcase>
</testsuite>