<?xml version="1.0" encoding="UTF-8" ?>
<testsuite name="PostData getChanges" errors="0" tests="15" failures="0" time="0.043" timestamp="2021-09-20T12:08:57">
  <testcase classname="PostData getChanges" name="should be a function" time="0.005"></testcase>
  <testcase classname="PostData getChanges" name="should return an array" time="0.002"></testcase>
  <testcase classname="PostData getChanges" name="should return as many rows as there were modified in d" time="0.001"></testcase>
  <testcase classname="PostData getChanges" name="should return as many rows as there were modified in d (2th set)" time="0.001"></testcase>
  <testcase classname="PostData getChanges" name="should return as many rows as there were modified in d (3th set)" time="0.001"></testcase>
  <testcase classname="PostData getChanges" name="should return as many rows as there were modified in d (4th set)" time="0.002"></testcase>
  <testcase classname="PostData getChanges" name="should return as many rows as there were modified in d (5th set)" time="0.001"></testcase>
  <testcase classname="PostData getChanges" name="should return as many rows as there were modified in d (6th set)" time="0"></testcase>
  <testcase classname="PostData getChanges" name="checkIsNotParent should return not-parents" time="0.001"></testcase>
  <testcase classname="PostData getChanges" name="checkIsNotChild should return not-childs" time="0.002"></testcase>
  <testcase classname="PostData getChanges" name="sortTables should work called with checkIsNotChild" time="0.001"></testcase>
  <testcase classname="PostData getChanges" name="sortTables should work called with checkNotParent" time="0.001"></testcase>
  <testcase classname="PostData getChanges" name="sortTables should work called with checkNotParent (2th set)" time="0.001"></testcase>
  <testcase classname="PostData getChanges" name="insert on parents should precede insert on child" time="0.019"></testcase>
  <testcase classname="PostData getChanges" name="deletes on child should precede deletes on parent" time="0.004"></testcase>
</testsuite>