<?xml version="1.0" encoding="UTF-8" ?>
<testsuite name="DataQuery functions comparing functions" errors="0" tests="16" failures="0" time="0.002" timestamp="2021-07-29T17:02:13">
  <testcase classname="DataQuery functions comparing functions" name="eq should return a comparison" time="0"></testcase>
  <testcase classname="DataQuery functions comparing functions" name="eq should return an always true function if between equal constant" time="0"></testcase>
  <testcase classname="DataQuery functions comparing functions" name="eq should return an always false function if between different constant" time="0.001"></testcase>
  <testcase classname="DataQuery functions comparing functions" name="eq should return a comparison (using context)" time="0"></testcase>
  <testcase classname="DataQuery functions comparing functions" name="isIn(&amp;apos;el&amp;apos;,[1,2,3]) should work" time="0"></testcase>
  <testcase classname="DataQuery functions comparing functions" name="isIn(&amp;apos;el&amp;apos;,[1,2,3]) should work (using context)" time="0"></testcase>
  <testcase classname="DataQuery functions comparing functions" name="testMask(&amp;apos;a&amp;apos;, 12, 25) should work" time="0"></testcase>
  <testcase classname="DataQuery functions comparing functions" name="between(&amp;apos;a&amp;apos;, 12, 25) should work" time="0"></testcase>
  <testcase classname="DataQuery functions comparing functions" name="between(&amp;apos;a&amp;apos;, 12, 25) should work (using context)" time="0"></testcase>
  <testcase classname="DataQuery functions comparing functions" name="isIn(field(&amp;apos;el&amp;apos;),[1,2,3]) should work" time="0"></testcase>
  <testcase classname="DataQuery functions comparing functions" name="testMask(&amp;apos;a&amp;apos;, 12, 25) should work" time="0"></testcase>
  <testcase classname="DataQuery functions comparing functions" name="testMask(&amp;apos;a&amp;apos;, 12, 25) should work (using context)" time="0"></testcase>
  <testcase classname="DataQuery functions comparing functions" name="between(&amp;apos;a&amp;apos;, 12, 25) should work" time="0"></testcase>
  <testcase classname="DataQuery functions comparing functions" name="between(&amp;apos;a&amp;apos;, 12, 25) should work (using context)" time="0.001"></testcase>
  <testcase classname="DataQuery functions comparing functions" name="q.between automatically apply fields on first parameter" time="0"></testcase>
  <testcase classname="DataQuery functions comparing functions" name="q.like(a,&amp;apos;q%&amp;apos;) works " time="0"></testcase>
</testsuite>