<?xml version="1.0" encoding="UTF-8" ?>
<testsuite name="PostData doPost nested" errors="0" tests="23" failures="0" time="1.304" timestamp="2021-09-20T12:09:00">
  <testcase classname="PostData doPost nested" name="should return a resolved promise to {checks:[]} when called with no change " time="0.003"></testcase>
  <testcase classname="PostData doPost nested" name="should call inner getChecks when there is something to save" time="0.07"></testcase>
  <testcase classname="PostData doPost nested" name="should not call inner class if outer gives errors" time="0.072"></testcase>
  <testcase classname="PostData doPost nested" name="should append error got from inner getChecks to output errors" time="0.055"></testcase>
  <testcase classname="PostData doPost nested" name="should call inner doAllPhisicalPostBatch if prechecks did not return errors" time="0.06"></testcase>
  <testcase classname="PostData doPost nested" name="should NOT call inner physicalPostBatch if prechecks returned errors" time="0.068"></testcase>
  <testcase classname="PostData doPost nested" name="should NOT call physicalPostBatch if prechecks throws" time="0.081"></testcase>
  <testcase classname="PostData doPost nested" name="should NOT call inner physicalPostBatch if prechecks returned warnings" time="0.079"></testcase>
  <testcase classname="PostData doPost nested" name="should call log if physicalPostBatch is resolved " time="0.063"></testcase>
  <testcase classname="PostData doPost nested" name="should NOT call getChecks(post) if given log rejects his promise" time="0.039"></testcase>
  <testcase classname="PostData doPost nested" name="should NOT call getChecks(post) if given opt.log throws" time="0.052"></testcase>
  <testcase classname="PostData doPost nested" name="should call postChecks if physicalPostBatch is resolved" time="0.066"></testcase>
  <testcase classname="PostData doPost nested" name="should NOT call postChecks if physicalPostBatch is rejected" time="0.056"></testcase>
  <testcase classname="PostData doPost nested" name="should return some error if physicalPostBatch throws  " time="0.052"></testcase>
  <testcase classname="PostData doPost nested" name="should NOT call inner doUpdate if physicalPostBatch is resolved and there are msgs" time="0.043"></testcase>
  <testcase classname="PostData doPost nested" name="should  call doUpdate if physicalPostBatch is resolved and opt.doUpdate is given and there are no errors" time="0.057"></testcase>
  <testcase classname="PostData doPost nested" name="should  call opt.doUpdate if physicalPostBatch is resolved and opt.doUpdate is given and there are checks    but they were already present" time="0.05"></testcase>
  <testcase classname="PostData doPost nested" name="should  call commit if optional doUpdate resolves" time="0.064"></testcase>
  <testcase classname="PostData doPost nested" name="should  call rollBack (and not commit) if optional doUpdate is rejected" time="0.06"></testcase>
  <testcase classname="PostData doPost nested" name="should  call rollBack (and not commit) if optional doUpdate is errored" time="0.047"></testcase>
  <testcase classname="PostData doPost nested" name="should  call commit  if optional doUpdate is rejected with a previously ignored message" time="0.06"></testcase>
  <testcase classname="PostData doPost nested" name="should  call rollback  if optional doUpdate is gives a blocking error previously present as warning" time="0.056"></testcase>
  <testcase classname="PostData doPost nested" name="should  call rollBack (and not commit) if physicalPostBatch is rejected" time="0.051"></testcase>
</testsuite>