<?xml version="1.0" encoding="UTF-8" ?>
<testsuite name="rest api" errors="0" tests="14" failures="1" time="1.468" timestamp="2021-10-18T18:40:17">
  <testcase classname="rest api" name="select ws: query on customusergroup returns DataTable" time="0.269"></testcase>
  <testcase classname="rest api" name="selectCount ws: returns the number of record of table" time="0.043"></testcase>
  <testcase classname="rest api" name="multirunselect ws: multi queries on customusergroup + customuser returns DataTable" time="0.062"></testcase>
  <testcase classname="rest api" name="getDataSet ws: dataset customuser_test returned" time="0.119"></testcase>
  <testcase classname="rest api" name="getPagedTable ws: returns customusergroup paged datatable" time="0.069"></testcase>
  <testcase classname="rest api" name="getDsByRowKey: return dataset populated based on row" time="0.125"></testcase>
  <testcase classname="rest api" name="doGet empty ds AND onlyPeripherals: false" time="0.078"></testcase>
  <testcase classname="rest api" name="doGet empty ds AND onlyPeripherals: true" time="0.094"></testcase>
  <testcase classname="rest api" name="setUsrEnv ws: set usr-env test variable" time="0.046"></testcase>
  <testcase classname="rest api" name="doReadValue ws: read and get a value in a table" time="0.047"></testcase>
  <testcase classname="rest api" name="changeRole ws: re-calculates environment" time="0.063"></testcase>
  <testcase classname="rest api" name="createTableByName ws: create table, with * options, all columns" time="0.062"></testcase>
  <testcase classname="rest api" name="createTableByName ws: create table with 2 column" time="0.046"></testcase>
  <testcase classname="rest api" name="saveDataSet ws: save dataset" time="0.173"><failure type="expect" message="Expected 1 to be 0.">Error: Expected 1 to be 0.
    at new jasmine.ExpectationResult (D:\progetti\jsMetaBackend\node_modules\jasmine-node\lib\jasmine-node/jasmine-1.3.1.js:114:32)
    at matchersClass.toBe (D:\progetti\jsMetaBackend\node_modules\jasmine-node\lib\jasmine-node/jasmine-1.3.1.js:1316:29)
    at Request._callback (D:\progetti\jsMetaBackend\test\midway\jsApplicationSpec.js:665:53)
    at Request.self.callback (D:\progetti\jsMetaBackend\node_modules\request\request.js:185:22)
    at Request.emit (events.js:315:20)
    at Request.&amp;lt;anonymous&amp;gt; (D:\progetti\jsMetaBackend\node_modules\request\request.js:1154:10)
    at Request.emit (events.js:315:20)
    at IncomingMessage.&amp;lt;anonymous&amp;gt; (D:\progetti\jsMetaBackend\node_modules\request\request.js:1076:12)
    at Object.onceWrapper (events.js:421:28)
    at IncomingMessage.emit (events.js:327:22)
    at endReadableNT (internal/streams/readable.js:1327:12)
    at processTicksAndRejections (internal/process/task_queues.js:80:21)
</failure><failure type="expect" message="Expected false to be true.">Error: Expected false to be true.
    at new jasmine.ExpectationResult (D:\progetti\jsMetaBackend\node_modules\jasmine-node\lib\jasmine-node/jasmine-1.3.1.js:114:32)
    at matchersClass.toBe (D:\progetti\jsMetaBackend\node_modules\jasmine-node\lib\jasmine-node/jasmine-1.3.1.js:1316:29)
    at Request._callback (D:\progetti\jsMetaBackend\test\midway\jsApplicationSpec.js:666:45)
    at Request.self.callback (D:\progetti\jsMetaBackend\node_modules\request\request.js:185:22)
    at Request.emit (events.js:315:20)
    at Request.&amp;lt;anonymous&amp;gt; (D:\progetti\jsMetaBackend\node_modules\request\request.js:1154:10)
    at Request.emit (events.js:315:20)
    at IncomingMessage.&amp;lt;anonymous&amp;gt; (D:\progetti\jsMetaBackend\node_modules\request\request.js:1076:12)
    at Object.onceWrapper (events.js:421:28)
    at IncomingMessage.emit (events.js:327:22)
    at endReadableNT (internal/streams/readable.js:1327:12)
    at processTicksAndRejections (internal/process/task_queues.js:80:21)
</failure><failure type="expect" message="Expected false to be true.">Error: Expected false to be true.
    at new jasmine.ExpectationResult (D:\progetti\jsMetaBackend\node_modules\jasmine-node\lib\jasmine-node/jasmine-1.3.1.js:114:32)
    at matchersClass.toBe (D:\progetti\jsMetaBackend\node_modules\jasmine-node\lib\jasmine-node/jasmine-1.3.1.js:1316:29)
    at Request._callback (D:\progetti\jsMetaBackend\test\midway\jsApplicationSpec.js:667:47)
    at Request.self.callback (D:\progetti\jsMetaBackend\node_modules\request\request.js:185:22)
    at Request.emit (events.js:315:20)
    at Request.&amp;lt;anonymous&amp;gt; (D:\progetti\jsMetaBackend\node_modules\request\request.js:1154:10)
    at Request.emit (events.js:315:20)
    at IncomingMessage.&amp;lt;anonymous&amp;gt; (D:\progetti\jsMetaBackend\node_modules\request\request.js:1076:12)
    at Object.onceWrapper (events.js:421:28)
    at IncomingMessage.emit (events.js:327:22)
    at endReadableNT (internal/streams/readable.js:1327:12)
    at processTicksAndRejections (internal/process/task_queues.js:80:21)
</failure></testcase>
</testsuite>