<?xml version="1.0" encoding="UTF-8" ?>
<testsuite name="PostData doPost multi DataSet" errors="0" tests="24" failures="0" time="1.448" timestamp="2021-09-20T12:08:59">
  <testcase classname="PostData doPost multi DataSet" name="should return a resolved promise to {checks:[]} when called with no change " time="0.002"></testcase>
  <testcase classname="PostData doPost multi DataSet" name="should call opt.callChecks when there is something to save" time="0.057"></testcase>
  <testcase classname="PostData doPost multi DataSet" name="should append error got from callChecks to output errors" time="0.046"></testcase>
  <testcase classname="PostData doPost multi DataSet" name="should call open and begin transaction if prechecks did not return errors" time="0.068"></testcase>
  <testcase classname="PostData doPost multi DataSet" name="should NOT call physicalPostBatch if prechecks returned errors" time="0.057"></testcase>
  <testcase classname="PostData doPost multi DataSet" name="should NOT call physicalPostBatch if prechecks throws" time="0.056"></testcase>
  <testcase classname="PostData doPost multi DataSet" name="should call physicalPostBatch if prechecks returned canIgnore is true" time="0.059"></testcase>
  <testcase classname="PostData doPost multi DataSet" name="should call opt.log if physicalPostBatch is resolved and opt.log is given" time="0.04"></testcase>
  <testcase classname="PostData doPost multi DataSet" name="should NOT call getChecks(post) if given opt.log rejects his promise" time="0.059"></testcase>
  <testcase classname="PostData doPost multi DataSet" name="should NOT call getChecks(post) if given opt.log throws" time="0.062"></testcase>
  <testcase classname="PostData doPost multi DataSet" name="should call postChecks if physicalPostBatch is resolved" time="0.069"></testcase>
  <testcase classname="PostData doPost multi DataSet" name="should NOT call postChecks if physicalPostBatch is rejected" time="0.051"></testcase>
  <testcase classname="PostData doPost multi DataSet" name="should return some error if physicalPostBatch throws  " time="0.06"></testcase>
  <testcase classname="PostData doPost multi DataSet" name="should NOT call opt.doUpdate if physicalPostBatch is resolved and opt.doUpdate is given and there are msgs - both" time="0.069"></testcase>
  <testcase classname="PostData doPost multi DataSet" name="should NOT call opt.doUpdate if physicalPostBatch is resolved and opt.doUpdate is given and there are msgs - first" time="0.057"></testcase>
  <testcase classname="PostData doPost multi DataSet" name="should NOT call opt.doUpdate if physicalPostBatch is resolved and opt.doUpdate is given and there are msgs - second" time="0.054"></testcase>
  <testcase classname="PostData doPost multi DataSet" name="should  call doUpdate if physicalPostBatch is resolved and opt.doUpdate is given and there are no errors" time="0.06"></testcase>
  <testcase classname="PostData doPost multi DataSet" name="should  call opt.doUpdate if physicalPostBatch is resolved and opt.doUpdate is given and there are checks    but they were already present" time="0.044"></testcase>
  <testcase classname="PostData doPost multi DataSet" name="should  call commit if optional doUpdate resolves" time="0.049"></testcase>
  <testcase classname="PostData doPost multi DataSet" name="should  call rollBack (and not commit) if optional doUpdate is rejected" time="0.065"></testcase>
  <testcase classname="PostData doPost multi DataSet" name="should  call rollBack (and not commit) if optional doUpdate is errored" time="0.055"></testcase>
  <testcase classname="PostData doPost multi DataSet" name="should  call commit  if optional doUpdate is rejected with a previosly ignored message" time="0.084"></testcase>
  <testcase classname="PostData doPost multi DataSet" name="should  call rollback  if optional doUpdate is gives a blocking error previously present as warning" time="0.096"></testcase>
  <testcase classname="PostData doPost multi DataSet" name="should  call rollBack (and not commit) if physicalPostBatch is rejected" time="0.129"></testcase>
</testsuite>