<?xml version="1.0" encoding="UTF-8" ?>
<testsuite name="DataSet OptimisticLocking functions" errors="0" tests="8" failures="0" time="0.002" timestamp="2022-05-26T14:27:54">
  <testcase classname="DataSet OptimisticLocking functions" name="OptimisticLocking should be defined" time="0"></testcase>
  <testcase classname="DataSet OptimisticLocking functions" name="OptimisticLocking should be a constructor" time="0"></testcase>
  <testcase classname="DataSet OptimisticLocking functions" name="OptimisticLocking should return an object with a method prepareForPosting " time="0"></testcase>
  <testcase classname="DataSet OptimisticLocking functions" name="OptimisticLocking should return an object with a method getOptimisticLock " time="0"></testcase>
  <testcase classname="DataSet OptimisticLocking functions" name="prepareForPosting should fill update fields for modified rows" time="0.001"></testcase>
  <testcase classname="DataSet OptimisticLocking functions" name="prepareForPosting should fill create fields for added rows" time="0"></testcase>
  <testcase classname="DataSet OptimisticLocking functions" name="getOptimisticLock should return a function that matches the original row" time="0.001"></testcase>
  <testcase classname="DataSet OptimisticLocking functions" name="getOptimisticLock should return a function that matches the original row (no primary key)" time="0"></testcase>
</testsuite>