<?xml version="1.0" encoding="UTF-8" ?>
<testsuite name="dataAccess queryPackets" errors="0" tests="5" failures="0" time="0.308" timestamp="2021-09-30T16:26:09">
  <testcase classname="dataAccess queryPackets" name="queryPackets should give results" time="0.06"></testcase>
  <testcase classname="dataAccess queryPackets" name="queryPackets should give results (raw)" time="0.052"></testcase>
  <testcase classname="dataAccess queryPackets" name="queryPackets should give results (big packet)" time="0.08"></testcase>
  <testcase classname="dataAccess queryPackets" name="queryPackets should not give results (empty result)" time="0.066"></testcase>
  <testcase classname="dataAccess queryPackets" name="queryPackets should not give results (empty result) (raw)" time="0.05"></testcase>
</testsuite>