<?xml version="1.0" encoding="UTF-8" ?>
<testsuite name="Deferred Chain fail should work also when it is raided from first Deferred of the chain" errors="0" tests="0" failures="0" time="0" timestamp="2021-06-08T08:53:59">
</testsuite>