<?xml version="1.0" encoding="UTF-8" ?>
<testsuite name="MySqlDriver  commands" errors="0" tests="7" failures="0" time="0.322" timestamp="2021-09-20T12:08:13">
  <testcase classname="MySqlDriver  commands" name="getDeleteCommand should compose a delete" time="0.046"></testcase>
  <testcase classname="MySqlDriver  commands" name="getInsertCommand should compose an insert" time="0.04"></testcase>
  <testcase classname="MySqlDriver  commands" name="getUpdateCommand should compose an update" time="0.04"></testcase>
  <testcase classname="MySqlDriver  commands" name="callSPWithNamedParams should have success" time="0.048"></testcase>
  <testcase classname="MySqlDriver  commands" name="callSPWithNamedParams with unsorted params should FAIL  - param order matters - named params not supported" time="0.047"></testcase>
  <testcase classname="MySqlDriver  commands" name="callSPWithNamedParams with output params should have success" time="0.052"></testcase>
  <testcase classname="MySqlDriver  commands" name="callSPWithNamedParams should return multiple tables" time="0.049"></testcase>
</testsuite>