<?xml version="1.0" encoding="UTF-8" ?>
<testsuite name="BusinessLogic refineMessages executeQueries" errors="0" tests="2" failures="0" time="0.311" timestamp="2021-10-28T15:35:12">
  <testcase classname="BusinessLogic refineMessages executeQueries" name="should invoke dataAccess.select for every group (same table)" time="0.125"></testcase>
  <testcase classname="BusinessLogic refineMessages executeQueries" name="should invoke dataAccess.select for every group (two tables )" time="0.186"></testcase>
</testsuite>