<?xml version="1.0" encoding="UTF-8" ?>
<testsuite name="sqlServerDriver  setup dataBase" errors="0" tests="1" failures="1" time="0.924" timestamp="2021-10-15T13:25:38">
  <testcase classname="sqlServerDriver  setup dataBase" name="should run the setup script" time="0.917"><failure type="expect" message="Expected { Errors : [ { Source : &amp;apos;.Net SqlClient Data Provider&amp;apos;, Number : 242, State : &amp;apos;3&amp;apos;, Class : &amp;apos;16&amp;apos;, Server : &amp;apos;192.168.11.14&amp;apos;, Message : &amp;apos;The conversion of a varchar data type to a datetime data type resulted in an out-of-range value.&amp;apos;, Procedure : &amp;apos;ctemp&amp;apos;, LineNumber : 6 }, { Source : &amp;apos;.Net SqlClient Data Provider&amp;apos;, Number : 242, State : &amp;apos;3&amp;apos;, Class : &amp;apos;16&amp;apos;, Server : &amp;apos;192.168.11.14&amp;apos;, Message : &amp;apos;The conversion of a varchar data type to a datetime data type resulted in an out-of-range value.&amp;apos;, Procedure : &amp;apos;ctemp&amp;apos;, LineNumber : 6 }, { Source : &amp;apos;.Net SqlClient Data Provider&amp;apos;, Number : 242, State : &amp;apos;3&amp;apos;, Class : &amp;apos;16&amp;apos;, Server : &amp;apos;192.168.11.14&amp;apos;, Message : &amp;apos;The conversion of a varchar data type to a datetime data type resulted in an out-of-range value.&amp;apos;, Procedure : &amp;apos;ctemp&amp;apos;, LineNumber : 6 }, { Source : &amp;apos;.Net SqlClient Data Provider&amp;apos;, Number : 242, State : &amp;apos;3&amp;apos;, Class : &amp;apos;16&amp;apos;, Server : &amp;apos;192.168.11.14&amp;apos;, Message : &amp;apos;The conversion of a varchar data type to a datetime data type resulted in an out-of-range value.&amp;apos;, Procedure : &amp;apos;ctemp&amp;apos;, LineNumber : 6 }, { Source : &amp;apos;.Net SqlClient Data Provider&amp;apos;, Number : 242, State : &amp;apos;3&amp;apos;, Class : &amp;apos;16&amp;apos;, Server : &amp;apos;192.168.11.14&amp;apos;, Message : &amp;apos;The conversion of a varchar data type to a datetime data type resulted in an out-of-range value.&amp;apos;, Procedure : &amp;apos;ctemp&amp;apos;, LineNumber : 6 }, { Source : &amp;apos;.Net SqlClient Data Provider&amp;apos;, Number : 242, State : &amp;apos;3&amp;apos;, Class : &amp;apos;16&amp;apos;, Server : &amp;apos;192.168.11.14&amp;apos;, Message : &amp;apos;The conversion of a varchar data type to a datetime data type resulted in an out-of-range value.&amp;apos;, Procedure : &amp;apos;ctemp&amp;apos;, LineNumber : 6 }, { Source : &amp;apos;.Net SqlClient Data Provider&amp;apos;, Number : 242, State : &amp;apos;3&amp;apos;, Class : &amp;apos;16&amp;apos;, Server : &amp;apos;192.168.11.14&amp;apos;, Message : &amp;apos;The conversion of a varchar data type to a datetime data type resulted in an out-of-range value.&amp;apos;, Procedure : &amp;apos;ctemp&amp;apos;, LineNumber : 6 }, { Source : &amp;apos;.Net SqlClient Data Provider&amp;apos;, Number : 242, State : &amp;apos;3&amp;apos;, Class : &amp;apos;16&amp;apos;, Server : &amp;apos;192.168.11.14&amp;apos;, Message : &amp;apos;The conversion of a varchar data type to a datetime data type resulted in an out-of-range value.&amp;apos;, Procedure : &amp;apos;ctemp&amp;apos;, LineNumber : 6 }, { Source : &amp;apos;.Net SqlClient Data Provider&amp;apos;, Number : 242, State : &amp;apos;3&amp;apos;, Class : &amp;apos;16&amp;apos;, Server : &amp;apos;192.168.11.14&amp;apos;, Message : &amp;apos;The conversion of a varchar data type to a datetime data type resulted in an out-of-range value.&amp;apos;, Procedure : &amp;apos;ctemp&amp;apos;, LineNumber : 6 }, { Source : &amp;apos;.Net SqlClient Data Provider&amp;apos;, Number : 242, State : &amp;apos;3&amp;apos;, Class : &amp;apos;16&amp;apos;, Server : &amp;apos;192.168.11.14&amp;apos;, Message : &amp;apos;The conversion of a varchar data type to a datetime data type resulted in an out-of-range value.&amp;apos;, Procedure : &amp;apos;ctemp&amp;apos;, LineNumber : 6 }, { Source : &amp;apos;.Net SqlClient Data Provider&amp;apos;, Number : 242, State : &amp;apos;3&amp;apos;, Class : &amp;apos;16&amp;apos;, Server : &amp;apos;192.168.11.14&amp;apos;, Message : &amp;apos;The conversion of a varchar data type to a datetime data type resulted in an out-of-range value.&amp;apos;, Procedure : &amp;apos;ctemp&amp;apos;, LineNumber : 6 }, { Source : &amp;apos;.Net SqlClient Data Provider&amp;apos;, Number : 242, State : &amp;apos;3&amp;apos;, Class : &amp;apos;16&amp;apos;, Server : &amp;apos;192.168.11.14&amp;apos;, Message : &amp;apos;The conversion of a varchar data type to a datetime data type resulted in an out-of-range value.&amp;apos;, Procedure : &amp;apos;ctemp&amp;apos;, LineNumber : 6 }, { Source : &amp;apos;.Net SqlClient Data Provider&amp;apos;, Number : 242, State : &amp;apos;3&amp;apos;, Class : &amp;apos;16&amp;apos;, Server : &amp;apos;192.168.11.14&amp;apos;, Message : &amp;apos;The conversion of a varchar data type to a datetime data type resulted in an out-of-range value.&amp;apos;, Procedure : &amp;apos;ctemp&amp;apos;, LineNumber : 6 }, { Source : &amp;apos;.Net SqlClient Data Provider&amp;apos;, Number : 242, State : &amp;apos;3&amp;apos;, Class : &amp;apos;16&amp;apos;, Server : &amp;apos;192.168.11.14&amp;apos;, Message : &amp;apos;The conversion of a varchar data type to a datetime data type resulted in an out-of-range value.&amp;apos;, Procedure : &amp;apos;ctemp&amp;apos;, LineNumber : 6 }, { Source : &amp;apos;.Net SqlClient Data Provider&amp;apos;, Number : 242, State : &amp;apos;3&amp;apos;, Class : &amp;apos;16&amp;apos;, Server : &amp;apos;192.168.11.14&amp;apos;, Message : &amp;apos;The conversion of a varchar data type to a datetime data type resulted in an out-of-range value.&amp;apos;, Procedure : &amp;apos;ctemp&amp;apos;, LineNumber : 6 }, { Source : &amp;apos;.Net SqlClient Data Provider&amp;apos;, Number : 242, State : &amp;apos;3&amp;apos;, Class : &amp;apos;16&amp;apos;, Server : &amp;apos;192.168.11.14&amp;apos;, Message : &amp;apos;The conversion of a varchar data type to a datetime data type resulted in an out-of-range value.&amp;apos;, Procedure : &amp;apos;ctemp&amp;apos;, LineNumber : 6 }, { Source : &amp;apos;.Net SqlClient Data Provider&amp;apos;, Number : 242, State : &amp;apos;3&amp;apos;, Class : &amp;apos;16&amp;apos;, Server : &amp;apos;192.168.11.14&amp;apos;, Message : &amp;apos;The conversion of a varchar data type to a datetime data type resulted in an out-of-range value.&amp;apos;, Procedure : &amp;apos;ctemp&amp;apos;, LineNumber : 6 }, { Source : &amp;apos;.Net SqlClient Data Provider&amp;apos;, Number : 242, State : &amp;apos;3&amp;apos;, Class : &amp;apos;16&amp;apos;, Server : &amp;apos;192.168.11.14&amp;apos;, Message : &amp;apos;The conversion of a varchar data type to a datetime data type resulted in an out-of-range value.&amp;apos;, Procedure : &amp;apos;ctemp&amp;apos;, LineNumber : 6 }, { Source : &amp;apos;.Net SqlClient Data Provider&amp;apos;, Number : 242, State : &amp;apos;3&amp;apos;, Class : &amp;apos;16&amp;apos;, Server : &amp;apos;192.168.11.14&amp;apos;, Message : &amp;apos;The conversion of a varchar data type to a datetime data type resulted in an out-of-range value.&amp;apos;, Procedure : &amp;apos;ctemp&amp;apos;, LineNumber : 6 }, { Source : &amp;apos;.Net SqlClient Data Provider&amp;apos;, Number : 242, State : &amp;apos;3&amp;apos;, Class : &amp;apos;16&amp;apos;, Server : &amp;apos;192.168.11.14&amp;apos;, Message : &amp;apos;The conversion of a varchar data type to a datetime data type resulted in an out-of-range value.&amp;apos;, Procedure : &amp;apos;ctemp&amp;apos;, LineNumber : 6 }, { Source : &amp;apos;.Net SqlClient Data Provider&amp;apos;, Number : 242, State : &amp;apos;3&amp;apos;, Class : &amp;apos;16&amp;apos;, Server : &amp;apos;192.168.11.14&amp;apos;, Message : &amp;apos;The conversion of a varchar data type to a datetime data type resulted in an out-of-range value.&amp;apos;, Procedure : &amp;apos;ctemp&amp;apos;, LineNumber : 6 }, { Source : &amp;apos;.Net SqlClient Data Provider&amp;apos;, Number : 242, State : &amp;apos;3&amp;apos;, Class : &amp;apos;16&amp;apos;, Server : &amp;apos;192.168.11.14&amp;apos;, Message : &amp;apos;The conversion of a varchar data type to a datetime data type resulted in an out-of-range value.&amp;apos;, Procedure : &amp;apos;ctemp&amp;apos;, LineNumber : 6 }, { Source : &amp;apos;.Net SqlClient Data Provider&amp;apos;, Number : 242, State : &amp;apos;3&amp;apos;, Class : &amp;apos;16&amp;apos;, Server : &amp;apos;192.168.11.14&amp;apos;, Message : &amp;apos;The conversion of a varchar data type to a datetime data type resulted in an out-of-range value.&amp;apos;, Procedure : &amp;apos;ctemp&amp;apos;, LineNumber : 6 }, { Source : &amp;apos;.Net SqlClient Data Provider&amp;apos;, Number : 242, State : &amp;apos;3&amp;apos;, Class : &amp;apos;16&amp;apos;, Server : &amp;apos;192.168.11.14&amp;apos;, Message : &amp;apos;The conversion of a varchar data type to a datetime data type resulted in an out-of-range value.&amp;apos;, Procedure : &amp;apos;ctemp&amp;apos;, LineNumber : 6 }, { Source : &amp;apos;.Net SqlClient Data Provider&amp;apos;, Number : 242, State : &amp;apos;3&amp;apos;, Class : &amp;apos;16&amp;apos;, Server : &amp;apos;192.168.11.14&amp;apos;, Message : &amp;apos;The conversion of a varchar data type to a datetime data type resulted in an out-of-range value.&amp;apos;, Procedure : &amp;apos;ctemp&amp;apos;, LineNumber : 6 }, { Source : &amp;apos;.Net SqlClient Data Provider&amp;apos;, Number : 242, State : &amp;apos;3&amp;apos;, Class : &amp;apos;16&amp;apos;, Server : &amp;apos;192.168.11.14&amp;apos;, Message : &amp;apos;The conversion of a varchar data type to a datetime data type resulted in an out-of-range value.&amp;apos;, Procedure : &amp;apos;ctemp&amp;apos;, LineNumber : 6 }, { Source : &amp;apos;.Net SqlClient Data Provider&amp;apos;, Number : 242, State : &amp;apos;3&amp;apos;, Class : &amp;apos;16&amp;apos;, Server : &amp;apos;192.168.11.14&amp;apos;, Message : &amp;apos;The conversion of a varchar data type to a datetime data type resulted in an out-of-range value.&amp;apos;, Procedure : &amp;apos;ctemp&amp;apos;, LineNumber : 6 }, { Source : &amp;apos;.Net SqlClient Data Provider&amp;apos;, Number : 242, State : &amp;apos;3&amp;apos;, Class : &amp;apos;16&amp;apos;, Server : &amp;apos;192.168.11.14&amp;apos;, Message : &amp;apos;The conversion of a varchar data type to a datetime data type resulted in an out-of-range value.&amp;apos;, Procedure : &amp;apos;ctemp&amp;apos;, LineNumber : 6 }, { Source : &amp;apos;.Net SqlClient Data Provider&amp;apos;, Number : 242, State : &amp;apos;3&amp;apos;, Class : &amp;apos;16&amp;apos;, Server : &amp;apos;192.168.11.14&amp;apos;, Message : &amp;apos;The conversion of a varchar data type to a datetime data type resulted in an out-of-range value.&amp;apos;, Procedure : &amp;apos;ctemp&amp;apos;, LineNumber : 6 }, { Source : &amp;apos;.Net SqlClient Data Provider&amp;apos;, Number : 242, State : &amp;apos;3&amp;apos;, Class : &amp;apos;16&amp;apos;, Server : &amp;apos;192.168.11.14&amp;apos;, Message : &amp;apos;The conversion of a varchar data type to a datetime data type resulted in an out-of-range value.&amp;apos;, Procedure : &amp;apos;ctemp&amp;apos;, LineNumber : 6 }, { Source : &amp;apos;.Net SqlClient Data Provider&amp;apos;, Number : 242, State : &amp;apos;3&amp;apos;, Class : &amp;apos;16&amp;apos;, Server : &amp;apos;192.168.11.14&amp;apos;, Message : &amp;apos;The conversion of a varchar data type to a datetime data type resulted in an out-of-range value.&amp;apos;, Procedure : &amp;apos;ctemp&amp;apos;, LineNumber : 6 }, { Source : &amp;apos;.Net SqlClient Data Provider&amp;apos;, Number : 242, State : &amp;apos;3&amp;apos;, Class : &amp;apos;16&amp;apos;, Server : &amp;apos;192.168.11.14&amp;apos;, Message : &amp;apos;The conversion of a varchar data type to a datetime data type resulted in an out-of-range value.&amp;apos;, Procedure : &amp;apos;ctemp&amp;apos;, LineNumber : 6 }, { Source : &amp;apos;.Net SqlClient Data Provider&amp;apos;, Number : 242, State : &amp;apos;3&amp;apos;, Class : &amp;apos;16&amp;apos;, Server : &amp;apos;192.168.11.14&amp;apos;, Message : &amp;apos;The conversion of a varchar data type to a datetime data type resulted in an out-of-range value.&amp;apos;, Procedure : &amp;apos;ctemp&amp;apos;, LineNumber : 6 }, { Source : &amp;apos;.Net SqlClient Data Provider&amp;apos;, Number : 242, State : &amp;apos;3&amp;apos;, Class : &amp;apos;16&amp;apos;, Server : &amp;apos;192.168.11.14&amp;apos;, Message : &amp;apos;The conversion of a varchar data type to a datetime data type resulted in an out-of-range value.&amp;apos;, Procedure : &amp;apos;ctemp&amp;apos;, LineNumber : 6 }, { Source : &amp;apos;.Net SqlClient Data Provider&amp;apos;, Number : 242, State : &amp;apos;3&amp;apos;, Class : &amp;apos;16&amp;apos;, Server : &amp;apos;192.168.11.14&amp;apos;, Message : &amp;apos;The conversion of a varchar data type to a datetime data type resulted in an out-of-range value.&amp;apos;, Procedure : &amp;apos;ctemp&amp;apos;, LineNumber : 6 }, { Source : &amp;apos;.Net SqlClient Data Provider&amp;apos;, Number : 242, State : &amp;apos;3&amp;apos;, Class : &amp;apos;16&amp;apos;, Server : &amp;apos;192.168.11.14&amp;apos;, Message : &amp;apos;The conversion of a varchar data type to a datetime data type resulted in an out-of-range value.&amp;apos;, Procedure : &amp;apos;ctemp&amp;apos;, LineNumber : 6 }, { Source : &amp;apos;.Net SqlClient Data Provider&amp;apos;, Number : 242, State : &amp;apos;3&amp;apos;, Class : &amp;apos;16&amp;apos;, Server : &amp;apos;192.168.11.14&amp;apos;, Message : &amp;apos;The conversion of a varchar data type to a datetime data type resulted in an out-of-range value.&amp;apos;, Procedure : &amp;apos;ctemp&amp;apos;, LineNumber : 6 }, { Source : &amp;apos;.Net SqlClient Data Provider&amp;apos;, Number : 242, State : &amp;apos;3&amp;apos;, Class : &amp;apos;16&amp;apos;, Server : &amp;apos;192.168.11.14&amp;apos;, Message : &amp;apos;The conversion of a varchar data type to a datetime data type resulted in an out-of-range value.&amp;apos;, Procedure : &amp;apos;ctemp&amp;apos;, LineNumber : 6 }, { Source : &amp;apos;.Net SqlClient Data Provider&amp;apos;, Number : 242, State : &amp;apos;3&amp;apos;, Class : &amp;apos;16&amp;apos;, Server : &amp;apos;192.168.11.14&amp;apos;, Message : &amp;apos;The conversion of a varchar data type to a datetime data type resulted in an out-of-range value.&amp;apos;, Procedure : &amp;apos;ctemp&amp;apos;, LineNumber : 6 }, { Source : &amp;apos;.Net SqlClient Data Provider&amp;apos;, Number : 242, State : &amp;apos;3&amp;apos;, Class : &amp;apos;16&amp;apos;, Server : &amp;apos;192.168.11.14&amp;apos;, Message : &amp;apos;The conversion of a varchar data type to a datetime data type resulted in an out-of-range value.&amp;apos;, Procedure : &amp;apos;ctemp&amp;apos;, LineNumber : 6 }, { Source : &amp;apos;.Net SqlClient Data Provider&amp;apos;, Number : 242, State : &amp;apos;3&amp;apos;, Class : &amp;apos;16&amp;apos;, Server : &amp;apos;192.168.11.14&amp;apos;, Message : &amp;apos;The conversion of a varchar data type to a datetime data type resulted in an out-of-range value.&amp;apos;, Procedure : &amp;apos;ctemp&amp;apos;, LineNumber : 6 }, { Source : &amp;apos;.Net SqlClient Data Provider&amp;apos;, Number : 242, State : &amp;apos;3&amp;apos;, Class : &amp;apos;16&amp;apos;, Server : &amp;apos;192.168.11.14&amp;apos;, Message : &amp;apos;The conversion of a varchar data type to a datetime data type resulted in an out-of-range value.&amp;apos;, Procedure : &amp;apos;ctemp&amp;apos;, LineNumber : 6 }, { Source : &amp;apos;.Net SqlClient Data Provider&amp;apos;, Number : 242, State : &amp;apos;3&amp;apos;, Class : &amp;apos;16&amp;apos;, Server : &amp;apos;192.168.11.14&amp;apos;, Message : &amp;apos;The conversion of a varchar data type to a datetime data type resulted in an out-of-range value.&amp;apos;, Procedure : &amp;apos;ctemp&amp;apos;, LineNumber : 6 }, { Source : &amp;apos;.Net SqlClient Data Provider&amp;apos;, Number : 242, State : &amp;apos;3&amp;apos;, Class : &amp;apos;16&amp;apos;, Server : &amp;apos;192.168.11.14&amp;apos;, Message : &amp;apos;The conversion of a varchar data type to a datetime data type resulted in an out-of-range value.&amp;apos;, Procedure : &amp;apos;ctemp&amp;apos;, LineNumber : 6 }, { Source : &amp;apos;.Net SqlClient Data Provider&amp;apos;, Number : 242, State : &amp;apos;3&amp;apos;, Class : &amp;apos;16&amp;apos;, Server : &amp;apos;192.168.11.14&amp;apos;, Message : &amp;apos;The conversion of a varchar data type to a datetime data type resulted in an out-of-range value.&amp;apos;, Procedure : &amp;apos;ctemp&amp;apos;, LineNumber : 6 }, { Source : &amp;apos;.Net SqlClient Data Provider&amp;apos;, Number : 242, State : &amp;apos;3&amp;apos;, Class : &amp;apos;16&amp;apos;, Server : &amp;apos;192.168.11.14&amp;apos;, Message : &amp;apos;The conversion of a varchar data type to a datetime data type resulted in an out-of-range value.&amp;apos;, Procedure : &amp;apos;ctemp&amp;apos;, LineNumber : 6 }, { Source : &amp;apos;.Net SqlClient Data Provider&amp;apos;, Number : 242, State : &amp;apos;3&amp;apos;, Class : &amp;apos;16&amp;apos;, Server : &amp;apos;192.168.11.14&amp;apos;, Message : &amp;apos;The conversion of a varchar data type to a datetime data type resulted in an out-of-range value.&amp;apos;, Procedure : &amp;apos;ctemp&amp;apos;, LineNumber : 6 }, { Source : &amp;apos;.Net SqlClient Data Provider&amp;apos;, Number : 242, State : &amp;apos;3&amp;apos;, Class : &amp;apos;16&amp;apos;, Server : &amp;apos;192.168.11.14&amp;apos;, Message : &amp;apos;The conversion of a varchar data type to a datetime data type resulted in an out-of-range value.&amp;apos;, Procedure : &amp;apos;ctemp&amp;apos;, LineNumber : 6 }, { Source : &amp;apos;.Net SqlClient Data Provider&amp;apos;, Number : 242, State : &amp;apos;3&amp;apos;, Class : &amp;apos;16&amp;apos;, Server : &amp;apos;192.168.11.14&amp;apos;, Message : &amp;apos;The conversion of a varchar data type to a datetime data type resulted in an out-of-range value.&amp;apos;, Procedure : &amp;apos;ctemp&amp;apos;, LineNumber : 6 }, { Source : &amp;apos;.Net SqlClient Data Provider&amp;apos;, Number : 242, State : &amp;apos;3&amp;apos;, Class : &amp;apos;16&amp;apos;, Server : &amp;apos;192.168.11.14&amp;apos;, Message : &amp;apos;The conversion of a varchar data type to a datetime data type resulted in an out-of-range value.&amp;apos;, Procedure : &amp;apos;ctemp&amp;apos;, LineNumber : 6 }, { Source : &amp;apos;.Net SqlClient Data Provider&amp;apos;, Number : 242, State : &amp;apos;3&amp;apos;, Class : &amp;apos;16&amp;apos;, Server : &amp;apos;192.168.11.14&amp;apos;, Message : &amp;apos;The conversion of a varchar data type to a datetime data type resulted in an out-of-range value.&amp;apos;, Procedure : &amp;apos;ctemp&amp;apos;, LineNumber : 6 }, { Source : &amp;apos;.Net SqlClient Data Provider&amp;apos;, Number : 242, State : &amp;apos;3&amp;apos;, Class : &amp;apos;16&amp;apos;, Server : &amp;apos;192.168.11.14&amp;apos;, Message : &amp;apos;The conversion of a varchar data type to a datetime data type resulted in an out-of-range value.&amp;apos;, Procedure : &amp;apos;ctemp&amp;apos;, LineNumber : 6 }, { Source : &amp;apos;.Net SqlClient Data Provider&amp;apos;, Number : 242, State : &amp;apos;3&amp;apos;, Class : &amp;apos;16&amp;apos;, Server : &amp;apos;192.168.11.14&amp;apos;, Message : &amp;apos;The conversion of a varchar data type to a datetime data type resulted in an out-of-range value.&amp;apos;, Procedure : &amp;apos;ctemp&amp;apos;, LineNumber : 6 }, { Source : &amp;apos;.Net SqlClient Data Provider&amp;apos;, Number : 242, State : &amp;apos;3&amp;apos;, Class : &amp;apos;16&amp;apos;, Server : &amp;apos;192.168.11.14&amp;apos;, Message : &amp;apos;The conversion of a varchar data type to a datetime data type resulted in an out-of-range value.&amp;apos;, Procedure : &amp;apos;ctemp&amp;apos;, LineNumber : 6 }, { Source : &amp;apos;.Net SqlClient Data Provider&amp;apos;, Number : 242, State : &amp;apos;3&amp;apos;, Class : &amp;apos;16&amp;apos;, Server : &amp;apos;192.168.11.14&amp;apos;, Message : &amp;apos;The conversion of a varchar data type to a datetime data type resulted in an out-of-range value.&amp;apos;, Procedure : &amp;apos;ctemp&amp;apos;, LineNumber : 6 }, { Source : &amp;apos;.Net SqlClient Data Provider&amp;apos;, Number : 242, State : &amp;apos;3&amp;apos;, Class : &amp;apos;16&amp;apos;, Server : &amp;apos;192.168.11.14&amp;apos;, Message : &amp;apos;The conversion of a varchar data type to a datetime data type resulted in an out-of-range value.&amp;apos;, Procedure : &amp;apos;ctemp&amp;apos;, LineNumber : 6 }, { Source : &amp;apos;.Net SqlClient Data Provider&amp;apos;, Number : 242, State : &amp;apos;3&amp;apos;, Class : &amp;apos;16&amp;apos;, Server : &amp;apos;192.168.11.14&amp;apos;, Message : &amp;apos;The conversion of a varchar data type to a datetime data type resulted in an out-of-range value.&amp;apos;, Procedure : &amp;apos;ctemp&amp;apos;, LineNumber : 6 }, { Source : &amp;apos;.Net SqlClient Data Provider&amp;apos;, Number : 242, State : &amp;apos;3&amp;apos;, Class : &amp;apos;16&amp;apos;, Server : &amp;apos;192.168.11.14&amp;apos;, Message : &amp;apos;The conversion of a varchar data type to a datetime data type resulted in an out-of-range value.&amp;apos;, Procedure : &amp;apos;ctemp&amp;apos;, LineNumber : 6 }, { Source : &amp;apos;.Net SqlClient Data Provider&amp;apos;, Number : 242, State : &amp;apos;3&amp;apos;, Class : &amp;apos;16&amp;apos;, Server : &amp;apos;192.168.11.14&amp;apos;, Message : &amp;apos;The conversion of a varchar data type to a datetime data type resulted in an out-of-range value.&amp;apos;, Procedure : &amp;apos;ctemp&amp;apos;, LineNumber : 6 }, { Source : &amp;apos;.Net SqlClient Data Provider&amp;apos;, Number : 242, State : &amp;apos;3&amp;apos;, Class : &amp;apos;16&amp;apos;, Server : &amp;apos;192.168.11.14&amp;apos;, Message : &amp;apos;The conversion of a varchar data type to a datetime data type resulted in an out-of-range value.&amp;apos;, Procedure : &amp;apos;ctemp&amp;apos;, LineNumber : 6 }, { Source : &amp;apos;.Net SqlClient Data Provider&amp;apos;, Number : 242, State : &amp;apos;3&amp;apos;, Class : &amp;apos;16&amp;apos;, Server : &amp;apos;192.168.11.14&amp;apos;, Message : &amp;apos;The conversion of a varchar data type to a datetime data type resulted in an out-of-range value.&amp;apos;, Procedure : &amp;apos;ctemp&amp;apos;, LineNumber : 6 }, { Source : &amp;apos;.Net SqlClient Data Provider&amp;apos;, Number : 242, State : &amp;apos;3&amp;apos;, Class : &amp;apos;16&amp;apos;, Server : &amp;apos;192.168.11.14&amp;apos;, Message : &amp;apos;The conversion of a varchar data type to a datetime data type resulted in an out-of-range value.&amp;apos;, Procedure : &amp;apos;ctemp&amp;apos;, LineNumber : 6 }, { Source : &amp;apos;.Net SqlClient Data Provider&amp;apos;, Number : 242, State : &amp;apos;3&amp;apos;, Class : &amp;apos;16&amp;apos;, Server : &amp;apos;192.168.11.14&amp;apos;, Message : &amp;apos;The conversion of a varchar data type to a datetime data type resulted in an out-of-range value.&amp;apos;, Procedure : &amp;apos;ctemp&amp;apos;, LineNumber : 6 }, { Source : &amp;apos;.Net SqlClient Data Provider&amp;apos;, Number : 242, State : &amp;apos;3&amp;apos;, Class : &amp;apos;16&amp;apos;, Server : &amp;apos;192.168.11.14&amp;apos;, Message : &amp;apos;The conversion of a varchar data type to a datetime data type resulted in an out-of-range value.&amp;apos;, Procedure : &amp;apos;ctemp&amp;apos;, LineNumber : 6 }, { Source : &amp;apos;.Net SqlClient Data Provider&amp;apos;, Number : 242, State : &amp;apos;3&amp;apos;, Class : &amp;apos;16&amp;apos;, Server : &amp;apos;192.168.11.14&amp;apos;, Message : &amp;apos;The conversion of a varchar data type to a datetime data type resulted in an out-of-range value.&amp;apos;, Procedure : &amp;apos;ctemp&amp;apos;, LineNumber : 6 }, { Source : &amp;apos;.Net SqlClient Data Provider&amp;apos;, Number : 242, State : &amp;apos;3&amp;apos;, Class : &amp;apos;16&amp;apos;, Server : &amp;apos;192.168.11.14&amp;apos;, Message : &amp;apos;The conversion of a varchar data type to a datetime data type resulted in an out-of-range value.&amp;apos;, Procedure : &amp;apos;ctemp&amp;apos;, LineNumber : 6 }, { Source : &amp;apos;.Net SqlClient Data Provider&amp;apos;, Number : 242, State : &amp;apos;3&amp;apos;, Class : &amp;apos;16&amp;apos;, Server : &amp;apos;192.168.11.14&amp;apos;, Message : &amp;apos;The conversion of a varchar data type to a datetime data type resulted in an out-of-range value.&amp;apos;, Procedure : &amp;apos;ctemp&amp;apos;, LineNumber : 6 }, { Source : &amp;apos;.Net SqlClient Data Provider&amp;apos;, Number : 242, State : &amp;apos;3&amp;apos;, Class : &amp;apos;16&amp;apos;, Server : &amp;apos;192.168.11.14&amp;apos;, Message : &amp;apos;The conversion of a varchar data type to a datetime data type resulted in an out-of-range value.&amp;apos;, Procedure : &amp;apos;ctemp&amp;apos;, LineNumber : 6 }, { Source : &amp;apos;.Net SqlClient Data Provider&amp;apos;, Number : 242, State : &amp;apos;3&amp;apos;, Class : &amp;apos;16&amp;apos;, Server : &amp;apos;192.168.11.14&amp;apos;, Message : &amp;apos;The conversion of a varchar data type to a datetime data type resulted in an out-of-range value.&amp;apos;, Procedure : &amp;apos;ctemp&amp;apos;, LineNumber : 6 }, { Source : &amp;apos;.Net SqlClient Data Provider&amp;apos;, Number : 242, State : &amp;apos;3&amp;apos;, Class : &amp;apos;16&amp;apos;, Server : &amp;apos;192.168.11.14&amp;apos;, Message : &amp;apos;The conversion of a varchar data type to a datetime data type resulted in an out-of-range value.&amp;apos;, Procedure : &amp;apos;ctemp&amp;apos;, LineNumber : 6 }, { Source : &amp;apos;.Net SqlClient Data Provider&amp;apos;, Number : 242, State : &amp;apos;3&amp;apos;, Class : &amp;apos;16&amp;apos;, Server : &amp;apos;192.168.11.14&amp;apos;, Message : &amp;apos;The conversion of a varchar data type to a datetime data type resulted in an out-of-range value.&amp;apos;, Procedure : &amp;apos;ctemp&amp;apos;, LineNumber : 6 }, { Source : &amp;apos;.Net SqlClient Data Provider&amp;apos;, Number : 242, State : &amp;apos;3&amp;apos;, Class : &amp;apos;16&amp;apos;, Server : &amp;apos;192.168.11.14&amp;apos;, Message : &amp;apos;The conversion of a varchar data type to a datetime data type resulted in an out-of-range value.&amp;apos;, Procedure : &amp;apos;ctemp&amp;apos;, LineNumber : 6 }, { Source : &amp;apos;.Net SqlClient Data Provider&amp;apos;, Number : 242, State : &amp;apos;3&amp;apos;, Class : &amp;apos;16&amp;apos;, Server : &amp;apos;192.168.11.14&amp;apos;, Message : &amp;apos;The conversion of a varchar data type to a datetime data type resulted in an out-of-range value.&amp;apos;, Procedure : &amp;apos;ctemp&amp;apos;, LineNumber : 6 }, { Source : &amp;apos;.Net SqlClient Data Provider&amp;apos;, Number : 242, State : &amp;apos;3&amp;apos;, Class : &amp;apos;16&amp;apos;, Server : &amp;apos;192.168.11.14&amp;apos;, Message : &amp;apos;The conversion of a varchar data type to a datetime data type resulted in an out-of-range value.&amp;apos;, Procedure : &amp;apos;ctemp&amp;apos;, LineNumber : 6 }, { Source : &amp;apos;.Net SqlClient Data Provider&amp;apos;, Number : 242, State : &amp;apos;3&amp;apos;, Class : &amp;apos;16&amp;apos;, Server : &amp;apos;192.168.11.14&amp;apos;, Message : &amp;apos;The conversion of a varchar data type to a datetime data type resulted in an out-of-range value.&amp;apos;, Procedure : &amp;apos;ctemp&amp;apos;, LineNumber : 6 }, { Source : &amp;apos;.Net SqlClient Data Provider&amp;apos;, Number : 242, State : &amp;apos;3&amp;apos;, Class : &amp;apos;16&amp;apos;, Server : &amp;apos;192.168.11.14&amp;apos;, Message : &amp;apos;The conversion of a varchar data type to a datetime data type resulted in an out-of-range value.&amp;apos;, Procedure : &amp;apos;ctemp&amp;apos;, LineNumber : 6 }, { Source : &amp;apos;.Net SqlClient Data Provider&amp;apos;, Number : 242, State : &amp;apos;3&amp;apos;, Class : &amp;apos;16&amp;apos;, Server : &amp;apos;192.168.11.14&amp;apos;, Message : &amp;apos;The conversion of a varchar data type to a datetime data type resulted in an out-of-range value.&amp;apos;, Procedure : &amp;apos;ctemp&amp;apos;, LineNumber : 6 }, { Source : &amp;apos;.Net SqlClient Data Provider&amp;apos;, Number : 242, State : &amp;apos;3&amp;apos;, Class : &amp;apos;16&amp;apos;, Server : &amp;apos;192.168.11.14&amp;apos;, Message : &amp;apos;The conversion of a varchar data type to a datetime data type resulted in an out-of-range value.&amp;apos;, Procedure : &amp;apos;ctemp&amp;apos;, LineNumber : 6 }, { Source : &amp;apos;.Net SqlClient Data Provider&amp;apos;, Number : 242, State : &amp;apos;3&amp;apos;, Class : &amp;apos;16&amp;apos;, Server : &amp;apos;192.168.11.14&amp;apos;, Message : &amp;apos;The conversion of a varchar data type to a datetime data type resulted in an out-of-range value.&amp;apos;, Procedure : &amp;apos;ctemp&amp;apos;, LineNumber : 6 }, { Source : &amp;apos;.Net SqlClient Data Provider&amp;apos;, Number : 242, State : &amp;apos;3&amp;apos;, Class : &amp;apos;16&amp;apos;, Server : &amp;apos;192.168.11.14&amp;apos;, Message : &amp;apos;The conversion of a varchar data type to a datetime data type resulted in an out-of-range value.&amp;apos;, Procedure : &amp;apos;ctemp&amp;apos;, LineNumber : 6 }, { Source : &amp;apos;.Net SqlClient Data Provider&amp;apos;, Number : 242, State : &amp;apos;3&amp;apos;, Class : &amp;apos;16&amp;apos;, Server : &amp;apos;192.168.11.14&amp;apos;, Message : &amp;apos;The conversion of a varchar data type to a datetime data type resulted in an out-of-range value.&amp;apos;, Procedure : &amp;apos;ctemp&amp;apos;, LineNumber : 6 }, { Source : &amp;apos;.Net SqlClient Data Provider&amp;apos;, Number : 242, State : &amp;apos;3&amp;apos;, Class : &amp;apos;16&amp;apos;, Server : &amp;apos;192.168.11.14&amp;apos;, Message : &amp;apos;The conversion of a varchar data type to a datetime data type resulted in an out-of-range value.&amp;apos;, Procedure : &amp;apos;ctemp&amp;apos;, LineNumber : 6 }, { Source : &amp;apos;.Net SqlClient Data Provider&amp;apos;, Number : 242, State : &amp;apos;3&amp;apos;, Class : &amp;apos;16&amp;apos;, Server : &amp;apos;192.168.11.14&amp;apos;, Message : &amp;apos;The conversion of a varchar data type to a datetime data type resulted in an out-of-range value.&amp;apos;, Procedure : &amp;apos;ctemp&amp;apos;, LineNumber : 6 }, { Source : &amp;apos;.Net SqlClient Data Provider&amp;apos;, Number : 242, State : &amp;apos;3&amp;apos;, Class : &amp;apos;16&amp;apos;, Server : &amp;apos;192.168.11.14&amp;apos;, Message : &amp;apos;The conversion of a varchar data type to a datetime data type resulted in an out-of-range value.&amp;apos;, Procedure : &amp;apos;ctemp&amp;apos;, LineNumber : 6 }, { Source : &amp;apos;.Net SqlClient Data Provider&amp;apos;, Number : 242, State : &amp;apos;3&amp;apos;, Class : &amp;apos;16&amp;apos;, Server : &amp;apos;192.168.11.14&amp;apos;, Message : &amp;apos;The conversion of a varchar data type to a datetime data type resulted in an out-of-range value.&amp;apos;, Procedure : &amp;apos;ctemp&amp;apos;, LineNumber : 6 }, { Source : &amp;apos;.Net SqlClient Data Provider&amp;apos;, Number : 242, State : &amp;apos;3&amp;apos;, Class : &amp;apos;16&amp;apos;, Server : &amp;apos;192.168.11.14&amp;apos;, Message : &amp;apos;The conversion of a varchar data type to a datetime data type resulted in an out-of-range value.&amp;apos;, Procedure : &amp;apos;ctemp&amp;apos;, LineNumber : 6 }, { Source : &amp;apos;.Net SqlClient Data Provider&amp;apos;, Number : 242, State : &amp;apos;3&amp;apos;, Class : &amp;apos;16&amp;apos;, Server : &amp;apos;192.168.11.14&amp;apos;, Message : &amp;apos;The conversion of a varchar data type to a datetime data type resulted in an out-of-range value.&amp;apos;, Procedure : &amp;apos;ctemp&amp;apos;, LineNumber : 6 }, { Source : &amp;apos;.Net SqlClient Data Provider&amp;apos;, Number : 242, State : &amp;apos;3&amp;apos;, Class : &amp;apos;16&amp;apos;, Server : &amp;apos;192.168.11.14&amp;apos;, Message : &amp;apos;The conversion of a varchar data type to a datetime data type resulted in an out-of-range value.&amp;apos;, Procedure : &amp;apos;ctemp&amp;apos;, LineNumber : 6 }, { Source : &amp;apos;.Net SqlClient Data Provider&amp;apos;, Number : 242, State : &amp;apos;3&amp;apos;, Class : &amp;apos;16&amp;apos;, Server : &amp;apos;192.168.11.14&amp;apos;, Message : &amp;apos;The conversion of a varchar data type to a datetime data type resulted in an out-of-range value.&amp;apos;, Procedure : &amp;apos;ctemp&amp;apos;, LineNumber : 6 }, { Source : &amp;apos;.Net SqlClient Data Provider&amp;apos;, Number : 242, State : &amp;apos;3&amp;apos;, Class : &amp;apos;16&amp;apos;, Server : &amp;apos;192.168.11.14&amp;apos;, Message : &amp;apos;The conversion of a varchar data type to a datetime data type resulted in an out-of-range value.&amp;apos;, Procedure : &amp;apos;ctemp&amp;apos;, LineNumber : 6 }, { Source : &amp;apos;.Net SqlClient Data Provider&amp;apos;, Number : 242, State : &amp;apos;3&amp;apos;, Class : &amp;apos;16&amp;apos;, Server : &amp;apos;192.168.11.14&amp;apos;, Message : &amp;apos;The conversion of a varchar data type to a datetime data type resulted in an out-of-range value.&amp;apos;, Procedure : &amp;apos;ctemp&amp;apos;, LineNumber : 6 }, { Source : &amp;apos;.Net SqlClient Data Provider&amp;apos;, Number : 242, State : &amp;apos;3&amp;apos;, Class : &amp;apos;16&amp;apos;, Server : &amp;apos;192.168.11.14&amp;apos;, Message : &amp;apos;The conversion of a varchar data type to a datetime data type resulted in an out-of-range value.&amp;apos;, Procedure : &amp;apos;ctemp&amp;apos;, LineNumber : 6 }, { Source : &amp;apos;.Net SqlClient Data Provider&amp;apos;, Number : 242, State : &amp;apos;3&amp;apos;, Class : &amp;apos;16&amp;apos;, Server : &amp;apos;192.168.11.14&amp;apos;, Message : &amp;apos;The conversion of a varchar data type to a datetime data type resulted in an out-of-range value.&amp;apos;, Procedure : &amp;apos;ctemp&amp;apos;, LineNumber : 6 }, { Source : &amp;apos;.Net SqlClient Data Provider&amp;apos;, Number : 242, State : &amp;apos;3&amp;apos;, Class : &amp;apos;16&amp;apos;, Server : &amp;apos;192.168.11.14&amp;apos;, Message : &amp;apos;The conversion of a varchar data type to a datetime data type resulted in an out-of-range value.&amp;apos;, Procedure : &amp;apos;ctemp&amp;apos;, LineNumber : 6 }, { Source : &amp;apos;.Net SqlClient Data Provider&amp;apos;, Number : 242, State : &amp;apos;3&amp;apos;, Class : &amp;apos;16&amp;apos;, Server : &amp;apos;192.168.11.14&amp;apos;, Message : &amp;apos;The conversion of a varchar data type to a datetime data type resulted in an out-of-range value.&amp;apos;, Procedure : &amp;apos;ctemp&amp;apos;, LineNumber : 6 }, { Source : &amp;apos;.Net SqlClient Data Provider&amp;apos;, Number : 242, State : &amp;apos;3&amp;apos;, Class : &amp;apos;16&amp;apos;, Server : &amp;apos;192.168.11.14&amp;apos;, Message : &amp;apos;The conversion of a varchar data type to a datetime data type resulted in an out-of-range value.&amp;apos;, Procedure : &amp;apos;ctemp&amp;apos;, LineNumber : 6 }, { Source : &amp;apos;.Net SqlClient Data Provider&amp;apos;, Number : 242, State : &amp;apos;3&amp;apos;, Class : &amp;apos;16&amp;apos;, Server : &amp;apos;192.168.11.14&amp;apos;, Message : &amp;apos;The conversion of a varchar data type to a datetime data type resulted in an out-of-range value.&amp;apos;, Procedure : &amp;apos;ctemp&amp;apos;, LineNumber : 6 }, { Source : &amp;apos;.Net SqlClient Data Provider&amp;apos;, Number : 242, State : &amp;apos;3&amp;apos;, Class : &amp;apos;16&amp;apos;, Server : &amp;apos;192.168.11.14&amp;apos;, Message : &amp;apos;The conversion of a varchar data type to a datetime data type resulted in an out-of-range value.&amp;apos;, Procedure : &amp;apos;ctemp&amp;apos;, LineNumber : 6 }, { Source : &amp;apos;.Net SqlClient Data Provider&amp;apos;, Number : 242, State : &amp;apos;3&amp;apos;, Class : &amp;apos;16&amp;apos;, Server : &amp;apos;192.168.11.14&amp;apos;, Message : &amp;apos;The conversion of a varchar data type to a datetime data type resulted in an out-of-range value.&amp;apos;, Procedure : &amp;apos;ctemp&amp;apos;, LineNumber : 6 }, { Source : &amp;apos;.Net SqlClient Data Provider&amp;apos;, Number : 242, State : &amp;apos;3&amp;apos;, Class : &amp;apos;16&amp;apos;, Server : &amp;apos;192.168.11.14&amp;apos;, Message : &amp;apos;The conversion of a varchar data type to a datetime data type resulted in an out-of-range value.&amp;apos;, Procedure : &amp;apos;ctemp&amp;apos;, LineNumber : 6 }, { Source : &amp;apos;.Net SqlClient Data Provider&amp;apos;, Number : 242, State : &amp;apos;3&amp;apos;, Class : &amp;apos;16&amp;apos;, Server : &amp;apos;192.168.11.14&amp;apos;, Message : &amp;apos;The conversion of a varchar data type to a datetime data type resulted in an out-of-range value.&amp;apos;, Procedure : &amp;apos;ctemp&amp;apos;, LineNumber : 6 }, { Source : &amp;apos;.Net SqlClient Data Provider&amp;apos;, Number : 242, State : &amp;apos;3&amp;apos;, Class : &amp;apos;16&amp;apos;, Server : &amp;apos;192.168.11.14&amp;apos;, Message : &amp;apos;The conversion of a varchar data type to a datetime data type resulted in an out-of-range value.&amp;apos;, Procedure : &amp;apos;ctemp&amp;apos;, LineNumber : 6 }, { Source : &amp;apos;.Net SqlClient Data Provider&amp;apos;, Number : 242, State : &amp;apos;3&amp;apos;, Class : &amp;apos;16&amp;apos;, Server : &amp;apos;192.168.11.14&amp;apos;, Message : &amp;apos;The conversion of a varchar data type to a datetime data type resulted in an out-of-range value.&amp;apos;, Procedure : &amp;apos;ctemp&amp;apos;, LineNumber : 6 }, { Source : &amp;apos;.Net SqlClient Data Provider&amp;apos;, Number : 242, State : &amp;apos;3&amp;apos;, Class : &amp;apos;16&amp;apos;, Server : &amp;apos;192.168.11.14&amp;apos;, Message : &amp;apos;The conversion of a varchar data type to a datetime data type resulted in an out-of-range value.&amp;apos;, Procedure : &amp;apos;ctemp&amp;apos;, LineNumber : 6 }, { Source : &amp;apos;.Net SqlClient Data Provider&amp;apos;, Number : 242, State : &amp;apos;3&amp;apos;, Class : &amp;apos;16&amp;apos;, Server : &amp;apos;192.168.11.14&amp;apos;, Message : &amp;apos;The conversion of a varchar data type to a datetime data type resulted in an out-of-range value.&amp;apos;, Procedure : &amp;apos;ctemp&amp;apos;, LineNumber : 6 }, { Source : &amp;apos;.Net SqlClient Data Provider&amp;apos;, Number : 242, State : &amp;apos;3&amp;apos;, Class : &amp;apos;16&amp;apos;, Server : &amp;apos;192.168.11.14&amp;apos;, Message : &amp;apos;The conversion of a varchar data type to a datetime data type resulted in an out-of-range value.&amp;apos;, Procedure : &amp;apos;ctemp&amp;apos;, LineNumber : 6 }, { Source : &amp;apos;.Net SqlClient Data Provider&amp;apos;, Number : 242, State : &amp;apos;3&amp;apos;, Class : &amp;apos;16&amp;apos;, Server : &amp;apos;192.168.11.14&amp;apos;, Message : &amp;apos;The conversion of a varchar data type to a datetime data type resulted in an out-of-range value.&amp;apos;, Procedure : &amp;apos;ctemp&amp;apos;, LineNumber : 6 }, { Source : &amp;apos;.Net SqlClient Data Provider&amp;apos;, Number : 242, State : &amp;apos;3&amp;apos;, Class : &amp;apos;16&amp;apos;, Server : &amp;apos;192.168.11.14&amp;apos;, Message : &amp;apos;The conversion of a varchar data type to a datetime data type resulted in an out-of-range value.&amp;apos;, Procedure : &amp;apos;ctemp&amp;apos;, LineNumber : 6 }, { Source : &amp;apos;.Net SqlClient Data Provider&amp;apos;, Number : 242, State : &amp;apos;3&amp;apos;, Class : &amp;apos;16&amp;apos;, Server : &amp;apos;192.168.11.14&amp;apos;, Message : &amp;apos;The conversion of a varchar data type to a datetime data type resulted in an out-of-range value.&amp;apos;, Procedure : &amp;apos;ctemp&amp;apos;, LineNumber : 6 }, { Source : &amp;apos;.Net SqlClient Data Provider&amp;apos;, Number : 242, State : &amp;apos;3&amp;apos;, Class : &amp;apos;16&amp;apos;, Server : &amp;apos;192.168.11.14&amp;apos;, Message : &amp;apos;The conversion of a varchar data type to a datetime data type resulted in an out-of-range value.&amp;apos;, Procedure : &amp;apos;ctemp&amp;apos;, LineNumber : 6 }, { Source : &amp;apos;.Net SqlClient Data Provider&amp;apos;, Number : 242, State : &amp;apos;3&amp;apos;, Class : &amp;apos;16&amp;apos;, Server : &amp;apos;192.168.11.14&amp;apos;, Message : &amp;apos;The conversion of a varchar data type to a datetime data type resulted in an out-of-range value.&amp;apos;, Procedure : &amp;apos;ctemp&amp;apos;, LineNumber : 6 }, { Source : &amp;apos;.Net SqlClient Data Provider&amp;apos;, Number : 242, State : &amp;apos;3&amp;apos;, Class : &amp;apos;16&amp;apos;, Server : &amp;apos;192.168.11.14&amp;apos;, Message : &amp;apos;The conversion of a varchar data type to a datetime data type resulted in an out-of-range value.&amp;apos;, Procedure : &amp;apos;ctemp&amp;apos;, LineNumber : 6 }, { Source : &amp;apos;.Net SqlClient Data Provider&amp;apos;, Number : 242, State : &amp;apos;3&amp;apos;, Class : &amp;apos;16&amp;apos;, Server : &amp;apos;192.168.11.14&amp;apos;, Message : &amp;apos;The conversion of a varchar data type to a datetime data type resulted in an out-of-range value.&amp;apos;, Procedure : &amp;apos;ctemp&amp;apos;, LineNumber : 6 }, { Source : &amp;apos;.Net SqlClient Data Provider&amp;apos;, Number : 242, State : &amp;apos;3&amp;apos;, Class : &amp;apos;16&amp;apos;, Server : &amp;apos;192.168.11.14&amp;apos;, Message : &amp;apos;The conversion of a varchar data type to a datetime data type resulted in an out-of-range value.&amp;apos;, Procedure : &amp;apos;ctemp&amp;apos;, LineNumber : 6 }, { Source : &amp;apos;.Net SqlClient Data Provider&amp;apos;, Number : 242, State : &amp;apos;3&amp;apos;, Class : &amp;apos;16&amp;apos;, Server : &amp;apos;192.168.11.14&amp;apos;, Message : &amp;apos;The conversion of a varchar data type to a datetime data type resulted in an out-of-range value.&amp;apos;, Procedure : &amp;apos;ctemp&amp;apos;, LineNumber : 6 }, { Source : &amp;apos;.Net SqlClient Data Provider&amp;apos;, Number : 242, State : &amp;apos;3&amp;apos;, Class : &amp;apos;16&amp;apos;, Server : &amp;apos;192.168.11.14&amp;apos;, Message : &amp;apos;The conversion of a varchar data type to a datetime data type resulted in an out-of-range value.&amp;apos;, Procedure : &amp;apos;ctemp&amp;apos;, LineNumber : 6 }, { Source : &amp;apos;.Net SqlClient Data Provider&amp;apos;, Number : 242, State : &amp;apos;3&amp;apos;, Class : &amp;apos;16&amp;apos;, Server : &amp;apos;192.168.11.14&amp;apos;, Message : &amp;apos;The conversion of a varchar data type to a datetime data type resulted in an out-of-range value.&amp;apos;, Procedure : &amp;apos;ctemp&amp;apos;, LineNumber : 6 }, { Source : &amp;apos;.Net SqlClient Data Provider&amp;apos;, Number : 242, State : &amp;apos;3&amp;apos;, Class : &amp;apos;16&amp;apos;, Server : &amp;apos;192.168.11.14&amp;apos;, Message : &amp;apos;The conversion of a varchar data type to a datetime data type resulted in an out-of-range value.&amp;apos;, Procedure : &amp;apos;ctemp&amp;apos;, LineNumber : 6 }, { Source : &amp;apos;.Net SqlClient Data Provider&amp;apos;, Number : 242, State : &amp;apos;3&amp;apos;, Class : &amp;apos;16&amp;apos;, Server : &amp;apos;192.168.11.14&amp;apos;, Message : &amp;apos;The conversion of a varchar data type to a datetime data type resulted in an out-of-range value.&amp;apos;, Procedure : &amp;apos;ctemp&amp;apos;, LineNumber : 6 }, { Source : &amp;apos;.Net SqlClient Data Provider&amp;apos;, Number : 242, State : &amp;apos;3&amp;apos;, Class : &amp;apos;16&amp;apos;, Server : &amp;apos;192.168.11.14&amp;apos;, Message : &amp;apos;The conversion of a varchar data type to a datetime data type resulted in an out-of-range value.&amp;apos;, Procedure : &amp;apos;ctemp&amp;apos;, LineNumber : 6 }, { Source : &amp;apos;.Net SqlClient Data Provider&amp;apos;, Number : 242, State : &amp;apos;3&amp;apos;, Class : &amp;apos;16&amp;apos;, Server : &amp;apos;192.168.11.14&amp;apos;, Message : &amp;apos;The conversion of a varchar data type to a datetime data type resulted in an out-of-range value.&amp;apos;, Procedure : &amp;apos;ctemp&amp;apos;, LineNumber : 6 }, { Source : &amp;apos;.Net SqlClient Data Provider&amp;apos;, Number : 242, State : &amp;apos;3&amp;apos;, Class : &amp;apos;16&amp;apos;, Server : &amp;apos;192.168.11.14&amp;apos;, Message : &amp;apos;The conversion of a varchar data type to a datetime data type resulted in an out-of-range value.&amp;apos;, Procedure : &amp;apos;ctemp&amp;apos;, LineNumber : 6 }, { Source : &amp;apos;.Net SqlClient Data Provider&amp;apos;, Number : 242, State : &amp;apos;3&amp;apos;, Class : &amp;apos;16&amp;apos;, Server : &amp;apos;192.168.11.14&amp;apos;, Message : &amp;apos;The conversion of a varchar data type to a datetime data type resulted in an out-of-range value.&amp;apos;, Procedure : &amp;apos;ctemp&amp;apos;, LineNumber : 6 }, { Source : &amp;apos;.Net SqlClient Data Provider&amp;apos;, Number : 242, State : &amp;apos;3&amp;apos;, Class : &amp;apos;16&amp;apos;, Server : &amp;apos;192.168.11.14&amp;apos;, Message : &amp;apos;The conversion of a varchar data type to a datetime data type resulted in an out-of-range value.&amp;apos;, Procedure : &amp;apos;ctemp&amp;apos;, LineNumber : 6 }, { Source : &amp;apos;.Net SqlClient Data Provider&amp;apos;, Number : 242, State : &amp;apos;3&amp;apos;, Class : &amp;apos;16&amp;apos;, Server : &amp;apos;192.168.11.14&amp;apos;, Message : &amp;apos;The conversion of a varchar data type to a datetime data type resulted in an out-of-range value.&amp;apos;, Procedure : &amp;apos;ctemp&amp;apos;, LineNumber : 6 }, { Source : &amp;apos;.Net SqlClient Data Provider&amp;apos;, Number : 242, State : &amp;apos;3&amp;apos;, Class : &amp;apos;16&amp;apos;, Server : &amp;apos;192.168.11.14&amp;apos;, Message : &amp;apos;The conversion of a varchar data type to a datetime data type resulted in an out-of-range value.&amp;apos;, Procedure : &amp;apos;ctemp&amp;apos;, LineNumber : 6 }, { Source : &amp;apos;.Net SqlClient Data Provider&amp;apos;, Number : 242, State : &amp;apos;3&amp;apos;, Class : &amp;apos;16&amp;apos;, Server : &amp;apos;192.168.11.14&amp;apos;, Message : &amp;apos;The conversion of a varchar data type to a datetime data type resulted in an out-of-range value.&amp;apos;, Procedure : &amp;apos;ctemp&amp;apos;, LineNumber : 6 }, { Source : &amp;apos;.Net SqlClient Data Provider&amp;apos;, Number : 242, State : &amp;apos;3&amp;apos;, Class : &amp;apos;16&amp;apos;, Server : &amp;apos;192.168.11.14&amp;apos;, Message : &amp;apos;The conversion of a varchar data type to a datetime data type resulted in an out-of-range value.&amp;apos;, Procedure : &amp;apos;ctemp&amp;apos;, LineNumber : 6 }, { Source : &amp;apos;.Net SqlClient Data Provider&amp;apos;, Number : 242, State : &amp;apos;3&amp;apos;, Class : &amp;apos;16&amp;apos;, Server : &amp;apos;192.168.11.14&amp;apos;, Message : &amp;apos;The conversion of a varchar data type to a datetime data type resulted in an out-of-range value.&amp;apos;, Procedure : &amp;apos;ctemp&amp;apos;, LineNumber : 6 }, { Source : &amp;apos;.Net SqlClient Data Provider&amp;apos;, Number : 242, State : &amp;apos;3&amp;apos;, Class : &amp;apos;16&amp;apos;, Server : &amp;apos;192.168.11.14&amp;apos;, Message : &amp;apos;The conversion of a varchar data type to a datetime data type resulted in an out-of-range value.&amp;apos;, Procedure : &amp;apos;ctemp&amp;apos;, LineNumber : 6 }, { Source : &amp;apos;.Net SqlClient Data Provider&amp;apos;, Number : 242, State : &amp;apos;3&amp;apos;, Class : &amp;apos;16&amp;apos;, Server : &amp;apos;192.168.11.14&amp;apos;, Message : &amp;apos;The conversion of a varchar data type to a datetime data type resulted in an out-of-range value.&amp;apos;, Procedure : &amp;apos;ctemp&amp;apos;, LineNumber : 6 }, { Source : &amp;apos;.Net SqlClient Data Provider&amp;apos;, Number : 242, State : &amp;apos;3&amp;apos;, Class : &amp;apos;16&amp;apos;, Server : &amp;apos;192.168.11.14&amp;apos;, Message : &amp;apos;The conversion of a varchar data type to a datetime data type resulted in an out-of-range value.&amp;apos;, Procedure : &amp;apos;ctemp&amp;apos;, LineNumber : 6 }, { Source : &amp;apos;.Net SqlClient Data Provider&amp;apos;, Number : 242, State : &amp;apos;3&amp;apos;, Class : &amp;apos;16&amp;apos;, Server : &amp;apos;192.168.11.14&amp;apos;, Message : &amp;apos;The conversion of a varchar data type to a datetime data type resulted in an out-of-range value.&amp;apos;, Procedure : &amp;apos;ctemp&amp;apos;, LineNumber : 6 }, { Source : &amp;apos;.Net SqlClient Data Provider&amp;apos;, Number : 242, State : &amp;apos;3&amp;apos;, Class : &amp;apos;16&amp;apos;, Server : &amp;apos;192.168.11.14&amp;apos;, Message : &amp;apos;The conversion of a varchar data type to a datetime data type resulted in an out-of-range value.&amp;apos;, Procedure : &amp;apos;ctemp&amp;apos;, LineNumber : 6 }, { Source : &amp;apos;.Net SqlClient Data Provider&amp;apos;, Number : 242, State : &amp;apos;3&amp;apos;, Class : &amp;apos;16&amp;apos;, Server : &amp;apos;192.168.11.14&amp;apos;, Message : &amp;apos;The conversion of a varchar data type to a datetime data type resulted in an out-of-range value.&amp;apos;, Procedure : &amp;apos;ctemp&amp;apos;, LineNumber : 6 }, { Source : &amp;apos;.Net SqlClient Data Provider&amp;apos;, Number : 242, State : &amp;apos;3&amp;apos;, Class : &amp;apos;16&amp;apos;, Server : &amp;apos;192.168.11.14&amp;apos;, Message : &amp;apos;The conversion of a varchar data type to a datetime data type resulted in an out-of-range value.&amp;apos;, Procedure : &amp;apos;ctemp&amp;apos;, LineNumber : 6 }, { Source : &amp;apos;.Net SqlClient Data Provider&amp;apos;, Number : 242, State : &amp;apos;3&amp;apos;, Class : &amp;apos;16&amp;apos;, Server : &amp;apos;192.168.11.14&amp;apos;, Message : &amp;apos;The conversion of a varchar data type to a datetime data type resulted in an out-of-range value.&amp;apos;, Procedure : &amp;apos;ctemp&amp;apos;, LineNumber : 6 }, { Source : &amp;apos;.Net SqlClient Data Provider&amp;apos;, Number : 242, State : &amp;apos;3&amp;apos;, Class : &amp;apos;16&amp;apos;, Server : &amp;apos;192.168.11.14&amp;apos;, Message : &amp;apos;The conversion of a varchar data type to a datetime data type resulted in an out-of-range value.&amp;apos;, Procedure : &amp;apos;ctemp&amp;apos;, LineNumber : 6 }, { Source : &amp;apos;.Net SqlClient Data Provider&amp;apos;, Number : 242, State : &amp;apos;3&amp;apos;, Class : &amp;apos;16&amp;apos;, Server : &amp;apos;192.168.11.14&amp;apos;, Message : &amp;apos;The conversion of a varchar data type to a datetime data type resulted in an out-of-range value.&amp;apos;, Procedure : &amp;apos;ctemp&amp;apos;, LineNumber : 6 }, { Source : &amp;apos;.Net SqlClient Data Provider&amp;apos;, Number : 242, State : &amp;apos;3&amp;apos;, Class : &amp;apos;16&amp;apos;, Server : &amp;apos;192.168.11.14&amp;apos;, Message : &amp;apos;The conversion of a varchar data type to a datetime data type resulted in an out-of-range value.&amp;apos;, Procedure : &amp;apos;ctemp&amp;apos;, LineNumber : 6 }, { Source : &amp;apos;.Net SqlClient Data Provider&amp;apos;, Number : 242, State : &amp;apos;3&amp;apos;, Class : &amp;apos;16&amp;apos;, Server : &amp;apos;192.168.11.14&amp;apos;, Message : &amp;apos;The conversion of a varchar data type to a datetime data type resulted in an out-of-range value.&amp;apos;, Procedure : &amp;apos;ctemp&amp;apos;, LineNumber : 6 }, { Source : &amp;apos;.Net SqlClient Data Provider&amp;apos;, Number : 242, State : &amp;apos;3&amp;apos;, Class : &amp;apos;16&amp;apos;, Server : &amp;apos;192.168.11.14&amp;apos;, Message : &amp;apos;The conversion of a varchar data type to a datetime data type resulted in an out-of-range value.&amp;apos;, Procedure : &amp;apos;ctemp&amp;apos;, LineNumber : 6 }, { Source : &amp;apos;.Net SqlClient Data Provider&amp;apos;, Number : 242, State : &amp;apos;3&amp;apos;, Class : &amp;apos;16&amp;apos;, Server : &amp;apos;192.168.11.14&amp;apos;, Message : &amp;apos;The conversion of a varchar data type to a datetime data type resulted in an out-of-range value.&amp;apos;, Procedure : &amp;apos;ctemp&amp;apos;, LineNumber : 6 }, { Source : &amp;apos;.Net SqlClient Data Provider&amp;apos;, Number : 242, State : &amp;apos;3&amp;apos;, Class : &amp;apos;16&amp;apos;, Server : &amp;apos;192.168.11.14&amp;apos;, Message : &amp;apos;The conversion of a varchar data type to a datetime data type resulted in an out-of-range value.&amp;apos;, Procedure : &amp;apos;ctemp&amp;apos;, LineNumber : 6 }, { Source : &amp;apos;.Net SqlClient Data Provider&amp;apos;, Number : 242, State : &amp;apos;3&amp;apos;, Class : &amp;apos;16&amp;apos;, Server : &amp;apos;192.168.11.14&amp;apos;, Message : &amp;apos;The conversion of a varchar data type to a datetime data type resulted in an out-of-range value.&amp;apos;, Procedure : &amp;apos;ctemp&amp;apos;, LineNumber : 6 }, { Source : &amp;apos;.Net SqlClient Data Provider&amp;apos;, Number : 242, State : &amp;apos;3&amp;apos;, Class : &amp;apos;16&amp;apos;, Server : &amp;apos;192.168.11.14&amp;apos;, Message : &amp;apos;The conversion of a varchar data type to a datetime data type resulted in an out-of-range value.&amp;apos;, Procedure : &amp;apos;ctemp&amp;apos;, LineNumber : 6 }, { Source : &amp;apos;.Net SqlClient Data Provider&amp;apos;, Number : 242, State : &amp;apos;3&amp;apos;, Class : &amp;apos;16&amp;apos;, Server : &amp;apos;192.168.11.14&amp;apos;, Message : &amp;apos;The conversion of a varchar data type to a datetime data type resulted in an out-of-range value.&amp;apos;, Procedure : &amp;apos;ctemp&amp;apos;, LineNumber : 6 }, { Source : &amp;apos;.Net SqlClient Data Provider&amp;apos;, Number : 242, State : &amp;apos;3&amp;apos;, Class : &amp;apos;16&amp;apos;, Server : &amp;apos;192.168.11.14&amp;apos;, Message : &amp;apos;The conversion of a varchar data type to a datetime data type resulted in an out-of-range value.&amp;apos;, Procedure : &amp;apos;ctemp&amp;apos;, LineNumber : 6 }, { Source : &amp;apos;.Net SqlClient Data Provider&amp;apos;, Number : 242, State : &amp;apos;3&amp;apos;, Class : &amp;apos;16&amp;apos;, Server : &amp;apos;192.168.11.14&amp;apos;, Message : &amp;apos;The conversion of a varchar data type to a datetime data type resulted in an out-of-range value.&amp;apos;, Procedure : &amp;apos;ctemp&amp;apos;, LineNumber : 6 }, { Source : &amp;apos;.Net SqlClient Data Provider&amp;apos;, Number : 242, State : &amp;apos;3&amp;apos;, Class : &amp;apos;16&amp;apos;, Server : &amp;apos;192.168.11.14&amp;apos;, Message : &amp;apos;The conversion of a varchar data type to a datetime data type resulted in an out-of-range value.&amp;apos;, Procedure : &amp;apos;ctemp&amp;apos;, LineNumber : 6 }, { Source : &amp;apos;.Net SqlClient Data Provider&amp;apos;, Number : 242, State : &amp;apos;3&amp;apos;, Class : &amp;apos;16&amp;apos;, Server : &amp;apos;192.168.11.14&amp;apos;, Message : &amp;apos;The conversion of a varchar data type to a datetime data type resulted in an out-of-range value.&amp;apos;, Procedure : &amp;apos;ctemp&amp;apos;, LineNumber : 6 }, { Source : &amp;apos;.Net SqlClient Data Provider&amp;apos;, Number : 242, State : &amp;apos;3&amp;apos;, Class : &amp;apos;16&amp;apos;, Server : &amp;apos;192.168.11.14&amp;apos;, Message : &amp;apos;The conversion of a varchar data type to a datetime data type resulted in an out-of-range value.&amp;apos;, Procedure : &amp;apos;ctemp&amp;apos;, LineNumber : 6 }, { Source : &amp;apos;.Net SqlClient Data Provider&amp;apos;, Number : 242, State : &amp;apos;3&amp;apos;, Class : &amp;apos;16&amp;apos;, Server : &amp;apos;192.168.11.14&amp;apos;, Message : &amp;apos;The conversion of a varchar data type to a datetime data type resulted in an out-of-range value.&amp;apos;, Procedure : &amp;apos;ctemp&amp;apos;, LineNumber : 6 }, { Source : &amp;apos;.Net SqlClient Data Provider&amp;apos;, Number : 242, State : &amp;apos;3&amp;apos;, Class : &amp;apos;16&amp;apos;, Server : &amp;apos;192.168.11.14&amp;apos;, Message : &amp;apos;The conversion of a varchar data type to a datetime data type resulted in an out-of-range value.&amp;apos;, Procedure : &amp;apos;ctemp&amp;apos;, LineNumber : 6 }, { Source : &amp;apos;.Net SqlClient Data Provider&amp;apos;, Number : 242, State : &amp;apos;3&amp;apos;, Class : &amp;apos;16&amp;apos;, Server : &amp;apos;192.168.11.14&amp;apos;, Message : &amp;apos;The conversion of a varchar data type to a datetime data type resulted in an out-of-range value.&amp;apos;, Procedure : &amp;apos;ctemp&amp;apos;, LineNumber : 6 }, { Source : &amp;apos;.Net SqlClient Data Provider&amp;apos;, Number : 242, State : &amp;apos;3&amp;apos;, Class : &amp;apos;16&amp;apos;, Server : &amp;apos;192.168.11.14&amp;apos;, Message : &amp;apos;The conversion of a varchar data type to a datetime data type resulted in an out-of-range value.&amp;apos;, Procedure : &amp;apos;ctemp&amp;apos;, LineNumber : 6 }, { Source : &amp;apos;.Net SqlClient Data Provider&amp;apos;, Number : 242, State : &amp;apos;3&amp;apos;, Class : &amp;apos;16&amp;apos;, Server : &amp;apos;192.168.11.14&amp;apos;, Message : &amp;apos;The conversion of a varchar data type to a datetime data type resulted in an out-of-range value.&amp;apos;, Procedure : &amp;apos;ctemp&amp;apos;, LineNumber : 6 }, { Source : &amp;apos;.Net SqlClient Data Provider&amp;apos;, Number : 242, State : &amp;apos;3&amp;apos;, Class : &amp;apos;16&amp;apos;, Server : &amp;apos;192.168.11.14&amp;apos;, Message : &amp;apos;The conversion of a varchar data type to a datetime data type resulted in an out-of-range value.&amp;apos;, Procedure : &amp;apos;ctemp&amp;apos;, LineNumber : 6 }, { Source : &amp;apos;.Net SqlClient Data Provider&amp;apos;, Number : 242, State : &amp;apos;3&amp;apos;, Class : &amp;apos;16&amp;apos;, Server : &amp;apos;192.168.11.14&amp;apos;, Message : &amp;apos;The conversion of a varchar data type to a datetime data type resulted in an out-of-range value.&amp;apos;, Procedure : &amp;apos;ctemp&amp;apos;, LineNumber : 6 }, { Source : &amp;apos;.Net SqlClient Data Provider&amp;apos;, Number : 242, State : &amp;apos;3&amp;apos;, Class : &amp;apos;16&amp;apos;, Server : &amp;apos;192.168.11.14&amp;apos;, Message : &amp;apos;The conversion of a varchar data type to a datetime data type resulted in an out-of-range value.&amp;apos;, Procedure : &amp;apos;ctemp&amp;apos;, LineNumber : 6 }, { Source : &amp;apos;.Net SqlClient Data Provider&amp;apos;, Number : 242, State : &amp;apos;3&amp;apos;, Class : &amp;apos;16&amp;apos;, Server : &amp;apos;192.168.11.14&amp;apos;, Message : &amp;apos;The conversion of a varchar data type to a datetime data type resulted in an out-of-range value.&amp;apos;, Procedure : &amp;apos;ctemp&amp;apos;, LineNumber : 6 }, { Source : &amp;apos;.Net SqlClient Data Provider&amp;apos;, Number : 242, State : &amp;apos;3&amp;apos;, Class : &amp;apos;16&amp;apos;, Server : &amp;apos;192.168.11.14&amp;apos;, Message : &amp;apos;The conversion of a varchar data type to a datetime data type resulted in an out-of-range value.&amp;apos;, Procedure : &amp;apos;ctemp&amp;apos;, LineNumber : 6 }, { Source : &amp;apos;.Net SqlClient Data Provider&amp;apos;, Number : 242, State : &amp;apos;3&amp;apos;, Class : &amp;apos;16&amp;apos;, Server : &amp;apos;192.168.11.14&amp;apos;, Message : &amp;apos;The conversion of a varchar data type to a datetime data type resulted in an out-of-range value.&amp;apos;, Procedure : &amp;apos;ctemp&amp;apos;, LineNumber : 6 }, { Source : &amp;apos;.Net SqlClient Data Provider&amp;apos;, Number : 242, State : &amp;apos;3&amp;apos;, Class : &amp;apos;16&amp;apos;, Server : &amp;apos;192.168.11.14&amp;apos;, Message : &amp;apos;The conversion of a varchar data type to a datetime data type resulted in an out-of-range value.&amp;apos;, Procedure : &amp;apos;ctemp&amp;apos;, LineNumber : 6 }, { Source : &amp;apos;.Net SqlClient Data Provider&amp;apos;, Number : 242, State : &amp;apos;3&amp;apos;, Class : &amp;apos;16&amp;apos;, Server : &amp;apos;192.168.11.14&amp;apos;, Message : &amp;apos;The conversion of a varchar data type to a datetime data type resulted in an out-of-range value.&amp;apos;, Procedure : &amp;apos;ctemp&amp;apos;, LineNumber : 6 }, { Source : &amp;apos;.Net SqlClient Data Provider&amp;apos;, Number : 242, State : &amp;apos;3&amp;apos;, Class : &amp;apos;16&amp;apos;, Server : &amp;apos;192.168.11.14&amp;apos;, Message : &amp;apos;The conversion of a varchar data type to a datetime data type resulted in an out-of-range value.&amp;apos;, Procedure : &amp;apos;ctemp&amp;apos;, LineNumber : 6 }, { Source : &amp;apos;.Net SqlClient Data Provider&amp;apos;, Number : 242, State : &amp;apos;3&amp;apos;, Class : &amp;apos;16&amp;apos;, Server : &amp;apos;192.168.11.14&amp;apos;, Message : &amp;apos;The conversion of a varchar data type to a datetime data type resulted in an out-of-range value.&amp;apos;, Procedure : &amp;apos;ctemp&amp;apos;, LineNumber : 6 }, { Source : &amp;apos;.Net SqlClient Data Provider&amp;apos;, Number : 242, State : &amp;apos;3&amp;apos;, Class : &amp;apos;16&amp;apos;, Server : &amp;apos;192.168.11.14&amp;apos;, Message : &amp;apos;The conversion of a varchar data type to a datetime data type resulted in an out-of-range value.&amp;apos;, Procedure : &amp;apos;ctemp&amp;apos;, LineNumber : 6 }, { Source : &amp;apos;.Net SqlClient Data Provider&amp;apos;, Number : 242, State : &amp;apos;3&amp;apos;, Class : &amp;apos;16&amp;apos;, Server : &amp;apos;192.168.11.14&amp;apos;, Message : &amp;apos;The conversion of a varchar data type to a datetime data type resulted in an out-of-range value.&amp;apos;, Procedure : &amp;apos;ctemp&amp;apos;, LineNumber : 6 }, { Source : &amp;apos;.Net SqlClient Data Provider&amp;apos;, Number : 242, State : &amp;apos;3&amp;apos;, Class : &amp;apos;16&amp;apos;, Server : &amp;apos;192.168.11.14&amp;apos;, Message : &amp;apos;The conversion of a varchar data type to a datetime data type resulted in an out-of-range value.&amp;apos;, Procedure : &amp;apos;ctemp&amp;apos;, LineNumber : 6 }, { Source : &amp;apos;.Net SqlClient Data Provider&amp;apos;, Number : 242, State : &amp;apos;3&amp;apos;, Class : &amp;apos;16&amp;apos;, Server : &amp;apos;192.168.11.14&amp;apos;, Message : &amp;apos;The conversion of a varchar data type to a datetime data type resulted in an out-of-range value.&amp;apos;, Procedure : &amp;apos;ctemp&amp;apos;, LineNumber : 6 }, { Source : &amp;apos;.Net SqlClient Data Provider&amp;apos;, Number : 242, State : &amp;apos;3&amp;apos;, Class : &amp;apos;16&amp;apos;, Server : &amp;apos;192.168.11.14&amp;apos;, Message : &amp;apos;The conversion of a varchar data type to a datetime data type resulted in an out-of-range value.&amp;apos;, Procedure : &amp;apos;ctemp&amp;apos;, LineNumber : 6 }, { Source : &amp;apos;.Net SqlClient Data Provider&amp;apos;, Number : 242, State : &amp;apos;3&amp;apos;, Class : &amp;apos;16&amp;apos;, Server : &amp;apos;192.168.11.14&amp;apos;, Message : &amp;apos;The conversion of a varchar data type to a datetime data type resulted in an out-of-range value.&amp;apos;, Procedure : &amp;apos;ctemp&amp;apos;, LineNumber : 6 }, { Source : &amp;apos;.Net SqlClient Data Provider&amp;apos;, Number : 242, State : &amp;apos;3&amp;apos;, Class : &amp;apos;16&amp;apos;, Server : &amp;apos;192.168.11.14&amp;apos;, Message : &amp;apos;The conversion of a varchar data type to a datetime data type resulted in an out-of-range value.&amp;apos;, Procedure : &amp;apos;ctemp&amp;apos;, LineNumber : 6 }, { Source : &amp;apos;.Net SqlClient Data Provider&amp;apos;, Number : 242, State : &amp;apos;3&amp;apos;, Class : &amp;apos;16&amp;apos;, Server : &amp;apos;192.168.11.14&amp;apos;, Message : &amp;apos;The conversion of a varchar data type to a datetime data type resulted in an out-of-range value.&amp;apos;, Procedure : &amp;apos;ctemp&amp;apos;, LineNumber : 6 }, { Source : &amp;apos;.Net SqlClient Data Provider&amp;apos;, Number : 242, State : &amp;apos;3&amp;apos;, Class : &amp;apos;16&amp;apos;, Server : &amp;apos;192.168.11.14&amp;apos;, Message : &amp;apos;The conversion of a varchar data type to a datetime data type resulted in an out-of-range value.&amp;apos;, Procedure : &amp;apos;ctemp&amp;apos;, LineNumber : 6 }, { Source : &amp;apos;.Net SqlClient Data Provider&amp;apos;, Number : 242, State : &amp;apos;3&amp;apos;, Class : &amp;apos;16&amp;apos;, Server : &amp;apos;192.168.11.14&amp;apos;, Message : &amp;apos;The conversion of a varchar data type to a datetime data type resulted in an out-of-range value.&amp;apos;, Procedure : &amp;apos;ctemp&amp;apos;, LineNumber : 6 }, { Source : &amp;apos;.Net SqlClient Data Provider&amp;apos;, Number : 242, State : &amp;apos;3&amp;apos;, Class : &amp;apos;16&amp;apos;, Server : &amp;apos;192.168.11.14&amp;apos;, Message : &amp;apos;The conversion of a varchar data type to a datetime data type resulted in an out-of-range value.&amp;apos;, Procedure : &amp;apos;ctemp&amp;apos;, LineNumber : 6 }, { Source : &amp;apos;.Net SqlClient Data Provider&amp;apos;, Number : 242, State : &amp;apos;3&amp;apos;, Class : &amp;apos;16&amp;apos;, Server : &amp;apos;192.168.11.14&amp;apos;, Message : &amp;apos;The conversion of a varchar data type to a datetime data type resulted in an out-of-range value.&amp;apos;, Procedure : &amp;apos;ctemp&amp;apos;, LineNumber : 6 }, { Source : &amp;apos;.Net SqlClient Data Provider&amp;apos;, Number : 242, State : &amp;apos;3&amp;apos;, Class : &amp;apos;16&amp;apos;, Server : &amp;apos;192.168.11.14&amp;apos;, Message : &amp;apos;The conversion of a varchar data type to a datetime data type resulted in an out-of-range value.&amp;apos;, Procedure : &amp;apos;ctemp&amp;apos;, LineNumber : 6 }, { Source : &amp;apos;.Net SqlClient Data Provider&amp;apos;, Number : 242, State : &amp;apos;3&amp;apos;, Class : &amp;apos;16&amp;apos;, Server : &amp;apos;192.168.11.14&amp;apos;, Message : &amp;apos;The conversion of a varchar data type to a datetime data type resulted in an out-of-range value.&amp;apos;, Procedure : &amp;apos;ctemp&amp;apos;, LineNumber : 6 }, { Source : &amp;apos;.Net SqlClient Data Provider&amp;apos;, Number : 242, State : &amp;apos;3&amp;apos;, Class : &amp;apos;16&amp;apos;, Server : &amp;apos;192.168.11.14&amp;apos;, Message : &amp;apos;The conversion of a varchar data type to a datetime data type resulted in an out-of-range value.&amp;apos;, Procedure : &amp;apos;ctemp&amp;apos;, LineNumber : 6 }, { Source : &amp;apos;.Net SqlClient Data Provider&amp;apos;, Number : 242, State : &amp;apos;3&amp;apos;, Class : &amp;apos;16&amp;apos;, Server : &amp;apos;192.168.11.14&amp;apos;, Message : &amp;apos;The conversion of a varchar data type to a datetime data type resulted in an out-of-range value.&amp;apos;, Procedure : &amp;apos;ctemp&amp;apos;, LineNumber : 6 }, { Source : &amp;apos;.Net SqlClient Data Provider&amp;apos;, Number : 242, State : &amp;apos;3&amp;apos;, Class : &amp;apos;16&amp;apos;, Server : &amp;apos;192.168.11.14&amp;apos;, Message : &amp;apos;The conversion of a varchar data type to a datetime data type resulted in an out-of-range value.&amp;apos;, Procedure : &amp;apos;ctemp&amp;apos;, LineNumber : 6 }, { Source : &amp;apos;.Net SqlClient Data Provider&amp;apos;, Number : 242, State : &amp;apos;3&amp;apos;, Class : &amp;apos;16&amp;apos;, Server : &amp;apos;192.168.11.14&amp;apos;, Message : &amp;apos;The conversion of a varchar data type to a datetime data type resulted in an out-of-range value.&amp;apos;, Procedure : &amp;apos;ctemp&amp;apos;, LineNumber : 6 }, { Source : &amp;apos;.Net SqlClient Data Provider&amp;apos;, Number : 242, State : &amp;apos;3&amp;apos;, Class : &amp;apos;16&amp;apos;, Server : &amp;apos;192.168.11.14&amp;apos;, Message : &amp;apos;The conversion of a varchar data type to a datetime data type resulted in an out-of-range value.&amp;apos;, Procedure : &amp;apos;ctemp&amp;apos;, LineNumber : 6 }, { Source : &amp;apos;.Net SqlClient Data Provider&amp;apos;, Number : 242, State : &amp;apos;3&amp;apos;, Class : &amp;apos;16&amp;apos;, Server : &amp;apos;192.168.11.14&amp;apos;, Message : &amp;apos;The conversion of a varchar data type to a datetime data type resulted in an out-of-range value.&amp;apos;, Procedure : &amp;apos;ctemp&amp;apos;, LineNumber : 6 }, { Source : &amp;apos;.Net SqlClient Data Provider&amp;apos;, Number : 242, State : &amp;apos;3&amp;apos;, Class : &amp;apos;16&amp;apos;, Server : &amp;apos;192.168.11.14&amp;apos;, Message : &amp;apos;The conversion of a varchar data type to a datetime data type resulted in an out-of-range value.&amp;apos;, Procedure : &amp;apos;ctemp&amp;apos;, LineNumber : 6 }, { Source : &amp;apos;.Net SqlClient Data Provider&amp;apos;, Number : 242, State : &amp;apos;3&amp;apos;, Class : &amp;apos;16&amp;apos;, Server : &amp;apos;192.168.11.14&amp;apos;, Message : &amp;apos;The conversion of a varchar data type to a datetime data type resulted in an out-of-range value.&amp;apos;, Procedure : &amp;apos;ctemp&amp;apos;, LineNumber : 6 }, { Source : &amp;apos;.Net SqlClient Data Provider&amp;apos;, Number : 242, State : &amp;apos;3&amp;apos;, Class : &amp;apos;16&amp;apos;, Server : &amp;apos;192.168.11.14&amp;apos;, Message : &amp;apos;The conversion of a varchar data type to a datetime data type resulted in an out-of-range value.&amp;apos;, Procedure : &amp;apos;ctemp&amp;apos;, LineNumber : 6 }, { Source : &amp;apos;.Net SqlClient Data Provider&amp;apos;, Number : 242, State : &amp;apos;3&amp;apos;, Class : &amp;apos;16&amp;apos;, Server : &amp;apos;192.168.11.14&amp;apos;, Message : &amp;apos;The conversion of a varchar data type to a datetime data type resulted in an out-of-range value.&amp;apos;, Procedure : &amp;apos;ctemp&amp;apos;, LineNumber : 6 }, { Source : &amp;apos;.Net SqlClient Data Provider&amp;apos;, Number : 242, State : &amp;apos;3&amp;apos;, Class : &amp;apos;16&amp;apos;, Server : &amp;apos;192.168.11.14&amp;apos;, Message : &amp;apos;The conversion of a varchar data type to a datetime data type resulted in an out-of-range value.&amp;apos;, Procedure : &amp;apos;ctemp&amp;apos;, LineNumber : 6 }, { Source : &amp;apos;.Net SqlClient Data Provider&amp;apos;, Number : 242, State : &amp;apos;3&amp;apos;, Class : &amp;apos;16&amp;apos;, Server : &amp;apos;192.168.11.14&amp;apos;, Message : &amp;apos;The conversion of a varchar data type to a datetime data type resulted in an out-of-range value.&amp;apos;, Procedure : &amp;apos;ctemp&amp;apos;, LineNumber : 6 }, { Source : &amp;apos;.Net SqlClient Data Provider&amp;apos;, Number : 242, State : &amp;apos;3&amp;apos;, Class : &amp;apos;16&amp;apos;, Server : &amp;apos;192.168.11.14&amp;apos;, Message : &amp;apos;The conversion of a varchar data type to a datetime data type resulted in an out-of-range value.&amp;apos;, Procedure : &amp;apos;ctemp&amp;apos;, LineNumber : 6 }, { Source : &amp;apos;.Net SqlClient Data Provider&amp;apos;, Number : 242, State : &amp;apos;3&amp;apos;, Class : &amp;apos;16&amp;apos;, Server : &amp;apos;192.168.11.14&amp;apos;, Message : &amp;apos;The conversion of a varchar data type to a datetime data type resulted in an out-of-range value.&amp;apos;, Procedure : &amp;apos;ctemp&amp;apos;, LineNumber : 6 }, { Source : &amp;apos;.Net SqlClient Data Provider&amp;apos;, Number : 242, State : &amp;apos;3&amp;apos;, Class : &amp;apos;16&amp;apos;, Server : &amp;apos;192.168.11.14&amp;apos;, Message : &amp;apos;The conversion of a varchar data type to a datetime data type resulted in an out-of-range value.&amp;apos;, Procedure : &amp;apos;ctemp&amp;apos;, LineNumber : 6 }, { Source : &amp;apos;.Net SqlClient Data Provider&amp;apos;, Number : 242, State : &amp;apos;3&amp;apos;, Class : &amp;apos;16&amp;apos;, Server : &amp;apos;192.168.11.14&amp;apos;, Message : &amp;apos;The conversion of a varchar data type to a datetime data type resulted in an out-of-range value.&amp;apos;, Procedure : &amp;apos;ctemp&amp;apos;, LineNumber : 6 }, { Source : &amp;apos;.Net SqlClient Data Provider&amp;apos;, Number : 242, State : &amp;apos;3&amp;apos;, Class : &amp;apos;16&amp;apos;, Server : &amp;apos;192.168.11.14&amp;apos;, Message : &amp;apos;The conversion of a varchar data type to a datetime data type resulted in an out-of-range value.&amp;apos;, Procedure : &amp;apos;ctemp&amp;apos;, LineNumber : 6 }, { Source : &amp;apos;.Net SqlClient Data Provider&amp;apos;, Number : 242, State : &amp;apos;3&amp;apos;, Class : &amp;apos;16&amp;apos;, Server : &amp;apos;192.168.11.14&amp;apos;, Message : &amp;apos;The conversion of a varchar data type to a datetime data type resulted in an out-of-range value.&amp;apos;, Procedure : &amp;apos;ctemp&amp;apos;, LineNumber : 6 }, { Source : &amp;apos;.Net SqlClient Data Provider&amp;apos;, Number : 242, State : &amp;apos;3&amp;apos;, Class : &amp;apos;16&amp;apos;, Server : &amp;apos;192.168.11.14&amp;apos;, Message : &amp;apos;The conversion of a varchar data type to a datetime data type resulted in an out-of-range value.&amp;apos;, Procedure : &amp;apos;ctemp&amp;apos;, LineNumber : 6 }, { Source : &amp;apos;.Net SqlClient Data Provider&amp;apos;, Number : 242, State : &amp;apos;3&amp;apos;, Class : &amp;apos;16&amp;apos;, Server : &amp;apos;192.168.11.14&amp;apos;, Message : &amp;apos;The conversion of a varchar data type to a datetime data type resulted in an out-of-range value.&amp;apos;, Procedure : &amp;apos;ctemp&amp;apos;, LineNumber : 6 }, { Source : &amp;apos;.Net SqlClient Data Provider&amp;apos;, Number : 242, State : &amp;apos;3&amp;apos;, Class : &amp;apos;16&amp;apos;, Server : &amp;apos;192.168.11.14&amp;apos;, Message : &amp;apos;The conversion of a varchar data type to a datetime data type resulted in an out-of-range value.&amp;apos;, Procedure : &amp;apos;ctemp&amp;apos;, LineNumber : 6 }, { Source : &amp;apos;.Net SqlClient Data Provider&amp;apos;, Number : 242, State : &amp;apos;3&amp;apos;, Class : &amp;apos;16&amp;apos;, Server : &amp;apos;192.168.11.14&amp;apos;, Message : &amp;apos;The conversion of a varchar data type to a datetime data type resulted in an out-of-range value.&amp;apos;, Procedure : &amp;apos;ctemp&amp;apos;, LineNumber : 6 }, { Source : &amp;apos;.Net SqlClient Data Provider&amp;apos;, Number : 242, State : &amp;apos;3&amp;apos;, Class : &amp;apos;16&amp;apos;, Server : &amp;apos;192.168.11.14&amp;apos;, Message : &amp;apos;The conversion of a varchar data type to a datetime data type resulted in an out-of-range value.&amp;apos;, Procedure : &amp;apos;ctemp&amp;apos;, LineNumber : 6 }, { Source : &amp;apos;.Net SqlClient Data Provider&amp;apos;, Number : 242, State : &amp;apos;3&amp;apos;, Class : &amp;apos;16&amp;apos;, Server : &amp;apos;192.168.11.14&amp;apos;, Message : &amp;apos;The conversion of a varchar data type to a datetime data type resulted in an out-of-range value.&amp;apos;, Procedure : &amp;apos;ctemp&amp;apos;, LineNumber : 6 }, { Source : &amp;apos;.Net SqlClient Data Provider&amp;apos;, Number : 242, State : &amp;apos;3&amp;apos;, Class : &amp;apos;16&amp;apos;, Server : &amp;apos;192.168.11.14&amp;apos;, Message : &amp;apos;The conversion of a varchar data type to a datetime data type resulted in an out-of-range value.&amp;apos;, Procedure : &amp;apos;ctemp&amp;apos;, LineNumber : 6 }, { Source : &amp;apos;.Net SqlClient Data Provider&amp;apos;, Number : 242, State : &amp;apos;3&amp;apos;, Class : &amp;apos;16&amp;apos;, Server : &amp;apos;192.168.11.14&amp;apos;, Message : &amp;apos;The conversion of a varchar data type to a datetime data type resulted in an out-of-range value.&amp;apos;, Procedure : &amp;apos;ctemp&amp;apos;, LineNumber : 6 }, { Source : &amp;apos;.Net SqlClient Data Provider&amp;apos;, Number : 242, State : &amp;apos;3&amp;apos;, Class : &amp;apos;16&amp;apos;, Server : &amp;apos;192.168.11.14&amp;apos;, Message : &amp;apos;The conversion of a varchar data type to a datetime data type resulted in an out-of-range value.&amp;apos;, Procedure : &amp;apos;ctemp&amp;apos;, LineNumber : 6 }, { Source : &amp;apos;.Net SqlClient Data Provider&amp;apos;, Number : 242, State : &amp;apos;3&amp;apos;, Class : &amp;apos;16&amp;apos;, Server : &amp;apos;192.168.11.14&amp;apos;, Message : &amp;apos;The conversion of a varchar data type to a datetime data type resulted in an out-of-range value.&amp;apos;, Procedure : &amp;apos;ctemp&amp;apos;, LineNumber : 6 }, { Source : &amp;apos;.Net SqlClient Data Provider&amp;apos;, Number : 242, State : &amp;apos;3&amp;apos;, Class : &amp;apos;16&amp;apos;, Server : &amp;apos;192.168.11.14&amp;apos;, Message : &amp;apos;The conversion of a varchar data type to a datetime data type resulted in an out-of-range value.&amp;apos;, Procedure : &amp;apos;ctemp&amp;apos;, LineNumber : 6 }, { Source : &amp;apos;.Net SqlClient Data Provider&amp;apos;, Number : 242, State : &amp;apos;3&amp;apos;, Class : &amp;apos;16&amp;apos;, Server : &amp;apos;192.168.11.14&amp;apos;, Message : &amp;apos;The conversion of a varchar data type to a datetime data type resulted in an out-of-range value.&amp;apos;, Procedure : &amp;apos;ctemp&amp;apos;, LineNumber : 6 }, { Source : &amp;apos;.Net SqlClient Data Provider&amp;apos;, Number : 242, State : &amp;apos;3&amp;apos;, Class : &amp;apos;16&amp;apos;, Server : &amp;apos;192.168.11.14&amp;apos;, Message : &amp;apos;The conversion of a varchar data type to a datetime data type resulted in an out-of-range value.&amp;apos;, Procedure : &amp;apos;ctemp&amp;apos;, LineNumber : 6 }, { Source : &amp;apos;.Net SqlClient Data Provider&amp;apos;, Number : 242, State : &amp;apos;3&amp;apos;, Class : &amp;apos;16&amp;apos;, Server : &amp;apos;192.168.11.14&amp;apos;, Message : &amp;apos;The conversion of a varchar data type to a datetime data type resulted in an out-of-range value.&amp;apos;, Procedure : &amp;apos;ctemp&amp;apos;, LineNumber : 6 }, { Source : &amp;apos;.Net SqlClient Data Provider&amp;apos;, Number : 242, State : &amp;apos;3&amp;apos;, Class : &amp;apos;16&amp;apos;, Server : &amp;apos;192.168.11.14&amp;apos;, Message : &amp;apos;The conversion of a varchar data type to a datetime data type resulted in an out-of-range value.&amp;apos;, Procedure : &amp;apos;ctemp&amp;apos;, LineNumber : 6 }, { Source : &amp;apos;.Net SqlClient Data Provider&amp;apos;, Number : 242, State : &amp;apos;3&amp;apos;, Class : &amp;apos;16&amp;apos;, Server : &amp;apos;192.168.11.14&amp;apos;, Message : &amp;apos;The conversion of a varchar data type to a datetime data type resulted in an out-of-range value.&amp;apos;, Procedure : &amp;apos;ctemp&amp;apos;, LineNumber : 6 }, { Source : &amp;apos;.Net SqlClient Data Provider&amp;apos;, Number : 242, State : &amp;apos;3&amp;apos;, Class : &amp;apos;16&amp;apos;, Server : &amp;apos;192.168.11.14&amp;apos;, Message : &amp;apos;The conversion of a varchar data type to a datetime data type resulted in an out-of-range value.&amp;apos;, Procedure : &amp;apos;ctemp&amp;apos;, LineNumber : 6 }, { Source : &amp;apos;.Net SqlClient Data Provider&amp;apos;, Number : 242, State : &amp;apos;3&amp;apos;, Class : &amp;apos;16&amp;apos;, Server : &amp;apos;192.168.11.14&amp;apos;, Message : &amp;apos;The conversion of a varchar data type to a datetime data type resulted in an out-of-range value.&amp;apos;, Procedure : &amp;apos;ctemp&amp;apos;, LineNumber : 6 }, { Source : &amp;apos;.Net SqlClient Data Provider&amp;apos;, Number : 242, State : &amp;apos;3&amp;apos;, Class : &amp;apos;16&amp;apos;, Server : &amp;apos;192.168.11.14&amp;apos;, Message : &amp;apos;The conversion of a varchar data type to a datetime data type resulted in an out-of-range value.&amp;apos;, Procedure : &amp;apos;ctemp&amp;apos;, LineNumber : 6 }, { Source : &amp;apos;.Net SqlClient Data Provider&amp;apos;, Number : 242, State : &amp;apos;3&amp;apos;, Class : &amp;apos;16&amp;apos;, Server : &amp;apos;192.168.11.14&amp;apos;, Message : &amp;apos;The conversion of a varchar data type to a datetime data type resulted in an out-of-range value.&amp;apos;, Procedure : &amp;apos;ctemp&amp;apos;, LineNumber : 6 }, { Source : &amp;apos;.Net SqlClient Data Provider&amp;apos;, Number : 242, State : &amp;apos;3&amp;apos;, Class : &amp;apos;16&amp;apos;, Server : &amp;apos;192.168.11.14&amp;apos;, Message : &amp;apos;The conversion of a varchar data type to a datetime data type resulted in an out-of-range value.&amp;apos;, Procedure : &amp;apos;ctemp&amp;apos;, LineNumber : 6 }, { Source : &amp;apos;.Net SqlClient Data Provider&amp;apos;, Number : 242, State : &amp;apos;3&amp;apos;, Class : &amp;apos;16&amp;apos;, Server : &amp;apos;192.168.11.14&amp;apos;, Message : &amp;apos;The conversion of a varchar data type to a datetime data type resulted in an out-of-range value.&amp;apos;, Procedure : &amp;apos;ctemp&amp;apos;, LineNumber : 6 }, { Source : &amp;apos;.Net SqlClient Data Provider&amp;apos;, Number : 242, State : &amp;apos;3&amp;apos;, Class : &amp;apos;16&amp;apos;, Server : &amp;apos;192.168.11.14&amp;apos;, Message : &amp;apos;The conversion of a varchar data type to a datetime data type resulted in an out-of-range value.&amp;apos;, Procedure : &amp;apos;ctemp&amp;apos;, LineNumber : 6 }, { Source : &amp;apos;.Net SqlClient Data Provider&amp;apos;, Number : 242, State : &amp;apos;3&amp;apos;, Class : &amp;apos;16&amp;apos;, Server : &amp;apos;192.168.11.14&amp;apos;, Message : &amp;apos;The conversion of a varchar data type to a datetime data type resulted in an out-of-range value.&amp;apos;, Procedure : &amp;apos;ctemp&amp;apos;, LineNumber : 6 }, { Source : &amp;apos;.Net SqlClient Data Provider&amp;apos;, Number : 242, State : &amp;apos;3&amp;apos;, Class : &amp;apos;16&amp;apos;, Server : &amp;apos;192.168.11.14&amp;apos;, Message : &amp;apos;The conversion of a varchar data type to a datetime data type resulted in an out-of-range value.&amp;apos;, Procedure : &amp;apos;ctemp&amp;apos;, LineNumber : 6 }, { Source : &amp;apos;.Net SqlClient Data Provider&amp;apos;, Number : 242, State : &amp;apos;3&amp;apos;, Class : &amp;apos;16&amp;apos;, Server : &amp;apos;192.168.11.14&amp;apos;, Message : &amp;apos;The conversion of a varchar data type to a datetime data type resulted in an out-of-range value.&amp;apos;, Procedure : &amp;apos;ctemp&amp;apos;, LineNumber : 6 }, { Source : &amp;apos;.Net SqlClient Data Provider&amp;apos;, Number : 242, State : &amp;apos;3&amp;apos;, Class : &amp;apos;16&amp;apos;, Server : &amp;apos;192.168.11.14&amp;apos;, Message : &amp;apos;The conversion of a varchar data type to a datetime data type resulted in an out-of-range value.&amp;apos;, Procedure : &amp;apos;ctemp&amp;apos;, LineNumber : 6 }, { Source : &amp;apos;.Net SqlClient Data Provider&amp;apos;, Number : 242, State : &amp;apos;3&amp;apos;, Class : &amp;apos;16&amp;apos;, Server : &amp;apos;192.168.11.14&amp;apos;, Message : &amp;apos;The conversion of a varchar data type to a datetime data type resulted in an out-of-range value.&amp;apos;, Procedure : &amp;apos;ctemp&amp;apos;, LineNumber : 6 }, { Source : &amp;apos;.Net SqlClient Data Provider&amp;apos;, Number : 242, State : &amp;apos;3&amp;apos;, Class : &amp;apos;16&amp;apos;, Server : &amp;apos;192.168.11.14&amp;apos;, Message : &amp;apos;The conversion of a varchar data type to a datetime data type resulted in an out-of-range value.&amp;apos;, Procedure : &amp;apos;ctemp&amp;apos;, LineNumber : 6 }, { Source : &amp;apos;.Net SqlClient Data Provider&amp;apos;, Number : 242, State : &amp;apos;3&amp;apos;, Class : &amp;apos;16&amp;apos;, Server : &amp;apos;192.168.11.14&amp;apos;, Message : &amp;apos;The conversion of a varchar data type to a datetime data type resulted in an out-of-range value.&amp;apos;, Procedure : &amp;apos;ctemp&amp;apos;, LineNumber : 6 }, { Source : &amp;apos;.Net SqlClient Data Provider&amp;apos;, Number : 242, State : &amp;apos;3&amp;apos;, Class : &amp;apos;16&amp;apos;, Server : &amp;apos;192.168.11.14&amp;apos;, Message : &amp;apos;The conversion of a varchar data type to a datetime data type resulted in an out-of-range value.&amp;apos;, Procedure : &amp;apos;ctemp&amp;apos;, LineNumber : 6 }, { Source : &amp;apos;.Net SqlClient Data Provider&amp;apos;, Number : 242, State : &amp;apos;3&amp;apos;, Class : &amp;apos;16&amp;apos;, Server : &amp;apos;192.168.11.14&amp;apos;, Message : &amp;apos;The conversion of a varchar data type to a datetime data type resulted in an out-of-range value.&amp;apos;, Procedure : &amp;apos;ctemp&amp;apos;, LineNumber : 6 }, { Source : &amp;apos;.Net SqlClient Data Provider&amp;apos;, Number : 242, State : &amp;apos;3&amp;apos;, Class : &amp;apos;16&amp;apos;, Server : &amp;apos;192.168.11.14&amp;apos;, Message : &amp;apos;The conversion of a varchar data type to a datetime data type resulted in an out-of-range value.&amp;apos;, Procedure : &amp;apos;ctemp&amp;apos;, LineNumber : 6 }, { Source : &amp;apos;.Net SqlClient Data Provider&amp;apos;, Number : 242, State : &amp;apos;3&amp;apos;, Class : &amp;apos;16&amp;apos;, Server : &amp;apos;192.168.11.14&amp;apos;, Message : &amp;apos;The conversion of a varchar data type to a datetime data type resulted in an out-of-range value.&amp;apos;, Procedure : &amp;apos;ctemp&amp;apos;, LineNumber : 6 }, { Source : &amp;apos;.Net SqlClient Data Provider&amp;apos;, Number : 242, State : &amp;apos;3&amp;apos;, Class : &amp;apos;16&amp;apos;, Server : &amp;apos;192.168.11.14&amp;apos;, Message : &amp;apos;The conversion of a varchar data type to a datetime data type resulted in an out-of-range value.&amp;apos;, Procedure : &amp;apos;ctemp&amp;apos;, LineNumber : 6 }, { Source : &amp;apos;.Net SqlClient Data Provider&amp;apos;, Number : 242, State : &amp;apos;3&amp;apos;, Class : &amp;apos;16&amp;apos;, Server : &amp;apos;192.168.11.14&amp;apos;, Message : &amp;apos;The conversion of a varchar data type to a datetime data type resulted in an out-of-range value.&amp;apos;, Procedure : &amp;apos;ctemp&amp;apos;, LineNumber : 6 }, { Source : &amp;apos;.Net SqlClient Data Provider&amp;apos;, Number : 242, State : &amp;apos;3&amp;apos;, Class : &amp;apos;16&amp;apos;, Server : &amp;apos;192.168.11.14&amp;apos;, Message : &amp;apos;The conversion of a varchar data type to a datetime data type resulted in an out-of-range value.&amp;apos;, Procedure : &amp;apos;ctemp&amp;apos;, LineNumber : 6 }, { Source : &amp;apos;.Net SqlClient Data Provider&amp;apos;, Number : 242, State : &amp;apos;3&amp;apos;, Class : &amp;apos;16&amp;apos;, Server : &amp;apos;192.168.11.14&amp;apos;, Message : &amp;apos;The conversion of a varchar data type to a datetime data type resulted in an out-of-range value.&amp;apos;, Procedure : &amp;apos;ctemp&amp;apos;, LineNumber : 6 }, { Source : &amp;apos;.Net SqlClient Data Provider&amp;apos;, Number : 242, State : &amp;apos;3&amp;apos;, Class : &amp;apos;16&amp;apos;, Server : &amp;apos;192.168.11.14&amp;apos;, Message : &amp;apos;The conversion of a varchar data type to a datetime data type resulted in an out-of-range value.&amp;apos;, Procedure : &amp;apos;ctemp&amp;apos;, LineNumber : 6 }, { Source : &amp;apos;.Net SqlClient Data Provider&amp;apos;, Number : 242, State : &amp;apos;3&amp;apos;, Class : &amp;apos;16&amp;apos;, Server : &amp;apos;192.168.11.14&amp;apos;, Message : &amp;apos;The conversion of a varchar data type to a datetime data type resulted in an out-of-range value.&amp;apos;, Procedure : &amp;apos;ctemp&amp;apos;, LineNumber : 6 }, { Source : &amp;apos;.Net SqlClient Data Provider&amp;apos;, Number : 242, State : &amp;apos;3&amp;apos;, Class : &amp;apos;16&amp;apos;, Server : &amp;apos;192.168.11.14&amp;apos;, Message : &amp;apos;The conversion of a varchar data type to a datetime data type resulted in an out-of-range value.&amp;apos;, Procedure : &amp;apos;ctemp&amp;apos;, LineNumber : 6 }, { Source : &amp;apos;.Net SqlClient Data Provider&amp;apos;, Number : 242, State : &amp;apos;3&amp;apos;, Class : &amp;apos;16&amp;apos;, Server : &amp;apos;192.168.11.14&amp;apos;, Message : &amp;apos;The conversion of a varchar data type to a datetime data type resulted in an out-of-range value.&amp;apos;, Procedure : &amp;apos;ctemp&amp;apos;, LineNumber : 6 }, { Source : &amp;apos;.Net SqlClient Data Provider&amp;apos;, Number : 242, State : &amp;apos;3&amp;apos;, Class : &amp;apos;16&amp;apos;, Server : &amp;apos;192.168.11.14&amp;apos;, Message : &amp;apos;The conversion of a varchar data type to a datetime data type resulted in an out-of-range value.&amp;apos;, Procedure : &amp;apos;ctemp&amp;apos;, LineNumber : 6 }, { Source : &amp;apos;.Net SqlClient Data Provider&amp;apos;, Number : 242, State : &amp;apos;3&amp;apos;, Class : &amp;apos;16&amp;apos;, Server : &amp;apos;192.168.11.14&amp;apos;, Message : &amp;apos;The conversion of a varchar data type to a datetime data type resulted in an out-of-range value.&amp;apos;, Procedure : &amp;apos;ctemp&amp;apos;, LineNumber : 6 }, { Source : &amp;apos;.Net SqlClient Data Provider&amp;apos;, Number : 242, State : &amp;apos;3&amp;apos;, Class : &amp;apos;16&amp;apos;, Server : &amp;apos;192.168.11.14&amp;apos;, Message : &amp;apos;The conversion of a varchar data type to a datetime data type resulted in an out-of-range value.&amp;apos;, Procedure : &amp;apos;ctemp&amp;apos;, LineNumber : 6 }, { Source : &amp;apos;.Net SqlClient Data Provider&amp;apos;, Number : 242, State : &amp;apos;3&amp;apos;, Class : &amp;apos;16&amp;apos;, Server : &amp;apos;192.168.11.14&amp;apos;, Message : &amp;apos;The conversion of a varchar data type to a datetime data type resulted in an out-of-range value.&amp;apos;, Procedure : &amp;apos;ctemp&amp;apos;, LineNumber : 6 }, { Source : &amp;apos;.Net SqlClient Data Provider&amp;apos;, Number : 242, State : &amp;apos;3&amp;apos;, Class : &amp;apos;16&amp;apos;, Server : &amp;apos;192.168.11.14&amp;apos;, Message : &amp;apos;The conversion of a varchar data type to a datetime data type resulted in an out-of-range value.&amp;apos;, Procedure : &amp;apos;ctemp&amp;apos;, LineNumber : 6 }, { Source : &amp;apos;.Net SqlClient Data Provider&amp;apos;, Number : 242, State : &amp;apos;3&amp;apos;, Class : &amp;apos;16&amp;apos;, Server : &amp;apos;192.168.11.14&amp;apos;, Message : &amp;apos;The conversion of a varchar data type to a datetime data type resulted in an out-of-range value.&amp;apos;, Procedure : &amp;apos;ctemp&amp;apos;, LineNumber : 6 }, { Source : &amp;apos;.Net SqlClient Data Provider&amp;apos;, Number : 242, State : &amp;apos;3&amp;apos;, Class : &amp;apos;16&amp;apos;, Server : &amp;apos;192.168.11.14&amp;apos;, Message : &amp;apos;The conversion of a varchar data type to a datetime data type resulted in an out-of-range value.&amp;apos;, Procedure : &amp;apos;ctemp&amp;apos;, LineNumber : 6 }, { Source : &amp;apos;.Net SqlClient Data Provider&amp;apos;, Number : 242, State : &amp;apos;3&amp;apos;, Class : &amp;apos;16&amp;apos;, Server : &amp;apos;192.168.11.14&amp;apos;, Message : &amp;apos;The conversion of a varchar data type to a datetime data type resulted in an out-of-range value.&amp;apos;, Procedure : &amp;apos;ctemp&amp;apos;, LineNumber : 6 }, { Source : &amp;apos;.Net SqlClient Data Provider&amp;apos;, Number : 242, State : &amp;apos;3&amp;apos;, Class : &amp;apos;16&amp;apos;, Server : &amp;apos;192.168.11.14&amp;apos;, Message : &amp;apos;The conversion of a varchar data type to a datetime data type resulted in an out-of-range value.&amp;apos;, Procedure : &amp;apos;ctemp&amp;apos;, LineNumber : 6 }, { Source : &amp;apos;.Net SqlClient Data Provider&amp;apos;, Number : 242, State : &amp;apos;3&amp;apos;, Class : &amp;apos;16&amp;apos;, Server : &amp;apos;192.168.11.14&amp;apos;, Message : &amp;apos;The conversion of a varchar data type to a datetime data type resulted in an out-of-range value.&amp;apos;, Procedure : &amp;apos;ctemp&amp;apos;, LineNumber : 6 }, { Source : &amp;apos;.Net SqlClient Data Provider&amp;apos;, Number : 242, State : &amp;apos;3&amp;apos;, Class : &amp;apos;16&amp;apos;, Server : &amp;apos;192.168.11.14&amp;apos;, Message : &amp;apos;The conversion of a varchar data type to a datetime data type resulted in an out-of-range value.&amp;apos;, Procedure : &amp;apos;ctemp&amp;apos;, LineNumber : 6 }, { Source : &amp;apos;.Net SqlClient Data Provider&amp;apos;, Number : 242, State : &amp;apos;3&amp;apos;, Class : &amp;apos;16&amp;apos;, Server : &amp;apos;192.168.11.14&amp;apos;, Message : &amp;apos;The conversion of a varchar data type to a datetime data type resulted in an out-of-range value.&amp;apos;, Procedure : &amp;apos;ctemp&amp;apos;, LineNumber : 6 }, { Source : &amp;apos;.Net SqlClient Data Provider&amp;apos;, Number : 242, State : &amp;apos;3&amp;apos;, Class : &amp;apos;16&amp;apos;, Server : &amp;apos;192.168.11.14&amp;apos;, Message : &amp;apos;The conversion of a varchar data type to a datetime data type resulted in an out-of-range value.&amp;apos;, Procedure : &amp;apos;ctemp&amp;apos;, LineNumber : 6 }, { Source : &amp;apos;.Net SqlClient Data Provider&amp;apos;, Number : 242, State : &amp;apos;3&amp;apos;, Class : &amp;apos;16&amp;apos;, Server : &amp;apos;192.168.11.14&amp;apos;, Message : &amp;apos;The conversion of a varchar data type to a datetime data type resulted in an out-of-range value.&amp;apos;, Procedure : &amp;apos;ctemp&amp;apos;, LineNumber : 6 }, { Source : &amp;apos;.Net SqlClient Data Provider&amp;apos;, Number : 242, State : &amp;apos;3&amp;apos;, Class : &amp;apos;16&amp;apos;, Server : &amp;apos;192.168.11.14&amp;apos;, Message : &amp;apos;The conversion of a varchar data type to a datetime data type resulted in an out-of-range value.&amp;apos;, Procedure : &amp;apos;ctemp&amp;apos;, LineNumber : 6 }, { Source : &amp;apos;.Net SqlClient Data Provider&amp;apos;, Number : 242, State : &amp;apos;3&amp;apos;, Class : &amp;apos;16&amp;apos;, Server : &amp;apos;192.168.11.14&amp;apos;, Message : &amp;apos;The conversion of a varchar data type to a datetime data type resulted in an out-of-range value.&amp;apos;, Procedure : &amp;apos;ctemp&amp;apos;, LineNumber : 6 }, { Source : &amp;apos;.Net SqlClient Data Provider&amp;apos;, Number : 242, State : &amp;apos;3&amp;apos;, Class : &amp;apos;16&amp;apos;, Server : &amp;apos;192.168.11.14&amp;apos;, Message : &amp;apos;The conversion of a varchar data type to a datetime data type resulted in an out-of-range value.&amp;apos;, Procedure : &amp;apos;ctemp&amp;apos;, LineNumber : 6 }, { Source : &amp;apos;.Net SqlClient Data Provider&amp;apos;, Number : 242, State : &amp;apos;3&amp;apos;, Class : &amp;apos;16&amp;apos;, Server : &amp;apos;192.168.11.14&amp;apos;, Message : &amp;apos;The conversion of a varchar data type to a datetime data type resulted in an out-of-range value.&amp;apos;, Procedure : &amp;apos;ctemp&amp;apos;, LineNumber : 6 }, { Source : &amp;apos;.Net SqlClient Data Provider&amp;apos;, Number : 242, State : &amp;apos;3&amp;apos;, Class : &amp;apos;16&amp;apos;, Server : &amp;apos;192.168.11.14&amp;apos;, Message : &amp;apos;The conversion of a varchar data type to a datetime data type resulted in an out-of-range value.&amp;apos;, Procedure : &amp;apos;ctemp&amp;apos;, LineNumber : 6 }, { Source : &amp;apos;.Net SqlClient Data Provider&amp;apos;, Number : 242, State : &amp;apos;3&amp;apos;, Class : &amp;apos;16&amp;apos;, Server : &amp;apos;192.168.11.14&amp;apos;, Message : &amp;apos;The conversion of a varchar data type to a datetime data type resulted in an out-of-range value.&amp;apos;, Procedure : &amp;apos;ctemp&amp;apos;, LineNumber : 6 }, { Source : &amp;apos;.Net SqlClient Data Provider&amp;apos;, Number : 242, State : &amp;apos;3&amp;apos;, Class : &amp;apos;16&amp;apos;, Server : &amp;apos;192.168.11.14&amp;apos;, Message : &amp;apos;The conversion of a varchar data type to a datetime data type resulted in an out-of-range value.&amp;apos;, Procedure : &amp;apos;ctemp&amp;apos;, LineNumber : 6 }, { Source : &amp;apos;.Net SqlClient Data Provider&amp;apos;, Number : 242, State : &amp;apos;3&amp;apos;, Class : &amp;apos;16&amp;apos;, Server : &amp;apos;192.168.11.14&amp;apos;, Message : &amp;apos;The conversion of a varchar data type to a datetime data type resulted in an out-of-range value.&amp;apos;, Procedure : &amp;apos;ctemp&amp;apos;, LineNumber : 6 }, { Source : &amp;apos;.Net SqlClient Data Provider&amp;apos;, Number : 242, State : &amp;apos;3&amp;apos;, Class : &amp;apos;16&amp;apos;, Server : &amp;apos;192.168.11.14&amp;apos;, Message : &amp;apos;The conversion of a varchar data type to a datetime data type resulted in an out-of-range value.&amp;apos;, Procedure : &amp;apos;ctemp&amp;apos;, LineNumber : 6 }, { Source : &amp;apos;.Net SqlClient Data Provider&amp;apos;, Number : 242, State : &amp;apos;3&amp;apos;, Class : &amp;apos;16&amp;apos;, Server : &amp;apos;192.168.11.14&amp;apos;, Message : &amp;apos;The conversion of a varchar data type to a datetime data type resulted in an out-of-range value.&amp;apos;, Procedure : &amp;apos;ctemp&amp;apos;, LineNumber : 6 }, { Source : &amp;apos;.Net SqlClient Data Provider&amp;apos;, Number : 242, State : &amp;apos;3&amp;apos;, Class : &amp;apos;16&amp;apos;, Server : &amp;apos;192.168.11.14&amp;apos;, Message : &amp;apos;The conversion of a varchar data type to a datetime data type resulted in an out-of-range value.&amp;apos;, Procedure : &amp;apos;ctemp&amp;apos;, LineNumber : 6 }, { Source : &amp;apos;.Net SqlClient Data Provider&amp;apos;, Number : 242, State : &amp;apos;3&amp;apos;, Class : &amp;apos;16&amp;apos;, Server : &amp;apos;192.168.11.14&amp;apos;, Message : &amp;apos;The conversion of a varchar data type to a datetime data type resulted in an out-of-range value.&amp;apos;, Procedure : &amp;apos;ctemp&amp;apos;, LineNumber : 6 }, { Source : &amp;apos;.Net SqlClient Data Provider&amp;apos;, Number : 242, State : &amp;apos;3&amp;apos;, Class : &amp;apos;16&amp;apos;, Server : &amp;apos;192.168.11.14&amp;apos;, Message : &amp;apos;The conversion of a varchar data type to a datetime data type resulted in an out-of-range value.&amp;apos;, Procedure : &amp;apos;ctemp&amp;apos;, LineNumber : 6 }, { Source : &amp;apos;.Net SqlClient Data Provider&amp;apos;, Number : 242, State : &amp;apos;3&amp;apos;, Class : &amp;apos;16&amp;apos;, Server : &amp;apos;192.168.11.14&amp;apos;, Message : &amp;apos;The conversion of a varchar data type to a datetime data type resulted in an out-of-range value.&amp;apos;, Procedure : &amp;apos;ctemp&amp;apos;, LineNumber : 6 }, { Source : &amp;apos;.Net SqlClient Data Provider&amp;apos;, Number : 242, State : &amp;apos;3&amp;apos;, Class : &amp;apos;16&amp;apos;, Server : &amp;apos;192.168.11.14&amp;apos;, Message : &amp;apos;The conversion of a varchar data type to a datetime data type resulted in an out-of-range value.&amp;apos;, Procedure : &amp;apos;ctemp&amp;apos;, LineNumber : 6 }, { Source : &amp;apos;.Net SqlClient Data Provider&amp;apos;, Number : 242, State : &amp;apos;3&amp;apos;, Class : &amp;apos;16&amp;apos;, Server : &amp;apos;192.168.11.14&amp;apos;, Message : &amp;apos;The conversion of a varchar data type to a datetime data type resulted in an out-of-range value.&amp;apos;, Procedure : &amp;apos;ctemp&amp;apos;, LineNumber : 6 }, { Source : &amp;apos;.Net SqlClient Data Provider&amp;apos;, Number : 242, State : &amp;apos;3&amp;apos;, Class : &amp;apos;16&amp;apos;, Server : &amp;apos;192.168.11.14&amp;apos;, Message : &amp;apos;The conversion of a varchar data type to a datetime data type resulted in an out-of-range value.&amp;apos;, Procedure : &amp;apos;ctemp&amp;apos;, LineNumber : 6 }, { Source : &amp;apos;.Net SqlClient Data Provider&amp;apos;, Number : 242, State : &amp;apos;3&amp;apos;, Class : &amp;apos;16&amp;apos;, Server : &amp;apos;192.168.11.14&amp;apos;, Message : &amp;apos;The conversion of a varchar data type to a datetime data type resulted in an out-of-range value.&amp;apos;, Procedure : &amp;apos;ctemp&amp;apos;, LineNumber : 6 }, { Source : &amp;apos;.Net SqlClient Data Provider&amp;apos;, Number : 242, State : &amp;apos;3&amp;apos;, Class : &amp;apos;16&amp;apos;, Server : &amp;apos;192.168.11.14&amp;apos;, Message : &amp;apos;The conversion of a varchar data type to a datetime data type resulted in an out-of-range value.&amp;apos;, Procedure : &amp;apos;ctemp&amp;apos;, LineNumber : 6 }, { Source : &amp;apos;.Net SqlClient Data Provider&amp;apos;, Number : 242, State : &amp;apos;3&amp;apos;, Class : &amp;apos;16&amp;apos;, Server : &amp;apos;192.168.11.14&amp;apos;, Message : &amp;apos;The conversion of a varchar data type to a datetime data type resulted in an out-of-range value.&amp;apos;, Procedure : &amp;apos;ctemp&amp;apos;, LineNumber : 6 }, { Source : &amp;apos;.Net SqlClient Data Provider&amp;apos;, Number : 242, State : &amp;apos;3&amp;apos;, Class : &amp;apos;16&amp;apos;, Server : &amp;apos;192.168.11.14&amp;apos;, Message : &amp;apos;The conversion of a varchar data type to a datetime data type resulted in an out-of-range value.&amp;apos;, Procedure : &amp;apos;ctemp&amp;apos;, LineNumber : 6 }, { Source : &amp;apos;.Net SqlClient Data Provider&amp;apos;, Number : 242, State : &amp;apos;3&amp;apos;, Class : &amp;apos;16&amp;apos;, Server : &amp;apos;192.168.11.14&amp;apos;, Message : &amp;apos;The conversion of a varchar data type to a datetime data type resulted in an out-of-range value.&amp;apos;, Procedure : &amp;apos;ctemp&amp;apos;, LineNumber : 6 }, { Source : &amp;apos;.Net SqlClient Data Provider&amp;apos;, Number : 242, State : &amp;apos;3&amp;apos;, Class : &amp;apos;16&amp;apos;, Server : &amp;apos;192.168.11.14&amp;apos;, Message : &amp;apos;The conversion of a varchar data type to a datetime data type resulted in an out-of-range value.&amp;apos;, Procedure : &amp;apos;ctemp&amp;apos;, LineNumber : 6 }, { Source : &amp;apos;.Net SqlClient Data Provider&amp;apos;, Number : 242, State : &amp;apos;3&amp;apos;, Class : &amp;apos;16&amp;apos;, Server : &amp;apos;192.168.11.14&amp;apos;, Message : &amp;apos;The conversion of a varchar data type to a datetime data type resulted in an out-of-range value.&amp;apos;, Procedure : &amp;apos;ctemp&amp;apos;, LineNumber : 6 }, { Source : &amp;apos;.Net SqlClient Data Provider&amp;apos;, Number : 242, State : &amp;apos;3&amp;apos;, Class : &amp;apos;16&amp;apos;, Server : &amp;apos;192.168.11.14&amp;apos;, Message : &amp;apos;The conversion of a varchar data type to a datetime data type resulted in an out-of-range value.&amp;apos;, Procedure : &amp;apos;ctemp&amp;apos;, LineNumber : 6 }, { Source : &amp;apos;.Net SqlClient Data Provider&amp;apos;, Number : 242, State : &amp;apos;3&amp;apos;, Class : &amp;apos;16&amp;apos;, Server : &amp;apos;192.168.11.14&amp;apos;, Message : &amp;apos;The conversion of a varchar data type to a datetime data type resulted in an out-of-range value.&amp;apos;, Procedure : &amp;apos;ctemp&amp;apos;, LineNumber : 6 }, { Source : &amp;apos;.Net SqlClient Data Provider&amp;apos;, Number : 242, State : &amp;apos;3&amp;apos;, Class : &amp;apos;16&amp;apos;, Server : &amp;apos;192.168.11.14&amp;apos;, Message : &amp;apos;The conversion of a varchar data type to a datetime data type resulted in an out-of-range value.&amp;apos;, Procedure : &amp;apos;ctemp&amp;apos;, LineNumber : 6 }, { Source : &amp;apos;.Net SqlClient Data Provider&amp;apos;, Number : 242, State : &amp;apos;3&amp;apos;, Class : &amp;apos;16&amp;apos;, Server : &amp;apos;192.168.11.14&amp;apos;, Message : &amp;apos;The conversion of a varchar data type to a datetime data type resulted in an out-of-range value.&amp;apos;, Procedure : &amp;apos;ctemp&amp;apos;, LineNumber : 6 }, { Source : &amp;apos;.Net SqlClient Data Provider&amp;apos;, Number : 242, State : &amp;apos;3&amp;apos;, Class : &amp;apos;16&amp;apos;, Server : &amp;apos;192.168.11.14&amp;apos;, Message : &amp;apos;The conversion of a varchar data type to a datetime data type resulted in an out-of-range value.&amp;apos;, Procedure : &amp;apos;ctemp&amp;apos;, LineNumber : 6 }, { Source : &amp;apos;.Net SqlClient Data Provider&amp;apos;, Number : 242, State : &amp;apos;3&amp;apos;, Class : &amp;apos;16&amp;apos;, Server : &amp;apos;192.168.11.14&amp;apos;, Message : &amp;apos;The conversion of a varchar data type to a datetime data type resulted in an out-of-range value.&amp;apos;, Procedure : &amp;apos;ctemp&amp;apos;, LineNumber : 6 }, { Source : &amp;apos;.Net SqlClient Data Provider&amp;apos;, Number : 242, State : &amp;apos;3&amp;apos;, Class : &amp;apos;16&amp;apos;, Server : &amp;apos;192.168.11.14&amp;apos;, Message : &amp;apos;The conversion of a varchar data type to a datetime data type resulted in an out-of-range value.&amp;apos;, Procedure : &amp;apos;ctemp&amp;apos;, LineNumber : 6 }, { Source : &amp;apos;.Net SqlClient Data Provider&amp;apos;, Number : 242, State : &amp;apos;3&amp;apos;, Class : &amp;apos;16&amp;apos;, Server : &amp;apos;192.168.11.14&amp;apos;, Message : &amp;apos;The conversion of a varchar data type to a datetime data type resulted in an out-of-range value.&amp;apos;, Procedure : &amp;apos;ctemp&amp;apos;, LineNumber : 6 }, { Source : &amp;apos;.Net SqlClient Data Provider&amp;apos;, Number : 242, State : &amp;apos;3&amp;apos;, Class : &amp;apos;16&amp;apos;, Server : &amp;apos;192.168.11.14&amp;apos;, Message : &amp;apos;The conversion of a varchar data type to a datetime data type resulted in an out-of-range value.&amp;apos;, Procedure : &amp;apos;ctemp&amp;apos;, LineNumber : 6 }, { Source : &amp;apos;.Net SqlClient Data Provider&amp;apos;, Number : 242, State : &amp;apos;3&amp;apos;, Class : &amp;apos;16&amp;apos;, Server : &amp;apos;192.168.11.14&amp;apos;, Message : &amp;apos;The conversion of a varchar data type to a datetime data type resulted in an out-of-range value.&amp;apos;, Procedure : &amp;apos;ctemp&amp;apos;, LineNumber : 6 }, { Source : &amp;apos;.Net SqlClient Data Provider&amp;apos;, Number : 242, State : &amp;apos;3&amp;apos;, Class : &amp;apos;16&amp;apos;, Server : &amp;apos;192.168.11.14&amp;apos;, Message : &amp;apos;The conversion of a varchar data type to a datetime data type resulted in an out-of-range value.&amp;apos;, Procedure : &amp;apos;ctemp&amp;apos;, LineNumber : 6 }, { Source : &amp;apos;.Net SqlClient Data Provider&amp;apos;, Number : 242, State : &amp;apos;3&amp;apos;, Class : &amp;apos;16&amp;apos;, Server : &amp;apos;192.168.11.14&amp;apos;, Message : &amp;apos;The conversion of a varchar data type to a datetime data type resulted in an out-of-range value.&amp;apos;, Procedure : &amp;apos;ctemp&amp;apos;, LineNumber : 6 }, { Source : &amp;apos;.Net SqlClient Data Provider&amp;apos;, Number : 242, State : &amp;apos;3&amp;apos;, Class : &amp;apos;16&amp;apos;, Server : &amp;apos;192.168.11.14&amp;apos;, Message : &amp;apos;The conversion of a varchar data type to a datetime data type resulted in an out-of-range value.&amp;apos;, Procedure : &amp;apos;ctemp&amp;apos;, LineNumber : 6 }, { Source : &amp;apos;.Net SqlClient Data Provider&amp;apos;, Number : 242, State : &amp;apos;3&amp;apos;, Class : &amp;apos;16&amp;apos;, Server : &amp;apos;192.168.11.14&amp;apos;, Message : &amp;apos;The conversion of a varchar data type to a datetime data type resulted in an out-of-range value.&amp;apos;, Procedure : &amp;apos;ctemp&amp;apos;, LineNumber : 6 }, { Source : &amp;apos;.Net SqlClient Data Provider&amp;apos;, Number : 242, State : &amp;apos;3&amp;apos;, Class : &amp;apos;16&amp;apos;, Server : &amp;apos;192.168.11.14&amp;apos;, Message : &amp;apos;The conversion of a varchar data type to a datetime data type resulted in an out-of-range value.&amp;apos;, Procedure : &amp;apos;ctemp&amp;apos;, LineNumber : 6 }, { Source : &amp;apos;.Net SqlClient Data Provider&amp;apos;, Number : 242, State : &amp;apos;3&amp;apos;, Class : &amp;apos;16&amp;apos;, Server : &amp;apos;192.168.11.14&amp;apos;, Message : &amp;apos;The conversion of a varchar data type to a datetime data type resulted in an out-of-range value.&amp;apos;, Procedure : &amp;apos;ctemp&amp;apos;, LineNumber : 6 }, { Source : &amp;apos;.Net SqlClient Data Provider&amp;apos;, Number : 242, State : &amp;apos;3&amp;apos;, Class : &amp;apos;16&amp;apos;, Server : &amp;apos;192.168.11.14&amp;apos;, Message : &amp;apos;The conversion of a varchar data type to a datetime data type resulted in an out-of-range value.&amp;apos;, Procedure : &amp;apos;ctemp&amp;apos;, LineNumber : 6 }, { Source : &amp;apos;.Net SqlClient Data Provider&amp;apos;, Number : 242, State : &amp;apos;3&amp;apos;, Class : &amp;apos;16&amp;apos;, Server : &amp;apos;192.168.11.14&amp;apos;, Message : &amp;apos;The conversion of a varchar data type to a datetime data type resulted in an out-of-range value.&amp;apos;, Procedure : &amp;apos;ctemp&amp;apos;, LineNumber : 6 }, { Source : &amp;apos;.Net SqlClient Data Provider&amp;apos;, Number : 242, State : &amp;apos;3&amp;apos;, Class : &amp;apos;16&amp;apos;, Server : &amp;apos;192.168.11.14&amp;apos;, Message : &amp;apos;The conversion of a varchar data type to a datetime data type resulted in an out-of-range value.&amp;apos;, Procedure : &amp;apos;ctemp&amp;apos;, LineNumber : 6 }, { Source : &amp;apos;.Net SqlClient Data Provider&amp;apos;, Number : 242, State : &amp;apos;3&amp;apos;, Class : &amp;apos;16&amp;apos;, Server : &amp;apos;192.168.11.14&amp;apos;, Message : &amp;apos;The conversion of a varchar data type to a datetime data type resulted in an out-of-range value.&amp;apos;, Procedure : &amp;apos;ctemp&amp;apos;, LineNumber : 6 }, { Source : &amp;apos;.Net SqlClient Data Provider&amp;apos;, Number : 242, State : &amp;apos;3&amp;apos;, Class : &amp;apos;16&amp;apos;, Server : &amp;apos;192.168.11.14&amp;apos;, Message : &amp;apos;The conversion of a varchar data type to a datetime data type resulted in an out-of-range value.&amp;apos;, Procedure : &amp;apos;ctemp&amp;apos;, LineNumber : 6 }, { Source : &amp;apos;.Net SqlClient Data Provider&amp;apos;, Number : 242, State : &amp;apos;3&amp;apos;, Class : &amp;apos;16&amp;apos;, Server : &amp;apos;192.168.11.14&amp;apos;, Message : &amp;apos;The conversion of a varchar data type to a datetime data type resulted in an out-of-range value.&amp;apos;, Procedure : &amp;apos;ctemp&amp;apos;, LineNumber : 6 }, { Source : &amp;apos;.Net SqlClient Data Provider&amp;apos;, Number : 242, State : &amp;apos;3&amp;apos;, Class : &amp;apos;16&amp;apos;, Server : &amp;apos;192.168.11.14&amp;apos;, Message : &amp;apos;The conversion of a varchar data type to a datetime data type resulted in an out-of-range value.&amp;apos;, Procedure : &amp;apos;ctemp&amp;apos;, LineNumber : 6 }, { Source : &amp;apos;.Net SqlClient Data Provider&amp;apos;, Number : 242, State : &amp;apos;3&amp;apos;, Class : &amp;apos;16&amp;apos;, Server : &amp;apos;192.168.11.14&amp;apos;, Message : &amp;apos;The conversion of a varchar data type to a datetime data type resulted in an out-of-range value.&amp;apos;, Procedure : &amp;apos;ctemp&amp;apos;, LineNumber : 6 }, { Source : &amp;apos;.Net SqlClient Data Provider&amp;apos;, Number : 242, State : &amp;apos;3&amp;apos;, Class : &amp;apos;16&amp;apos;, Server : &amp;apos;192.168.11.14&amp;apos;, Message : &amp;apos;The conversion of a varchar data type to a datetime data type resulted in an out-of-range value.&amp;apos;, Procedure : &amp;apos;ctemp&amp;apos;, LineNumber : 6 }, { Source : &amp;apos;.Net SqlClient Data Provider&amp;apos;, Number : 242, State : &amp;apos;3&amp;apos;, Class : &amp;apos;16&amp;apos;, Server : &amp;apos;192.168.11.14&amp;apos;, Message : &amp;apos;The conversion of a varchar data type to a datetime data type resulted in an out-of-range value.&amp;apos;, Procedure : &amp;apos;ctemp&amp;apos;, LineNumber : 6 }, { Source : &amp;apos;.Net SqlClient Data Provider&amp;apos;, Number : 242, State : &amp;apos;3&amp;apos;, Class : &amp;apos;16&amp;apos;, Server : &amp;apos;192.168.11.14&amp;apos;, Message : &amp;apos;The conversion of a varchar data type to a datetime data type resulted in an out-of-range value.&amp;apos;, Procedure : &amp;apos;ctemp&amp;apos;, LineNumber : 6 }, { Source : &amp;apos;.Net SqlClient Data Provider&amp;apos;, Number : 242, State : &amp;apos;3&amp;apos;, Class : &amp;apos;16&amp;apos;, Server : &amp;apos;192.168.11.14&amp;apos;, Message : &amp;apos;The conversion of a varchar data type to a datetime data type resulted in an out-of-range value.&amp;apos;, Procedure : &amp;apos;ctemp&amp;apos;, LineNumber : 6 }, { Source : &amp;apos;.Net SqlClient Data Provider&amp;apos;, Number : 242, State : &amp;apos;3&amp;apos;, Class : &amp;apos;16&amp;apos;, Server : &amp;apos;192.168.11.14&amp;apos;, Message : &amp;apos;The conversion of a varchar data type to a datetime data type resulted in an out-of-range value.&amp;apos;, Procedure : &amp;apos;ctemp&amp;apos;, LineNumber : 6 }, { Source : &amp;apos;.Net SqlClient Data Provider&amp;apos;, Number : 242, State : &amp;apos;3&amp;apos;, Class : &amp;apos;16&amp;apos;, Server : &amp;apos;192.168.11.14&amp;apos;, Message : &amp;apos;The conversion of a varchar data type to a datetime data type resulted in an out-of-range value.&amp;apos;, Procedure : &amp;apos;ctemp&amp;apos;, LineNumber : 6 }, { Source : &amp;apos;.Net SqlClient Data Provider&amp;apos;, Number : 242, State : &amp;apos;3&amp;apos;, Class : &amp;apos;16&amp;apos;, Server : &amp;apos;192.168.11.14&amp;apos;, Message : &amp;apos;The conversion of a varchar data type to a datetime data type resulted in an out-of-range value.&amp;apos;, Procedure : &amp;apos;ctemp&amp;apos;, LineNumber : 6 }, { Source : &amp;apos;.Net SqlClient Data Provider&amp;apos;, Number : 242, State : &amp;apos;3&amp;apos;, Class : &amp;apos;16&amp;apos;, Server : &amp;apos;192.168.11.14&amp;apos;, Message : &amp;apos;The conversion of a varchar data type to a datetime data type resulted in an out-of-range value.&amp;apos;, Procedure : &amp;apos;ctemp&amp;apos;, LineNumber : 6 }, { Source : &amp;apos;.Net SqlClient Data Provider&amp;apos;, Number : 242, State : &amp;apos;3&amp;apos;, Class : &amp;apos;16&amp;apos;, Server : &amp;apos;192.168.11.14&amp;apos;, Message : &amp;apos;The conversion of a varchar data type to a datetime data type resulted in an out-of-range value.&amp;apos;, Procedure : &amp;apos;ctemp&amp;apos;, LineNumber : 6 }, { Source : &amp;apos;.Net SqlClient Data Provider&amp;apos;, Number : 242, State : &amp;apos;3&amp;apos;, Class : &amp;apos;16&amp;apos;, Server : &amp;apos;192.168.11.14&amp;apos;, Message : &amp;apos;The conversion of a varchar data type to a datetime data type resulted in an out-of-range value.&amp;apos;, Procedure : &amp;apos;ctemp&amp;apos;, LineNumber : 6 }, { Source : &amp;apos;.Net SqlClient Data Provider&amp;apos;, Number : 242, State : &amp;apos;3&amp;apos;, Class : &amp;apos;16&amp;apos;, Server : &amp;apos;192.168.11.14&amp;apos;, Message : &amp;apos;The conversion of a varchar data type to a datetime data type resulted in an out-of-range value.&amp;apos;, Procedure : &amp;apos;ctemp&amp;apos;, LineNumber : 6 }, { Source : &amp;apos;.Net SqlClient Data Provider&amp;apos;, Number : 242, State : &amp;apos;3&amp;apos;, Class : &amp;apos;16&amp;apos;, Server : &amp;apos;192.168.11.14&amp;apos;, Message : &amp;apos;The conversion of a varchar data type to a datetime data type resulted in an out-of-range value.&amp;apos;, Procedure : &amp;apos;ctemp&amp;apos;, LineNumber : 6 }, { Source : &amp;apos;.Net SqlClient Data Provider&amp;apos;, Number : 242, State : &amp;apos;3&amp;apos;, Class : &amp;apos;16&amp;apos;, Server : &amp;apos;192.168.11.14&amp;apos;, Message : &amp;apos;The conversion of a varchar data type to a datetime data type resulted in an out-of-range value.&amp;apos;, Procedure : &amp;apos;ctemp&amp;apos;, LineNumber : 6 }, { Source : &amp;apos;.Net SqlClient Data Provider&amp;apos;, Number : 242, State : &amp;apos;3&amp;apos;, Class : &amp;apos;16&amp;apos;, Server : &amp;apos;192.168.11.14&amp;apos;, Message : &amp;apos;The conversion of a varchar data type to a datetime data type resulted in an out-of-range value.&amp;apos;, Procedure : &amp;apos;ctemp&amp;apos;, LineNumber : 6 }, { Source : &amp;apos;.Net SqlClient Data Provider&amp;apos;, Number : 242, State : &amp;apos;3&amp;apos;, Class : &amp;apos;16&amp;apos;, Server : &amp;apos;192.168.11.14&amp;apos;, Message : &amp;apos;The conversion of a varchar data type to a datetime data type resulted in an out-of-range value.&amp;apos;, Procedure : &amp;apos;ctemp&amp;apos;, LineNumber : 6 }, { Source : &amp;apos;.Net SqlClient Data Provider&amp;apos;, Number : 242, State : &amp;apos;3&amp;apos;, Class : &amp;apos;16&amp;apos;, Server : &amp;apos;192.168.11.14&amp;apos;, Message : &amp;apos;The conversion of a varchar data type to a datetime data type resulted in an out-of-range value.&amp;apos;, Procedure : &amp;apos;ctemp&amp;apos;, LineNumber : 6 }, { Source : &amp;apos;.Net SqlClient Data Provider&amp;apos;, Number : 242, State : &amp;apos;3&amp;apos;, Class : &amp;apos;16&amp;apos;, Server : &amp;apos;192.168.11.14&amp;apos;, Message : &amp;apos;The conversion of a varchar data type to a datetime data type resulted in an out-of-range value.&amp;apos;, Procedure : &amp;apos;ctemp&amp;apos;, LineNumber : 6 }, { Source : &amp;apos;.Net SqlClient Data Provider&amp;apos;, Number : 242, State : &amp;apos;3&amp;apos;, Class : &amp;apos;16&amp;apos;, Server : &amp;apos;192.168.11.14&amp;apos;, Message : &amp;apos;The conversion of a varchar data type to a datetime data type resulted in an out-of-range value.&amp;apos;, Procedure : &amp;apos;ctemp&amp;apos;, LineNumber : 6 }, { Source : &amp;apos;.Net SqlClient Data Provider&amp;apos;, Number : 242, State : &amp;apos;3&amp;apos;, Class : &amp;apos;16&amp;apos;, Server : &amp;apos;192.168.11.14&amp;apos;, Message : &amp;apos;The conversion of a varchar data type to a datetime data type resulted in an out-of-range value.&amp;apos;, Procedure : &amp;apos;ctemp&amp;apos;, LineNumber : 6 }, { Source : &amp;apos;.Net SqlClient Data Provider&amp;apos;, Number : 242, State : &amp;apos;3&amp;apos;, Class : &amp;apos;16&amp;apos;, Server : &amp;apos;192.168.11.14&amp;apos;, Message : &amp;apos;The conversion of a varchar data type to a datetime data type resulted in an out-of-range value.&amp;apos;, Procedure : &amp;apos;ctemp&amp;apos;, LineNumber : 6 }, { Source : &amp;apos;.Net SqlClient Data Provider&amp;apos;, Number : 242, State : &amp;apos;3&amp;apos;, Class : &amp;apos;16&amp;apos;, Server : &amp;apos;192.168.11.14&amp;apos;, Message : &amp;apos;The conversion of a varchar data type to a datetime data type resulted in an out-of-range value.&amp;apos;, Procedure : &amp;apos;ctemp&amp;apos;, LineNumber : 6 }, { Source : &amp;apos;.Net SqlClient Data Provider&amp;apos;, Number : 242, State : &amp;apos;3&amp;apos;, Class : &amp;apos;16&amp;apos;, Server : &amp;apos;192.168.11.14&amp;apos;, Message : &amp;apos;The conversion of a varchar data type to a datetime data type resulted in an out-of-range value.&amp;apos;, Procedure : &amp;apos;ctemp&amp;apos;, LineNumber : 6 }, { Source : &amp;apos;.Net SqlClient Data Provider&amp;apos;, Number : 242, State : &amp;apos;3&amp;apos;, Class : &amp;apos;16&amp;apos;, Server : &amp;apos;192.168.11.14&amp;apos;, Message : &amp;apos;The conversion of a varchar data type to a datetime data type resulted in an out-of-range value.&amp;apos;, Procedure : &amp;apos;ctemp&amp;apos;, LineNumber : 6 }, { Source : &amp;apos;.Net SqlClient Data Provider&amp;apos;, Number : 242, State : &amp;apos;3&amp;apos;, Class : &amp;apos;16&amp;apos;, Server : &amp;apos;192.168.11.14&amp;apos;, Message : &amp;apos;The conversion of a varchar data type to a datetime data type resulted in an out-of-range value.&amp;apos;, Procedure : &amp;apos;ctemp&amp;apos;, LineNumber : 6 }, { Source : &amp;apos;.Net SqlClient Data Provider&amp;apos;, Number : 242, State : &amp;apos;3&amp;apos;, Class : &amp;apos;16&amp;apos;, Server : &amp;apos;192.168.11.14&amp;apos;, Message : &amp;apos;The conversion of a varchar data type to a datetime data type resulted in an out-of-range value.&amp;apos;, Procedure : &amp;apos;ctemp&amp;apos;, LineNumber : 6 }, { Source : &amp;apos;.Net SqlClient Data Provider&amp;apos;, Number : 242, State : &amp;apos;3&amp;apos;, Class : &amp;apos;16&amp;apos;, Server : &amp;apos;192.168.11.14&amp;apos;, Message : &amp;apos;The conversion of a varchar data type to a datetime data type resulted in an out-of-range value.&amp;apos;, Procedure : &amp;apos;ctemp&amp;apos;, LineNumber : 6 }, { Source : &amp;apos;.Net SqlClient Data Provider&amp;apos;, Number : 242, State : &amp;apos;3&amp;apos;, Class : &amp;apos;16&amp;apos;, Server : &amp;apos;192.168.11.14&amp;apos;, Message : &amp;apos;The conversion of a varchar data type to a datetime data type resulted in an out-of-range value.&amp;apos;, Procedure : &amp;apos;ctemp&amp;apos;, LineNumber : 6 }, { Source : &amp;apos;.Net SqlClient Data Provider&amp;apos;, Number : 242, State : &amp;apos;3&amp;apos;, Class : &amp;apos;16&amp;apos;, Server : &amp;apos;192.168.11.14&amp;apos;, Message : &amp;apos;The conversion of a varchar data type to a datetime data type resulted in an out-of-range value.&amp;apos;, Procedure : &amp;apos;ctemp&amp;apos;, LineNumber : 6 }, { Source : &amp;apos;.Net SqlClient Data Provider&amp;apos;, Number : 242, State : &amp;apos;3&amp;apos;, Class : &amp;apos;16&amp;apos;, Server : &amp;apos;192.168.11.14&amp;apos;, Message : &amp;apos;The conversion of a varchar data type to a datetime data type resulted in an out-of-range value.&amp;apos;, Procedure : &amp;apos;ctemp&amp;apos;, LineNumber : 6 }, { Source : &amp;apos;.Net SqlClient Data Provider&amp;apos;, Number : 242, State : &amp;apos;3&amp;apos;, Class : &amp;apos;16&amp;apos;, Server : &amp;apos;192.168.11.14&amp;apos;, Message : &amp;apos;The conversion of a varchar data type to a datetime data type resulted in an out-of-range value.&amp;apos;, Procedure : &amp;apos;ctemp&amp;apos;, LineNumber : 6 }, { Source : &amp;apos;.Net SqlClient Data Provider&amp;apos;, Number : 242, State : &amp;apos;3&amp;apos;, Class : &amp;apos;16&amp;apos;, Server : &amp;apos;192.168.11.14&amp;apos;, Message : &amp;apos;The conversion of a varchar data type to a datetime data type resulted in an out-of-range value.&amp;apos;, Procedure : &amp;apos;ctemp&amp;apos;, LineNumber : 6 }, { Source : &amp;apos;.Net SqlClient Data Provider&amp;apos;, Number : 242, State : &amp;apos;3&amp;apos;, Class : &amp;apos;16&amp;apos;, Server : &amp;apos;192.168.11.14&amp;apos;, Message : &amp;apos;The conversion of a varchar data type to a datetime data type resulted in an out-of-range value.&amp;apos;, Procedure : &amp;apos;ctemp&amp;apos;, LineNumber : 6 }, { Source : &amp;apos;.Net SqlClient Data Provider&amp;apos;, Number : 242, State : &amp;apos;3&amp;apos;, Class : &amp;apos;16&amp;apos;, Server : &amp;apos;192.168.11.14&amp;apos;, Message : &amp;apos;The conversion of a varchar data type to a datetime data type resulted in an out-of-range value.&amp;apos;, Procedure : &amp;apos;ctemp&amp;apos;, LineNumber : 6 }, { Source : &amp;apos;.Net SqlClient Data Provider&amp;apos;, Number : 242, State : &amp;apos;3&amp;apos;, Class : &amp;apos;16&amp;apos;, Server : &amp;apos;192.168.11.14&amp;apos;, Message : &amp;apos;The conversion of a varchar data type to a datetime data type resulted in an out-of-range value.&amp;apos;, Procedure : &amp;apos;ctemp&amp;apos;, LineNumber : 6 }, { Source : &amp;apos;.Net SqlClient Data Provider&amp;apos;, Number : 242, State : &amp;apos;3&amp;apos;, Class : &amp;apos;16&amp;apos;, Server : &amp;apos;192.168.11.14&amp;apos;, Message : &amp;apos;The conversion of a varchar data type to a datetime data type resulted in an out-of-range value.&amp;apos;, Procedure : &amp;apos;ctemp&amp;apos;, LineNumber : 6 }, { Source : &amp;apos;.Net SqlClient Data Provider&amp;apos;, Number : 242, State : &amp;apos;3&amp;apos;, Class : &amp;apos;16&amp;apos;, Server : &amp;apos;192.168.11.14&amp;apos;, Message : &amp;apos;The conversion of a varchar data type to a datetime data type resulted in an out-of-range value.&amp;apos;, Procedure : &amp;apos;ctemp&amp;apos;, LineNumber : 6 }, { Source : &amp;apos;.Net SqlClient Data Provider&amp;apos;, Number : 242, State : &amp;apos;3&amp;apos;, Class : &amp;apos;16&amp;apos;, Server : &amp;apos;192.168.11.14&amp;apos;, Message : &amp;apos;The conversion of a varchar data type to a datetime data type resulted in an out-of-range value.&amp;apos;, Procedure : &amp;apos;ctemp&amp;apos;, LineNumber : 6 }, { Source : &amp;apos;.Net SqlClient Data Provider&amp;apos;, Number : 242, State : &amp;apos;3&amp;apos;, Class : &amp;apos;16&amp;apos;, Server : &amp;apos;192.168.11.14&amp;apos;, Message : &amp;apos;The conversion of a varchar data type to a datetime data type resulted in an out-of-range value.&amp;apos;, Procedure : &amp;apos;ctemp&amp;apos;, LineNumber : 6 }, { Source : &amp;apos;.Net SqlClient Data Provider&amp;apos;, Number : 242, State : &amp;apos;3&amp;apos;, Class : &amp;apos;16&amp;apos;, Server : &amp;apos;192.168.11.14&amp;apos;, Message : &amp;apos;The conversion of a varchar data type to a datetime data type resulted in an out-of-range value.&amp;apos;, Procedure : &amp;apos;ctemp&amp;apos;, LineNumber : 6 }, { Source : &amp;apos;.Net SqlClient Data Provider&amp;apos;, Number : 242, State : &amp;apos;3&amp;apos;, Class : &amp;apos;16&amp;apos;, Server : &amp;apos;192.168.11.14&amp;apos;, Message : &amp;apos;The conversion of a varchar data type to a datetime data type resulted in an out-of-range value.&amp;apos;, Procedure : &amp;apos;ctemp&amp;apos;, LineNumber : 6 }, { Source : &amp;apos;.Net SqlClient Data Provider&amp;apos;, Number : 242, State : &amp;apos;3&amp;apos;, Class : &amp;apos;16&amp;apos;, Server : &amp;apos;192.168.11.14&amp;apos;, Message : &amp;apos;The conversion of a varchar data type to a datetime data type resulted in an out-of-range value.&amp;apos;, Procedure : &amp;apos;ctemp&amp;apos;, LineNumber : 6 }, { Source : &amp;apos;.Net SqlClient Data Provider&amp;apos;, Number : 242, State : &amp;apos;3&amp;apos;, Class : &amp;apos;16&amp;apos;, Server : &amp;apos;192.168.11.14&amp;apos;, Message : &amp;apos;The conversion of a varchar data type to a datetime data type resulted in an out-of-range value.&amp;apos;, Procedure : &amp;apos;ctemp&amp;apos;, LineNumber : 6 }, { Source : &amp;apos;.Net SqlClient Data Provider&amp;apos;, Number : 242, State : &amp;apos;3&amp;apos;, Class : &amp;apos;16&amp;apos;, Server : &amp;apos;192.168.11.14&amp;apos;, Message : &amp;apos;The conversion of a varchar data type to a datetime data type resulted in an out-of-range value.&amp;apos;, Procedure : &amp;apos;ctemp&amp;apos;, LineNumber : 6 }, { Source : &amp;apos;.Net SqlClient Data Provider&amp;apos;, Number : 242, State : &amp;apos;3&amp;apos;, Class : &amp;apos;16&amp;apos;, Server : &amp;apos;192.168.11.14&amp;apos;, Message : &amp;apos;The conversion of a varchar data type to a datetime data type resulted in an out-of-range value.&amp;apos;, Procedure : &amp;apos;ctemp&amp;apos;, LineNumber : 6 }, { Source : &amp;apos;.Net SqlClient Data Provider&amp;apos;, Number : 242, State : &amp;apos;3&amp;apos;, Class : &amp;apos;16&amp;apos;, Server : &amp;apos;192.168.11.14&amp;apos;, Message : &amp;apos;The conversion of a varchar data type to a datetime data type resulted in an out-of-range value.&amp;apos;, Procedure : &amp;apos;ctemp&amp;apos;, LineNumber : 6 }, { Source : &amp;apos;.Net SqlClient Data Provider&amp;apos;, Number : 242, State : &amp;apos;3&amp;apos;, Class : &amp;apos;16&amp;apos;, Server : &amp;apos;192.168.11.14&amp;apos;, Message : &amp;apos;The conversion of a varchar data type to a datetime data type resulted in an out-of-range value.&amp;apos;, Procedure : &amp;apos;ctemp&amp;apos;, LineNumber : 6 }, { Source : &amp;apos;.Net SqlClient Data Provider&amp;apos;, Number : 242, State : &amp;apos;3&amp;apos;, Class : &amp;apos;16&amp;apos;, Server : &amp;apos;192.168.11.14&amp;apos;, Message : &amp;apos;The conversion of a varchar data type to a datetime data type resulted in an out-of-range value.&amp;apos;, Procedure : &amp;apos;ctemp&amp;apos;, LineNumber : 6 }, { Source : &amp;apos;.Net SqlClient Data Provider&amp;apos;, Number : 242, State : &amp;apos;3&amp;apos;, Class : &amp;apos;16&amp;apos;, Server : &amp;apos;192.168.11.14&amp;apos;, Message : &amp;apos;The conversion of a varchar data type to a datetime data type resulted in an out-of-range value.&amp;apos;, Procedure : &amp;apos;ctemp&amp;apos;, LineNumber : 6 }, { Source : &amp;apos;.Net SqlClient Data Provider&amp;apos;, Number : 242, State : &amp;apos;3&amp;apos;, Class : &amp;apos;16&amp;apos;, Server : &amp;apos;192.168.11.14&amp;apos;, Message : &amp;apos;The conversion of a varchar data type to a datetime data type resulted in an out-of-range value.&amp;apos;, Procedure : &amp;apos;ctemp&amp;apos;, LineNumber : 6 }, { Source : &amp;apos;.Net SqlClient Data Provider&amp;apos;, Number : 242, State : &amp;apos;3&amp;apos;, Class : &amp;apos;16&amp;apos;, Server : &amp;apos;192.168.11.14&amp;apos;, Message : &amp;apos;The conversion of a varchar data type to a datetime data type resulted in an out-of-range value.&amp;apos;, Procedure : &amp;apos;ctemp&amp;apos;, LineNumber : 6 }, { Source : &amp;apos;.Net SqlClient Data Provider&amp;apos;, Number : 242, State : &amp;apos;3&amp;apos;, Class : &amp;apos;16&amp;apos;, Server : &amp;apos;192.168.11.14&amp;apos;, Message : &amp;apos;The conversion of a varchar data type to a datetime data type resulted in an out-of-range value.&amp;apos;, Procedure : &amp;apos;ctemp&amp;apos;, LineNumber : 6 }, { Source : &amp;apos;.Net SqlClient Data Provider&amp;apos;, Number : 242, State : &amp;apos;3&amp;apos;, Class : &amp;apos;16&amp;apos;, Server : &amp;apos;192.168.11.14&amp;apos;, Message : &amp;apos;The conversion of a varchar data type to a datetime data type resulted in an out-of-range value.&amp;apos;, Procedure : &amp;apos;ctemp&amp;apos;, LineNumber : 6 }, { Source : &amp;apos;.Net SqlClient Data Provider&amp;apos;, Number : 242, State : &amp;apos;3&amp;apos;, Class : &amp;apos;16&amp;apos;, Server : &amp;apos;192.168.11.14&amp;apos;, Message : &amp;apos;The conversion of a varchar data type to a datetime data type resulted in an out-of-range value.&amp;apos;, Procedure : &amp;apos;ctemp&amp;apos;, LineNumber : 6 }, { Source : &amp;apos;.Net SqlClient Data Provider&amp;apos;, Number : 242, State : &amp;apos;3&amp;apos;, Class : &amp;apos;16&amp;apos;, Server : &amp;apos;192.168.11.14&amp;apos;, Message : &amp;apos;The conversion of a varchar data type to a datetime data type resulted in an out-of-range value.&amp;apos;, Procedure : &amp;apos;ctemp&amp;apos;, LineNumber : 6 }, { Source : &amp;apos;.Net SqlClient Data Provider&amp;apos;, Number : 242, State : &amp;apos;3&amp;apos;, Class : &amp;apos;16&amp;apos;, Server : &amp;apos;192.168.11.14&amp;apos;, Message : &amp;apos;The conversion of a varchar data type to a datetime data type resulted in an out-of-range value.&amp;apos;, Procedure : &amp;apos;ctemp&amp;apos;, LineNumber : 6 }, { Source : &amp;apos;.Net SqlClient Data Provider&amp;apos;, Number : 242, State : &amp;apos;3&amp;apos;, Class : &amp;apos;16&amp;apos;, Server : &amp;apos;192.168.11.14&amp;apos;, Message : &amp;apos;The conversion of a varchar data type to a datetime data type resulted in an out-of-range value.&amp;apos;, Procedure : &amp;apos;ctemp&amp;apos;, LineNumber : 6 }, { Source : &amp;apos;.Net SqlClient Data Provider&amp;apos;, Number : 242, State : &amp;apos;3&amp;apos;, Class : &amp;apos;16&amp;apos;, Server : &amp;apos;192.168.11.14&amp;apos;, Message : &amp;apos;The conversion of a varchar data type to a datetime data type resulted in an out-of-range value.&amp;apos;, Procedure : &amp;apos;ctemp&amp;apos;, LineNumber : 6 }, { Source : &amp;apos;.Net SqlClient Data Provider&amp;apos;, Number : 242, State : &amp;apos;3&amp;apos;, Class : &amp;apos;16&amp;apos;, Server : &amp;apos;192.168.11.14&amp;apos;, Message : &amp;apos;The conversion of a varchar data type to a datetime data type resulted in an out-of-range value.&amp;apos;, Procedure : &amp;apos;ctemp&amp;apos;, LineNumber : 6 }, { Source : &amp;apos;.Net SqlClient Data Provider&amp;apos;, Number : 242, State : &amp;apos;3&amp;apos;, Class : &amp;apos;16&amp;apos;, Server : &amp;apos;192.168.11.14&amp;apos;, Message : &amp;apos;The conversion of a varchar data type to a datetime data type resulted in an out-of-range value.&amp;apos;, Procedure : &amp;apos;ctemp&amp;apos;, LineNumber : 6 }, { Source : &amp;apos;.Net SqlClient Data Provider&amp;apos;, Number : 242, State : &amp;apos;3&amp;apos;, Class : &amp;apos;16&amp;apos;, Server : &amp;apos;192.168.11.14&amp;apos;, Message : &amp;apos;The conversion of a varchar data type to a datetime data type resulted in an out-of-range value.&amp;apos;, Procedure : &amp;apos;ctemp&amp;apos;, LineNumber : 6 }, { Source : &amp;apos;.Net SqlClient Data Provider&amp;apos;, Number : 242, State : &amp;apos;3&amp;apos;, Class : &amp;apos;16&amp;apos;, Server : &amp;apos;192.168.11.14&amp;apos;, Message : &amp;apos;The conversion of a varchar data type to a datetime data type resulted in an out-of-range value.&amp;apos;, Procedure : &amp;apos;ctemp&amp;apos;, LineNumber : 6 }, { Source : &amp;apos;.Net SqlClient Data Provider&amp;apos;, Number : 242, State : &amp;apos;3&amp;apos;, Class : &amp;apos;16&amp;apos;, Server : &amp;apos;192.168.11.14&amp;apos;, Message : &amp;apos;The conversion of a varchar data type to a datetime data type resulted in an out-of-range value.&amp;apos;, Procedure : &amp;apos;ctemp&amp;apos;, LineNumber : 6 }, { Source : &amp;apos;.Net SqlClient Data Provider&amp;apos;, Number : 242, State : &amp;apos;3&amp;apos;, Class : &amp;apos;16&amp;apos;, Server : &amp;apos;192.168.11.14&amp;apos;, Message : &amp;apos;The conversion of a varchar data type to a datetime data type resulted in an out-of-range value.&amp;apos;, Procedure : &amp;apos;ctemp&amp;apos;, LineNumber : 6 }, { Source : &amp;apos;.Net SqlClient Data Provider&amp;apos;, Number : 242, State : &amp;apos;3&amp;apos;, Class : &amp;apos;16&amp;apos;, Server : &amp;apos;192.168.11.14&amp;apos;, Message : &amp;apos;The conversion of a varchar data type to a datetime data type resulted in an out-of-range value.&amp;apos;, Procedure : &amp;apos;ctemp&amp;apos;, LineNumber : 6 }, { Source : &amp;apos;.Net SqlClient Data Provider&amp;apos;, Number : 242, State : &amp;apos;3&amp;apos;, Class : &amp;apos;16&amp;apos;, Server : &amp;apos;192.168.11.14&amp;apos;, Message : &amp;apos;The conversion of a varchar data type to a datetime data type resulted in an out-of-range value.&amp;apos;, Procedure : &amp;apos;ctemp&amp;apos;, LineNumber : 6 }, { Source : &amp;apos;.Net SqlClient Data Provider&amp;apos;, Number : 242, State : &amp;apos;3&amp;apos;, Class : &amp;apos;16&amp;apos;, Server : &amp;apos;192.168.11.14&amp;apos;, Message : &amp;apos;The conversion of a varchar data type to a datetime data type resulted in an out-of-range value.&amp;apos;, Procedure : &amp;apos;ctemp&amp;apos;, LineNumber : 6 }, { Source : &amp;apos;.Net SqlClient Data Provider&amp;apos;, Number : 242, State : &amp;apos;3&amp;apos;, Class : &amp;apos;16&amp;apos;, Server : &amp;apos;192.168.11.14&amp;apos;, Message : &amp;apos;The conversion of a varchar data type to a datetime data type resulted in an out-of-range value.&amp;apos;, Procedure : &amp;apos;ctemp&amp;apos;, LineNumber : 6 }, { Source : &amp;apos;.Net SqlClient Data Provider&amp;apos;, Number : 242, State : &amp;apos;3&amp;apos;, Class : &amp;apos;16&amp;apos;, Server : &amp;apos;192.168.11.14&amp;apos;, Message : &amp;apos;The conversion of a varchar data type to a datetime data type resulted in an out-of-range value.&amp;apos;, Procedure : &amp;apos;ctemp&amp;apos;, LineNumber : 6 }, { Source : &amp;apos;.Net SqlClient Data Provider&amp;apos;, Number : 242, State : &amp;apos;3&amp;apos;, Class : &amp;apos;16&amp;apos;, Server : &amp;apos;192.168.11.14&amp;apos;, Message : &amp;apos;The conversion of a varchar data type to a datetime data type resulted in an out-of-range value.&amp;apos;, Procedure : &amp;apos;ctemp&amp;apos;, LineNumber : 6 }, { Source : &amp;apos;.Net SqlClient Data Provider&amp;apos;, Number : 242, State : &amp;apos;3&amp;apos;, Class : &amp;apos;16&amp;apos;, Server : &amp;apos;192.168.11.14&amp;apos;, Message : &amp;apos;The conversion of a varchar data type to a datetime data type resulted in an out-of-range value.&amp;apos;, Procedure : &amp;apos;ctemp&amp;apos;, LineNumber : 6 }, { Source : &amp;apos;.Net SqlClient Data Provider&amp;apos;, Number : 242, State : &amp;apos;3&amp;apos;, Class : &amp;apos;16&amp;apos;, Server : &amp;apos;192.168.11.14&amp;apos;, Message : &amp;apos;The conversion of a varchar data type to a datetime data type resulted in an out-of-range value.&amp;apos;, Procedure : &amp;apos;ctemp&amp;apos;, LineNumber : 6 }, { Source : &amp;apos;.Net SqlClient Data Provider&amp;apos;, Number : 242, State : &amp;apos;3&amp;apos;, Class : &amp;apos;16&amp;apos;, Server : &amp;apos;192.168.11.14&amp;apos;, Message : &amp;apos;The conversion of a varchar data type to a datetime data type resulted in an out-of-range value.&amp;apos;, Procedure : &amp;apos;ctemp&amp;apos;, LineNumber : 6 }, { Source : &amp;apos;.Net SqlClient Data Provider&amp;apos;, Number : 242, State : &amp;apos;3&amp;apos;, Class : &amp;apos;16&amp;apos;, Server : &amp;apos;192.168.11.14&amp;apos;, Message : &amp;apos;The conversion of a varchar data type to a datetime data type resulted in an out-of-range value.&amp;apos;, Procedure : &amp;apos;ctemp&amp;apos;, LineNumber : 6 }, { Source : &amp;apos;.Net SqlClient Data Provider&amp;apos;, Number : 242, State : &amp;apos;3&amp;apos;, Class : &amp;apos;16&amp;apos;, Server : &amp;apos;192.168.11.14&amp;apos;, Message : &amp;apos;The conversion of a varchar data type to a datetime data type resulted in an out-of-range value.&amp;apos;, Procedure : &amp;apos;ctemp&amp;apos;, LineNumber : 6 }, { Source : &amp;apos;.Net SqlClient Data Provider&amp;apos;, Number : 242, State : &amp;apos;3&amp;apos;, Class : &amp;apos;16&amp;apos;, Server : &amp;apos;192.168.11.14&amp;apos;, Message : &amp;apos;The conversion of a varchar data type to a datetime data type resulted in an out-of-range value.&amp;apos;, Procedure : &amp;apos;ctemp&amp;apos;, LineNumber : 6 }, { Source : &amp;apos;.Net SqlClient Data Provider&amp;apos;, Number : 242, State : &amp;apos;3&amp;apos;, Class : &amp;apos;16&amp;apos;, Server : &amp;apos;192.168.11.14&amp;apos;, Message : &amp;apos;The conversion of a varchar data type to a datetime data type resulted in an out-of-range value.&amp;apos;, Procedure : &amp;apos;ctemp&amp;apos;, LineNumber : 6 }, { Source : &amp;apos;.Net SqlClient Data Provider&amp;apos;, Number : 242, State : &amp;apos;3&amp;apos;, Class : &amp;apos;16&amp;apos;, Server : &amp;apos;192.168.11.14&amp;apos;, Message : &amp;apos;The conversion of a varchar data type to a datetime data type resulted in an out-of-range value.&amp;apos;, Procedure : &amp;apos;ctemp&amp;apos;, LineNumber : 6 }, { Source : &amp;apos;.Net SqlClient Data Provider&amp;apos;, Number : 242, State : &amp;apos;3&amp;apos;, Class : &amp;apos;16&amp;apos;, Server : &amp;apos;192.168.11.14&amp;apos;, Message : &amp;apos;The conversion of a varchar data type to a datetime data type resulted in an out-of-range value.&amp;apos;, Procedure : &amp;apos;ctemp&amp;apos;, LineNumber : 6 }, { Source : &amp;apos;.Net SqlClient Data Provider&amp;apos;, Number : 242, State : &amp;apos;3&amp;apos;, Class : &amp;apos;16&amp;apos;, Server : &amp;apos;192.168.11.14&amp;apos;, Message : &amp;apos;The conversion of a varchar data type to a datetime data type resulted in an out-of-range value.&amp;apos;, Procedure : &amp;apos;ctemp&amp;apos;, LineNumber : 6 }, { Source : &amp;apos;.Net SqlClient Data Provider&amp;apos;, Number : 242, State : &amp;apos;3&amp;apos;, Class : &amp;apos;16&amp;apos;, Server : &amp;apos;192.168.11.14&amp;apos;, Message : &amp;apos;The conversion of a varchar data type to a datetime data type resulted in an out-of-range value.&amp;apos;, Procedure : &amp;apos;ctemp&amp;apos;, LineNumber : 6 }, { Source : &amp;apos;.Net SqlClient Data Provider&amp;apos;, Number : 242, State : &amp;apos;3&amp;apos;, Class : &amp;apos;16&amp;apos;, Server : &amp;apos;192.168.11.14&amp;apos;, Message : &amp;apos;The conversion of a varchar data type to a datetime data type resulted in an out-of-range value.&amp;apos;, Procedure : &amp;apos;ctemp&amp;apos;, LineNumber : 6 }, { Source : &amp;apos;.Net SqlClient Data Provider&amp;apos;, Number : 242, State : &amp;apos;3&amp;apos;, Class : &amp;apos;16&amp;apos;, Server : &amp;apos;192.168.11.14&amp;apos;, Message : &amp;apos;The conversion of a varchar data type to a datetime data type resulted in an out-of-range value.&amp;apos;, Procedure : &amp;apos;ctemp&amp;apos;, LineNumber : 6 }, { Source : &amp;apos;.Net SqlClient Data Provider&amp;apos;, Number : 242, State : &amp;apos;3&amp;apos;, Class : &amp;apos;16&amp;apos;, Server : &amp;apos;192.168.11.14&amp;apos;, Message : &amp;apos;The conversion of a varchar data type to a datetime data type resulted in an out-of-range value.&amp;apos;, Procedure : &amp;apos;ctemp&amp;apos;, LineNumber : 6 }, { Source : &amp;apos;.Net SqlClient Data Provider&amp;apos;, Number : 242, State : &amp;apos;3&amp;apos;, Class : &amp;apos;16&amp;apos;, Server : &amp;apos;192.168.11.14&amp;apos;, Message : &amp;apos;The conversion of a varchar data type to a datetime data type resulted in an out-of-range value.&amp;apos;, Procedure : &amp;apos;ctemp&amp;apos;, LineNumber : 6 }, { Source : &amp;apos;.Net SqlClient Data Provider&amp;apos;, Number : 242, State : &amp;apos;3&amp;apos;, Class : &amp;apos;16&amp;apos;, Server : &amp;apos;192.168.11.14&amp;apos;, Message : &amp;apos;The conversion of a varchar data type to a datetime data type resulted in an out-of-range value.&amp;apos;, Procedure : &amp;apos;ctemp&amp;apos;, LineNumber : 6 }, { Source : &amp;apos;.Net SqlClient Data Provider&amp;apos;, Number : 242, State : &amp;apos;3&amp;apos;, Class : &amp;apos;16&amp;apos;, Server : &amp;apos;192.168.11.14&amp;apos;, Message : &amp;apos;The conversion of a varchar data type to a datetime data type resulted in an out-of-range value.&amp;apos;, Procedure : &amp;apos;ctemp&amp;apos;, LineNumber : 6 }, { Source : &amp;apos;.Net SqlClient Data Provider&amp;apos;, Number : 242, State : &amp;apos;3&amp;apos;, Class : &amp;apos;16&amp;apos;, Server : &amp;apos;192.168.11.14&amp;apos;, Message : &amp;apos;The conversion of a varchar data type to a datetime data type resulted in an out-of-range value.&amp;apos;, Procedure : &amp;apos;ctemp&amp;apos;, LineNumber : 6 }, { Source : &amp;apos;.Net SqlClient Data Provider&amp;apos;, Number : 242, State : &amp;apos;3&amp;apos;, Class : &amp;apos;16&amp;apos;, Server : &amp;apos;192.168.11.14&amp;apos;, Message : &amp;apos;The conversion of a varchar data type to a datetime data type resulted in an out-of-range value.&amp;apos;, Procedure : &amp;apos;ctemp&amp;apos;, LineNumber : 6 }, { Source : &amp;apos;.Net SqlClient Data Provider&amp;apos;, Number : 242, State : &amp;apos;3&amp;apos;, Class : &amp;apos;16&amp;apos;, Server : &amp;apos;192.168.11.14&amp;apos;, Message : &amp;apos;The conversion of a varchar data type to a datetime data type resulted in an out-of-range value.&amp;apos;, Procedure : &amp;apos;ctemp&amp;apos;, LineNumber : 6 }, { Source : &amp;apos;.Net SqlClient Data Provider&amp;apos;, Number : 242, State : &amp;apos;3&amp;apos;, Class : &amp;apos;16&amp;apos;, Server : &amp;apos;192.168.11.14&amp;apos;, Message : &amp;apos;The conversion of a varchar data type to a datetime data type resulted in an out-of-range value.&amp;apos;, Procedure : &amp;apos;ctemp&amp;apos;, LineNumber : 6 }, { Source : &amp;apos;.Net SqlClient Data Provider&amp;apos;, Number : 242, State : &amp;apos;3&amp;apos;, Class : &amp;apos;16&amp;apos;, Server : &amp;apos;192.168.11.14&amp;apos;, Message : &amp;apos;The conversion of a varchar data type to a datetime data type resulted in an out-of-range value.&amp;apos;, Procedure : &amp;apos;ctemp&amp;apos;, LineNumber : 6 }, { Source : &amp;apos;.Net SqlClient Data Provider&amp;apos;, Number : 242, State : &amp;apos;3&amp;apos;, Class : &amp;apos;16&amp;apos;, Server : &amp;apos;192.168.11.14&amp;apos;, Message : &amp;apos;The conversion of a varchar data type to a datetime data type resulted in an out-of-range value.&amp;apos;, Procedure : &amp;apos;ctemp&amp;apos;, LineNumber : 6 }, { Source : &amp;apos;.Net SqlClient Data Provider&amp;apos;, Number : 242, State : &amp;apos;3&amp;apos;, Class : &amp;apos;16&amp;apos;, Server : &amp;apos;192.168.11.14&amp;apos;, Message : &amp;apos;The conversion of a varchar data type to a datetime data type resulted in an out-of-range value.&amp;apos;, Procedure : &amp;apos;ctemp&amp;apos;, LineNumber : 6 }, { Source : &amp;apos;.Net SqlClient Data Provider&amp;apos;, Number : 242, State : &amp;apos;3&amp;apos;, Class : &amp;apos;16&amp;apos;, Server : &amp;apos;192.168.11.14&amp;apos;, Message : &amp;apos;The conversion of a varchar data type to a datetime data type resulted in an out-of-range value.&amp;apos;, Procedure : &amp;apos;ctemp&amp;apos;, LineNumber : 6 }, { Source : &amp;apos;.Net SqlClient Data Provider&amp;apos;, Number : 242, State : &amp;apos;3&amp;apos;, Class : &amp;apos;16&amp;apos;, Server : &amp;apos;192.168.11.14&amp;apos;, Message : &amp;apos;The conversion of a varchar data type to a datetime data type resulted in an out-of-range value.&amp;apos;, Procedure : &amp;apos;ctemp&amp;apos;, LineNumber : 6 }, { Source : &amp;apos;.Net SqlClient Data Provider&amp;apos;, Number : 242, State : &amp;apos;3&amp;apos;, Class : &amp;apos;16&amp;apos;, Server : &amp;apos;192.168.11.14&amp;apos;, Message : &amp;apos;The conversion of a varchar data type to a datetime data type resulted in an out-of-range value.&amp;apos;, Procedure : &amp;apos;ctemp&amp;apos;, LineNumber : 6 }, { Source : &amp;apos;.Net SqlClient Data Provider&amp;apos;, Number : 242, State : &amp;apos;3&amp;apos;, Class : &amp;apos;16&amp;apos;, Server : &amp;apos;192.168.11.14&amp;apos;, Message : &amp;apos;The conversion of a varchar data type to a datetime data type resulted in an out-of-range value.&amp;apos;, Procedure : &amp;apos;ctemp&amp;apos;, LineNumber : 6 }, { Source : &amp;apos;.Net SqlClient Data Provider&amp;apos;, Number : 242, State : &amp;apos;3&amp;apos;, Class : &amp;apos;16&amp;apos;, Server : &amp;apos;192.168.11.14&amp;apos;, Message : &amp;apos;The conversion of a varchar data type to a datetime data type resulted in an out-of-range value.&amp;apos;, Procedure : &amp;apos;ctemp&amp;apos;, LineNumber : 6 }, { Source : &amp;apos;.Net SqlClient Data Provider&amp;apos;, Number : 242, State : &amp;apos;3&amp;apos;, Class : &amp;apos;16&amp;apos;, Server : &amp;apos;192.168.11.14&amp;apos;, Message : &amp;apos;The conversion of a varchar data type to a datetime data type resulted in an out-of-range value.&amp;apos;, Procedure : &amp;apos;ctemp&amp;apos;, LineNumber : 6 }, { Source : &amp;apos;.Net SqlClient Data Provider&amp;apos;, Number : 242, State : &amp;apos;3&amp;apos;, Class : &amp;apos;16&amp;apos;, Server : &amp;apos;192.168.11.14&amp;apos;, Message : &amp;apos;The conversion of a varchar data type to a datetime data type resulted in an out-of-range value.&amp;apos;, Procedure : &amp;apos;ctemp&amp;apos;, LineNumber : 6 }, { Source : &amp;apos;.Net SqlClient Data Provider&amp;apos;, Number : 242, State : &amp;apos;3&amp;apos;, Class : &amp;apos;16&amp;apos;, Server : &amp;apos;192.168.11.14&amp;apos;, Message : &amp;apos;The conversion of a varchar data type to a datetime data type resulted in an out-of-range value.&amp;apos;, Procedure : &amp;apos;ctemp&amp;apos;, LineNumber : 6 }, { Source : &amp;apos;.Net SqlClient Data Provider&amp;apos;, Number : 242, State : &amp;apos;3&amp;apos;, Class : &amp;apos;16&amp;apos;, Server : &amp;apos;192.168.11.14&amp;apos;, Message : &amp;apos;The conversion of a varchar data type to a datetime data type resulted in an out-of-range value.&amp;apos;, Procedure : &amp;apos;ctemp&amp;apos;, LineNumber : 6 }, { Source : &amp;apos;.Net SqlClient Data Provider&amp;apos;, Number : 242, State : &amp;apos;3&amp;apos;, Class : &amp;apos;16&amp;apos;, Server : &amp;apos;192.168.11.14&amp;apos;, Message : &amp;apos;The conversion of a varchar data type to a datetime data type resulted in an out-of-range value.&amp;apos;, Procedure : &amp;apos;ctemp&amp;apos;, LineNumber : 6 }, { Source : &amp;apos;.Net SqlClient Data Provider&amp;apos;, Number : 242, State : &amp;apos;3&amp;apos;, Class : &amp;apos;16&amp;apos;, Server : &amp;apos;192.168.11.14&amp;apos;, Message : &amp;apos;The conversion of a varchar data type to a datetime data type resulted in an out-of-range value.&amp;apos;, Procedure : &amp;apos;ctemp&amp;apos;, LineNumber : 6 }, { Source : &amp;apos;.Net SqlClient Data Provider&amp;apos;, Number : 242, State : &amp;apos;3&amp;apos;, Class : &amp;apos;16&amp;apos;, Server : &amp;apos;192.168.11.14&amp;apos;, Message : &amp;apos;The conversion of a varchar data type to a datetime data type resulted in an out-of-range value.&amp;apos;, Procedure : &amp;apos;ctemp&amp;apos;, LineNumber : 6 }, { Source : &amp;apos;.Net SqlClient Data Provider&amp;apos;, Number : 242, State : &amp;apos;3&amp;apos;, Class : &amp;apos;16&amp;apos;, Server : &amp;apos;192.168.11.14&amp;apos;, Message : &amp;apos;The conversion of a varchar data type to a datetime data type resulted in an out-of-range value.&amp;apos;, Procedure : &amp;apos;ctemp&amp;apos;, LineNumber : 6 }, { Source : &amp;apos;.Net SqlClient Data Provider&amp;apos;, Number : 242, State : &amp;apos;3&amp;apos;, Class : &amp;apos;16&amp;apos;, Server : &amp;apos;192.168.11.14&amp;apos;, Message : &amp;apos;The conversion of a varchar data type to a datetime data type resulted in an out-of-range value.&amp;apos;, Procedure : &amp;apos;ctemp&amp;apos;, LineNumber : 6 }, { Source : &amp;apos;.Net SqlClient Data Provider&amp;apos;, Number : 242, State : &amp;apos;3&amp;apos;, Class : &amp;apos;16&amp;apos;, Server : &amp;apos;192.168.11.14&amp;apos;, Message : &amp;apos;The conversion of a varchar data type to a datetime data type resulted in an out-of-range value.&amp;apos;, Procedure : &amp;apos;ctemp&amp;apos;, LineNumber : 6 }, { Source : &amp;apos;.Net SqlClient Data Provider&amp;apos;, Number : 242, State : &amp;apos;3&amp;apos;, Class : &amp;apos;16&amp;apos;, Server : &amp;apos;192.168.11.14&amp;apos;, Message : &amp;apos;The conversion of a varchar data type to a datetime data type resulted in an out-of-range value.&amp;apos;, Procedure : &amp;apos;ctemp&amp;apos;, LineNumber : 6 }, { Source : &amp;apos;.Net SqlClient Data Provider&amp;apos;, Number : 242, State : &amp;apos;3&amp;apos;, Class : &amp;apos;16&amp;apos;, Server : &amp;apos;192.168.11.14&amp;apos;, Message : &amp;apos;The conversion of a varchar data type to a datetime data type resulted in an out-of-range value.&amp;apos;, Procedure : &amp;apos;ctemp&amp;apos;, LineNumber : 6 }, { Source : &amp;apos;.Net SqlClient Data Provider&amp;apos;, Number : 242, State : &amp;apos;3&amp;apos;, Class : &amp;apos;16&amp;apos;, Server : &amp;apos;192.168.11.14&amp;apos;, Message : &amp;apos;The conversion of a varchar data type to a datetime data type resulted in an out-of-range value.&amp;apos;, Procedure : &amp;apos;ctemp&amp;apos;, LineNumber : 6 }, { Source : &amp;apos;.Net SqlClient Data Provider&amp;apos;, Number : 242, State : &amp;apos;3&amp;apos;, Class : &amp;apos;16&amp;apos;, Server : &amp;apos;192.168.11.14&amp;apos;, Message : &amp;apos;The conversion of a varchar data type to a datetime data type resulted in an out-of-range value.&amp;apos;, Procedure : &amp;apos;ctemp&amp;apos;, LineNumber : 6 }, { Source : &amp;apos;.Net SqlClient Data Provider&amp;apos;, Number : 242, State : &amp;apos;3&amp;apos;, Class : &amp;apos;16&amp;apos;, Server : &amp;apos;192.168.11.14&amp;apos;, Message : &amp;apos;The conversion of a varchar data type to a datetime data type resulted in an out-of-range value.&amp;apos;, Procedure : &amp;apos;ctemp&amp;apos;, LineNumber : 6 }, { Source : &amp;apos;.Net SqlClient Data Provider&amp;apos;, Number : 242, State : &amp;apos;3&amp;apos;, Class : &amp;apos;16&amp;apos;, Server : &amp;apos;192.168.11.14&amp;apos;, Message : &amp;apos;The conversion of a varchar data type to a datetime data type resulted in an out-of-range value.&amp;apos;, Procedure : &amp;apos;ctemp&amp;apos;, LineNumber : 6 }, { Source : &amp;apos;.Net SqlClient Data Provider&amp;apos;, Number : 242, State : &amp;apos;3&amp;apos;, Class : &amp;apos;16&amp;apos;, Server : &amp;apos;192.168.11.14&amp;apos;, Message : &amp;apos;The conversion of a varchar data type to a datetime data type resulted in an out-of-range value.&amp;apos;, Procedure : &amp;apos;ctemp&amp;apos;, LineNumber : 6 }, { Source : &amp;apos;.Net SqlClient Data Provider&amp;apos;, Number : 242, State : &amp;apos;3&amp;apos;, Class : &amp;apos;16&amp;apos;, Server : &amp;apos;192.168.11.14&amp;apos;, Message : &amp;apos;The conversion of a varchar data type to a datetime data type resulted in an out-of-range value.&amp;apos;, Procedure : &amp;apos;ctemp&amp;apos;, LineNumber : 6 }, { Source : &amp;apos;.Net SqlClient Data Provider&amp;apos;, Number : 242, State : &amp;apos;3&amp;apos;, Class : &amp;apos;16&amp;apos;, Server : &amp;apos;192.168.11.14&amp;apos;, Message : &amp;apos;The conversion of a varchar data type to a datetime data type resulted in an out-of-range value.&amp;apos;, Procedure : &amp;apos;ctemp&amp;apos;, LineNumber : 6 }, { Source : &amp;apos;.Net SqlClient Data Provider&amp;apos;, Number : 242, State : &amp;apos;3&amp;apos;, Class : &amp;apos;16&amp;apos;, Server : &amp;apos;192.168.11.14&amp;apos;, Message : &amp;apos;The conversion of a varchar data type to a datetime data type resulted in an out-of-range value.&amp;apos;, Procedure : &amp;apos;ctemp&amp;apos;, LineNumber : 6 }, { Source : &amp;apos;.Net SqlClient Data Provider&amp;apos;, Number : 242, State : &amp;apos;3&amp;apos;, Class : &amp;apos;16&amp;apos;, Server : &amp;apos;192.168.11.14&amp;apos;, Message : &amp;apos;The conversion of a varchar data type to a datetime data type resulted in an out-of-range value.&amp;apos;, Procedure : &amp;apos;ctemp&amp;apos;, LineNumber : 6 }, { Source : &amp;apos;.Net SqlClient Data Provider&amp;apos;, Number : 242, State : &amp;apos;3&amp;apos;, Class : &amp;apos;16&amp;apos;, Server : &amp;apos;192.168.11.14&amp;apos;, Message : &amp;apos;The conversion of a varchar data type to a datetime data type resulted in an out-of-range value.&amp;apos;, Procedure : &amp;apos;ctemp&amp;apos;, LineNumber : 6 }, { Source : &amp;apos;.Net SqlClient Data Provider&amp;apos;, Number : 242, State : &amp;apos;3&amp;apos;, Class : &amp;apos;16&amp;apos;, Server : &amp;apos;192.168.11.14&amp;apos;, Message : &amp;apos;The conversion of a varchar data type to a datetime data type resulted in an out-of-range value.&amp;apos;, Procedure : &amp;apos;ctemp&amp;apos;, LineNumber : 6 }, { Source : &amp;apos;.Net SqlClient Data Provider&amp;apos;, Number : 242, State : &amp;apos;3&amp;apos;, Class : &amp;apos;16&amp;apos;, Server : &amp;apos;192.168.11.14&amp;apos;, Message : &amp;apos;The conversion of a varchar data type to a datetime data type resulted in an out-of-range value.&amp;apos;, Procedure : &amp;apos;ctemp&amp;apos;, LineNumber : 6 }, { Source : &amp;apos;.Net SqlClient Data Provider&amp;apos;, Number : 242, State : &amp;apos;3&amp;apos;, Class : &amp;apos;16&amp;apos;, Server : &amp;apos;192.168.11.14&amp;apos;, Message : &amp;apos;The conversion of a varchar data type to a datetime data type resulted in an out-of-range value.&amp;apos;, Procedure : &amp;apos;ctemp&amp;apos;, LineNumber : 6 }, { Source : &amp;apos;.Net SqlClient Data Provider&amp;apos;, Number : 242, State : &amp;apos;3&amp;apos;, Class : &amp;apos;16&amp;apos;, Server : &amp;apos;192.168.11.14&amp;apos;, Message : &amp;apos;The conversion of a varchar data type to a datetime data type resulted in an out-of-range value.&amp;apos;, Procedure : &amp;apos;ctemp&amp;apos;, LineNumber : 6 }, { Source : &amp;apos;.Net SqlClient Data Provider&amp;apos;, Number : 242, State : &amp;apos;3&amp;apos;, Class : &amp;apos;16&amp;apos;, Server : &amp;apos;192.168.11.14&amp;apos;, Message : &amp;apos;The conversion of a varchar data type to a datetime data type resulted in an out-of-range value.&amp;apos;, Procedure : &amp;apos;ctemp&amp;apos;, LineNumber : 6 }, { Source : &amp;apos;.Net SqlClient Data Provider&amp;apos;, Number : 242, State : &amp;apos;3&amp;apos;, Class : &amp;apos;16&amp;apos;, Server : &amp;apos;192.168.11.14&amp;apos;, Message : &amp;apos;The conversion of a varchar data type to a datetime data type resulted in an out-of-range value.&amp;apos;, Procedure : &amp;apos;ctemp&amp;apos;, LineNumber : 6 }, { Source : &amp;apos;.Net SqlClient Data Provider&amp;apos;, Number : 242, State : &amp;apos;3&amp;apos;, Class : &amp;apos;16&amp;apos;, Server : &amp;apos;192.168.11.14&amp;apos;, Message : &amp;apos;The conversion of a varchar data type to a datetime data type resulted in an out-of-range value.&amp;apos;, Procedure : &amp;apos;ctemp&amp;apos;, LineNumber : 6 }, { Source : &amp;apos;.Net SqlClient Data Provider&amp;apos;, Number : 242, State : &amp;apos;3&amp;apos;, Class : &amp;apos;16&amp;apos;, Server : &amp;apos;192.168.11.14&amp;apos;, Message : &amp;apos;The conversion of a varchar data type to a datetime data type resulted in an out-of-range value.&amp;apos;, Procedure : &amp;apos;ctemp&amp;apos;, LineNumber : 6 }, { Source : &amp;apos;.Net SqlClient Data Provider&amp;apos;, Number : 242, State : &amp;apos;3&amp;apos;, Class : &amp;apos;16&amp;apos;, Server : &amp;apos;192.168.11.14&amp;apos;, Message : &amp;apos;The conversion of a varchar data type to a datetime data type resulted in an out-of-range value.&amp;apos;, Procedure : &amp;apos;ctemp&amp;apos;, LineNumber : 6 }, { Source : &amp;apos;.Net SqlClient Data Provider&amp;apos;, Number : 242, State : &amp;apos;3&amp;apos;, Class : &amp;apos;16&amp;apos;, Server : &amp;apos;192.168.11.14&amp;apos;, Message : &amp;apos;The conversion of a varchar data type to a datetime data type resulted in an out-of-range value.&amp;apos;, Procedure : &amp;apos;ctemp&amp;apos;, LineNumber : 6 }, { Source : &amp;apos;.Net SqlClient Data Provider&amp;apos;, Number : 242, State : &amp;apos;3&amp;apos;, Class : &amp;apos;16&amp;apos;, Server : &amp;apos;192.168.11.14&amp;apos;, Message : &amp;apos;The conversion of a varchar data type to a datetime data type resulted in an out-of-range value.&amp;apos;, Procedure : &amp;apos;ctemp&amp;apos;, LineNumber : 6 }, { Source : &amp;apos;.Net SqlClient Data Provider&amp;apos;, Number : 242, State : &amp;apos;3&amp;apos;, Class : &amp;apos;16&amp;apos;, Server : &amp;apos;192.168.11.14&amp;apos;, Message : &amp;apos;The conversion of a varchar data type to a datetime data type resulted in an out-of-range value.&amp;apos;, Procedure : &amp;apos;ctemp&amp;apos;, LineNumber : 6 }, { Source : &amp;apos;.Net SqlClient Data Provider&amp;apos;, Number : 242, State : &amp;apos;3&amp;apos;, Class : &amp;apos;16&amp;apos;, Server : &amp;apos;192.168.11.14&amp;apos;, Message : &amp;apos;The conversion of a varchar data type to a datetime data type resulted in an out-of-range value.&amp;apos;, Procedure : &amp;apos;ctemp&amp;apos;, LineNumber : 6 }, { Source : &amp;apos;.Net SqlClient Data Provider&amp;apos;, Number : 242, State : &amp;apos;3&amp;apos;, Class : &amp;apos;16&amp;apos;, Server : &amp;apos;192.168.11.14&amp;apos;, Message : &amp;apos;The conversion of a varchar data type to a datetime data type resulted in an out-of-range value.&amp;apos;, Procedure : &amp;apos;ctemp&amp;apos;, LineNumber : 6 }, { Source : &amp;apos;.Net SqlClient Data Provider&amp;apos;, Number : 242, State : &amp;apos;3&amp;apos;, Class : &amp;apos;16&amp;apos;, Server : &amp;apos;192.168.11.14&amp;apos;, Message : &amp;apos;The conversion of a varchar data type to a datetime data type resulted in an out-of-range value.&amp;apos;, Procedure : &amp;apos;ctemp&amp;apos;, LineNumber : 6 }, { Source : &amp;apos;.Net SqlClient Data Provider&amp;apos;, Number : 242, State : &amp;apos;3&amp;apos;, Class : &amp;apos;16&amp;apos;, Server : &amp;apos;192.168.11.14&amp;apos;, Message : &amp;apos;The conversion of a varchar data type to a datetime data type resulted in an out-of-range value.&amp;apos;, Procedure : &amp;apos;ctemp&amp;apos;, LineNumber : 6 }, { Source : &amp;apos;.Net SqlClient Data Provider&amp;apos;, Number : 242, State : &amp;apos;3&amp;apos;, Class : &amp;apos;16&amp;apos;, Server : &amp;apos;192.168.11.14&amp;apos;, Message : &amp;apos;The conversion of a varchar data type to a datetime data type resulted in an out-of-range value.&amp;apos;, Procedure : &amp;apos;ctemp&amp;apos;, LineNumber : 6 }, { Source : &amp;apos;.Net SqlClient Data Provider&amp;apos;, Number : 242, State : &amp;apos;3&amp;apos;, Class : &amp;apos;16&amp;apos;, Server : &amp;apos;192.168.11.14&amp;apos;, Message : &amp;apos;The conversion of a varchar data type to a datetime data type resulted in an out-of-range value.&amp;apos;, Procedure : &amp;apos;ctemp&amp;apos;, LineNumber : 6 }, { Source : &amp;apos;.Net SqlClient Data Provider&amp;apos;, Number : 242, State : &amp;apos;3&amp;apos;, Class : &amp;apos;16&amp;apos;, Server : &amp;apos;192.168.11.14&amp;apos;, Message : &amp;apos;The conversion of a varchar data type to a datetime data type resulted in an out-of-range value.&amp;apos;, Procedure : &amp;apos;ctemp&amp;apos;, LineNumber : 6 }, { Source : &amp;apos;.Net SqlClient Data Provider&amp;apos;, Number : 242, State : &amp;apos;3&amp;apos;, Class : &amp;apos;16&amp;apos;, Server : &amp;apos;192.168.11.14&amp;apos;, Message : &amp;apos;The conversion of a varchar data type to a datetime data type resulted in an out-of-range value.&amp;apos;, Procedure : &amp;apos;ctemp&amp;apos;, LineNumber : 6 }, { Source : &amp;apos;.Net SqlClient Data Provider&amp;apos;, Number : 242, State : &amp;apos;3&amp;apos;, Class : &amp;apos;16&amp;apos;, Server : &amp;apos;192.168.11.14&amp;apos;, Message : &amp;apos;The conversion of a varchar data type to a datetime data type resulted in an out-of-range value.&amp;apos;, Procedure : &amp;apos;ctemp&amp;apos;, LineNumber : 6 }, { Source : &amp;apos;.Net SqlClient Data Provider&amp;apos;, Number : 242, State : &amp;apos;3&amp;apos;, Class : &amp;apos;16&amp;apos;, Server : &amp;apos;192.168.11.14&amp;apos;, Message : &amp;apos;The conversion of a varchar data type to a datetime data type resulted in an out-of-range value.&amp;apos;, Procedure : &amp;apos;ctemp&amp;apos;, LineNumber : 6 }, { Source : &amp;apos;.Net SqlClient Data Provider&amp;apos;, Number : 242, State : &amp;apos;3&amp;apos;, Class : &amp;apos;16&amp;apos;, Server : &amp;apos;192.168.11.14&amp;apos;, Message : &amp;apos;The conversion of a varchar data type to a datetime data type resulted in an out-of-range value.&amp;apos;, Procedure : &amp;apos;ctemp&amp;apos;, LineNumber : 6 }, { Source : &amp;apos;.Net SqlClient Data Provider&amp;apos;, Number : 242, State : &amp;apos;3&amp;apos;, Class : &amp;apos;16&amp;apos;, Server : &amp;apos;192.168.11.14&amp;apos;, Message : &amp;apos;The conversion of a varchar data type to a datetime data type resulted in an out-of-range value.&amp;apos;, Procedure : &amp;apos;ctemp&amp;apos;, LineNumber : 6 }, { Source : &amp;apos;.Net SqlClient Data Provider&amp;apos;, Number : 242, State : &amp;apos;3&amp;apos;, Class : &amp;apos;16&amp;apos;, Server : &amp;apos;192.168.11.14&amp;apos;, Message : &amp;apos;The conversion of a varchar data type to a datetime data type resulted in an out-of-range value.&amp;apos;, Procedure : &amp;apos;ctemp&amp;apos;, LineNumber : 6 }, { Source : &amp;apos;.Net SqlClient Data Provider&amp;apos;, Number : 242, State : &amp;apos;3&amp;apos;, Class : &amp;apos;16&amp;apos;, Server : &amp;apos;192.168.11.14&amp;apos;, Message : &amp;apos;The conversion of a varchar data type to a datetime data type resulted in an out-of-range value.&amp;apos;, Procedure : &amp;apos;ctemp&amp;apos;, LineNumber : 6 }, { Source : &amp;apos;.Net SqlClient Data Provider&amp;apos;, Number : 242, State : &amp;apos;3&amp;apos;, Class : &amp;apos;16&amp;apos;, Server : &amp;apos;192.168.11.14&amp;apos;, Message : &amp;apos;The conversion of a varchar data type to a datetime data type resulted in an out-of-range value.&amp;apos;, Procedure : &amp;apos;ctemp&amp;apos;, LineNumber : 6 }, { Source : &amp;apos;.Net SqlClient Data Provider&amp;apos;, Number : 242, State : &amp;apos;3&amp;apos;, Class : &amp;apos;16&amp;apos;, Server : &amp;apos;192.168.11.14&amp;apos;, Message : &amp;apos;The conversion of a varchar data type to a datetime data type resulted in an out-of-range value.&amp;apos;, Procedure : &amp;apos;ctemp&amp;apos;, LineNumber : 6 }, { Source : &amp;apos;.Net SqlClient Data Provider&amp;apos;, Number : 242, State : &amp;apos;3&amp;apos;, Class : &amp;apos;16&amp;apos;, Server : &amp;apos;192.168.11.14&amp;apos;, Message : &amp;apos;The conversion of a varchar data type to a datetime data type resulted in an out-of-range value.&amp;apos;, Procedure : &amp;apos;ctemp&amp;apos;, LineNumber : 6 }, { Source : &amp;apos;.Net SqlClient Data Provider&amp;apos;, Number : 242, State : &amp;apos;3&amp;apos;, Class : &amp;apos;16&amp;apos;, Server : &amp;apos;192.168.11.14&amp;apos;, Message : &amp;apos;The conversion of a varchar data type to a datetime data type resulted in an out-of-range value.&amp;apos;, Procedure : &amp;apos;ctemp&amp;apos;, LineNumber : 6 }, { Source : &amp;apos;.Net SqlClient Data Provider&amp;apos;, Number : 242, State : &amp;apos;3&amp;apos;, Class : &amp;apos;16&amp;apos;, Server : &amp;apos;192.168.11.14&amp;apos;, Message : &amp;apos;The conversion of a varchar data type to a datetime data type resulted in an out-of-range value.&amp;apos;, Procedure : &amp;apos;ctemp&amp;apos;, LineNumber : 6 }, { Source : &amp;apos;.Net SqlClient Data Provider&amp;apos;, Number : 242, State : &amp;apos;3&amp;apos;, Class : &amp;apos;16&amp;apos;, Server : &amp;apos;192.168.11.14&amp;apos;, Message : &amp;apos;The conversion of a varchar data type to a datetime data type resulted in an out-of-range value.&amp;apos;, Procedure : &amp;apos;ctemp&amp;apos;, LineNumber : 6 }, { Source : &amp;apos;.Net SqlClient Data Provider&amp;apos;, Number : 242, State : &amp;apos;3&amp;apos;, Class : &amp;apos;16&amp;apos;, Server : &amp;apos;192.168.11.14&amp;apos;, Message : &amp;apos;The conversion of a varchar data type to a datetime data type resulted in an out-of-range value.&amp;apos;, Procedure : &amp;apos;ctemp&amp;apos;, LineNumber : 6 }, { Source : &amp;apos;.Net SqlClient Data Provider&amp;apos;, Number : 242, State : &amp;apos;3&amp;apos;, Class : &amp;apos;16&amp;apos;, Server : &amp;apos;192.168.11.14&amp;apos;, Message : &amp;apos;The conversion of a varchar data type to a datetime data type resulted in an out-of-range value.&amp;apos;, Procedure : &amp;apos;ctemp&amp;apos;, LineNumber : 6 }, { Source : &amp;apos;.Net SqlClient Data Provider&amp;apos;, Number : 242, State : &amp;apos;3&amp;apos;, Class : &amp;apos;16&amp;apos;, Server : &amp;apos;192.168.11.14&amp;apos;, Message : &amp;apos;The conversion of a varchar data type to a datetime data type resulted in an out-of-range value.&amp;apos;, Procedure : &amp;apos;ctemp&amp;apos;, LineNumber : 6 }, { Source : &amp;apos;.Net SqlClient Data Provider&amp;apos;, Number : 242, State : &amp;apos;3&amp;apos;, Class : &amp;apos;16&amp;apos;, Server : &amp;apos;192.168.11.14&amp;apos;, Message : &amp;apos;The conversion of a varchar data type to a datetime data type resulted in an out-of-range value.&amp;apos;, Procedure : &amp;apos;ctemp&amp;apos;, LineNumber : 6 }, { Source : &amp;apos;.Net SqlClient Data Provider&amp;apos;, Number : 242, State : &amp;apos;3&amp;apos;, Class : &amp;apos;16&amp;apos;, Server : &amp;apos;192.168.11.14&amp;apos;, Message : &amp;apos;The conversion of a varchar data type to a datetime data type resulted in an out-of-range value.&amp;apos;, Procedure : &amp;apos;ctemp&amp;apos;, LineNumber : 6 }, { Source : &amp;apos;.Net SqlClient Data Provider&amp;apos;, Number : 242, State : &amp;apos;3&amp;apos;, Class : &amp;apos;16&amp;apos;, Server : &amp;apos;192.168.11.14&amp;apos;, Message : &amp;apos;The conversion of a varchar data type to a datetime data type resulted in an out-of-range value.&amp;apos;, Procedure : &amp;apos;ctemp&amp;apos;, LineNumber : 6 }, { Source : &amp;apos;.Net SqlClient Data Provider&amp;apos;, Number : 242, State : &amp;apos;3&amp;apos;, Class : &amp;apos;16&amp;apos;, Server : &amp;apos;192.168.11.14&amp;apos;, Message : &amp;apos;The conversion of a varchar data type to a datetime data type resulted in an out-of-range value.&amp;apos;, Procedure : &amp;apos;ctemp&amp;apos;, LineNumber : 6 }, { Source : &amp;apos;.Net SqlClient Data Provider&amp;apos;, Number : 242, State : &amp;apos;3&amp;apos;, Class : &amp;apos;16&amp;apos;, Server : &amp;apos;192.168.11.14&amp;apos;, Message : &amp;apos;The conversion of a varchar data type to a datetime data type resulted in an out-of-range value.&amp;apos;, Procedure : &amp;apos;ctemp&amp;apos;, LineNumber : 6 }, { Source : &amp;apos;.Net SqlClient Data Provider&amp;apos;, Number : 242, State : &amp;apos;3&amp;apos;, Class : &amp;apos;16&amp;apos;, Server : &amp;apos;192.168.11.14&amp;apos;, Message : &amp;apos;The conversion of a varchar data type to a datetime data type resulted in an out-of-range value.&amp;apos;, Procedure : &amp;apos;ctemp&amp;apos;, LineNumber : 6 }, { Source : &amp;apos;.Net SqlClient Data Provider&amp;apos;, Number : 242, State : &amp;apos;3&amp;apos;, Class : &amp;apos;16&amp;apos;, Server : &amp;apos;192.168.11.14&amp;apos;, Message : &amp;apos;The conversion of a varchar data type to a datetime data type resulted in an out-of-range value.&amp;apos;, Procedure : &amp;apos;ctemp&amp;apos;, LineNumber : 6 }, { Source : &amp;apos;.Net SqlClient Data Provider&amp;apos;, Number : 242, State : &amp;apos;3&amp;apos;, Class : &amp;apos;16&amp;apos;, Server : &amp;apos;192.168.11.14&amp;apos;, Message : &amp;apos;The conversion of a varchar data type to a datetime data type resulted in an out-of-range value.&amp;apos;, Procedure : &amp;apos;ctemp&amp;apos;, LineNumber : 6 }, { Source : &amp;apos;.Net SqlClient Data Provider&amp;apos;, Number : 242, State : &amp;apos;3&amp;apos;, Class : &amp;apos;16&amp;apos;, Server : &amp;apos;192.168.11.14&amp;apos;, Message : &amp;apos;The conversion of a varchar data type to a datetime data type resulted in an out-of-range value.&amp;apos;, Procedure : &amp;apos;ctemp&amp;apos;, LineNumber : 6 }, { Source : &amp;apos;.Net SqlClient Data Provider&amp;apos;, Number : 242, State : &amp;apos;3&amp;apos;, Class : &amp;apos;16&amp;apos;, Server : &amp;apos;192.168.11.14&amp;apos;, Message : &amp;apos;The conversion of a varchar data type to a datetime data type resulted in an out-of-range value.&amp;apos;, Procedure : &amp;apos;ctemp&amp;apos;, LineNumber : 6 }, { Source : &amp;apos;.Net SqlClient Data Provider&amp;apos;, Number : 242, State : &amp;apos;3&amp;apos;, Class : &amp;apos;16&amp;apos;, Server : &amp;apos;192.168.11.14&amp;apos;, Message : &amp;apos;The conversion of a varchar data type to a datetime data type resulted in an out-of-range value.&amp;apos;, Procedure : &amp;apos;ctemp&amp;apos;, LineNumber : 6 }, { Source : &amp;apos;.Net SqlClient Data Provider&amp;apos;, Number : 242, State : &amp;apos;3&amp;apos;, Class : &amp;apos;16&amp;apos;, Server : &amp;apos;192.168.11.14&amp;apos;, Message : &amp;apos;The conversion of a varchar data type to a datetime data type resulted in an out-of-range value.&amp;apos;, Procedure : &amp;apos;ctemp&amp;apos;, LineNumber : 6 }, { Source : &amp;apos;.Net SqlClient Data Provider&amp;apos;, Number : 242, State : &amp;apos;3&amp;apos;, Class : &amp;apos;16&amp;apos;, Server : &amp;apos;192.168.11.14&amp;apos;, Message : &amp;apos;The conversion of a varchar data type to a datetime data type resulted in an out-of-range value.&amp;apos;, Procedure : &amp;apos;ctemp&amp;apos;, LineNumber : 6 }, { Source : &amp;apos;.Net SqlClient Data Provider&amp;apos;, Number : 242, State : &amp;apos;3&amp;apos;, Class : &amp;apos;16&amp;apos;, Server : &amp;apos;192.168.11.14&amp;apos;, Message : &amp;apos;The conversion of a varchar data type to a datetime data type resulted in an out-of-range value.&amp;apos;, Procedure : &amp;apos;ctemp&amp;apos;, LineNumber : 6 }, { Source : &amp;apos;.Net SqlClient Data Provider&amp;apos;, Number : 242, State : &amp;apos;3&amp;apos;, Class : &amp;apos;16&amp;apos;, Server : &amp;apos;192.168.11.14&amp;apos;, Message : &amp;apos;The conversion of a varchar data type to a datetime data type resulted in an out-of-range value.&amp;apos;, Procedure : &amp;apos;ctemp&amp;apos;, LineNumber : 6 }, { Source : &amp;apos;.Net SqlClient Data Provider&amp;apos;, Number : 242, State : &amp;apos;3&amp;apos;, Class : &amp;apos;16&amp;apos;, Server : &amp;apos;192.168.11.14&amp;apos;, Message : &amp;apos;The conversion of a varchar data type to a datetime data type resulted in an out-of-range value.&amp;apos;, Procedure : &amp;apos;ctemp&amp;apos;, LineNumber : 6 }, { Source : &amp;apos;.Net SqlClient Data Provider&amp;apos;, Number : 242, State : &amp;apos;3&amp;apos;, Class : &amp;apos;16&amp;apos;, Server : &amp;apos;192.168.11.14&amp;apos;, Message : &amp;apos;The conversion of a varchar data type to a datetime data type resulted in an out-of-range value.&amp;apos;, Procedure : &amp;apos;ctemp&amp;apos;, LineNumber : 6 }, { Source : &amp;apos;.Net SqlClient Data Provider&amp;apos;, Number : 242, State : &amp;apos;3&amp;apos;, Class : &amp;apos;16&amp;apos;, Server : &amp;apos;192.168.11.14&amp;apos;, Message : &amp;apos;The conversion of a varchar data type to a datetime data type resulted in an out-of-range value.&amp;apos;, Procedure : &amp;apos;ctemp&amp;apos;, LineNumber : 6 }, { Source : &amp;apos;.Net SqlClient Data Provider&amp;apos;, Number : 242, State : &amp;apos;3&amp;apos;, Class : &amp;apos;16&amp;apos;, Server : &amp;apos;192.168.11.14&amp;apos;, Message : &amp;apos;The conversion of a varchar data type to a datetime data type resulted in an out-of-range value.&amp;apos;, Procedure : &amp;apos;ctemp&amp;apos;, LineNumber : 6 }, { Source : &amp;apos;.Net SqlClient Data Provider&amp;apos;, Number : 242, State : &amp;apos;3&amp;apos;, Class : &amp;apos;16&amp;apos;, Server : &amp;apos;192.168.11.14&amp;apos;, Message : &amp;apos;The conversion of a varchar data type to a datetime data type resulted in an out-of-range value.&amp;apos;, Procedure : &amp;apos;ctemp&amp;apos;, LineNumber : 6 }, { Source : &amp;apos;.Net SqlClient Data Provider&amp;apos;, Number : 242, State : &amp;apos;3&amp;apos;, Class : &amp;apos;16&amp;apos;, Server : &amp;apos;192.168.11.14&amp;apos;, Message : &amp;apos;The conversion of a varchar data type to a datetime data type resulted in an out-of-range value.&amp;apos;, Procedure : &amp;apos;ctemp&amp;apos;, LineNumber : 6 }, { Source : &amp;apos;.Net SqlClient Data Provider&amp;apos;, Number : 242, State : &amp;apos;3&amp;apos;, Class : &amp;apos;16&amp;apos;, Server : &amp;apos;192.168.11.14&amp;apos;, Message : &amp;apos;The conversion of a varchar data type to a datetime data type resulted in an out-of-range value.&amp;apos;, Procedure : &amp;apos;ctemp&amp;apos;, LineNumber : 6 }, { Source : &amp;apos;.Net SqlClient Data Provider&amp;apos;, Number : 242, State : &amp;apos;3&amp;apos;, Class : &amp;apos;16&amp;apos;, Server : &amp;apos;192.168.11.14&amp;apos;, Message : &amp;apos;The conversion of a varchar data type to a datetime data type resulted in an out-of-range value.&amp;apos;, Procedure : &amp;apos;ctemp&amp;apos;, LineNumber : 6 }, { Source : &amp;apos;.Net SqlClient Data Provider&amp;apos;, Number : 242, State : &amp;apos;3&amp;apos;, Class : &amp;apos;16&amp;apos;, Server : &amp;apos;192.168.11.14&amp;apos;, Message : &amp;apos;The conversion of a varchar data type to a datetime data type resulted in an out-of-range value.&amp;apos;, Procedure : &amp;apos;ctemp&amp;apos;, LineNumber : 6 }, { Source : &amp;apos;.Net SqlClient Data Provider&amp;apos;, Number : 242, State : &amp;apos;3&amp;apos;, Class : &amp;apos;16&amp;apos;, Server : &amp;apos;192.168.11.14&amp;apos;, Message : &amp;apos;The conversion of a varchar data type to a datetime data type resulted in an out-of-range value.&amp;apos;, Procedure : &amp;apos;ctemp&amp;apos;, LineNumber : 6 }, { Source : &amp;apos;.Net SqlClient Data Provider&amp;apos;, Number : 242, State : &amp;apos;3&amp;apos;, Class : &amp;apos;16&amp;apos;, Server : &amp;apos;192.168.11.14&amp;apos;, Message : &amp;apos;The conversion of a varchar data type to a datetime data type resulted in an out-of-range value.&amp;apos;, Procedure : &amp;apos;ctemp&amp;apos;, LineNumber : 6 }, { Source : &amp;apos;.Net SqlClient Data Provider&amp;apos;, Number : 242, State : &amp;apos;3&amp;apos;, Class : &amp;apos;16&amp;apos;, Server : &amp;apos;192.168.11.14&amp;apos;, Message : &amp;apos;The conversion of a varchar data type to a datetime data type resulted in an out-of-range value.&amp;apos;, Procedure : &amp;apos;ctemp&amp;apos;, LineNumber : 6 }, { Source : &amp;apos;.Net SqlClient Data Provider&amp;apos;, Number : 242, State : &amp;apos;3&amp;apos;, Class : &amp;apos;16&amp;apos;, Server : &amp;apos;192.168.11.14&amp;apos;, Message : &amp;apos;The conversion of a varchar data type to a datetime data type resulted in an out-of-range value.&amp;apos;, Procedure : &amp;apos;ctemp&amp;apos;, LineNumber : 6 }, { Source : &amp;apos;.Net SqlClient Data Provider&amp;apos;, Number : 242, State : &amp;apos;3&amp;apos;, Class : &amp;apos;16&amp;apos;, Server : &amp;apos;192.168.11.14&amp;apos;, Message : &amp;apos;The conversion of a varchar data type to a datetime data type resulted in an out-of-range value.&amp;apos;, Procedure : &amp;apos;ctemp&amp;apos;, LineNumber : 6 }, { Source : &amp;apos;.Net SqlClient Data Provider&amp;apos;, Number : 242, State : &amp;apos;3&amp;apos;, Class : &amp;apos;16&amp;apos;, Server : &amp;apos;192.168.11.14&amp;apos;, Message : &amp;apos;The conversion of a varchar data type to a datetime data type resulted in an out-of-range value.&amp;apos;, Procedure : &amp;apos;ctemp&amp;apos;, LineNumber : 6 }, { Source : &amp;apos;.Net SqlClient Data Provider&amp;apos;, Number : 242, State : &amp;apos;3&amp;apos;, Class : &amp;apos;16&amp;apos;, Server : &amp;apos;192.168.11.14&amp;apos;, Message : &amp;apos;The conversion of a varchar data type to a datetime data type resulted in an out-of-range value.&amp;apos;, Procedure : &amp;apos;ctemp&amp;apos;, LineNumber : 6 }, { Source : &amp;apos;.Net SqlClient Data Provider&amp;apos;, Number : 242, State : &amp;apos;3&amp;apos;, Class : &amp;apos;16&amp;apos;, Server : &amp;apos;192.168.11.14&amp;apos;, Message : &amp;apos;The conversion of a varchar data type to a datetime data type resulted in an out-of-range value.&amp;apos;, Procedure : &amp;apos;ctemp&amp;apos;, LineNumber : 6 }, { Source : &amp;apos;.Net SqlClient Data Provider&amp;apos;, Number : 242, State : &amp;apos;3&amp;apos;, Class : &amp;apos;16&amp;apos;, Server : &amp;apos;192.168.11.14&amp;apos;, Message : &amp;apos;The conversion of a varchar data type to a datetime data type resulted in an out-of-range value.&amp;apos;, Procedure : &amp;apos;ctemp&amp;apos;, LineNumber : 6 }, { Source : &amp;apos;.Net SqlClient Data Provider&amp;apos;, Number : 242, State : &amp;apos;3&amp;apos;, Class : &amp;apos;16&amp;apos;, Server : &amp;apos;192.168.11.14&amp;apos;, Message : &amp;apos;The conversion of a varchar data type to a datetime data type resulted in an out-of-range value.&amp;apos;, Procedure : &amp;apos;ctemp&amp;apos;, LineNumber : 6 }, { Source : &amp;apos;.Net SqlClient Data Provider&amp;apos;, Number : 242, State : &amp;apos;3&amp;apos;, Class : &amp;apos;16&amp;apos;, Server : &amp;apos;192.168.11.14&amp;apos;, Message : &amp;apos;The conversion of a varchar data type to a datetime data type resulted in an out-of-range value.&amp;apos;, Procedure : &amp;apos;ctemp&amp;apos;, LineNumber : 6 }, { Source : &amp;apos;.Net SqlClient Data Provider&amp;apos;, Number : 242, State : &amp;apos;3&amp;apos;, Class : &amp;apos;16&amp;apos;, Server : &amp;apos;192.168.11.14&amp;apos;, Message : &amp;apos;The conversion of a varchar data type to a datetime data type resulted in an out-of-range value.&amp;apos;, Procedure : &amp;apos;ctemp&amp;apos;, LineNumber : 6 }, { Source : &amp;apos;.Net SqlClient Data Provider&amp;apos;, Number : 242, State : &amp;apos;3&amp;apos;, Class : &amp;apos;16&amp;apos;, Server : &amp;apos;192.168.11.14&amp;apos;, Message : &amp;apos;The conversion of a varchar data type to a datetime data type resulted in an out-of-range value.&amp;apos;, Procedure : &amp;apos;ctemp&amp;apos;, LineNumber : 6 }, { Source : &amp;apos;.Net SqlClient Data Provider&amp;apos;, Number : 242, State : &amp;apos;3&amp;apos;, Class : &amp;apos;16&amp;apos;, Server : &amp;apos;192.168.11.14&amp;apos;, Message : &amp;apos;The conversion of a varchar data type to a datetime data type resulted in an out-of-range value.&amp;apos;, Procedure : &amp;apos;ctemp&amp;apos;, LineNumber : 6 }, { Source : &amp;apos;.Net SqlClient Data Provider&amp;apos;, Number : 242, State : &amp;apos;3&amp;apos;, Class : &amp;apos;16&amp;apos;, Server : &amp;apos;192.168.11.14&amp;apos;, Message : &amp;apos;The conversion of a varchar data type to a datetime data type resulted in an out-of-range value.&amp;apos;, Procedure : &amp;apos;ctemp&amp;apos;, LineNumber : 6 }, { Source : &amp;apos;.Net SqlClient Data Provider&amp;apos;, Number : 242, State : &amp;apos;3&amp;apos;, Class : &amp;apos;16&amp;apos;, Server : &amp;apos;192.168.11.14&amp;apos;, Message : &amp;apos;The conversion of a varchar data type to a datetime data type resulted in an out-of-range value.&amp;apos;, Procedure : &amp;apos;ctemp&amp;apos;, LineNumber : 6 }, { Source : &amp;apos;.Net SqlClient Data Provider&amp;apos;, Number : 242, State : &amp;apos;3&amp;apos;, Class : &amp;apos;16&amp;apos;, Server : &amp;apos;192.168.11.14&amp;apos;, Message : &amp;apos;The conversion of a varchar data type to a datetime data type resulted in an out-of-range value.&amp;apos;, Procedure : &amp;apos;ctemp&amp;apos;, LineNumber : 6 }, { Source : &amp;apos;.Net SqlClient Data Provider&amp;apos;, Number : 3621, State : &amp;apos;0&amp;apos;, Class : &amp;apos;0&amp;apos;, Server : &amp;apos;192.168.11.14&amp;apos;, Message : &amp;apos;The statement has been terminated.&amp;apos;, Procedure : &amp;apos;ctemp&amp;apos;, LineNumber : 6 }, { Source : &amp;apos;.Net SqlClient Data Provider&amp;apos;, Number : 3621, State : &amp;apos;0&amp;apos;, Class : &amp;apos;0&amp;apos;, Server : &amp;apos;192.168.11.14&amp;apos;, Message : &amp;apos;The statement has been terminated.&amp;apos;, Procedure : &amp;apos;ctemp&amp;apos;, LineNumber : 6 }, { Source : &amp;apos;.Net SqlClient Data Provider&amp;apos;, Number : 3621, State : &amp;apos;0&amp;apos;, Class : &amp;apos;0&amp;apos;, Server : &amp;apos;192.168.11.14&amp;apos;, Message : &amp;apos;The statement has been terminated.&amp;apos;, Procedure : &amp;apos;ctemp&amp;apos;, LineNumber : 6 }, { Source : &amp;apos;.Net SqlClient Data Provider&amp;apos;, Number : 3621, State : &amp;apos;0&amp;apos;, Class : &amp;apos;0&amp;apos;, Server : &amp;apos;192.168.11.14&amp;apos;, Message : &amp;apos;The statement has been terminated.&amp;apos;, Procedure : &amp;apos;ctemp&amp;apos;, LineNumber : 6 }, { Source : &amp;apos;.Net SqlClient Data Provider&amp;apos;, Number : 3621, State : &amp;apos;0&amp;apos;, Class : &amp;apos;0&amp;apos;, Server : &amp;apos;192.168.11.14&amp;apos;, Message : &amp;apos;The statement has been terminated.&amp;apos;, Procedure : &amp;apos;ctemp&amp;apos;, LineNumber : 6 }, { Source : &amp;apos;.Net SqlClient Data Provider&amp;apos;, Number : 3621, State : &amp;apos;0&amp;apos;, Class : &amp;apos;0&amp;apos;, Server : &amp;apos;192.168.11.14&amp;apos;, Message : &amp;apos;The statement has been terminated.&amp;apos;, Procedure : &amp;apos;ctemp&amp;apos;, LineNumber : 6 }, { Source : &amp;apos;.Net SqlClient Data Provider&amp;apos;, Number : 3621, State : &amp;apos;0&amp;apos;, Class : &amp;apos;0&amp;apos;, Server : &amp;apos;192.168.11.14&amp;apos;, Message : &amp;apos;The statement has been terminated.&amp;apos;, Procedure : &amp;apos;ctemp&amp;apos;, LineNumber : 6 }, { Source : &amp;apos;.Net SqlClient Data Provider&amp;apos;, Number : 3621, State : &amp;apos;0&amp;apos;, Class : &amp;apos;0&amp;apos;, Server : &amp;apos;192.168.11.14&amp;apos;, Message : &amp;apos;The statement has been terminated.&amp;apos;, Procedure : &amp;apos;ctemp&amp;apos;, LineNumber : 6 }, { Source : &amp;apos;.Net SqlClient Data Provider&amp;apos;, Number : 3621, State : &amp;apos;0&amp;apos;, Class : &amp;apos;0&amp;apos;, Server : &amp;apos;192.168.11.14&amp;apos;, Message : &amp;apos;The statement has been terminated.&amp;apos;, Procedure : &amp;apos;ctemp&amp;apos;, LineNumber : 6 }, { Source : &amp;apos;.Net SqlClient Data Provider&amp;apos;, Number : 3621, State : &amp;apos;0&amp;apos;, Class : &amp;apos;0&amp;apos;, Server : &amp;apos;192.168.11.14&amp;apos;, Message : &amp;apos;The statement has been terminated.&amp;apos;, Procedure : &amp;apos;ctemp&amp;apos;, LineNumber : 6 }, { Source : &amp;apos;.Net SqlClient Data Provider&amp;apos;, Number : 3621, State : &amp;apos;0&amp;apos;, Class : &amp;apos;0&amp;apos;, Server : &amp;apos;192.168.11.14&amp;apos;, Message : &amp;apos;The statement has been terminated.&amp;apos;, Procedure : &amp;apos;ctemp&amp;apos;, LineNumber : 6 }, { Source : &amp;apos;.Net SqlClient Data Provider&amp;apos;, Number : 3621, State : &amp;apos;0&amp;apos;, Class : &amp;apos;0&amp;apos;, Server : &amp;apos;192.168.11.14&amp;apos;, Message : &amp;apos;The statement has been terminated.&amp;apos;, Procedure : &amp;apos;ctemp&amp;apos;, LineNumber : 6 }, { Source : &amp;apos;.Net SqlClient Data Provider&amp;apos;, Number : 3621, State : &amp;apos;0&amp;apos;, Class : &amp;apos;0&amp;apos;, Server : &amp;apos;192.168.11.14&amp;apos;, Message : &amp;apos;The statement has been terminated.&amp;apos;, Procedure : &amp;apos;ctemp&amp;apos;, LineNumber : 6 }, { Source : &amp;apos;.Net SqlClient Data Provider&amp;apos;, Number : 3621, State : &amp;apos;0&amp;apos;, Class : &amp;apos;0&amp;apos;, Server : &amp;apos;192.168.11.14&amp;apos;, Message : &amp;apos;The statement has been terminated.&amp;apos;, Procedure : &amp;apos;ctemp&amp;apos;, LineNumber : 6 }, { Source : &amp;apos;.Net SqlClient Data Provider&amp;apos;, Number : 3621, State : &amp;apos;0&amp;apos;, Class : &amp;apos;0&amp;apos;, Server : &amp;apos;192.168.11.14&amp;apos;, Message : &amp;apos;The statement has been terminated.&amp;apos;, Procedure : &amp;apos;ctemp&amp;apos;, LineNumber : 6 }, { Source : &amp;apos;.Net SqlClient Data Provider&amp;apos;, Number : 3621, State : &amp;apos;0&amp;apos;, Class : &amp;apos;0&amp;apos;, Server : &amp;apos;192.168.11.14&amp;apos;, Message : &amp;apos;The statement has been terminated.&amp;apos;, Procedure : &amp;apos;ctemp&amp;apos;, LineNumber : 6 }, { Source : &amp;apos;.Net SqlClient Data Provider&amp;apos;, Number : 3621, State : &amp;apos;0&amp;apos;, Class : &amp;apos;0&amp;apos;, Server : &amp;apos;192.168.11.14&amp;apos;, Message : &amp;apos;The statement has been terminated.&amp;apos;, Procedure : &amp;apos;ctemp&amp;apos;, LineNumber : 6 }, { Source : &amp;apos;.Net SqlClient Data Provider&amp;apos;, Number : 3621, State : &amp;apos;0&amp;apos;, Class : &amp;apos;0&amp;apos;, Server : &amp;apos;192.168.11.14&amp;apos;, Message : &amp;apos;The statement has been terminated.&amp;apos;, Procedure : &amp;apos;ctemp&amp;apos;, LineNumber : 6 }, { Source : &amp;apos;.Net SqlClient Data Provider&amp;apos;, Number : 3621, State : &amp;apos;0&amp;apos;, Class : &amp;apos;0&amp;apos;, Server : &amp;apos;192.168.11.14&amp;apos;, Message : &amp;apos;The statement has been terminated.&amp;apos;, Procedure : &amp;apos;ctemp&amp;apos;, LineNumber : 6 }, { Source : &amp;apos;.Net SqlClient Data Provider&amp;apos;, Number : 3621, State : &amp;apos;0&amp;apos;, Class : &amp;apos;0&amp;apos;, Server : &amp;apos;192.168.11.14&amp;apos;, Message : &amp;apos;The statement has been terminated.&amp;apos;, Procedure : &amp;apos;ctemp&amp;apos;, LineNumber : 6 }, { Source : &amp;apos;.Net SqlClient Data Provider&amp;apos;, Number : 3621, State : &amp;apos;0&amp;apos;, Class : &amp;apos;0&amp;apos;, Server : &amp;apos;192.168.11.14&amp;apos;, Message : &amp;apos;The statement has been terminated.&amp;apos;, Procedure : &amp;apos;ctemp&amp;apos;, LineNumber : 6 }, { Source : &amp;apos;.Net SqlClient Data Provider&amp;apos;, Number : 3621, State : &amp;apos;0&amp;apos;, Class : &amp;apos;0&amp;apos;, Server : &amp;apos;192.168.11.14&amp;apos;, Message : &amp;apos;The statement has been terminated.&amp;apos;, Procedure : &amp;apos;ctemp&amp;apos;, LineNumber : 6 }, { Source : &amp;apos;.Net SqlClient Data Provider&amp;apos;, Number : 3621, State : &amp;apos;0&amp;apos;, Class : &amp;apos;0&amp;apos;, Server : &amp;apos;192.168.11.14&amp;apos;, Message : &amp;apos;The statement has been terminated.&amp;apos;, Procedure : &amp;apos;ctemp&amp;apos;, LineNumber : 6 }, { Source : &amp;apos;.Net SqlClient Data Provider&amp;apos;, Number : 3621, State : &amp;apos;0&amp;apos;, Class : &amp;apos;0&amp;apos;, Server : &amp;apos;192.168.11.14&amp;apos;, Message : &amp;apos;The statement has been terminated.&amp;apos;, Procedure : &amp;apos;ctemp&amp;apos;, LineNumber : 6 }, { Source : &amp;apos;.Net SqlClient Data Provider&amp;apos;, Number : 3621, State : &amp;apos;0&amp;apos;, Class : &amp;apos;0&amp;apos;, Server : &amp;apos;192.168.11.14&amp;apos;, Message : &amp;apos;The statement has been terminated.&amp;apos;, Procedure : &amp;apos;ctemp&amp;apos;, LineNumber : 6 }, { Source : &amp;apos;.Net SqlClient Data Provider&amp;apos;, Number : 3621, State : &amp;apos;0&amp;apos;, Class : &amp;apos;0&amp;apos;, Server : &amp;apos;192.168.11.14&amp;apos;, Message : &amp;apos;The statement has been terminated.&amp;apos;, Procedure : &amp;apos;ctemp&amp;apos;, LineNumber : 6 }, { Source : &amp;apos;.Net SqlClient Data Provider&amp;apos;, Number : 3621, State : &amp;apos;0&amp;apos;, Class : &amp;apos;0&amp;apos;, Server : &amp;apos;192.168.11.14&amp;apos;, Message : &amp;apos;The statement has been terminated.&amp;apos;, Procedure : &amp;apos;ctemp&amp;apos;, LineNumber : 6 }, { Source : &amp;apos;.Net SqlClient Data Provider&amp;apos;, Number : 3621, State : &amp;apos;0&amp;apos;, Class : &amp;apos;0&amp;apos;, Server : &amp;apos;192.168.11.14&amp;apos;, Message : &amp;apos;The statement has been terminated.&amp;apos;, Procedure : &amp;apos;ctemp&amp;apos;, LineNumber : 6 }, { Source : &amp;apos;.Net SqlClient Data Provider&amp;apos;, Number : 3621, State : &amp;apos;0&amp;apos;, Class : &amp;apos;0&amp;apos;, Server : &amp;apos;192.168.11.14&amp;apos;, Message : &amp;apos;The statement has been terminated.&amp;apos;, Procedure : &amp;apos;ctemp&amp;apos;, LineNumber : 6 }, { Source : &amp;apos;.Net SqlClient Data Provider&amp;apos;, Number : 3621, State : &amp;apos;0&amp;apos;, Class : &amp;apos;0&amp;apos;, Server : &amp;apos;192.168.11.14&amp;apos;, Message : &amp;apos;The statement has been terminated.&amp;apos;, Procedure : &amp;apos;ctemp&amp;apos;, LineNumber : 6 }, { Source : &amp;apos;.Net SqlClient Data Provider&amp;apos;, Number : 3621, State : &amp;apos;0&amp;apos;, Class : &amp;apos;0&amp;apos;, Server : &amp;apos;192.168.11.14&amp;apos;, Message : &amp;apos;The statement has been terminated.&amp;apos;, Procedure : &amp;apos;ctemp&amp;apos;, LineNumber : 6 }, { Source : &amp;apos;.Net SqlClient Data Provider&amp;apos;, Number : 3621, State : &amp;apos;0&amp;apos;, Class : &amp;apos;0&amp;apos;, Server : &amp;apos;192.168.11.14&amp;apos;, Message : &amp;apos;The statement has been terminated.&amp;apos;, Procedure : &amp;apos;ctemp&amp;apos;, LineNumber : 6 }, { Source : &amp;apos;.Net SqlClient Data Provider&amp;apos;, Number : 3621, State : &amp;apos;0&amp;apos;, Class : &amp;apos;0&amp;apos;, Server : &amp;apos;192.168.11.14&amp;apos;, Message : &amp;apos;The statement has been terminated.&amp;apos;, Procedure : &amp;apos;ctemp&amp;apos;, LineNumber : 6 }, { Source : &amp;apos;.Net SqlClient Data Provider&amp;apos;, Number : 3621, State : &amp;apos;0&amp;apos;, Class : &amp;apos;0&amp;apos;, Server : &amp;apos;192.168.11.14&amp;apos;, Message : &amp;apos;The statement has been terminated.&amp;apos;, Procedure : &amp;apos;ctemp&amp;apos;, LineNumber : 6 }, { Source : &amp;apos;.Net SqlClient Data Provider&amp;apos;, Number : 3621, State : &amp;apos;0&amp;apos;, Class : &amp;apos;0&amp;apos;, Server : &amp;apos;192.168.11.14&amp;apos;, Message : &amp;apos;The statement has been terminated.&amp;apos;, Procedure : &amp;apos;ctemp&amp;apos;, LineNumber : 6 }, { Source : &amp;apos;.Net SqlClient Data Provider&amp;apos;, Number : 3621, State : &amp;apos;0&amp;apos;, Class : &amp;apos;0&amp;apos;, Server : &amp;apos;192.168.11.14&amp;apos;, Message : &amp;apos;The statement has been terminated.&amp;apos;, Procedure : &amp;apos;ctemp&amp;apos;, LineNumber : 6 }, { Source : &amp;apos;.Net SqlClient Data Provider&amp;apos;, Number : 3621, State : &amp;apos;0&amp;apos;, Class : &amp;apos;0&amp;apos;, Server : &amp;apos;192.168.11.14&amp;apos;, Message : &amp;apos;The statement has been terminated.&amp;apos;, Procedure : &amp;apos;ctemp&amp;apos;, LineNumber : 6 }, { Source : &amp;apos;.Net SqlClient Data Provider&amp;apos;, Number : 3621, State : &amp;apos;0&amp;apos;, Class : &amp;apos;0&amp;apos;, Server : &amp;apos;192.168.11.14&amp;apos;, Message : &amp;apos;The statement has been terminated.&amp;apos;, Procedure : &amp;apos;ctemp&amp;apos;, LineNumber : 6 }, { Source : &amp;apos;.Net SqlClient Data Provider&amp;apos;, Number : 3621, State : &amp;apos;0&amp;apos;, Class : &amp;apos;0&amp;apos;, Server : &amp;apos;192.168.11.14&amp;apos;, Message : &amp;apos;The statement has been terminated.&amp;apos;, Procedure : &amp;apos;ctemp&amp;apos;, LineNumber : 6 }, { Source : &amp;apos;.Net SqlClient Data Provider&amp;apos;, Number : 3621, State : &amp;apos;0&amp;apos;, Class : &amp;apos;0&amp;apos;, Server : &amp;apos;192.168.11.14&amp;apos;, Message : &amp;apos;The statement has been terminated.&amp;apos;, Procedure : &amp;apos;ctemp&amp;apos;, LineNumber : 6 }, { Source : &amp;apos;.Net SqlClient Data Provider&amp;apos;, Number : 3621, State : &amp;apos;0&amp;apos;, Class : &amp;apos;0&amp;apos;, Server : &amp;apos;192.168.11.14&amp;apos;, Message : &amp;apos;The statement has been terminated.&amp;apos;, Procedure : &amp;apos;ctemp&amp;apos;, LineNumber : 6 }, { Source : &amp;apos;.Net SqlClient Data Provider&amp;apos;, Number : 3621, State : &amp;apos;0&amp;apos;, Class : &amp;apos;0&amp;apos;, Server : &amp;apos;192.168.11.14&amp;apos;, Message : &amp;apos;The statement has been terminated.&amp;apos;, Procedure : &amp;apos;ctemp&amp;apos;, LineNumber : 6 }, { Source : &amp;apos;.Net SqlClient Data Provider&amp;apos;, Number : 3621, State : &amp;apos;0&amp;apos;, Class : &amp;apos;0&amp;apos;, Server : &amp;apos;192.168.11.14&amp;apos;, Message : &amp;apos;The statement has been terminated.&amp;apos;, Procedure : &amp;apos;ctemp&amp;apos;, LineNumber : 6 }, { Source : &amp;apos;.Net SqlClient Data Provider&amp;apos;, Number : 3621, State : &amp;apos;0&amp;apos;, Class : &amp;apos;0&amp;apos;, Server : &amp;apos;192.168.11.14&amp;apos;, Message : &amp;apos;The statement has been terminated.&amp;apos;, Procedure : &amp;apos;ctemp&amp;apos;, LineNumber : 6 }, { Source : &amp;apos;.Net SqlClient Data Provider&amp;apos;, Number : 3621, State : &amp;apos;0&amp;apos;, Class : &amp;apos;0&amp;apos;, Server : &amp;apos;192.168.11.14&amp;apos;, Message : &amp;apos;The statement has been terminated.&amp;apos;, Procedure : &amp;apos;ctemp&amp;apos;, LineNumber : 6 }, { Source : &amp;apos;.Net SqlClient Data Provider&amp;apos;, Number : 3621, State : &amp;apos;0&amp;apos;, Class : &amp;apos;0&amp;apos;, Server : &amp;apos;192.168.11.14&amp;apos;, Message : &amp;apos;The statement has been terminated.&amp;apos;, Procedure : &amp;apos;ctemp&amp;apos;, LineNumber : 6 }, { Source : &amp;apos;.Net SqlClient Data Provider&amp;apos;, Number : 3621, State : &amp;apos;0&amp;apos;, Class : &amp;apos;0&amp;apos;, Server : &amp;apos;192.168.11.14&amp;apos;, Message : &amp;apos;The statement has been terminated.&amp;apos;, Procedure : &amp;apos;ctemp&amp;apos;, LineNumber : 6 }, { Source : &amp;apos;.Net SqlClient Data Provider&amp;apos;, Number : 3621, State : &amp;apos;0&amp;apos;, Class : &amp;apos;0&amp;apos;, Server : &amp;apos;192.168.11.14&amp;apos;, Message : &amp;apos;The statement has been terminated.&amp;apos;, Procedure : &amp;apos;ctemp&amp;apos;, LineNumber : 6 }, { Source : &amp;apos;.Net SqlClient Data Provider&amp;apos;, Number : 3621, State : &amp;apos;0&amp;apos;, Class : &amp;apos;0&amp;apos;, Server : &amp;apos;192.168.11.14&amp;apos;, Message : &amp;apos;The statement has been terminated.&amp;apos;, Procedure : &amp;apos;ctemp&amp;apos;, LineNumber : 6 }, { Source : &amp;apos;.Net SqlClient Data Provider&amp;apos;, Number : 3621, State : &amp;apos;0&amp;apos;, Class : &amp;apos;0&amp;apos;, Server : &amp;apos;192.168.11.14&amp;apos;, Message : &amp;apos;The statement has been terminated.&amp;apos;, Procedure : &amp;apos;ctemp&amp;apos;, LineNumber : 6 }, { Source : &amp;apos;.Net SqlClient Data Provider&amp;apos;, Number : 3621, State : &amp;apos;0&amp;apos;, Class : &amp;apos;0&amp;apos;, Server : &amp;apos;192.168.11.14&amp;apos;, Message : &amp;apos;The statement has been terminated.&amp;apos;, Procedure : &amp;apos;ctemp&amp;apos;, LineNumber : 6 }, { Source : &amp;apos;.Net SqlClient Data Provider&amp;apos;, Number : 3621, State : &amp;apos;0&amp;apos;, Class : &amp;apos;0&amp;apos;, Server : &amp;apos;192.168.11.14&amp;apos;, Message : &amp;apos;The statement has been terminated.&amp;apos;, Procedure : &amp;apos;ctemp&amp;apos;, LineNumber : 6 }, { Source : &amp;apos;.Net SqlClient Data Provider&amp;apos;, Number : 3621, State : &amp;apos;0&amp;apos;, Class : &amp;apos;0&amp;apos;, Server : &amp;apos;192.168.11.14&amp;apos;, Message : &amp;apos;The statement has been terminated.&amp;apos;, Procedure : &amp;apos;ctemp&amp;apos;, LineNumber : 6 }, { Source : &amp;apos;.Net SqlClient Data Provider&amp;apos;, Number : 3621, State : &amp;apos;0&amp;apos;, Class : &amp;apos;0&amp;apos;, Server : &amp;apos;192.168.11.14&amp;apos;, Message : &amp;apos;The statement has been terminated.&amp;apos;, Procedure : &amp;apos;ctemp&amp;apos;, LineNumber : 6 }, { Source : &amp;apos;.Net SqlClient Data Provider&amp;apos;, Number : 3621, State : &amp;apos;0&amp;apos;, Class : &amp;apos;0&amp;apos;, Server : &amp;apos;192.168.11.14&amp;apos;, Message : &amp;apos;The statement has been terminated.&amp;apos;, Procedure : &amp;apos;ctemp&amp;apos;, LineNumber : 6 }, { Source : &amp;apos;.Net SqlClient Data Provider&amp;apos;, Number : 3621, State : &amp;apos;0&amp;apos;, Class : &amp;apos;0&amp;apos;, Server : &amp;apos;192.168.11.14&amp;apos;, Message : &amp;apos;The statement has been terminated.&amp;apos;, Procedure : &amp;apos;ctemp&amp;apos;, LineNumber : 6 }, { Source : &amp;apos;.Net SqlClient Data Provider&amp;apos;, Number : 3621, State : &amp;apos;0&amp;apos;, Class : &amp;apos;0&amp;apos;, Server : &amp;apos;192.168.11.14&amp;apos;, Message : &amp;apos;The statement has been terminated.&amp;apos;, Procedure : &amp;apos;ctemp&amp;apos;, LineNumber : 6 }, { Source : &amp;apos;.Net SqlClient Data Provider&amp;apos;, Number : 3621, State : &amp;apos;0&amp;apos;, Class : &amp;apos;0&amp;apos;, Server : &amp;apos;192.168.11.14&amp;apos;, Message : &amp;apos;The statement has been terminated.&amp;apos;, Procedure : &amp;apos;ctemp&amp;apos;, LineNumber : 6 }, { Source : &amp;apos;.Net SqlClient Data Provider&amp;apos;, Number : 3621, State : &amp;apos;0&amp;apos;, Class : &amp;apos;0&amp;apos;, Server : &amp;apos;192.168.11.14&amp;apos;, Message : &amp;apos;The statement has been terminated.&amp;apos;, Procedure : &amp;apos;ctemp&amp;apos;, LineNumber : 6 }, { Source : &amp;apos;.Net SqlClient Data Provider&amp;apos;, Number : 3621, State : &amp;apos;0&amp;apos;, Class : &amp;apos;0&amp;apos;, Server : &amp;apos;192.168.11.14&amp;apos;, Message : &amp;apos;The statement has been terminated.&amp;apos;, Procedure : &amp;apos;ctemp&amp;apos;, LineNumber : 6 }, { Source : &amp;apos;.Net SqlClient Data Provider&amp;apos;, Number : 3621, State : &amp;apos;0&amp;apos;, Class : &amp;apos;0&amp;apos;, Server : &amp;apos;192.168.11.14&amp;apos;, Message : &amp;apos;The statement has been terminated.&amp;apos;, Procedure : &amp;apos;ctemp&amp;apos;, LineNumber : 6 }, { Source : &amp;apos;.Net SqlClient Data Provider&amp;apos;, Number : 3621, State : &amp;apos;0&amp;apos;, Class : &amp;apos;0&amp;apos;, Server : &amp;apos;192.168.11.14&amp;apos;, Message : &amp;apos;The statement has been terminated.&amp;apos;, Procedure : &amp;apos;ctemp&amp;apos;, LineNumber : 6 }, { Source : &amp;apos;.Net SqlClient Data Provider&amp;apos;, Number : 3621, State : &amp;apos;0&amp;apos;, Class : &amp;apos;0&amp;apos;, Server : &amp;apos;192.168.11.14&amp;apos;, Message : &amp;apos;The statement has been terminated.&amp;apos;, Procedure : &amp;apos;ctemp&amp;apos;, LineNumber : 6 }, { Source : &amp;apos;.Net SqlClient Data Provider&amp;apos;, Number : 3621, State : &amp;apos;0&amp;apos;, Class : &amp;apos;0&amp;apos;, Server : &amp;apos;192.168.11.14&amp;apos;, Message : &amp;apos;The statement has been terminated.&amp;apos;, Procedure : &amp;apos;ctemp&amp;apos;, LineNumber : 6 }, { Source : &amp;apos;.Net SqlClient Data Provider&amp;apos;, Number : 3621, State : &amp;apos;0&amp;apos;, Class : &amp;apos;0&amp;apos;, Server : &amp;apos;192.168.11.14&amp;apos;, Message : &amp;apos;The statement has been terminated.&amp;apos;, Procedure : &amp;apos;ctemp&amp;apos;, LineNumber : 6 }, { Source : &amp;apos;.Net SqlClient Data Provider&amp;apos;, Number : 3621, State : &amp;apos;0&amp;apos;, Class : &amp;apos;0&amp;apos;, Server : &amp;apos;192.168.11.14&amp;apos;, Message : &amp;apos;The statement has been terminated.&amp;apos;, Procedure : &amp;apos;ctemp&amp;apos;, LineNumber : 6 }, { Source : &amp;apos;.Net SqlClient Data Provider&amp;apos;, Number : 3621, State : &amp;apos;0&amp;apos;, Class : &amp;apos;0&amp;apos;, Server : &amp;apos;192.168.11.14&amp;apos;, Message : &amp;apos;The statement has been terminated.&amp;apos;, Procedure : &amp;apos;ctemp&amp;apos;, LineNumber : 6 }, { Source : &amp;apos;.Net SqlClient Data Provider&amp;apos;, Number : 3621, State : &amp;apos;0&amp;apos;, Class : &amp;apos;0&amp;apos;, Server : &amp;apos;192.168.11.14&amp;apos;, Message : &amp;apos;The statement has been terminated.&amp;apos;, Procedure : &amp;apos;ctemp&amp;apos;, LineNumber : 6 }, { Source : &amp;apos;.Net SqlClient Data Provider&amp;apos;, Number : 3621, State : &amp;apos;0&amp;apos;, Class : &amp;apos;0&amp;apos;, Server : &amp;apos;192.168.11.14&amp;apos;, Message : &amp;apos;The statement has been terminated.&amp;apos;, Procedure : &amp;apos;ctemp&amp;apos;, LineNumber : 6 }, { Source : &amp;apos;.Net SqlClient Data Provider&amp;apos;, Number : 3621, State : &amp;apos;0&amp;apos;, Class : &amp;apos;0&amp;apos;, Server : &amp;apos;192.168.11.14&amp;apos;, Message : &amp;apos;The statement has been terminated.&amp;apos;, Procedure : &amp;apos;ctemp&amp;apos;, LineNumber : 6 }, { Source : &amp;apos;.Net SqlClient Data Provider&amp;apos;, Number : 3621, State : &amp;apos;0&amp;apos;, Class : &amp;apos;0&amp;apos;, Server : &amp;apos;192.168.11.14&amp;apos;, Message : &amp;apos;The statement has been terminated.&amp;apos;, Procedure : &amp;apos;ctemp&amp;apos;, LineNumber : 6 }, { Source : &amp;apos;.Net SqlClient Data Provider&amp;apos;, Number : 3621, State : &amp;apos;0&amp;apos;, Class : &amp;apos;0&amp;apos;, Server : &amp;apos;192.168.11.14&amp;apos;, Message : &amp;apos;The statement has been terminated.&amp;apos;, Procedure : &amp;apos;ctemp&amp;apos;, LineNumber : 6 }, { Source : &amp;apos;.Net SqlClient Data Provider&amp;apos;, Number : 3621, State : &amp;apos;0&amp;apos;, Class : &amp;apos;0&amp;apos;, Server : &amp;apos;192.168.11.14&amp;apos;, Message : &amp;apos;The statement has been terminated.&amp;apos;, Procedure : &amp;apos;ctemp&amp;apos;, LineNumber : 6 }, { Source : &amp;apos;.Net SqlClient Data Provider&amp;apos;, Number : 3621, State : &amp;apos;0&amp;apos;, Class : &amp;apos;0&amp;apos;, Server : &amp;apos;192.168.11.14&amp;apos;, Message : &amp;apos;The statement has been terminated.&amp;apos;, Procedure : &amp;apos;ctemp&amp;apos;, LineNumber : 6 }, { Source : &amp;apos;.Net SqlClient Data Provider&amp;apos;, Number : 3621, State : &amp;apos;0&amp;apos;, Class : &amp;apos;0&amp;apos;, Server : &amp;apos;192.168.11.14&amp;apos;, Message : &amp;apos;The statement has been terminated.&amp;apos;, Procedure : &amp;apos;ctemp&amp;apos;, LineNumber : 6 }, { Source : &amp;apos;.Net SqlClient Data Provider&amp;apos;, Number : 3621, State : &amp;apos;0&amp;apos;, Class : &amp;apos;0&amp;apos;, Server : &amp;apos;192.168.11.14&amp;apos;, Message : &amp;apos;The statement has been terminated.&amp;apos;, Procedure : &amp;apos;ctemp&amp;apos;, LineNumber : 6 }, { Source : &amp;apos;.Net SqlClient Data Provider&amp;apos;, Number : 3621, State : &amp;apos;0&amp;apos;, Class : &amp;apos;0&amp;apos;, Server : &amp;apos;192.168.11.14&amp;apos;, Message : &amp;apos;The statement has been terminated.&amp;apos;, Procedure : &amp;apos;ctemp&amp;apos;, LineNumber : 6 }, { Source : &amp;apos;.Net SqlClient Data Provider&amp;apos;, Number : 3621, State : &amp;apos;0&amp;apos;, Class : &amp;apos;0&amp;apos;, Server : &amp;apos;192.168.11.14&amp;apos;, Message : &amp;apos;The statement has been terminated.&amp;apos;, Procedure : &amp;apos;ctemp&amp;apos;, LineNumber : 6 }, { Source : &amp;apos;.Net SqlClient Data Provider&amp;apos;, Number : 3621, State : &amp;apos;0&amp;apos;, Class : &amp;apos;0&amp;apos;, Server : &amp;apos;192.168.11.14&amp;apos;, Message : &amp;apos;The statement has been terminated.&amp;apos;, Procedure : &amp;apos;ctemp&amp;apos;, LineNumber : 6 }, { Source : &amp;apos;.Net SqlClient Data Provider&amp;apos;, Number : 3621, State : &amp;apos;0&amp;apos;, Class : &amp;apos;0&amp;apos;, Server : &amp;apos;192.168.11.14&amp;apos;, Message : &amp;apos;The statement has been terminated.&amp;apos;, Procedure : &amp;apos;ctemp&amp;apos;, LineNumber : 6 }, { Source : &amp;apos;.Net SqlClient Data Provider&amp;apos;, Number : 3621, State : &amp;apos;0&amp;apos;, Class : &amp;apos;0&amp;apos;, Server : &amp;apos;192.168.11.14&amp;apos;, Message : &amp;apos;The statement has been terminated.&amp;apos;, Procedure : &amp;apos;ctemp&amp;apos;, LineNumber : 6 }, { Source : &amp;apos;.Net SqlClient Data Provider&amp;apos;, Number : 3621, State : &amp;apos;0&amp;apos;, Class : &amp;apos;0&amp;apos;, Server : &amp;apos;192.168.11.14&amp;apos;, Message : &amp;apos;The statement has been terminated.&amp;apos;, Procedure : &amp;apos;ctemp&amp;apos;, LineNumber : 6 }, { Source : &amp;apos;.Net SqlClient Data Provider&amp;apos;, Number : 3621, State : &amp;apos;0&amp;apos;, Class : &amp;apos;0&amp;apos;, Server : &amp;apos;192.168.11.14&amp;apos;, Message : &amp;apos;The statement has been terminated.&amp;apos;, Procedure : &amp;apos;ctemp&amp;apos;, LineNumber : 6 }, { Source : &amp;apos;.Net SqlClient Data Provider&amp;apos;, Number : 3621, State : &amp;apos;0&amp;apos;, Class : &amp;apos;0&amp;apos;, Server : &amp;apos;192.168.11.14&amp;apos;, Message : &amp;apos;The statement has been terminated.&amp;apos;, Procedure : &amp;apos;ctemp&amp;apos;, LineNumber : 6 }, { Source : &amp;apos;.Net SqlClient Data Provider&amp;apos;, Number : 3621, State : &amp;apos;0&amp;apos;, Class : &amp;apos;0&amp;apos;, Server : &amp;apos;192.168.11.14&amp;apos;, Message : &amp;apos;The statement has been terminated.&amp;apos;, Procedure : &amp;apos;ctemp&amp;apos;, LineNumber : 6 }, { Source : &amp;apos;.Net SqlClient Data Provider&amp;apos;, Number : 3621, State : &amp;apos;0&amp;apos;, Class : &amp;apos;0&amp;apos;, Server : &amp;apos;192.168.11.14&amp;apos;, Message : &amp;apos;The statement has been terminated.&amp;apos;, Procedure : &amp;apos;ctemp&amp;apos;, LineNumber : 6 }, { Source : &amp;apos;.Net SqlClient Data Provider&amp;apos;, Number : 3621, State : &amp;apos;0&amp;apos;, Class : &amp;apos;0&amp;apos;, Server : &amp;apos;192.168.11.14&amp;apos;, Message : &amp;apos;The statement has been terminated.&amp;apos;, Procedure : &amp;apos;ctemp&amp;apos;, LineNumber : 6 }, { Source : &amp;apos;.Net SqlClient Data Provider&amp;apos;, Number : 3621, State : &amp;apos;0&amp;apos;, Class : &amp;apos;0&amp;apos;, Server : &amp;apos;192.168.11.14&amp;apos;, Message : &amp;apos;The statement has been terminated.&amp;apos;, Procedure : &amp;apos;ctemp&amp;apos;, LineNumber : 6 }, { Source : &amp;apos;.Net SqlClient Data Provider&amp;apos;, Number : 3621, State : &amp;apos;0&amp;apos;, Class : &amp;apos;0&amp;apos;, Server : &amp;apos;192.168.11.14&amp;apos;, Message : &amp;apos;The statement has been terminated.&amp;apos;, Procedure : &amp;apos;ctemp&amp;apos;, LineNumber : 6 }, { Source : &amp;apos;.Net SqlClient Data Provider&amp;apos;, Number : 3621, State : &amp;apos;0&amp;apos;, Class : &amp;apos;0&amp;apos;, Server : &amp;apos;192.168.11.14&amp;apos;, Message : &amp;apos;The statement has been terminated.&amp;apos;, Procedure : &amp;apos;ctemp&amp;apos;, LineNumber : 6 }, { Source : &amp;apos;.Net SqlClient Data Provider&amp;apos;, Number : 3621, State : &amp;apos;0&amp;apos;, Class : &amp;apos;0&amp;apos;, Server : &amp;apos;192.168.11.14&amp;apos;, Message : &amp;apos;The statement has been terminated.&amp;apos;, Procedure : &amp;apos;ctemp&amp;apos;, LineNumber : 6 }, { Source : &amp;apos;.Net SqlClient Data Provider&amp;apos;, Number : 3621, State : &amp;apos;0&amp;apos;, Class : &amp;apos;0&amp;apos;, Server : &amp;apos;192.168.11.14&amp;apos;, Message : &amp;apos;The statement has been terminated.&amp;apos;, Procedure : &amp;apos;ctemp&amp;apos;, LineNumber : 6 }, { Source : &amp;apos;.Net SqlClient Data Provider&amp;apos;, Number : 3621, State : &amp;apos;0&amp;apos;, Class : &amp;apos;0&amp;apos;, Server : &amp;apos;192.168.11.14&amp;apos;, Message : &amp;apos;The statement has been terminated.&amp;apos;, Procedure : &amp;apos;ctemp&amp;apos;, LineNumber : 6 }, { Source : &amp;apos;.Net SqlClient Data Provider&amp;apos;, Number : 3621, State : &amp;apos;0&amp;apos;, Class : &amp;apos;0&amp;apos;, Server : &amp;apos;192.168.11.14&amp;apos;, Message : &amp;apos;The statement has been terminated.&amp;apos;, Procedure : &amp;apos;ctemp&amp;apos;, LineNumber : 6 }, { Source : &amp;apos;.Net SqlClient Data Provider&amp;apos;, Number : 3621, State : &amp;apos;0&amp;apos;, Class : &amp;apos;0&amp;apos;, Server : &amp;apos;192.168.11.14&amp;apos;, Message : &amp;apos;The statement has been terminated.&amp;apos;, Procedure : &amp;apos;ctemp&amp;apos;, LineNumber : 6 }, { Source : &amp;apos;.Net SqlClient Data Provider&amp;apos;, Number : 3621, State : &amp;apos;0&amp;apos;, Class : &amp;apos;0&amp;apos;, Server : &amp;apos;192.168.11.14&amp;apos;, Message : &amp;apos;The statement has been terminated.&amp;apos;, Procedure : &amp;apos;ctemp&amp;apos;, LineNumber : 6 }, { Source : &amp;apos;.Net SqlClient Data Provider&amp;apos;, Number : 3621, State : &amp;apos;0&amp;apos;, Class : &amp;apos;0&amp;apos;, Server : &amp;apos;192.168.11.14&amp;apos;, Message : &amp;apos;The statement has been terminated.&amp;apos;, Procedure : &amp;apos;ctemp&amp;apos;, LineNumber : 6 }, { Source : &amp;apos;.Net SqlClient Data Provider&amp;apos;, Number : 3621, State : &amp;apos;0&amp;apos;, Class : &amp;apos;0&amp;apos;, Server : &amp;apos;192.168.11.14&amp;apos;, Message : &amp;apos;The statement has been terminated.&amp;apos;, Procedure : &amp;apos;ctemp&amp;apos;, LineNumber : 6 }, { Source : &amp;apos;.Net SqlClient Data Provider&amp;apos;, Number : 3621, State : &amp;apos;0&amp;apos;, Class : &amp;apos;0&amp;apos;, Server : &amp;apos;192.168.11.14&amp;apos;, Message : &amp;apos;The statement has been terminated.&amp;apos;, Procedure : &amp;apos;ctemp&amp;apos;, LineNumber : 6 }, { Source : &amp;apos;.Net SqlClient Data Provider&amp;apos;, Number : 3621, State : &amp;apos;0&amp;apos;, Class : &amp;apos;0&amp;apos;, Server : &amp;apos;192.168.11.14&amp;apos;, Message : &amp;apos;The statement has been terminated.&amp;apos;, Procedure : &amp;apos;ctemp&amp;apos;, LineNumber : 6 }, { Source : &amp;apos;.Net SqlClient Data Provider&amp;apos;, Number : 3621, State : &amp;apos;0&amp;apos;, Class : &amp;apos;0&amp;apos;, Server : &amp;apos;192.168.11.14&amp;apos;, Message : &amp;apos;The statement has been terminated.&amp;apos;, Procedure : &amp;apos;ctemp&amp;apos;, LineNumber : 6 }, { Source : &amp;apos;.Net SqlClient Data Provider&amp;apos;, Number : 3621, State : &amp;apos;0&amp;apos;, Class : &amp;apos;0&amp;apos;, Server : &amp;apos;192.168.11.14&amp;apos;, Message : &amp;apos;The statement has been terminated.&amp;apos;, Procedure : &amp;apos;ctemp&amp;apos;, LineNumber : 6 }, { Source : &amp;apos;.Net SqlClient Data Provider&amp;apos;, Number : 3621, State : &amp;apos;0&amp;apos;, Class : &amp;apos;0&amp;apos;, Server : &amp;apos;192.168.11.14&amp;apos;, Message : &amp;apos;The statement has been terminated.&amp;apos;, Procedure : &amp;apos;ctemp&amp;apos;, LineNumber : 6 }, { Source : &amp;apos;.Net SqlClient Data Provider&amp;apos;, Number : 3621, State : &amp;apos;0&amp;apos;, Class : &amp;apos;0&amp;apos;, Server : &amp;apos;192.168.11.14&amp;apos;, Message : &amp;apos;The statement has been terminated.&amp;apos;, Procedure : &amp;apos;ctemp&amp;apos;, LineNumber : 6 }, { Source : &amp;apos;.Net SqlClient Data Provider&amp;apos;, Number : 3621, State : &amp;apos;0&amp;apos;, Class : &amp;apos;0&amp;apos;, Server : &amp;apos;192.168.11.14&amp;apos;, Message : &amp;apos;The statement has been terminated.&amp;apos;, Procedure : &amp;apos;ctemp&amp;apos;, LineNumber : 6 }, { Source : &amp;apos;.Net SqlClient Data Provider&amp;apos;, Number : 3621, State : &amp;apos;0&amp;apos;, Class : &amp;apos;0&amp;apos;, Server : &amp;apos;192.168.11.14&amp;apos;, Message : &amp;apos;The statement has been terminated.&amp;apos;, Procedure : &amp;apos;ctemp&amp;apos;, LineNumber : 6 }, { Source : &amp;apos;.Net SqlClient Data Provider&amp;apos;, Number : 3621, State : &amp;apos;0&amp;apos;, Class : &amp;apos;0&amp;apos;, Server : &amp;apos;192.168.11.14&amp;apos;, Message : &amp;apos;The statement has been terminated.&amp;apos;, Procedure : &amp;apos;ctemp&amp;apos;, LineNumber : 6 }, { Source : &amp;apos;.Net SqlClient Data Provider&amp;apos;, Number : 3621, State : &amp;apos;0&amp;apos;, Class : &amp;apos;0&amp;apos;, Server : &amp;apos;192.168.11.14&amp;apos;, Message : &amp;apos;The statement has been terminated.&amp;apos;, Procedure : &amp;apos;ctemp&amp;apos;, LineNumber : 6 }, { Source : &amp;apos;.Net SqlClient Data Provider&amp;apos;, Number : 3621, State : &amp;apos;0&amp;apos;, Class : &amp;apos;0&amp;apos;, Server : &amp;apos;192.168.11.14&amp;apos;, Message : &amp;apos;The statement has been terminated.&amp;apos;, Procedure : &amp;apos;ctemp&amp;apos;, LineNumber : 6 }, { Source : &amp;apos;.Net SqlClient Data Provider&amp;apos;, Number : 3621, State : &amp;apos;0&amp;apos;, Class : &amp;apos;0&amp;apos;, Server : &amp;apos;192.168.11.14&amp;apos;, Message : &amp;apos;The statement has been terminated.&amp;apos;, Procedure : &amp;apos;ctemp&amp;apos;, LineNumber : 6 }, { Source : &amp;apos;.Net SqlClient Data Provider&amp;apos;, Number : 3621, State : &amp;apos;0&amp;apos;, Class : &amp;apos;0&amp;apos;, Server : &amp;apos;192.168.11.14&amp;apos;, Message : &amp;apos;The statement has been terminated.&amp;apos;, Procedure : &amp;apos;ctemp&amp;apos;, LineNumber : 6 }, { Source : &amp;apos;.Net SqlClient Data Provider&amp;apos;, Number : 3621, State : &amp;apos;0&amp;apos;, Class : &amp;apos;0&amp;apos;, Server : &amp;apos;192.168.11.14&amp;apos;, Message : &amp;apos;The statement has been terminated.&amp;apos;, Procedure : &amp;apos;ctemp&amp;apos;, LineNumber : 6 }, { Source : &amp;apos;.Net SqlClient Data Provider&amp;apos;, Number : 3621, State : &amp;apos;0&amp;apos;, Class : &amp;apos;0&amp;apos;, Server : &amp;apos;192.168.11.14&amp;apos;, Message : &amp;apos;The statement has been terminated.&amp;apos;, Procedure : &amp;apos;ctemp&amp;apos;, LineNumber : 6 }, { Source : &amp;apos;.Net SqlClient Data Provider&amp;apos;, Number : 3621, State : &amp;apos;0&amp;apos;, Class : &amp;apos;0&amp;apos;, Server : &amp;apos;192.168.11.14&amp;apos;, Message : &amp;apos;The statement has been terminated.&amp;apos;, Procedure : &amp;apos;ctemp&amp;apos;, LineNumber : 6 }, { Source : &amp;apos;.Net SqlClient Data Provider&amp;apos;, Number : 3621, State : &amp;apos;0&amp;apos;, Class : &amp;apos;0&amp;apos;, Server : &amp;apos;192.168.11.14&amp;apos;, Message : &amp;apos;The statement has been terminated.&amp;apos;, Procedure : &amp;apos;ctemp&amp;apos;, LineNumber : 6 }, { Source : &amp;apos;.Net SqlClient Data Provider&amp;apos;, Number : 3621, State : &amp;apos;0&amp;apos;, Class : &amp;apos;0&amp;apos;, Server : &amp;apos;192.168.11.14&amp;apos;, Message : &amp;apos;The statement has been terminated.&amp;apos;, Procedure : &amp;apos;ctemp&amp;apos;, LineNumber : 6 }, { Source : &amp;apos;.Net SqlClient Data Provider&amp;apos;, Number : 3621, State : &amp;apos;0&amp;apos;, Class : &amp;apos;0&amp;apos;, Server : &amp;apos;192.168.11.14&amp;apos;, Message : &amp;apos;The statement has been terminated.&amp;apos;, Procedure : &amp;apos;ctemp&amp;apos;, LineNumber : 6 }, { Source : &amp;apos;.Net SqlClient Data Provider&amp;apos;, Number : 3621, State : &amp;apos;0&amp;apos;, Class : &amp;apos;0&amp;apos;, Server : &amp;apos;192.168.11.14&amp;apos;, Message : &amp;apos;The statement has been terminated.&amp;apos;, Procedure : &amp;apos;ctemp&amp;apos;, LineNumber : 6 }, { Source : &amp;apos;.Net SqlClient Data Provider&amp;apos;, Number : 3621, State : &amp;apos;0&amp;apos;, Class : &amp;apos;0&amp;apos;, Server : &amp;apos;192.168.11.14&amp;apos;, Message : &amp;apos;The statement has been terminated.&amp;apos;, Procedure : &amp;apos;ctemp&amp;apos;, LineNumber : 6 }, { Source : &amp;apos;.Net SqlClient Data Provider&amp;apos;, Number : 3621, State : &amp;apos;0&amp;apos;, Class : &amp;apos;0&amp;apos;, Server : &amp;apos;192.168.11.14&amp;apos;, Message : &amp;apos;The statement has been terminated.&amp;apos;, Procedure : &amp;apos;ctemp&amp;apos;, LineNumber : 6 }, { Source : &amp;apos;.Net SqlClient Data Provider&amp;apos;, Number : 3621, State : &amp;apos;0&amp;apos;, Class : &amp;apos;0&amp;apos;, Server : &amp;apos;192.168.11.14&amp;apos;, Message : &amp;apos;The statement has been terminated.&amp;apos;, Procedure : &amp;apos;ctemp&amp;apos;, LineNumber : 6 }, { Source : &amp;apos;.Net SqlClient Data Provider&amp;apos;, Number : 3621, State : &amp;apos;0&amp;apos;, Class : &amp;apos;0&amp;apos;, Server : &amp;apos;192.168.11.14&amp;apos;, Message : &amp;apos;The statement has been terminated.&amp;apos;, Procedure : &amp;apos;ctemp&amp;apos;, LineNumber : 6 }, { Source : &amp;apos;.Net SqlClient Data Provider&amp;apos;, Number : 3621, State : &amp;apos;0&amp;apos;, Class : &amp;apos;0&amp;apos;, Server : &amp;apos;192.168.11.14&amp;apos;, Message : &amp;apos;The statement has been terminated.&amp;apos;, Procedure : &amp;apos;ctemp&amp;apos;, LineNumber : 6 }, { Source : &amp;apos;.Net SqlClient Data Provider&amp;apos;, Number : 3621, State : &amp;apos;0&amp;apos;, Class : &amp;apos;0&amp;apos;, Server : &amp;apos;192.168.11.14&amp;apos;, Message : &amp;apos;The statement has been terminated.&amp;apos;, Procedure : &amp;apos;ctemp&amp;apos;, LineNumber : 6 }, { Source : &amp;apos;.Net SqlClient Data Provider&amp;apos;, Number : 3621, State : &amp;apos;0&amp;apos;, Class : &amp;apos;0&amp;apos;, Server : &amp;apos;192.168.11.14&amp;apos;, Message : &amp;apos;The statement has been terminated.&amp;apos;, Procedure : &amp;apos;ctemp&amp;apos;, LineNumber : 6 }, { Source : &amp;apos;.Net SqlClient Data Provider&amp;apos;, Number : 3621, State : &amp;apos;0&amp;apos;, Class : &amp;apos;0&amp;apos;, Server : &amp;apos;192.168.11.14&amp;apos;, Message : &amp;apos;The statement has been terminated.&amp;apos;, Procedure : &amp;apos;ctemp&amp;apos;, LineNumber : 6 }, { Source : &amp;apos;.Net SqlClient Data Provider&amp;apos;, Number : 3621, State : &amp;apos;0&amp;apos;, Class : &amp;apos;0&amp;apos;, Server : &amp;apos;192.168.11.14&amp;apos;, Message : &amp;apos;The statement has been terminated.&amp;apos;, Procedure : &amp;apos;ctemp&amp;apos;, LineNumber : 6 }, { Source : &amp;apos;.Net SqlClient Data Provider&amp;apos;, Number : 3621, State : &amp;apos;0&amp;apos;, Class : &amp;apos;0&amp;apos;, Server : &amp;apos;192.168.11.14&amp;apos;, Message : &amp;apos;The statement has been terminated.&amp;apos;, Procedure : &amp;apos;ctemp&amp;apos;, LineNumber : 6 }, { Source : &amp;apos;.Net SqlClient Data Provider&amp;apos;, Number : 3621, State : &amp;apos;0&amp;apos;, Class : &amp;apos;0&amp;apos;, Server : &amp;apos;192.168.11.14&amp;apos;, Message : &amp;apos;The statement has been terminated.&amp;apos;, Procedure : &amp;apos;ctemp&amp;apos;, LineNumber : 6 }, { Source : &amp;apos;.Net SqlClient Data Provider&amp;apos;, Number : 3621, State : &amp;apos;0&amp;apos;, Class : &amp;apos;0&amp;apos;, Server : &amp;apos;192.168.11.14&amp;apos;, Message : &amp;apos;The statement has been terminated.&amp;apos;, Procedure : &amp;apos;ctemp&amp;apos;, LineNumber : 6 }, { Source : &amp;apos;.Net SqlClient Data Provider&amp;apos;, Number : 3621, State : &amp;apos;0&amp;apos;, Class : &amp;apos;0&amp;apos;, Server : &amp;apos;192.168.11.14&amp;apos;, Message : &amp;apos;The statement has been terminated.&amp;apos;, Procedure : &amp;apos;ctemp&amp;apos;, LineNumber : 6 }, { Source : &amp;apos;.Net SqlClient Data Provider&amp;apos;, Number : 3621, State : &amp;apos;0&amp;apos;, Class : &amp;apos;0&amp;apos;, Server : &amp;apos;192.168.11.14&amp;apos;, Message : &amp;apos;The statement has been terminated.&amp;apos;, Procedure : &amp;apos;ctemp&amp;apos;, LineNumber : 6 }, { Source : &amp;apos;.Net SqlClient Data Provider&amp;apos;, Number : 3621, State : &amp;apos;0&amp;apos;, Class : &amp;apos;0&amp;apos;, Server : &amp;apos;192.168.11.14&amp;apos;, Message : &amp;apos;The statement has been terminated.&amp;apos;, Procedure : &amp;apos;ctemp&amp;apos;, LineNumber : 6 }, { Source : &amp;apos;.Net SqlClient Data Provider&amp;apos;, Number : 3621, State : &amp;apos;0&amp;apos;, Class : &amp;apos;0&amp;apos;, Server : &amp;apos;192.168.11.14&amp;apos;, Message : &amp;apos;The statement has been terminated.&amp;apos;, Procedure : &amp;apos;ctemp&amp;apos;, LineNumber : 6 }, { Source : &amp;apos;.Net SqlClient Data Provider&amp;apos;, Number : 3621, State : &amp;apos;0&amp;apos;, Class : &amp;apos;0&amp;apos;, Server : &amp;apos;192.168.11.14&amp;apos;, Message : &amp;apos;The statement has been terminated.&amp;apos;, Procedure : &amp;apos;ctemp&amp;apos;, LineNumber : 6 }, { Source : &amp;apos;.Net SqlClient Data Provider&amp;apos;, Number : 3621, State : &amp;apos;0&amp;apos;, Class : &amp;apos;0&amp;apos;, Server : &amp;apos;192.168.11.14&amp;apos;, Message : &amp;apos;The statement has been terminated.&amp;apos;, Procedure : &amp;apos;ctemp&amp;apos;, LineNumber : 6 }, { Source : &amp;apos;.Net SqlClient Data Provider&amp;apos;, Number : 3621, State : &amp;apos;0&amp;apos;, Class : &amp;apos;0&amp;apos;, Server : &amp;apos;192.168.11.14&amp;apos;, Message : &amp;apos;The statement has been terminated.&amp;apos;, Procedure : &amp;apos;ctemp&amp;apos;, LineNumber : 6 }, { Source : &amp;apos;.Net SqlClient Data Provider&amp;apos;, Number : 3621, State : &amp;apos;0&amp;apos;, Class : &amp;apos;0&amp;apos;, Server : &amp;apos;192.168.11.14&amp;apos;, Message : &amp;apos;The statement has been terminated.&amp;apos;, Procedure : &amp;apos;ctemp&amp;apos;, LineNumber : 6 }, { Source : &amp;apos;.Net SqlClient Data Provider&amp;apos;, Number : 3621, State : &amp;apos;0&amp;apos;, Class : &amp;apos;0&amp;apos;, Server : &amp;apos;192.168.11.14&amp;apos;, Message : &amp;apos;The statement has been terminated.&amp;apos;, Procedure : &amp;apos;ctemp&amp;apos;, LineNumber : 6 }, { Source : &amp;apos;.Net SqlClient Data Provider&amp;apos;, Number : 3621, State : &amp;apos;0&amp;apos;, Class : &amp;apos;0&amp;apos;, Server : &amp;apos;192.168.11.14&amp;apos;, Message : &amp;apos;The statement has been terminated.&amp;apos;, Procedure : &amp;apos;ctemp&amp;apos;, LineNumber : 6 }, { Source : &amp;apos;.Net SqlClient Data Provider&amp;apos;, Number : 3621, State : &amp;apos;0&amp;apos;, Class : &amp;apos;0&amp;apos;, Server : &amp;apos;192.168.11.14&amp;apos;, Message : &amp;apos;The statement has been terminated.&amp;apos;, Procedure : &amp;apos;ctemp&amp;apos;, LineNumber : 6 }, { Source : &amp;apos;.Net SqlClient Data Provider&amp;apos;, Number : 3621, State : &amp;apos;0&amp;apos;, Class : &amp;apos;0&amp;apos;, Server : &amp;apos;192.168.11.14&amp;apos;, Message : &amp;apos;The statement has been terminated.&amp;apos;, Procedure : &amp;apos;ctemp&amp;apos;, LineNumber : 6 }, { Source : &amp;apos;.Net SqlClient Data Provider&amp;apos;, Number : 3621, State : &amp;apos;0&amp;apos;, Class : &amp;apos;0&amp;apos;, Server : &amp;apos;192.168.11.14&amp;apos;, Message : &amp;apos;The statement has been terminated.&amp;apos;, Procedure : &amp;apos;ctemp&amp;apos;, LineNumber : 6 }, { Source : &amp;apos;.Net SqlClient Data Provider&amp;apos;, Number : 3621, State : &amp;apos;0&amp;apos;, Class : &amp;apos;0&amp;apos;, Server : &amp;apos;192.168.11.14&amp;apos;, Message : &amp;apos;The statement has been terminated.&amp;apos;, Procedure : &amp;apos;ctemp&amp;apos;, LineNumber : 6 }, { Source : &amp;apos;.Net SqlClient Data Provider&amp;apos;, Number : 3621, State : &amp;apos;0&amp;apos;, Class : &amp;apos;0&amp;apos;, Server : &amp;apos;192.168.11.14&amp;apos;, Message : &amp;apos;The statement has been terminated.&amp;apos;, Procedure : &amp;apos;ctemp&amp;apos;, LineNumber : 6 }, { Source : &amp;apos;.Net SqlClient Data Provider&amp;apos;, Number : 3621, State : &amp;apos;0&amp;apos;, Class : &amp;apos;0&amp;apos;, Server : &amp;apos;192.168.11.14&amp;apos;, Message : &amp;apos;The statement has been terminated.&amp;apos;, Procedure : &amp;apos;ctemp&amp;apos;, LineNumber : 6 }, { Source : &amp;apos;.Net SqlClient Data Provider&amp;apos;, Number : 3621, State : &amp;apos;0&amp;apos;, Class : &amp;apos;0&amp;apos;, Server : &amp;apos;192.168.11.14&amp;apos;, Message : &amp;apos;The statement has been terminated.&amp;apos;, Procedure : &amp;apos;ctemp&amp;apos;, LineNumber : 6 }, { Source : &amp;apos;.Net SqlClient Data Provider&amp;apos;, Number : 3621, State : &amp;apos;0&amp;apos;, Class : &amp;apos;0&amp;apos;, Server : &amp;apos;192.168.11.14&amp;apos;, Message : &amp;apos;The statement has been terminated.&amp;apos;, Procedure : &amp;apos;ctemp&amp;apos;, LineNumber : 6 }, { Source : &amp;apos;.Net SqlClient Data Provider&amp;apos;, Number : 3621, State : &amp;apos;0&amp;apos;, Class : &amp;apos;0&amp;apos;, Server : &amp;apos;192.168.11.14&amp;apos;, Message : &amp;apos;The statement has been terminated.&amp;apos;, Procedure : &amp;apos;ctemp&amp;apos;, LineNumber : 6 }, { Source : &amp;apos;.Net SqlClient Data Provider&amp;apos;, Number : 3621, State : &amp;apos;0&amp;apos;, Class : &amp;apos;0&amp;apos;, Server : &amp;apos;192.168.11.14&amp;apos;, Message : &amp;apos;The statement has been terminated.&amp;apos;, Procedure : &amp;apos;ctemp&amp;apos;, LineNumber : 6 }, { Source : &amp;apos;.Net SqlClient Data Provider&amp;apos;, Number : 3621, State : &amp;apos;0&amp;apos;, Class : &amp;apos;0&amp;apos;, Server : &amp;apos;192.168.11.14&amp;apos;, Message : &amp;apos;The statement has been terminated.&amp;apos;, Procedure : &amp;apos;ctemp&amp;apos;, LineNumber : 6 }, { Source : &amp;apos;.Net SqlClient Data Provider&amp;apos;, Number : 3621, State : &amp;apos;0&amp;apos;, Class : &amp;apos;0&amp;apos;, Server : &amp;apos;192.168.11.14&amp;apos;, Message : &amp;apos;The statement has been terminated.&amp;apos;, Procedure : &amp;apos;ctemp&amp;apos;, LineNumber : 6 }, { Source : &amp;apos;.Net SqlClient Data Provider&amp;apos;, Number : 3621, State : &amp;apos;0&amp;apos;, Class : &amp;apos;0&amp;apos;, Server : &amp;apos;192.168.11.14&amp;apos;, Message : &amp;apos;The statement has been terminated.&amp;apos;, Procedure : &amp;apos;ctemp&amp;apos;, LineNumber : 6 }, { Source : &amp;apos;.Net SqlClient Data Provider&amp;apos;, Number : 3621, State : &amp;apos;0&amp;apos;, Class : &amp;apos;0&amp;apos;, Server : &amp;apos;192.168.11.14&amp;apos;, Message : &amp;apos;The statement has been terminated.&amp;apos;, Procedure : &amp;apos;ctemp&amp;apos;, LineNumber : 6 }, { Source : &amp;apos;.Net SqlClient Data Provider&amp;apos;, Number : 3621, State : &amp;apos;0&amp;apos;, Class : &amp;apos;0&amp;apos;, Server : &amp;apos;192.168.11.14&amp;apos;, Message : &amp;apos;The statement has been terminated.&amp;apos;, Procedure : &amp;apos;ctemp&amp;apos;, LineNumber : 6 }, { Source : &amp;apos;.Net SqlClient Data Provider&amp;apos;, Number : 3621, State : &amp;apos;0&amp;apos;, Class : &amp;apos;0&amp;apos;, Server : &amp;apos;192.168.11.14&amp;apos;, Message : &amp;apos;The statement has been terminated.&amp;apos;, Procedure : &amp;apos;ctemp&amp;apos;, LineNumber : 6 }, { Source : &amp;apos;.Net SqlClient Data Provider&amp;apos;, Number : 3621, State : &amp;apos;0&amp;apos;, Class : &amp;apos;0&amp;apos;, Server : &amp;apos;192.168.11.14&amp;apos;, Message : &amp;apos;The statement has been terminated.&amp;apos;, Procedure : &amp;apos;ctemp&amp;apos;, LineNumber : 6 }, { Source : &amp;apos;.Net SqlClient Data Provider&amp;apos;, Number : 3621, State : &amp;apos;0&amp;apos;, Class : &amp;apos;0&amp;apos;, Server : &amp;apos;192.168.11.14&amp;apos;, Message : &amp;apos;The statement has been terminated.&amp;apos;, Procedure : &amp;apos;ctemp&amp;apos;, LineNumber : 6 }, { Source : &amp;apos;.Net SqlClient Data Provider&amp;apos;, Number : 3621, State : &amp;apos;0&amp;apos;, Class : &amp;apos;0&amp;apos;, Server : &amp;apos;192.168.11.14&amp;apos;, Message : &amp;apos;The statement has been terminated.&amp;apos;, Procedure : &amp;apos;ctemp&amp;apos;, LineNumber : 6 }, { Source : &amp;apos;.Net SqlClient Data Provider&amp;apos;, Number : 3621, State : &amp;apos;0&amp;apos;, Class : &amp;apos;0&amp;apos;, Server : &amp;apos;192.168.11.14&amp;apos;, Message : &amp;apos;The statement has been terminated.&amp;apos;, Procedure : &amp;apos;ctemp&amp;apos;, LineNumber : 6 }, { Source : &amp;apos;.Net SqlClient Data Provider&amp;apos;, Number : 3621, State : &amp;apos;0&amp;apos;, Class : &amp;apos;0&amp;apos;, Server : &amp;apos;192.168.11.14&amp;apos;, Message : &amp;apos;The statement has been terminated.&amp;apos;, Procedure : &amp;apos;ctemp&amp;apos;, LineNumber : 6 }, { Source : &amp;apos;.Net SqlClient Data Provider&amp;apos;, Number : 3621, State : &amp;apos;0&amp;apos;, Class : &amp;apos;0&amp;apos;, Server : &amp;apos;192.168.11.14&amp;apos;, Message : &amp;apos;The statement has been terminated.&amp;apos;, Procedure : &amp;apos;ctemp&amp;apos;, LineNumber : 6 }, { Source : &amp;apos;.Net SqlClient Data Provider&amp;apos;, Number : 3621, State : &amp;apos;0&amp;apos;, Class : &amp;apos;0&amp;apos;, Server : &amp;apos;192.168.11.14&amp;apos;, Message : &amp;apos;The statement has been terminated.&amp;apos;, Procedure : &amp;apos;ctemp&amp;apos;, LineNumber : 6 }, { Source : &amp;apos;.Net SqlClient Data Provider&amp;apos;, Number : 3621, State : &amp;apos;0&amp;apos;, Class : &amp;apos;0&amp;apos;, Server : &amp;apos;192.168.11.14&amp;apos;, Message : &amp;apos;The statement has been terminated.&amp;apos;, Procedure : &amp;apos;ctemp&amp;apos;, LineNumber : 6 }, { Source : &amp;apos;.Net SqlClient Data Provider&amp;apos;, Number : 3621, State : &amp;apos;0&amp;apos;, Class : &amp;apos;0&amp;apos;, Server : &amp;apos;192.168.11.14&amp;apos;, Message : &amp;apos;The statement has been terminated.&amp;apos;, Procedure : &amp;apos;ctemp&amp;apos;, LineNumber : 6 }, { Source : &amp;apos;.Net SqlClient Data Provider&amp;apos;, Number : 3621, State : &amp;apos;0&amp;apos;, Class : &amp;apos;0&amp;apos;, Server : &amp;apos;192.168.11.14&amp;apos;, Message : &amp;apos;The statement has been terminated.&amp;apos;, Procedure : &amp;apos;ctemp&amp;apos;, LineNumber : 6 }, { Source : &amp;apos;.Net SqlClient Data Provider&amp;apos;, Number : 3621, State : &amp;apos;0&amp;apos;, Class : &amp;apos;0&amp;apos;, Server : &amp;apos;192.168.11.14&amp;apos;, Message : &amp;apos;The statement has been terminated.&amp;apos;, Procedure : &amp;apos;ctemp&amp;apos;, LineNumber : 6 }, { Source : &amp;apos;.Net SqlClient Data Provider&amp;apos;, Number : 3621, State : &amp;apos;0&amp;apos;, Class : &amp;apos;0&amp;apos;, Server : &amp;apos;192.168.11.14&amp;apos;, Message : &amp;apos;The statement has been terminated.&amp;apos;, Procedure : &amp;apos;ctemp&amp;apos;, LineNumber : 6 }, { Source : &amp;apos;.Net SqlClient Data Provider&amp;apos;, Number : 3621, State : &amp;apos;0&amp;apos;, Class : &amp;apos;0&amp;apos;, Server : &amp;apos;192.168.11.14&amp;apos;, Message : &amp;apos;The statement has been terminated.&amp;apos;, Procedure : &amp;apos;ctemp&amp;apos;, LineNumber : 6 }, { Source : &amp;apos;.Net SqlClient Data Provider&amp;apos;, Number : 3621, State : &amp;apos;0&amp;apos;, Class : &amp;apos;0&amp;apos;, Server : &amp;apos;192.168.11.14&amp;apos;, Message : &amp;apos;The statement has been terminated.&amp;apos;, Procedure : &amp;apos;ctemp&amp;apos;, LineNumber : 6 }, { Source : &amp;apos;.Net SqlClient Data Provider&amp;apos;, Number : 3621, State : &amp;apos;0&amp;apos;, Class : &amp;apos;0&amp;apos;, Server : &amp;apos;192.168.11.14&amp;apos;, Message : &amp;apos;The statement has been terminated.&amp;apos;, Procedure : &amp;apos;ctemp&amp;apos;, LineNumber : 6 }, { Source : &amp;apos;.Net SqlClient Data Provider&amp;apos;, Number : 3621, State : &amp;apos;0&amp;apos;, Class : &amp;apos;0&amp;apos;, Server : &amp;apos;192.168.11.14&amp;apos;, Message : &amp;apos;The statement has been terminated.&amp;apos;, Procedure : &amp;apos;ctemp&amp;apos;, LineNumber : 6 }, { Source : &amp;apos;.Net SqlClient Data Provider&amp;apos;, Number : 3621, State : &amp;apos;0&amp;apos;, Class : &amp;apos;0&amp;apos;, Server : &amp;apos;192.168.11.14&amp;apos;, Message : &amp;apos;The statement has been terminated.&amp;apos;, Procedure : &amp;apos;ctemp&amp;apos;, LineNumber : 6 }, { Source : &amp;apos;.Net SqlClient Data Provider&amp;apos;, Number : 3621, State : &amp;apos;0&amp;apos;, Class : &amp;apos;0&amp;apos;, Server : &amp;apos;192.168.11.14&amp;apos;, Message : &amp;apos;The statement has been terminated.&amp;apos;, Procedure : &amp;apos;ctemp&amp;apos;, LineNumber : 6 }, { Source : &amp;apos;.Net SqlClient Data Provider&amp;apos;, Number : 3621, State : &amp;apos;0&amp;apos;, Class : &amp;apos;0&amp;apos;, Server : &amp;apos;192.168.11.14&amp;apos;, Message : &amp;apos;The statement has been terminated.&amp;apos;, Procedure : &amp;apos;ctemp&amp;apos;, LineNumber : 6 }, { Source : &amp;apos;.Net SqlClient Data Provider&amp;apos;, Number : 3621, State : &amp;apos;0&amp;apos;, Class : &amp;apos;0&amp;apos;, Server : &amp;apos;192.168.11.14&amp;apos;, Message : &amp;apos;The statement has been terminated.&amp;apos;, Procedure : &amp;apos;ctemp&amp;apos;, LineNumber : 6 }, { Source : &amp;apos;.Net SqlClient Data Provider&amp;apos;, Number : 3621, State : &amp;apos;0&amp;apos;, Class : &amp;apos;0&amp;apos;, Server : &amp;apos;192.168.11.14&amp;apos;, Message : &amp;apos;The statement has been terminated.&amp;apos;, Procedure : &amp;apos;ctemp&amp;apos;, LineNumber : 6 }, { Source : &amp;apos;.Net SqlClient Data Provider&amp;apos;, Number : 3621, State : &amp;apos;0&amp;apos;, Class : &amp;apos;0&amp;apos;, Server : &amp;apos;192.168.11.14&amp;apos;, Message : &amp;apos;The statement has been terminated.&amp;apos;, Procedure : &amp;apos;ctemp&amp;apos;, LineNumber : 6 }, { Source : &amp;apos;.Net SqlClient Data Provider&amp;apos;, Number : 3621, State : &amp;apos;0&amp;apos;, Class : &amp;apos;0&amp;apos;, Server : &amp;apos;192.168.11.14&amp;apos;, Message : &amp;apos;The statement has been terminated.&amp;apos;, Procedure : &amp;apos;ctemp&amp;apos;, LineNumber : 6 }, { Source : &amp;apos;.Net SqlClient Data Provider&amp;apos;, Number : 3621, State : &amp;apos;0&amp;apos;, Class : &amp;apos;0&amp;apos;, Server : &amp;apos;192.168.11.14&amp;apos;, Message : &amp;apos;The statement has been terminated.&amp;apos;, Procedure : &amp;apos;ctemp&amp;apos;, LineNumber : 6 }, { Source : &amp;apos;.Net SqlClient Data Provider&amp;apos;, Number : 3621, State : &amp;apos;0&amp;apos;, Class : &amp;apos;0&amp;apos;, Server : &amp;apos;192.168.11.14&amp;apos;, Message : &amp;apos;The statement has been terminated.&amp;apos;, Procedure : &amp;apos;ctemp&amp;apos;, LineNumber : 6 }, { Source : &amp;apos;.Net SqlClient Data Provider&amp;apos;, Number : 3621, State : &amp;apos;0&amp;apos;, Class : &amp;apos;0&amp;apos;, Server : &amp;apos;192.168.11.14&amp;apos;, Message : &amp;apos;The statement has been terminated.&amp;apos;, Procedure : &amp;apos;ctemp&amp;apos;, LineNumber : 6 }, { Source : &amp;apos;.Net SqlClient Data Provider&amp;apos;, Number : 3621, State : &amp;apos;0&amp;apos;, Class : &amp;apos;0&amp;apos;, Server : &amp;apos;192.168.11.14&amp;apos;, Message : &amp;apos;The statement has been terminated.&amp;apos;, Procedure : &amp;apos;ctemp&amp;apos;, LineNumber : 6 }, { Source : &amp;apos;.Net SqlClient Data Provider&amp;apos;, Number : 3621, State : &amp;apos;0&amp;apos;, Class : &amp;apos;0&amp;apos;, Server : &amp;apos;192.168.11.14&amp;apos;, Message : &amp;apos;The statement has been terminated.&amp;apos;, Procedure : &amp;apos;ctemp&amp;apos;, LineNumber : 6 }, { Source : &amp;apos;.Net SqlClient Data Provider&amp;apos;, Number : 3621, State : &amp;apos;0&amp;apos;, Class : &amp;apos;0&amp;apos;, Server : &amp;apos;192.168.11.14&amp;apos;, Message : &amp;apos;The statement has been terminated.&amp;apos;, Procedure : &amp;apos;ctemp&amp;apos;, LineNumber : 6 }, { Source : &amp;apos;.Net SqlClient Data Provider&amp;apos;, Number : 3621, State : &amp;apos;0&amp;apos;, Class : &amp;apos;0&amp;apos;, Server : &amp;apos;192.168.11.14&amp;apos;, Message : &amp;apos;The statement has been terminated.&amp;apos;, Procedure : &amp;apos;ctemp&amp;apos;, LineNumber : 6 }, { Source : &amp;apos;.Net SqlClient Data Provider&amp;apos;, Number : 3621, State : &amp;apos;0&amp;apos;, Class : &amp;apos;0&amp;apos;, Server : &amp;apos;192.168.11.14&amp;apos;, Message : &amp;apos;The statement has been terminated.&amp;apos;, Procedure : &amp;apos;ctemp&amp;apos;, LineNumber : 6 }, { Source : &amp;apos;.Net SqlClient Data Provider&amp;apos;, Number : 3621, State : &amp;apos;0&amp;apos;, Class : &amp;apos;0&amp;apos;, Server : &amp;apos;192.168.11.14&amp;apos;, Message : &amp;apos;The statement has been terminated.&amp;apos;, Procedure : &amp;apos;ctemp&amp;apos;, LineNumber : 6 }, { Source : &amp;apos;.Net SqlClient Data Provider&amp;apos;, Number : 3621, State : &amp;apos;0&amp;apos;, Class : &amp;apos;0&amp;apos;, Server : &amp;apos;192.168.11.14&amp;apos;, Message : &amp;apos;The statement has been terminated.&amp;apos;, Procedure : &amp;apos;ctemp&amp;apos;, LineNumber : 6 }, { Source : &amp;apos;.Net SqlClient Data Provider&amp;apos;, Number : 3621, State : &amp;apos;0&amp;apos;, Class : &amp;apos;0&amp;apos;, Server : &amp;apos;192.168.11.14&amp;apos;, Message : &amp;apos;The statement has been terminated.&amp;apos;, Procedure : &amp;apos;ctemp&amp;apos;, LineNumber : 6 }, { Source : &amp;apos;.Net SqlClient Data Provider&amp;apos;, Number : 3621, State : &amp;apos;0&amp;apos;, Class : &amp;apos;0&amp;apos;, Server : &amp;apos;192.168.11.14&amp;apos;, Message : &amp;apos;The statement has been terminated.&amp;apos;, Procedure : &amp;apos;ctemp&amp;apos;, LineNumber : 6 }, { Source : &amp;apos;.Net SqlClient Data Provider&amp;apos;, Number : 3621, State : &amp;apos;0&amp;apos;, Class : &amp;apos;0&amp;apos;, Server : &amp;apos;192.168.11.14&amp;apos;, Message : &amp;apos;The statement has been terminated.&amp;apos;, Procedure : &amp;apos;ctemp&amp;apos;, LineNumber : 6 }, { Source : &amp;apos;.Net SqlClient Data Provider&amp;apos;, Number : 3621, State : &amp;apos;0&amp;apos;, Class : &amp;apos;0&amp;apos;, Server : &amp;apos;192.168.11.14&amp;apos;, Message : &amp;apos;The statement has been terminated.&amp;apos;, Procedure : &amp;apos;ctemp&amp;apos;, LineNumber : 6 }, { Source : &amp;apos;.Net SqlClient Data Provider&amp;apos;, Number : 3621, State : &amp;apos;0&amp;apos;, Class : &amp;apos;0&amp;apos;, Server : &amp;apos;192.168.11.14&amp;apos;, Message : &amp;apos;The statement has been terminated.&amp;apos;, Procedure : &amp;apos;ctemp&amp;apos;, LineNumber : 6 }, { Source : &amp;apos;.Net SqlClient Data Provider&amp;apos;, Number : 3621, State : &amp;apos;0&amp;apos;, Class : &amp;apos;0&amp;apos;, Server : &amp;apos;192.168.11.14&amp;apos;, Message : &amp;apos;The statement has been terminated.&amp;apos;, Procedure : &amp;apos;ctemp&amp;apos;, LineNumber : 6 }, { Source : &amp;apos;.Net SqlClient Data Provider&amp;apos;, Number : 3621, State : &amp;apos;0&amp;apos;, Class : &amp;apos;0&amp;apos;, Server : &amp;apos;192.168.11.14&amp;apos;, Message : &amp;apos;The statement has been terminated.&amp;apos;, Procedure : &amp;apos;ctemp&amp;apos;, LineNumber : 6 }, { Source : &amp;apos;.Net SqlClient Data Provider&amp;apos;, Number : 3621, State : &amp;apos;0&amp;apos;, Class : &amp;apos;0&amp;apos;, Server : &amp;apos;192.168.11.14&amp;apos;, Message : &amp;apos;The statement has been terminated.&amp;apos;, Procedure : &amp;apos;ctemp&amp;apos;, LineNumber : 6 }, { Source : &amp;apos;.Net SqlClient Data Provider&amp;apos;, Number : 3621, State : &amp;apos;0&amp;apos;, Class : &amp;apos;0&amp;apos;, Server : &amp;apos;192.168.11.14&amp;apos;, Message : &amp;apos;The statement has been terminated.&amp;apos;, Procedure : &amp;apos;ctemp&amp;apos;, LineNumber : 6 }, { Source : &amp;apos;.Net SqlClient Data Provider&amp;apos;, Number : 3621, State : &amp;apos;0&amp;apos;, Class : &amp;apos;0&amp;apos;, Server : &amp;apos;192.168.11.14&amp;apos;, Message : &amp;apos;The statement has been terminated.&amp;apos;, Procedure : &amp;apos;ctemp&amp;apos;, LineNumber : 6 }, { Source : &amp;apos;.Net SqlClient Data Provider&amp;apos;, Number : 3621, State : &amp;apos;0&amp;apos;, Class : &amp;apos;0&amp;apos;, Server : &amp;apos;192.168.11.14&amp;apos;, Message : &amp;apos;The statement has been terminated.&amp;apos;, Procedure : &amp;apos;ctemp&amp;apos;, LineNumber : 6 }, { Source : &amp;apos;.Net SqlClient Data Provider&amp;apos;, Number : 3621, State : &amp;apos;0&amp;apos;, Class : &amp;apos;0&amp;apos;, Server : &amp;apos;192.168.11.14&amp;apos;, Message : &amp;apos;The statement has been terminated.&amp;apos;, Procedure : &amp;apos;ctemp&amp;apos;, LineNumber : 6 }, { Source : &amp;apos;.Net SqlClient Data Provider&amp;apos;, Number : 3621, State : &amp;apos;0&amp;apos;, Class : &amp;apos;0&amp;apos;, Server : &amp;apos;192.168.11.14&amp;apos;, Message : &amp;apos;The statement has been terminated.&amp;apos;, Procedure : &amp;apos;ctemp&amp;apos;, LineNumber : 6 }, { Source : &amp;apos;.Net SqlClient Data Provider&amp;apos;, Number : 3621, State : &amp;apos;0&amp;apos;, Class : &amp;apos;0&amp;apos;, Server : &amp;apos;192.168.11.14&amp;apos;, Message : &amp;apos;The statement has been terminated.&amp;apos;, Procedure : &amp;apos;ctemp&amp;apos;, LineNumber : 6 }, { Source : &amp;apos;.Net SqlClient Data Provider&amp;apos;, Number : 3621, State : &amp;apos;0&amp;apos;, Class : &amp;apos;0&amp;apos;, Server : &amp;apos;192.168.11.14&amp;apos;, Message : &amp;apos;The statement has been terminated.&amp;apos;, Procedure : &amp;apos;ctemp&amp;apos;, LineNumber : 6 }, { Source : &amp;apos;.Net SqlClient Data Provider&amp;apos;, Number : 3621, State : &amp;apos;0&amp;apos;, Class : &amp;apos;0&amp;apos;, Server : &amp;apos;192.168.11.14&amp;apos;, Message : &amp;apos;The statement has been terminated.&amp;apos;, Procedure : &amp;apos;ctemp&amp;apos;, LineNumber : 6 }, { Source : &amp;apos;.Net SqlClient Data Provider&amp;apos;, Number : 3621, State : &amp;apos;0&amp;apos;, Class : &amp;apos;0&amp;apos;, Server : &amp;apos;192.168.11.14&amp;apos;, Message : &amp;apos;The statement has been terminated.&amp;apos;, Procedure : &amp;apos;ctemp&amp;apos;, LineNumber : 6 }, { Source : &amp;apos;.Net SqlClient Data Provider&amp;apos;, Number : 3621, State : &amp;apos;0&amp;apos;, Class : &amp;apos;0&amp;apos;, Server : &amp;apos;192.168.11.14&amp;apos;, Message : &amp;apos;The statement has been terminated.&amp;apos;, Procedure : &amp;apos;ctemp&amp;apos;, LineNumber : 6 }, { Source : &amp;apos;.Net SqlClient Data Provider&amp;apos;, Number : 3621, State : &amp;apos;0&amp;apos;, Class : &amp;apos;0&amp;apos;, Server : &amp;apos;192.168.11.14&amp;apos;, Message : &amp;apos;The statement has been terminated.&amp;apos;, Procedure : &amp;apos;ctemp&amp;apos;, LineNumber : 6 }, { Source : &amp;apos;.Net SqlClient Data Provider&amp;apos;, Number : 3621, State : &amp;apos;0&amp;apos;, Class : &amp;apos;0&amp;apos;, Server : &amp;apos;192.168.11.14&amp;apos;, Message : &amp;apos;The statement has been terminated.&amp;apos;, Procedure : &amp;apos;ctemp&amp;apos;, LineNumber : 6 }, { Source : &amp;apos;.Net SqlClient Data Provider&amp;apos;, Number : 3621, State : &amp;apos;0&amp;apos;, Class : &amp;apos;0&amp;apos;, Server : &amp;apos;192.168.11.14&amp;apos;, Message : &amp;apos;The statement has been terminated.&amp;apos;, Procedure : &amp;apos;ctemp&amp;apos;, LineNumber : 6 }, { Source : &amp;apos;.Net SqlClient Data Provider&amp;apos;, Number : 3621, State : &amp;apos;0&amp;apos;, Class : &amp;apos;0&amp;apos;, Server : &amp;apos;192.168.11.14&amp;apos;, Message : &amp;apos;The statement has been terminated.&amp;apos;, Procedure : &amp;apos;ctemp&amp;apos;, LineNumber : 6 }, { Source : &amp;apos;.Net SqlClient Data Provider&amp;apos;, Number : 3621, State : &amp;apos;0&amp;apos;, Class : &amp;apos;0&amp;apos;, Server : &amp;apos;192.168.11.14&amp;apos;, Message : &amp;apos;The statement has been terminated.&amp;apos;, Procedure : &amp;apos;ctemp&amp;apos;, LineNumber : 6 }, { Source : &amp;apos;.Net SqlClient Data Provider&amp;apos;, Number : 3621, State : &amp;apos;0&amp;apos;, Class : &amp;apos;0&amp;apos;, Server : &amp;apos;192.168.11.14&amp;apos;, Message : &amp;apos;The statement has been terminated.&amp;apos;, Procedure : &amp;apos;ctemp&amp;apos;, LineNumber : 6 }, { Source : &amp;apos;.Net SqlClient Data Provider&amp;apos;, Number : 3621, State : &amp;apos;0&amp;apos;, Class : &amp;apos;0&amp;apos;, Server : &amp;apos;192.168.11.14&amp;apos;, Message : &amp;apos;The statement has been terminated.&amp;apos;, Procedure : &amp;apos;ctemp&amp;apos;, LineNumber : 6 }, { Source : &amp;apos;.Net SqlClient Data Provider&amp;apos;, Number : 3621, State : &amp;apos;0&amp;apos;, Class : &amp;apos;0&amp;apos;, Server : &amp;apos;192.168.11.14&amp;apos;, Message : &amp;apos;The statement has been terminated.&amp;apos;, Procedure : &amp;apos;ctemp&amp;apos;, LineNumber : 6 }, { Source : &amp;apos;.Net SqlClient Data Provider&amp;apos;, Number : 3621, State : &amp;apos;0&amp;apos;, Class : &amp;apos;0&amp;apos;, Server : &amp;apos;192.168.11.14&amp;apos;, Message : &amp;apos;The statement has been terminated.&amp;apos;, Procedure : &amp;apos;ctemp&amp;apos;, LineNumber : 6 }, { Source : &amp;apos;.Net SqlClient Data Provider&amp;apos;, Number : 3621, State : &amp;apos;0&amp;apos;, Class : &amp;apos;0&amp;apos;, Server : &amp;apos;192.168.11.14&amp;apos;, Message : &amp;apos;The statement has been terminated.&amp;apos;, Procedure : &amp;apos;ctemp&amp;apos;, LineNumber : 6 }, { Source : &amp;apos;.Net SqlClient Data Provider&amp;apos;, Number : 3621, State : &amp;apos;0&amp;apos;, Class : &amp;apos;0&amp;apos;, Server : &amp;apos;192.168.11.14&amp;apos;, Message : &amp;apos;The statement has been terminated.&amp;apos;, Procedure : &amp;apos;ctemp&amp;apos;, LineNumber : 6 }, { Source : &amp;apos;.Net SqlClient Data Provider&amp;apos;, Number : 3621, State : &amp;apos;0&amp;apos;, Class : &amp;apos;0&amp;apos;, Server : &amp;apos;192.168.11.14&amp;apos;, Message : &amp;apos;The statement has been terminated.&amp;apos;, Procedure : &amp;apos;ctemp&amp;apos;, LineNumber : 6 }, { Source : &amp;apos;.Net SqlClient Data Provider&amp;apos;, Number : 3621, State : &amp;apos;0&amp;apos;, Class : &amp;apos;0&amp;apos;, Server : &amp;apos;192.168.11.14&amp;apos;, Message : &amp;apos;The statement has been terminated.&amp;apos;, Procedure : &amp;apos;ctemp&amp;apos;, LineNumber : 6 }, { Source : &amp;apos;.Net SqlClient Data Provider&amp;apos;, Number : 3621, State : &amp;apos;0&amp;apos;, Class : &amp;apos;0&amp;apos;, Server : &amp;apos;192.168.11.14&amp;apos;, Message : &amp;apos;The statement has been terminated.&amp;apos;, Procedure : &amp;apos;ctemp&amp;apos;, LineNumber : 6 }, { Source : &amp;apos;.Net SqlClient Data Provider&amp;apos;, Number : 3621, State : &amp;apos;0&amp;apos;, Class : &amp;apos;0&amp;apos;, Server : &amp;apos;192.168.11.14&amp;apos;, Message : &amp;apos;The statement has been terminated.&amp;apos;, Procedure : &amp;apos;ctemp&amp;apos;, LineNumber : 6 }, { Source : &amp;apos;.Net SqlClient Data Provider&amp;apos;, Number : 3621, State : &amp;apos;0&amp;apos;, Class : &amp;apos;0&amp;apos;, Server : &amp;apos;192.168.11.14&amp;apos;, Message : &amp;apos;The statement has been terminated.&amp;apos;, Procedure : &amp;apos;ctemp&amp;apos;, LineNumber : 6 }, { Source : &amp;apos;.Net SqlClient Data Provider&amp;apos;, Number : 3621, State : &amp;apos;0&amp;apos;, Class : &amp;apos;0&amp;apos;, Server : &amp;apos;192.168.11.14&amp;apos;, Message : &amp;apos;The statement has been terminated.&amp;apos;, Procedure : &amp;apos;ctemp&amp;apos;, LineNumber : 6 }, { Source : &amp;apos;.Net SqlClient Data Provider&amp;apos;, Number : 3621, State : &amp;apos;0&amp;apos;, Class : &amp;apos;0&amp;apos;, Server : &amp;apos;192.168.11.14&amp;apos;, Message : &amp;apos;The statement has been terminated.&amp;apos;, Procedure : &amp;apos;ctemp&amp;apos;, LineNumber : 6 }, { Source : &amp;apos;.Net SqlClient Data Provider&amp;apos;, Number : 3621, State : &amp;apos;0&amp;apos;, Class : &amp;apos;0&amp;apos;, Server : &amp;apos;192.168.11.14&amp;apos;, Message : &amp;apos;The statement has been terminated.&amp;apos;, Procedure : &amp;apos;ctemp&amp;apos;, LineNumber : 6 }, { Source : &amp;apos;.Net SqlClient Data Provider&amp;apos;, Number : 3621, State : &amp;apos;0&amp;apos;, Class : &amp;apos;0&amp;apos;, Server : &amp;apos;192.168.11.14&amp;apos;, Message : &amp;apos;The statement has been terminated.&amp;apos;, Procedure : &amp;apos;ctemp&amp;apos;, LineNumber : 6 }, { Source : &amp;apos;.Net SqlClient Data Provider&amp;apos;, Number : 3621, State : &amp;apos;0&amp;apos;, Class : &amp;apos;0&amp;apos;, Server : &amp;apos;192.168.11.14&amp;apos;, Message : &amp;apos;The statement has been terminated.&amp;apos;, Procedure : &amp;apos;ctemp&amp;apos;, LineNumber : 6 }, { Source : &amp;apos;.Net SqlClient Data Provider&amp;apos;, Number : 3621, State : &amp;apos;0&amp;apos;, Class : &amp;apos;0&amp;apos;, Server : &amp;apos;192.168.11.14&amp;apos;, Message : &amp;apos;The statement has been terminated.&amp;apos;, Procedure : &amp;apos;ctemp&amp;apos;, LineNumber : 6 }, { Source : &amp;apos;.Net SqlClient Data Provider&amp;apos;, Number : 3621, State : &amp;apos;0&amp;apos;, Class : &amp;apos;0&amp;apos;, Server : &amp;apos;192.168.11.14&amp;apos;, Message : &amp;apos;The statement has been terminated.&amp;apos;, Procedure : &amp;apos;ctemp&amp;apos;, LineNumber : 6 }, { Source : &amp;apos;.Net SqlClient Data Provider&amp;apos;, Number : 3621, State : &amp;apos;0&amp;apos;, Class : &amp;apos;0&amp;apos;, Server : &amp;apos;192.168.11.14&amp;apos;, Message : &amp;apos;The statement has been terminated.&amp;apos;, Procedure : &amp;apos;ctemp&amp;apos;, LineNumber : 6 }, { Source : &amp;apos;.Net SqlClient Data Provider&amp;apos;, Number : 3621, State : &amp;apos;0&amp;apos;, Class : &amp;apos;0&amp;apos;, Server : &amp;apos;192.168.11.14&amp;apos;, Message : &amp;apos;The statement has been terminated.&amp;apos;, Procedure : &amp;apos;ctemp&amp;apos;, LineNumber : 6 }, { Source : &amp;apos;.Net SqlClient Data Provider&amp;apos;, Number : 3621, State : &amp;apos;0&amp;apos;, Class : &amp;apos;0&amp;apos;, Server : &amp;apos;192.168.11.14&amp;apos;, Message : &amp;apos;The statement has been terminated.&amp;apos;, Procedure : &amp;apos;ctemp&amp;apos;, LineNumber : 6 }, { Source : &amp;apos;.Net SqlClient Data Provider&amp;apos;, Number : 3621, State : &amp;apos;0&amp;apos;, Class : &amp;apos;0&amp;apos;, Server : &amp;apos;192.168.11.14&amp;apos;, Message : &amp;apos;The statement has been terminated.&amp;apos;, Procedure : &amp;apos;ctemp&amp;apos;, LineNumber : 6 }, { Source : &amp;apos;.Net SqlClient Data Provider&amp;apos;, Number : 3621, State : &amp;apos;0&amp;apos;, Class : &amp;apos;0&amp;apos;, Server : &amp;apos;192.168.11.14&amp;apos;, Message : &amp;apos;The statement has been terminated.&amp;apos;, Procedure : &amp;apos;ctemp&amp;apos;, LineNumber : 6 }, { Source : &amp;apos;.Net SqlClient Data Provider&amp;apos;, Number : 3621, State : &amp;apos;0&amp;apos;, Class : &amp;apos;0&amp;apos;, Server : &amp;apos;192.168.11.14&amp;apos;, Message : &amp;apos;The statement has been terminated.&amp;apos;, Procedure : &amp;apos;ctemp&amp;apos;, LineNumber : 6 }, { Source : &amp;apos;.Net SqlClient Data Provider&amp;apos;, Number : 3621, State : &amp;apos;0&amp;apos;, Class : &amp;apos;0&amp;apos;, Server : &amp;apos;192.168.11.14&amp;apos;, Message : &amp;apos;The statement has been terminated.&amp;apos;, Procedure : &amp;apos;ctemp&amp;apos;, LineNumber : 6 }, { Source : &amp;apos;.Net SqlClient Data Provider&amp;apos;, Number : 3621, State : &amp;apos;0&amp;apos;, Class : &amp;apos;0&amp;apos;, Server : &amp;apos;192.168.11.14&amp;apos;, Message : &amp;apos;The statement has been terminated.&amp;apos;, Procedure : &amp;apos;ctemp&amp;apos;, LineNumber : 6 }, { Source : &amp;apos;.Net SqlClient Data Provider&amp;apos;, Number : 3621, State : &amp;apos;0&amp;apos;, Class : &amp;apos;0&amp;apos;, Server : &amp;apos;192.168.11.14&amp;apos;, Message : &amp;apos;The statement has been terminated.&amp;apos;, Procedure : &amp;apos;ctemp&amp;apos;, LineNumber : 6 }, { Source : &amp;apos;.Net SqlClient Data Provider&amp;apos;, Number : 3621, State : &amp;apos;0&amp;apos;, Class : &amp;apos;0&amp;apos;, Server : &amp;apos;192.168.11.14&amp;apos;, Message : &amp;apos;The statement has been terminated.&amp;apos;, Procedure : &amp;apos;ctemp&amp;apos;, LineNumber : 6 }, { Source : &amp;apos;.Net SqlClient Data Provider&amp;apos;, Number : 3621, State : &amp;apos;0&amp;apos;, Class : &amp;apos;0&amp;apos;, Server : &amp;apos;192.168.11.14&amp;apos;, Message : &amp;apos;The statement has been terminated.&amp;apos;, Procedure : &amp;apos;ctemp&amp;apos;, LineNumber : 6 }, { Source : &amp;apos;.Net SqlClient Data Provider&amp;apos;, Number : 3621, State : &amp;apos;0&amp;apos;, Class : &amp;apos;0&amp;apos;, Server : &amp;apos;192.168.11.14&amp;apos;, Message : &amp;apos;The statement has been terminated.&amp;apos;, Procedure : &amp;apos;ctemp&amp;apos;, LineNumber : 6 }, { Source : &amp;apos;.Net SqlClient Data Provider&amp;apos;, Number : 3621, State : &amp;apos;0&amp;apos;, Class : &amp;apos;0&amp;apos;, Server : &amp;apos;192.168.11.14&amp;apos;, Message : &amp;apos;The statement has been terminated.&amp;apos;, Procedure : &amp;apos;ctemp&amp;apos;, LineNumber : 6 }, { Source : &amp;apos;.Net SqlClient Data Provider&amp;apos;, Number : 3621, State : &amp;apos;0&amp;apos;, Class : &amp;apos;0&amp;apos;, Server : &amp;apos;192.168.11.14&amp;apos;, Message : &amp;apos;The statement has been terminated.&amp;apos;, Procedure : &amp;apos;ctemp&amp;apos;, LineNumber : 6 }, { Source : &amp;apos;.Net SqlClient Data Provider&amp;apos;, Number : 3621, State : &amp;apos;0&amp;apos;, Class : &amp;apos;0&amp;apos;, Server : &amp;apos;192.168.11.14&amp;apos;, Message : &amp;apos;The statement has been terminated.&amp;apos;, Procedure : &amp;apos;ctemp&amp;apos;, LineNumber : 6 }, { Source : &amp;apos;.Net SqlClient Data Provider&amp;apos;, Number : 3621, State : &amp;apos;0&amp;apos;, Class : &amp;apos;0&amp;apos;, Server : &amp;apos;192.168.11.14&amp;apos;, Message : &amp;apos;The statement has been terminated.&amp;apos;, Procedure : &amp;apos;ctemp&amp;apos;, LineNumber : 6 }, { Source : &amp;apos;.Net SqlClient Data Provider&amp;apos;, Number : 3621, State : &amp;apos;0&amp;apos;, Class : &amp;apos;0&amp;apos;, Server : &amp;apos;192.168.11.14&amp;apos;, Message : &amp;apos;The statement has been terminated.&amp;apos;, Procedure : &amp;apos;ctemp&amp;apos;, LineNumber : 6 }, { Source : &amp;apos;.Net SqlClient Data Provider&amp;apos;, Number : 3621, State : &amp;apos;0&amp;apos;, Class : &amp;apos;0&amp;apos;, Server : &amp;apos;192.168.11.14&amp;apos;, Message : &amp;apos;The statement has been terminated.&amp;apos;, Procedure : &amp;apos;ctemp&amp;apos;, LineNumber : 6 }, { Source : &amp;apos;.Net SqlClient Data Provider&amp;apos;, Number : 3621, State : &amp;apos;0&amp;apos;, Class : &amp;apos;0&amp;apos;, Server : &amp;apos;192.168.11.14&amp;apos;, Message : &amp;apos;The statement has been terminated.&amp;apos;, Procedure : &amp;apos;ctemp&amp;apos;, LineNumber : 6 }, { Source : &amp;apos;.Net SqlClient Data Provider&amp;apos;, Number : 3621, State : &amp;apos;0&amp;apos;, Class : &amp;apos;0&amp;apos;, Server : &amp;apos;192.168.11.14&amp;apos;, Message : &amp;apos;The statement has been terminated.&amp;apos;, Procedure : &amp;apos;ctemp&amp;apos;, LineNumber : 6 }, { Source : &amp;apos;.Net SqlClient Data Provider&amp;apos;, Number : 3621, State : &amp;apos;0&amp;apos;, Class : &amp;apos;0&amp;apos;, Server : &amp;apos;192.168.11.14&amp;apos;, Message : &amp;apos;The statement has been terminated.&amp;apos;, Procedure : &amp;apos;ctemp&amp;apos;, LineNumber : 6 }, { Source : &amp;apos;.Net SqlClient Data Provider&amp;apos;, Number : 3621, State : &amp;apos;0&amp;apos;, Class : &amp;apos;0&amp;apos;, Server : &amp;apos;192.168.11.14&amp;apos;, Message : &amp;apos;The statement has been terminated.&amp;apos;, Procedure : &amp;apos;ctemp&amp;apos;, LineNumber : 6 }, { Source : &amp;apos;.Net SqlClient Data Provider&amp;apos;, Number : 3621, State : &amp;apos;0&amp;apos;, Class : &amp;apos;0&amp;apos;, Server : &amp;apos;192.168.11.14&amp;apos;, Message : &amp;apos;The statement has been terminated.&amp;apos;, Procedure : &amp;apos;ctemp&amp;apos;, LineNumber : 6 }, { Source : &amp;apos;.Net SqlClient Data Provider&amp;apos;, Number : 3621, State : &amp;apos;0&amp;apos;, Class : &amp;apos;0&amp;apos;, Server : &amp;apos;192.168.11.14&amp;apos;, Message : &amp;apos;The statement has been terminated.&amp;apos;, Procedure : &amp;apos;ctemp&amp;apos;, LineNumber : 6 }, { Source : &amp;apos;.Net SqlClient Data Provider&amp;apos;, Number : 3621, State : &amp;apos;0&amp;apos;, Class : &amp;apos;0&amp;apos;, Server : &amp;apos;192.168.11.14&amp;apos;, Message : &amp;apos;The statement has been terminated.&amp;apos;, Procedure : &amp;apos;ctemp&amp;apos;, LineNumber : 6 }, { Source : &amp;apos;.Net SqlClient Data Provider&amp;apos;, Number : 3621, State : &amp;apos;0&amp;apos;, Class : &amp;apos;0&amp;apos;, Server : &amp;apos;192.168.11.14&amp;apos;, Message : &amp;apos;The statement has been terminated.&amp;apos;, Procedure : &amp;apos;ctemp&amp;apos;, LineNumber : 6 }, { Source : &amp;apos;.Net SqlClient Data Provider&amp;apos;, Number : 3621, State : &amp;apos;0&amp;apos;, Class : &amp;apos;0&amp;apos;, Server : &amp;apos;192.168.11.14&amp;apos;, Message : &amp;apos;The statement has been terminated.&amp;apos;, Procedure : &amp;apos;ctemp&amp;apos;, LineNumber : 6 }, { Source : &amp;apos;.Net SqlClient Data Provider&amp;apos;, Number : 3621, State : &amp;apos;0&amp;apos;, Class : &amp;apos;0&amp;apos;, Server : &amp;apos;192.168.11.14&amp;apos;, Message : &amp;apos;The statement has been terminated.&amp;apos;, Procedure : &amp;apos;ctemp&amp;apos;, LineNumber : 6 }, { Source : &amp;apos;.Net SqlClient Data Provider&amp;apos;, Number : 3621, State : &amp;apos;0&amp;apos;, Class : &amp;apos;0&amp;apos;, Server : &amp;apos;192.168.11.14&amp;apos;, Message : &amp;apos;The statement has been terminated.&amp;apos;, Procedure : &amp;apos;ctemp&amp;apos;, LineNumber : 6 }, { Source : &amp;apos;.Net SqlClient Data Provider&amp;apos;, Number : 3621, State : &amp;apos;0&amp;apos;, Class : &amp;apos;0&amp;apos;, Server : &amp;apos;192.168.11.14&amp;apos;, Message : &amp;apos;The statement has been terminated.&amp;apos;, Procedure : &amp;apos;ctemp&amp;apos;, LineNumber : 6 }, { Source : &amp;apos;.Net SqlClient Data Provider&amp;apos;, Number : 3621, State : &amp;apos;0&amp;apos;, Class : &amp;apos;0&amp;apos;, Server : &amp;apos;192.168.11.14&amp;apos;, Message : &amp;apos;The statement has been terminated.&amp;apos;, Procedure : &amp;apos;ctemp&amp;apos;, LineNumber : 6 }, { Source : &amp;apos;.Net SqlClient Data Provider&amp;apos;, Number : 3621, State : &amp;apos;0&amp;apos;, Class : &amp;apos;0&amp;apos;, Server : &amp;apos;192.168.11.14&amp;apos;, Message : &amp;apos;The statement has been terminated.&amp;apos;, Procedure : &amp;apos;ctemp&amp;apos;, LineNumber : 6 }, { Source : &amp;apos;.Net SqlClient Data Provider&amp;apos;, Number : 3621, State : &amp;apos;0&amp;apos;, Class : &amp;apos;0&amp;apos;, Server : &amp;apos;192.168.11.14&amp;apos;, Message : &amp;apos;The statement has been terminated.&amp;apos;, Procedure : &amp;apos;ctemp&amp;apos;, LineNumber : 6 }, { Source : &amp;apos;.Net SqlClient Data Provider&amp;apos;, Number : 3621, State : &amp;apos;0&amp;apos;, Class : &amp;apos;0&amp;apos;, Server : &amp;apos;192.168.11.14&amp;apos;, Message : &amp;apos;The statement has been terminated.&amp;apos;, Procedure : &amp;apos;ctemp&amp;apos;, LineNumber : 6 }, { Source : &amp;apos;.Net SqlClient Data Provider&amp;apos;, Number : 3621, State : &amp;apos;0&amp;apos;, Class : &amp;apos;0&amp;apos;, Server : &amp;apos;192.168.11.14&amp;apos;, Message : &amp;apos;The statement has been terminated.&amp;apos;, Procedure : &amp;apos;ctemp&amp;apos;, LineNumber : 6 }, { Source : &amp;apos;.Net SqlClient Data Provider&amp;apos;, Number : 3621, State : &amp;apos;0&amp;apos;, Class : &amp;apos;0&amp;apos;, Server : &amp;apos;192.168.11.14&amp;apos;, Message : &amp;apos;The statement has been terminated.&amp;apos;, Procedure : &amp;apos;ctemp&amp;apos;, LineNumber : 6 }, { Source : &amp;apos;.Net SqlClient Data Provider&amp;apos;, Number : 3621, State : &amp;apos;0&amp;apos;, Class : &amp;apos;0&amp;apos;, Server : &amp;apos;192.168.11.14&amp;apos;, Message : &amp;apos;The statement has been terminated.&amp;apos;, Procedure : &amp;apos;ctemp&amp;apos;, LineNumber : 6 }, { Source : &amp;apos;.Net SqlClient Data Provider&amp;apos;, Number : 3621, State : &amp;apos;0&amp;apos;, Class : &amp;apos;0&amp;apos;, Server : &amp;apos;192.168.11.14&amp;apos;, Message : &amp;apos;The statement has been terminated.&amp;apos;, Procedure : &amp;apos;ctemp&amp;apos;, LineNumber : 6 }, { Source : &amp;apos;.Net SqlClient Data Provider&amp;apos;, Number : 3621, State : &amp;apos;0&amp;apos;, Class : &amp;apos;0&amp;apos;, Server : &amp;apos;192.168.11.14&amp;apos;, Message : &amp;apos;The statement has been terminated.&amp;apos;, Procedure : &amp;apos;ctemp&amp;apos;, LineNumber : 6 }, { Source : &amp;apos;.Net SqlClient Data Provider&amp;apos;, Number : 3621, State : &amp;apos;0&amp;apos;, Class : &amp;apos;0&amp;apos;, Server : &amp;apos;192.168.11.14&amp;apos;, Message : &amp;apos;The statement has been terminated.&amp;apos;, Procedure : &amp;apos;ctemp&amp;apos;, LineNumber : 6 }, { Source : &amp;apos;.Net SqlClient Data Provider&amp;apos;, Number : 3621, State : &amp;apos;0&amp;apos;, Class : &amp;apos;0&amp;apos;, Server : &amp;apos;192.168.11.14&amp;apos;, Message : &amp;apos;The statement has been terminated.&amp;apos;, Procedure : &amp;apos;ctemp&amp;apos;, LineNumber : 6 }, { Source : &amp;apos;.Net SqlClient Data Provider&amp;apos;, Number : 3621, State : &amp;apos;0&amp;apos;, Class : &amp;apos;0&amp;apos;, Server : &amp;apos;192.168.11.14&amp;apos;, Message : &amp;apos;The statement has been terminated.&amp;apos;, Procedure : &amp;apos;ctemp&amp;apos;, LineNumber : 6 }, { Source : &amp;apos;.Net SqlClient Data Provider&amp;apos;, Number : 3621, State : &amp;apos;0&amp;apos;, Class : &amp;apos;0&amp;apos;, Server : &amp;apos;192.168.11.14&amp;apos;, Message : &amp;apos;The statement has been terminated.&amp;apos;, Procedure : &amp;apos;ctemp&amp;apos;, LineNumber : 6 }, { Source : &amp;apos;.Net SqlClient Data Provider&amp;apos;, Number : 3621, State : &amp;apos;0&amp;apos;, Class : &amp;apos;0&amp;apos;, Server : &amp;apos;192.168.11.14&amp;apos;, Message : &amp;apos;The statement has been terminated.&amp;apos;, Procedure : &amp;apos;ctemp&amp;apos;, LineNumber : 6 }, { Source : &amp;apos;.Net SqlClient Data Provider&amp;apos;, Number : 3621, State : &amp;apos;0&amp;apos;, Class : &amp;apos;0&amp;apos;, Server : &amp;apos;192.168.11.14&amp;apos;, Message : &amp;apos;The statement has been terminated.&amp;apos;, Procedure : &amp;apos;ctemp&amp;apos;, LineNumber : 6 }, { Source : &amp;apos;.Net SqlClient Data Provider&amp;apos;, Number : 3621, State : &amp;apos;0&amp;apos;, Class : &amp;apos;0&amp;apos;, Server : &amp;apos;192.168.11.14&amp;apos;, Message : &amp;apos;The statement has been terminated.&amp;apos;, Procedure : &amp;apos;ctemp&amp;apos;, LineNumber : 6 }, { Source : &amp;apos;.Net SqlClient Data Provider&amp;apos;, Number : 3621, State : &amp;apos;0&amp;apos;, Class : &amp;apos;0&amp;apos;, Server : &amp;apos;192.168.11.14&amp;apos;, Message : &amp;apos;The statement has been terminated.&amp;apos;, Procedure : &amp;apos;ctemp&amp;apos;, LineNumber : 6 }, { Source : &amp;apos;.Net SqlClient Data Provider&amp;apos;, Number : 3621, State : &amp;apos;0&amp;apos;, Class : &amp;apos;0&amp;apos;, Server : &amp;apos;192.168.11.14&amp;apos;, Message : &amp;apos;The statement has been terminated.&amp;apos;, Procedure : &amp;apos;ctemp&amp;apos;, LineNumber : 6 }, { Source : &amp;apos;.Net SqlClient Data Provider&amp;apos;, Number : 3621, State : &amp;apos;0&amp;apos;, Class : &amp;apos;0&amp;apos;, Server : &amp;apos;192.168.11.14&amp;apos;, Message : &amp;apos;The statement has been terminated.&amp;apos;, Procedure : &amp;apos;ctemp&amp;apos;, LineNumber : 6 }, { Source : &amp;apos;.Net SqlClient Data Provider&amp;apos;, Number : 3621, State : &amp;apos;0&amp;apos;, Class : &amp;apos;0&amp;apos;, Server : &amp;apos;192.168.11.14&amp;apos;, Message : &amp;apos;The statement has been terminated.&amp;apos;, Procedure : &amp;apos;ctemp&amp;apos;, LineNumber : 6 }, { Source : &amp;apos;.Net SqlClient Data Provider&amp;apos;, Number : 3621, State : &amp;apos;0&amp;apos;, Class : &amp;apos;0&amp;apos;, Server : &amp;apos;192.168.11.14&amp;apos;, Message : &amp;apos;The statement has been terminated.&amp;apos;, Procedure : &amp;apos;ctemp&amp;apos;, LineNumber : 6 }, { Source : &amp;apos;.Net SqlClient Data Provider&amp;apos;, Number : 3621, State : &amp;apos;0&amp;apos;, Class : &amp;apos;0&amp;apos;, Server : &amp;apos;192.168.11.14&amp;apos;, Message : &amp;apos;The statement has been terminated.&amp;apos;, Procedure : &amp;apos;ctemp&amp;apos;, LineNumber : 6 }, { Source : &amp;apos;.Net SqlClient Data Provider&amp;apos;, Number : 3621, State : &amp;apos;0&amp;apos;, Class : &amp;apos;0&amp;apos;, Server : &amp;apos;192.168.11.14&amp;apos;, Message : &amp;apos;The statement has been terminated.&amp;apos;, Procedure : &amp;apos;ctemp&amp;apos;, LineNumber : 6 }, { Source : &amp;apos;.Net SqlClient Data Provider&amp;apos;, Number : 3621, State : &amp;apos;0&amp;apos;, Class : &amp;apos;0&amp;apos;, Server : &amp;apos;192.168.11.14&amp;apos;, Message : &amp;apos;The statement has been terminated.&amp;apos;, Procedure : &amp;apos;ctemp&amp;apos;, LineNumber : 6 }, { Source : &amp;apos;.Net SqlClient Data Provider&amp;apos;, Number : 3621, State : &amp;apos;0&amp;apos;, Class : &amp;apos;0&amp;apos;, Server : &amp;apos;192.168.11.14&amp;apos;, Message : &amp;apos;The statement has been terminated.&amp;apos;, Procedure : &amp;apos;ctemp&amp;apos;, LineNumber : 6 }, { Source : &amp;apos;.Net SqlClient Data Provider&amp;apos;, Number : 3621, State : &amp;apos;0&amp;apos;, Class : &amp;apos;0&amp;apos;, Server : &amp;apos;192.168.11.14&amp;apos;, Message : &amp;apos;The statement has been terminated.&amp;apos;, Procedure : &amp;apos;ctemp&amp;apos;, LineNumber : 6 }, { Source : &amp;apos;.Net SqlClient Data Provider&amp;apos;, Number : 3621, State : &amp;apos;0&amp;apos;, Class : &amp;apos;0&amp;apos;, Server : &amp;apos;192.168.11.14&amp;apos;, Message : &amp;apos;The statement has been terminated.&amp;apos;, Procedure : &amp;apos;ctemp&amp;apos;, LineNumber : 6 }, { Source : &amp;apos;.Net SqlClient Data Provider&amp;apos;, Number : 3621, State : &amp;apos;0&amp;apos;, Class : &amp;apos;0&amp;apos;, Server : &amp;apos;192.168.11.14&amp;apos;, Message : &amp;apos;The statement has been terminated.&amp;apos;, Procedure : &amp;apos;ctemp&amp;apos;, LineNumber : 6 }, { Source : &amp;apos;.Net SqlClient Data Provider&amp;apos;, Number : 3621, State : &amp;apos;0&amp;apos;, Class : &amp;apos;0&amp;apos;, Server : &amp;apos;192.168.11.14&amp;apos;, Message : &amp;apos;The statement has been terminated.&amp;apos;, Procedure : &amp;apos;ctemp&amp;apos;, LineNumber : 6 }, { Source : &amp;apos;.Net SqlClient Data Provider&amp;apos;, Number : 3621, State : &amp;apos;0&amp;apos;, Class : &amp;apos;0&amp;apos;, Server : &amp;apos;192.168.11.14&amp;apos;, Message : &amp;apos;The statement has been terminated.&amp;apos;, Procedure : &amp;apos;ctemp&amp;apos;, LineNumber : 6 }, { Source : &amp;apos;.Net SqlClient Data Provider&amp;apos;, Number : 3621, State : &amp;apos;0&amp;apos;, Class : &amp;apos;0&amp;apos;, Server : &amp;apos;192.168.11.14&amp;apos;, Message : &amp;apos;The statement has been terminated.&amp;apos;, Procedure : &amp;apos;ctemp&amp;apos;, LineNumber : 6 }, { Source : &amp;apos;.Net SqlClient Data Provider&amp;apos;, Number : 3621, State : &amp;apos;0&amp;apos;, Class : &amp;apos;0&amp;apos;, Server : &amp;apos;192.168.11.14&amp;apos;, Message : &amp;apos;The statement has been terminated.&amp;apos;, Procedure : &amp;apos;ctemp&amp;apos;, LineNumber : 6 }, { Source : &amp;apos;.Net SqlClient Data Provider&amp;apos;, Number : 3621, State : &amp;apos;0&amp;apos;, Class : &amp;apos;0&amp;apos;, Server : &amp;apos;192.168.11.14&amp;apos;, Message : &amp;apos;The statement has been terminated.&amp;apos;, Procedure : &amp;apos;ctemp&amp;apos;, LineNumber : 6 }, { Source : &amp;apos;.Net SqlClient Data Provider&amp;apos;, Number : 3621, State : &amp;apos;0&amp;apos;, Class : &amp;apos;0&amp;apos;, Server : &amp;apos;192.168.11.14&amp;apos;, Message : &amp;apos;The statement has been terminated.&amp;apos;, Procedure : &amp;apos;ctemp&amp;apos;, LineNumber : 6 }, { Source : &amp;apos;.Net SqlClient Data Provider&amp;apos;, Number : 3621, State : &amp;apos;0&amp;apos;, Class : &amp;apos;0&amp;apos;, Server : &amp;apos;192.168.11.14&amp;apos;, Message : &amp;apos;The statement has been terminated.&amp;apos;, Procedure : &amp;apos;ctemp&amp;apos;, LineNumber : 6 }, { Source : &amp;apos;.Net SqlClient Data Provider&amp;apos;, Number : 3621, State : &amp;apos;0&amp;apos;, Class : &amp;apos;0&amp;apos;, Server : &amp;apos;192.168.11.14&amp;apos;, Message : &amp;apos;The statement has been terminated.&amp;apos;, Procedure : &amp;apos;ctemp&amp;apos;, LineNumber : 6 }, { Source : &amp;apos;.Net SqlClient Data Provider&amp;apos;, Number : 3621, State : &amp;apos;0&amp;apos;, Class : &amp;apos;0&amp;apos;, Server : &amp;apos;192.168.11.14&amp;apos;, Message : &amp;apos;The statement has been terminated.&amp;apos;, Procedure : &amp;apos;ctemp&amp;apos;, LineNumber : 6 }, { Source : &amp;apos;.Net SqlClient Data Provider&amp;apos;, Number : 3621, State : &amp;apos;0&amp;apos;, Class : &amp;apos;0&amp;apos;, Server : &amp;apos;192.168.11.14&amp;apos;, Message : &amp;apos;The statement has been terminated.&amp;apos;, Procedure : &amp;apos;ctemp&amp;apos;, LineNumber : 6 }, { Source : &amp;apos;.Net SqlClient Data Provider&amp;apos;, Number : 3621, State : &amp;apos;0&amp;apos;, Class : &amp;apos;0&amp;apos;, Server : &amp;apos;192.168.11.14&amp;apos;, Message : &amp;apos;The statement has been terminated.&amp;apos;, Procedure : &amp;apos;ctemp&amp;apos;, LineNumber : 6 }, { Source : &amp;apos;.Net SqlClient Data Provider&amp;apos;, Number : 3621, State : &amp;apos;0&amp;apos;, Class : &amp;apos;0&amp;apos;, Server : &amp;apos;192.168.11.14&amp;apos;, Message : &amp;apos;The statement has been terminated.&amp;apos;, Procedure : &amp;apos;ctemp&amp;apos;, LineNumber : 6 }, { Source : &amp;apos;.Net SqlClient Data Provider&amp;apos;, Number : 3621, State : &amp;apos;0&amp;apos;, Class : &amp;apos;0&amp;apos;, Server : &amp;apos;192.168.11.14&amp;apos;, Message : &amp;apos;The statement has been terminated.&amp;apos;, Procedure : &amp;apos;ctemp&amp;apos;, LineNumber : 6 }, { Source : &amp;apos;.Net SqlClient Data Provider&amp;apos;, Number : 3621, State : &amp;apos;0&amp;apos;, Class : &amp;apos;0&amp;apos;, Server : &amp;apos;192.168.11.14&amp;apos;, Message : &amp;apos;The statement has been terminated.&amp;apos;, Procedure : &amp;apos;ctemp&amp;apos;, LineNumber : 6 }, { Source : &amp;apos;.Net SqlClient Data Provider&amp;apos;, Number : 3621, State : &amp;apos;0&amp;apos;, Class : &amp;apos;0&amp;apos;, Server : &amp;apos;192.168.11.14&amp;apos;, Message : &amp;apos;The statement has been terminated.&amp;apos;, Procedure : &amp;apos;ctemp&amp;apos;, LineNumber : 6 }, { Source : &amp;apos;.Net SqlClient Data Provider&amp;apos;, Number : 3621, State : &amp;apos;0&amp;apos;, Class : &amp;apos;0&amp;apos;, Server : &amp;apos;192.168.11.14&amp;apos;, Message : &amp;apos;The statement has been terminated.&amp;apos;, Procedure : &amp;apos;ctemp&amp;apos;, LineNumber : 6 }, { Source : &amp;apos;.Net SqlClient Data Provider&amp;apos;, Number : 3621, State : &amp;apos;0&amp;apos;, Class : &amp;apos;0&amp;apos;, Server : &amp;apos;192.168.11.14&amp;apos;, Message : &amp;apos;The statement has been terminated.&amp;apos;, Procedure : &amp;apos;ctemp&amp;apos;, LineNumber : 6 }, { Source : &amp;apos;.Net SqlClient Data Provider&amp;apos;, Number : 3621, State : &amp;apos;0&amp;apos;, Class : &amp;apos;0&amp;apos;, Server : &amp;apos;192.168.11.14&amp;apos;, Message : &amp;apos;The statement has been terminated.&amp;apos;, Procedure : &amp;apos;ctemp&amp;apos;, LineNumber : 6 }, { Source : &amp;apos;.Net SqlClient Data Provider&amp;apos;, Number : 3621, State : &amp;apos;0&amp;apos;, Class : &amp;apos;0&amp;apos;, Server : &amp;apos;192.168.11.14&amp;apos;, Message : &amp;apos;The statement has been terminated.&amp;apos;, Procedure : &amp;apos;ctemp&amp;apos;, LineNumber : 6 }, { Source : &amp;apos;.Net SqlClient Data Provider&amp;apos;, Number : 3621, State : &amp;apos;0&amp;apos;, Class : &amp;apos;0&amp;apos;, Server : &amp;apos;192.168.11.14&amp;apos;, Message : &amp;apos;The statement has been terminated.&amp;apos;, Procedure : &amp;apos;ctemp&amp;apos;, LineNumber : 6 }, { Source : &amp;apos;.Net SqlClient Data Provider&amp;apos;, Number : 3621, State : &amp;apos;0&amp;apos;, Class : &amp;apos;0&amp;apos;, Server : &amp;apos;192.168.11.14&amp;apos;, Message : &amp;apos;The statement has been terminated.&amp;apos;, Procedure : &amp;apos;ctemp&amp;apos;, LineNumber : 6 }, { Source : &amp;apos;.Net SqlClient Data Provider&amp;apos;, Number : 3621, State : &amp;apos;0&amp;apos;, Class : &amp;apos;0&amp;apos;, Server : &amp;apos;192.168.11.14&amp;apos;, Message : &amp;apos;The statement has been terminated.&amp;apos;, Procedure : &amp;apos;ctemp&amp;apos;, LineNumber : 6 }, { Source : &amp;apos;.Net SqlClient Data Provider&amp;apos;, Number : 3621, State : &amp;apos;0&amp;apos;, Class : &amp;apos;0&amp;apos;, Server : &amp;apos;192.168.11.14&amp;apos;, Message : &amp;apos;The statement has been terminated.&amp;apos;, Procedure : &amp;apos;ctemp&amp;apos;, LineNumber : 6 }, { Source : &amp;apos;.Net SqlClient Data Provider&amp;apos;, Number : 3621, State : &amp;apos;0&amp;apos;, Class : &amp;apos;0&amp;apos;, Server : &amp;apos;192.168.11.14&amp;apos;, Message : &amp;apos;The statement has been terminated.&amp;apos;, Procedure : &amp;apos;ctemp&amp;apos;, LineNumber : 6 }, { Source : &amp;apos;.Net SqlClient Data Provider&amp;apos;, Number : 3621, State : &amp;apos;0&amp;apos;, Class : &amp;apos;0&amp;apos;, Server : &amp;apos;192.168.11.14&amp;apos;, Message : &amp;apos;The statement has been terminated.&amp;apos;, Procedure : &amp;apos;ctemp&amp;apos;, LineNumber : 6 }, { Source : &amp;apos;.Net SqlClient Data Provider&amp;apos;, Number : 3621, State : &amp;apos;0&amp;apos;, Class : &amp;apos;0&amp;apos;, Server : &amp;apos;192.168.11.14&amp;apos;, Message : &amp;apos;The statement has been terminated.&amp;apos;, Procedure : &amp;apos;ctemp&amp;apos;, LineNumber : 6 }, { Source : &amp;apos;.Net SqlClient Data Provider&amp;apos;, Number : 3621, State : &amp;apos;0&amp;apos;, Class : &amp;apos;0&amp;apos;, Server : &amp;apos;192.168.11.14&amp;apos;, Message : &amp;apos;The statement has been terminated.&amp;apos;, Procedure : &amp;apos;ctemp&amp;apos;, LineNumber : 6 }, { Source : &amp;apos;.Net SqlClient Data Provider&amp;apos;, Number : 3621, State : &amp;apos;0&amp;apos;, Class : &amp;apos;0&amp;apos;, Server : &amp;apos;192.168.11.14&amp;apos;, Message : &amp;apos;The statement has been terminated.&amp;apos;, Procedure : &amp;apos;ctemp&amp;apos;, LineNumber : 6 }, { Source : &amp;apos;.Net SqlClient Data Provider&amp;apos;, Number : 3621, State : &amp;apos;0&amp;apos;, Class : &amp;apos;0&amp;apos;, Server : &amp;apos;192.168.11.14&amp;apos;, Message : &amp;apos;The statement has been terminated.&amp;apos;, Procedure : &amp;apos;ctemp&amp;apos;, LineNumber : 6 }, { Source : &amp;apos;.Net SqlClient Data Provider&amp;apos;, Number : 3621, State : &amp;apos;0&amp;apos;, Class : &amp;apos;0&amp;apos;, Server : &amp;apos;192.168.11.14&amp;apos;, Message : &amp;apos;The statement has been terminated.&amp;apos;, Procedure : &amp;apos;ctemp&amp;apos;, LineNumber : 6 }, { Source : &amp;apos;.Net SqlClient Data Provider&amp;apos;, Number : 3621, State : &amp;apos;0&amp;apos;, Class : &amp;apos;0&amp;apos;, Server : &amp;apos;192.168.11.14&amp;apos;, Message : &amp;apos;The statement has been terminated.&amp;apos;, Procedure : &amp;apos;ctemp&amp;apos;, LineNumber : 6 }, { Source : &amp;apos;.Net SqlClient Data Provider&amp;apos;, Number : 3621, State : &amp;apos;0&amp;apos;, Class : &amp;apos;0&amp;apos;, Server : &amp;apos;192.168.11.14&amp;apos;, Message : &amp;apos;The statement has been terminated.&amp;apos;, Procedure : &amp;apos;ctemp&amp;apos;, LineNumber : 6 }, { Source : &amp;apos;.Net SqlClient Data Provider&amp;apos;, Number : 3621, State : &amp;apos;0&amp;apos;, Class : &amp;apos;0&amp;apos;, Server : &amp;apos;192.168.11.14&amp;apos;, Message : &amp;apos;The statement has been terminated.&amp;apos;, Procedure : &amp;apos;ctemp&amp;apos;, LineNumber : 6 }, { Source : &amp;apos;.Net SqlClient Data Provider&amp;apos;, Number : 3621, State : &amp;apos;0&amp;apos;, Class : &amp;apos;0&amp;apos;, Server : &amp;apos;192.168.11.14&amp;apos;, Message : &amp;apos;The statement has been terminated.&amp;apos;, Procedure : &amp;apos;ctemp&amp;apos;, LineNumber : 6 }, { Source : &amp;apos;.Net SqlClient Data Provider&amp;apos;, Number : 3621, State : &amp;apos;0&amp;apos;, Class : &amp;apos;0&amp;apos;, Server : &amp;apos;192.168.11.14&amp;apos;, Message : &amp;apos;The statement has been terminated.&amp;apos;, Procedure : &amp;apos;ctemp&amp;apos;, LineNumber : 6 }, { Source : &amp;apos;.Net SqlClient Data Provider&amp;apos;, Number : 3621, State : &amp;apos;0&amp;apos;, Class : &amp;apos;0&amp;apos;, Server : &amp;apos;192.168.11.14&amp;apos;, Message : &amp;apos;The statement has been terminated.&amp;apos;, Procedure : &amp;apos;ctemp&amp;apos;, LineNumber : 6 }, { Source : &amp;apos;.Net SqlClient Data Provider&amp;apos;, Number : 3621, State : &amp;apos;0&amp;apos;, Class : &amp;apos;0&amp;apos;, Server : &amp;apos;192.168.11.14&amp;apos;, Message : &amp;apos;The statement has been terminated.&amp;apos;, Procedure : &amp;apos;ctemp&amp;apos;, LineNumber : 6 }, { Source : &amp;apos;.Net SqlClient Data Provider&amp;apos;, Number : 3621, State : &amp;apos;0&amp;apos;, Class : &amp;apos;0&amp;apos;, Server : &amp;apos;192.168.11.14&amp;apos;, Message : &amp;apos;The statement has been terminated.&amp;apos;, Procedure : &amp;apos;ctemp&amp;apos;, LineNumber : 6 }, { Source : &amp;apos;.Net SqlClient Data Provider&amp;apos;, Number : 3621, State : &amp;apos;0&amp;apos;, Class : &amp;apos;0&amp;apos;, Server : &amp;apos;192.168.11.14&amp;apos;, Message : &amp;apos;The statement has been terminated.&amp;apos;, Procedure : &amp;apos;ctemp&amp;apos;, LineNumber : 6 }, { Source : &amp;apos;.Net SqlClient Data Provider&amp;apos;, Number : 3621, State : &amp;apos;0&amp;apos;, Class : &amp;apos;0&amp;apos;, Server : &amp;apos;192.168.11.14&amp;apos;, Message : &amp;apos;The statement has been terminated.&amp;apos;, Procedure : &amp;apos;ctemp&amp;apos;, LineNumber : 6 }, { Source : &amp;apos;.Net SqlClient Data Provider&amp;apos;, Number : 3621, State : &amp;apos;0&amp;apos;, Class : &amp;apos;0&amp;apos;, Server : &amp;apos;192.168.11.14&amp;apos;, Message : &amp;apos;The statement has been terminated.&amp;apos;, Procedure : &amp;apos;ctemp&amp;apos;, LineNumber : 6 }, { Source : &amp;apos;.Net SqlClient Data Provider&amp;apos;, Number : 3621, State : &amp;apos;0&amp;apos;, Class : &amp;apos;0&amp;apos;, Server : &amp;apos;192.168.11.14&amp;apos;, Message : &amp;apos;The statement has been terminated.&amp;apos;, Procedure : &amp;apos;ctemp&amp;apos;, LineNumber : 6 }, { Source : &amp;apos;.Net SqlClient Data Provider&amp;apos;, Number : 3621, State : &amp;apos;0&amp;apos;, Class : &amp;apos;0&amp;apos;, Server : &amp;apos;192.168.11.14&amp;apos;, Message : &amp;apos;The statement has been terminated.&amp;apos;, Procedure : &amp;apos;ctemp&amp;apos;, LineNumber : 6 }, { Source : &amp;apos;.Net SqlClient Data Provider&amp;apos;, Number : 3621, State : &amp;apos;0&amp;apos;, Class : &amp;apos;0&amp;apos;, Server : &amp;apos;192.168.11.14&amp;apos;, Message : &amp;apos;The statement has been terminated.&amp;apos;, Procedure : &amp;apos;ctemp&amp;apos;, LineNumber : 6 }, { Source : &amp;apos;.Net SqlClient Data Provider&amp;apos;, Number : 3621, State : &amp;apos;0&amp;apos;, Class : &amp;apos;0&amp;apos;, Server : &amp;apos;192.168.11.14&amp;apos;, Message : &amp;apos;The statement has been terminated.&amp;apos;, Procedure : &amp;apos;ctemp&amp;apos;, LineNumber : 6 }, { Source : &amp;apos;.Net SqlClient Data Provider&amp;apos;, Number : 3621, State : &amp;apos;0&amp;apos;, Class : &amp;apos;0&amp;apos;, Server : &amp;apos;192.168.11.14&amp;apos;, Message : &amp;apos;The statement has been terminated.&amp;apos;, Procedure : &amp;apos;ctemp&amp;apos;, LineNumber : 6 }, { Source : &amp;apos;.Net SqlClient Data Provider&amp;apos;, Number : 3621, State : &amp;apos;0&amp;apos;, Class : &amp;apos;0&amp;apos;, Server : &amp;apos;192.168.11.14&amp;apos;, Message : &amp;apos;The statement has been terminated.&amp;apos;, Procedure : &amp;apos;ctemp&amp;apos;, LineNumber : 6 }, { Source : &amp;apos;.Net SqlClient Data Provider&amp;apos;, Number : 3621, State : &amp;apos;0&amp;apos;, Class : &amp;apos;0&amp;apos;, Server : &amp;apos;192.168.11.14&amp;apos;, Message : &amp;apos;The statement has been terminated.&amp;apos;, Procedure : &amp;apos;ctemp&amp;apos;, LineNumber : 6 }, { Source : &amp;apos;.Net SqlClient Data Provider&amp;apos;, Number : 3621, State : &amp;apos;0&amp;apos;, Class : &amp;apos;0&amp;apos;, Server : &amp;apos;192.168.11.14&amp;apos;, Message : &amp;apos;The statement has been terminated.&amp;apos;, Procedure : &amp;apos;ctemp&amp;apos;, LineNumber : 6 }, { Source : &amp;apos;.Net SqlClient Data Provider&amp;apos;, Number : 3621, State : &amp;apos;0&amp;apos;, Class : &amp;apos;0&amp;apos;, Server : &amp;apos;192.168.11.14&amp;apos;, Message : &amp;apos;The statement has been terminated.&amp;apos;, Procedure : &amp;apos;ctemp&amp;apos;, LineNumber : 6 }, { Source : &amp;apos;.Net SqlClient Data Provider&amp;apos;, Number : 3621, State : &amp;apos;0&amp;apos;, Class : &amp;apos;0&amp;apos;, Server : &amp;apos;192.168.11.14&amp;apos;, Message : &amp;apos;The statement has been terminated.&amp;apos;, Procedure : &amp;apos;ctemp&amp;apos;, LineNumber : 6 }, { Source : &amp;apos;.Net SqlClient Data Provider&amp;apos;, Number : 3621, State : &amp;apos;0&amp;apos;, Class : &amp;apos;0&amp;apos;, Server : &amp;apos;192.168.11.14&amp;apos;, Message : &amp;apos;The statement has been terminated.&amp;apos;, Procedure : &amp;apos;ctemp&amp;apos;, LineNumber : 6 }, { Source : &amp;apos;.Net SqlClient Data Provider&amp;apos;, Number : 3621, State : &amp;apos;0&amp;apos;, Class : &amp;apos;0&amp;apos;, Server : &amp;apos;192.168.11.14&amp;apos;, Message : &amp;apos;The statement has been terminated.&amp;apos;, Procedure : &amp;apos;ctemp&amp;apos;, LineNumber : 6 }, { Source : &amp;apos;.Net SqlClient Data Provider&amp;apos;, Number : 3621, State : &amp;apos;0&amp;apos;, Class : &amp;apos;0&amp;apos;, Server : &amp;apos;192.168.11.14&amp;apos;, Message : &amp;apos;The statement has been terminated.&amp;apos;, Procedure : &amp;apos;ctemp&amp;apos;, LineNumber : 6 }, { Source : &amp;apos;.Net SqlClient Data Provider&amp;apos;, Number : 3621, State : &amp;apos;0&amp;apos;, Class : &amp;apos;0&amp;apos;, Server : &amp;apos;192.168.11.14&amp;apos;, Message : &amp;apos;The statement has been terminated.&amp;apos;, Procedure : &amp;apos;ctemp&amp;apos;, LineNumber : 6 }, { Source : &amp;apos;.Net SqlClient Data Provider&amp;apos;, Number : 3621, State : &amp;apos;0&amp;apos;, Class : &amp;apos;0&amp;apos;, Server : &amp;apos;192.168.11.14&amp;apos;, Message : &amp;apos;The statement has been terminated.&amp;apos;, Procedure : &amp;apos;ctemp&amp;apos;, LineNumber : 6 }, { Source : &amp;apos;.Net SqlClient Data Provider&amp;apos;, Number : 3621, State : &amp;apos;0&amp;apos;, Class : &amp;apos;0&amp;apos;, Server : &amp;apos;192.168.11.14&amp;apos;, Message : &amp;apos;The statement has been terminated.&amp;apos;, Procedure : &amp;apos;ctemp&amp;apos;, LineNumber : 6 }, { Source : &amp;apos;.Net SqlClient Data Provider&amp;apos;, Number : 3621, State : &amp;apos;0&amp;apos;, Class : &amp;apos;0&amp;apos;, Server : &amp;apos;192.168.11.14&amp;apos;, Message : &amp;apos;The statement has been terminated.&amp;apos;, Procedure : &amp;apos;ctemp&amp;apos;, LineNumber : 6 }, { Source : &amp;apos;.Net SqlClient Data Provider&amp;apos;, Number : 3621, State : &amp;apos;0&amp;apos;, Class : &amp;apos;0&amp;apos;, Server : &amp;apos;192.168.11.14&amp;apos;, Message : &amp;apos;The statement has been terminated.&amp;apos;, Procedure : &amp;apos;ctemp&amp;apos;, LineNumber : 6 }, { Source : &amp;apos;.Net SqlClient Data Provider&amp;apos;, Number : 3621, State : &amp;apos;0&amp;apos;, Class : &amp;apos;0&amp;apos;, Server : &amp;apos;192.168.11.14&amp;apos;, Message : &amp;apos;The statement has been terminated.&amp;apos;, Procedure : &amp;apos;ctemp&amp;apos;, LineNumber : 6 }, { Source : &amp;apos;.Net SqlClient Data Provider&amp;apos;, Number : 3621, State : &amp;apos;0&amp;apos;, Class : &amp;apos;0&amp;apos;, Server : &amp;apos;192.168.11.14&amp;apos;, Message : &amp;apos;The statement has been terminated.&amp;apos;, Procedure : &amp;apos;ctemp&amp;apos;, LineNumber : 6 }, { Source : &amp;apos;.Net SqlClient Data Provider&amp;apos;, Number : 3621, State : &amp;apos;0&amp;apos;, Class : &amp;apos;0&amp;apos;, Server : &amp;apos;192.168.11.14&amp;apos;, Message : &amp;apos;The statement has been terminated.&amp;apos;, Procedure : &amp;apos;ctemp&amp;apos;, LineNumber : 6 }, { Source : &amp;apos;.Net SqlClient Data Provider&amp;apos;, Number : 3621, State : &amp;apos;0&amp;apos;, Class : &amp;apos;0&amp;apos;, Server : &amp;apos;192.168.11.14&amp;apos;, Message : &amp;apos;The statement has been terminated.&amp;apos;, Procedure : &amp;apos;ctemp&amp;apos;, LineNumber : 6 }, { Source : &amp;apos;.Net SqlClient Data Provider&amp;apos;, Number : 3621, State : &amp;apos;0&amp;apos;, Class : &amp;apos;0&amp;apos;, Server : &amp;apos;192.168.11.14&amp;apos;, Message : &amp;apos;The statement has been terminated.&amp;apos;, Procedure : &amp;apos;ctemp&amp;apos;, LineNumber : 6 }, { Source : &amp;apos;.Net SqlClient Data Provider&amp;apos;, Number : 3621, State : &amp;apos;0&amp;apos;, Class : &amp;apos;0&amp;apos;, Server : &amp;apos;192.168.11.14&amp;apos;, Message : &amp;apos;The statement has been terminated.&amp;apos;, Procedure : &amp;apos;ctemp&amp;apos;, LineNumber : 6 }, { Source : &amp;apos;.Net SqlClient Data Provider&amp;apos;, Number : 3621, State : &amp;apos;0&amp;apos;, Class : &amp;apos;0&amp;apos;, Server : &amp;apos;192.168.11.14&amp;apos;, Message : &amp;apos;The statement has been terminated.&amp;apos;, Procedure : &amp;apos;ctemp&amp;apos;, LineNumber : 6 }, { Source : &amp;apos;.Net SqlClient Data Provider&amp;apos;, Number : 3621, State : &amp;apos;0&amp;apos;, Class : &amp;apos;0&amp;apos;, Server : &amp;apos;192.168.11.14&amp;apos;, Message : &amp;apos;The statement has been terminated.&amp;apos;, Procedure : &amp;apos;ctemp&amp;apos;, LineNumber : 6 }, { Source : &amp;apos;.Net SqlClient Data Provider&amp;apos;, Number : 3621, State : &amp;apos;0&amp;apos;, Class : &amp;apos;0&amp;apos;, Server : &amp;apos;192.168.11.14&amp;apos;, Message : &amp;apos;The statement has been terminated.&amp;apos;, Procedure : &amp;apos;ctemp&amp;apos;, LineNumber : 6 }, { Source : &amp;apos;.Net SqlClient Data Provider&amp;apos;, Number : 3621, State : &amp;apos;0&amp;apos;, Class : &amp;apos;0&amp;apos;, Server : &amp;apos;192.168.11.14&amp;apos;, Message : &amp;apos;The statement has been terminated.&amp;apos;, Procedure : &amp;apos;ctemp&amp;apos;, LineNumber : 6 }, { Source : &amp;apos;.Net SqlClient Data Provider&amp;apos;, Number : 3621, State : &amp;apos;0&amp;apos;, Class : &amp;apos;0&amp;apos;, Server : &amp;apos;192.168.11.14&amp;apos;, Message : &amp;apos;The statement has been terminated.&amp;apos;, Procedure : &amp;apos;ctemp&amp;apos;, LineNumber : 6 }, { Source : &amp;apos;.Net SqlClient Data Provider&amp;apos;, Number : 3621, State : &amp;apos;0&amp;apos;, Class : &amp;apos;0&amp;apos;, Server : &amp;apos;192.168.11.14&amp;apos;, Message : &amp;apos;The statement has been terminated.&amp;apos;, Procedure : &amp;apos;ctemp&amp;apos;, LineNumber : 6 }, { Source : &amp;apos;.Net SqlClient Data Provider&amp;apos;, Number : 3621, State : &amp;apos;0&amp;apos;, Class : &amp;apos;0&amp;apos;, Server : &amp;apos;192.168.11.14&amp;apos;, Message : &amp;apos;The statement has been terminated.&amp;apos;, Procedure : &amp;apos;ctemp&amp;apos;, LineNumber : 6 }, { Source : &amp;apos;.Net SqlClient Data Provider&amp;apos;, Number : 3621, State : &amp;apos;0&amp;apos;, Class : &amp;apos;0&amp;apos;, Server : &amp;apos;192.168.11.14&amp;apos;, Message : &amp;apos;The statement has been terminated.&amp;apos;, Procedure : &amp;apos;ctemp&amp;apos;, LineNumber : 6 }, { Source : &amp;apos;.Net SqlClient Data Provider&amp;apos;, Number : 3621, State : &amp;apos;0&amp;apos;, Class : &amp;apos;0&amp;apos;, Server : &amp;apos;192.168.11.14&amp;apos;, Message : &amp;apos;The statement has been terminated.&amp;apos;, Procedure : &amp;apos;ctemp&amp;apos;, LineNumber : 6 }, { Source : &amp;apos;.Net SqlClient Data Provider&amp;apos;, Number : 3621, State : &amp;apos;0&amp;apos;, Class : &amp;apos;0&amp;apos;, Server : &amp;apos;192.168.11.14&amp;apos;, Message : &amp;apos;The statement has been terminated.&amp;apos;, Procedure : &amp;apos;ctemp&amp;apos;, LineNumber : 6 }, { Source : &amp;apos;.Net SqlClient Data Provider&amp;apos;, Number : 3621, State : &amp;apos;0&amp;apos;, Class : &amp;apos;0&amp;apos;, Server : &amp;apos;192.168.11.14&amp;apos;, Message : &amp;apos;The statement has been terminated.&amp;apos;, Procedure : &amp;apos;ctemp&amp;apos;, LineNumber : 6 }, { Source : &amp;apos;.Net SqlClient Data Provider&amp;apos;, Number : 3621, State : &amp;apos;0&amp;apos;, Class : &amp;apos;0&amp;apos;, Server : &amp;apos;192.168.11.14&amp;apos;, Message : &amp;apos;The statement has been terminated.&amp;apos;, Procedure : &amp;apos;ctemp&amp;apos;, LineNumber : 6 }, { Source : &amp;apos;.Net SqlClient Data Provider&amp;apos;, Number : 3621, State : &amp;apos;0&amp;apos;, Class : &amp;apos;0&amp;apos;, Server : &amp;apos;192.168.11.14&amp;apos;, Message : &amp;apos;The statement has been terminated.&amp;apos;, Procedure : &amp;apos;ctemp&amp;apos;, LineNumber : 6 }, { Source : &amp;apos;.Net SqlClient Data Provider&amp;apos;, Number : 3621, State : &amp;apos;0&amp;apos;, Class : &amp;apos;0&amp;apos;, Server : &amp;apos;192.168.11.14&amp;apos;, Message : &amp;apos;The statement has been terminated.&amp;apos;, Procedure : &amp;apos;ctemp&amp;apos;, LineNumber : 6 }, { Source : &amp;apos;.Net SqlClient Data Provider&amp;apos;, Number : 3621, State : &amp;apos;0&amp;apos;, Class : &amp;apos;0&amp;apos;, Server : &amp;apos;192.168.11.14&amp;apos;, Message : &amp;apos;The statement has been terminated.&amp;apos;, Procedure : &amp;apos;ctemp&amp;apos;, LineNumber : 6 }, { Source : &amp;apos;.Net SqlClient Data Provider&amp;apos;, Number : 3621, State : &amp;apos;0&amp;apos;, Class : &amp;apos;0&amp;apos;, Server : &amp;apos;192.168.11.14&amp;apos;, Message : &amp;apos;The statement has been terminated.&amp;apos;, Procedure : &amp;apos;ctemp&amp;apos;, LineNumber : 6 }, { Source : &amp;apos;.Net SqlClient Data Provider&amp;apos;, Number : 3621, State : &amp;apos;0&amp;apos;, Class : &amp;apos;0&amp;apos;, Server : &amp;apos;192.168.11.14&amp;apos;, Message : &amp;apos;The statement has been terminated.&amp;apos;, Procedure : &amp;apos;ctemp&amp;apos;, LineNumber : 6 }, { Source : &amp;apos;.Net SqlClient Data Provider&amp;apos;, Number : 3621, State : &amp;apos;0&amp;apos;, Class : &amp;apos;0&amp;apos;, Server : &amp;apos;192.168.11.14&amp;apos;, Message : &amp;apos;The statement has been terminated.&amp;apos;, Procedure : &amp;apos;ctemp&amp;apos;, LineNumber : 6 }, { Source : &amp;apos;.Net SqlClient Data Provider&amp;apos;, Number : 3621, State : &amp;apos;0&amp;apos;, Class : &amp;apos;0&amp;apos;, Server : &amp;apos;192.168.11.14&amp;apos;, Message : &amp;apos;The statement has been terminated.&amp;apos;, Procedure : &amp;apos;ctemp&amp;apos;, LineNumber : 6 }, { Source : &amp;apos;.Net SqlClient Data Provider&amp;apos;, Number : 3621, State : &amp;apos;0&amp;apos;, Class : &amp;apos;0&amp;apos;, Server : &amp;apos;192.168.11.14&amp;apos;, Message : &amp;apos;The statement has been terminated.&amp;apos;, Procedure : &amp;apos;ctemp&amp;apos;, LineNumber : 6 }, { Source : &amp;apos;.Net SqlClient Data Provider&amp;apos;, Number : 3621, State : &amp;apos;0&amp;apos;, Class : &amp;apos;0&amp;apos;, Server : &amp;apos;192.168.11.14&amp;apos;, Message : &amp;apos;The statement has been terminated.&amp;apos;, Procedure : &amp;apos;ctemp&amp;apos;, LineNumber : 6 }, { Source : &amp;apos;.Net SqlClient Data Provider&amp;apos;, Number : 3621, State : &amp;apos;0&amp;apos;, Class : &amp;apos;0&amp;apos;, Server : &amp;apos;192.168.11.14&amp;apos;, Message : &amp;apos;The statement has been terminated.&amp;apos;, Procedure : &amp;apos;ctemp&amp;apos;, LineNumber : 6 }, { Source : &amp;apos;.Net SqlClient Data Provider&amp;apos;, Number : 3621, State : &amp;apos;0&amp;apos;, Class : &amp;apos;0&amp;apos;, Server : &amp;apos;192.168.11.14&amp;apos;, Message : &amp;apos;The statement has been terminated.&amp;apos;, Procedure : &amp;apos;ctemp&amp;apos;, LineNumber : 6 }, { Source : &amp;apos;.Net SqlClient Data Provider&amp;apos;, Number : 3621, State : &amp;apos;0&amp;apos;, Class : &amp;apos;0&amp;apos;, Server : &amp;apos;192.168.11.14&amp;apos;, Message : &amp;apos;The statement has been terminated.&amp;apos;, Procedure : &amp;apos;ctemp&amp;apos;, LineNumber : 6 }, { Source : &amp;apos;.Net SqlClient Data Provider&amp;apos;, Number : 3621, State : &amp;apos;0&amp;apos;, Class : &amp;apos;0&amp;apos;, Server : &amp;apos;192.168.11.14&amp;apos;, Message : &amp;apos;The statement has been terminated.&amp;apos;, Procedure : &amp;apos;ctemp&amp;apos;, LineNumber : 6 }, { Source : &amp;apos;.Net SqlClient Data Provider&amp;apos;, Number : 3621, State : &amp;apos;0&amp;apos;, Class : &amp;apos;0&amp;apos;, Server : &amp;apos;192.168.11.14&amp;apos;, Message : &amp;apos;The statement has been terminated.&amp;apos;, Procedure : &amp;apos;ctemp&amp;apos;, LineNumber : 6 }, { Source : &amp;apos;.Net SqlClient Data Provider&amp;apos;, Number : 3621, State : &amp;apos;0&amp;apos;, Class : &amp;apos;0&amp;apos;, Server : &amp;apos;192.168.11.14&amp;apos;, Message : &amp;apos;The statement has been terminated.&amp;apos;, Procedure : &amp;apos;ctemp&amp;apos;, LineNumber : 6 }, { Source : &amp;apos;.Net SqlClient Data Provider&amp;apos;, Number : 3621, State : &amp;apos;0&amp;apos;, Class : &amp;apos;0&amp;apos;, Server : &amp;apos;192.168.11.14&amp;apos;, Message : &amp;apos;The statement has been terminated.&amp;apos;, Procedure : &amp;apos;ctemp&amp;apos;, LineNumber : 6 }, { Source : &amp;apos;.Net SqlClient Data Provider&amp;apos;, Number : 3621, State : &amp;apos;0&amp;apos;, Class : &amp;apos;0&amp;apos;, Server : &amp;apos;192.168.11.14&amp;apos;, Message : &amp;apos;The statement has been terminated.&amp;apos;, Procedure : &amp;apos;ctemp&amp;apos;, LineNumber : 6 }, { Source : &amp;apos;.Net SqlClient Data Provider&amp;apos;, Number : 3621, State : &amp;apos;0&amp;apos;, Class : &amp;apos;0&amp;apos;, Server : &amp;apos;192.168.11.14&amp;apos;, Message : &amp;apos;The statement has been terminated.&amp;apos;, Procedure : &amp;apos;ctemp&amp;apos;, LineNumber : 6 }, { Source : &amp;apos;.Net SqlClient Data Provider&amp;apos;, Number : 3621, State : &amp;apos;0&amp;apos;, Class : &amp;apos;0&amp;apos;, Server : &amp;apos;192.168.11.14&amp;apos;, Message : &amp;apos;The statement has been terminated.&amp;apos;, Procedure : &amp;apos;ctemp&amp;apos;, LineNumber : 6 }, { Source : &amp;apos;.Net SqlClient Data Provider&amp;apos;, Number : 3621, State : &amp;apos;0&amp;apos;, Class : &amp;apos;0&amp;apos;, Server : &amp;apos;192.168.11.14&amp;apos;, Message : &amp;apos;The statement has been terminated.&amp;apos;, Procedure : &amp;apos;ctemp&amp;apos;, LineNumber : 6 }, { Source : &amp;apos;.Net SqlClient Data Provider&amp;apos;, Number : 3621, State : &amp;apos;0&amp;apos;, Class : &amp;apos;0&amp;apos;, Server : &amp;apos;192.168.11.14&amp;apos;, Message : &amp;apos;The statement has been terminated.&amp;apos;, Procedure : &amp;apos;ctemp&amp;apos;, LineNumber : 6 }, { Source : &amp;apos;.Net SqlClient Data Provider&amp;apos;, Number : 3621, State : &amp;apos;0&amp;apos;, Class : &amp;apos;0&amp;apos;, Server : &amp;apos;192.168.11.14&amp;apos;, Message : &amp;apos;The statement has been terminated.&amp;apos;, Procedure : &amp;apos;ctemp&amp;apos;, LineNumber : 6 }, { Source : &amp;apos;.Net SqlClient Data Provider&amp;apos;, Number : 3621, State : &amp;apos;0&amp;apos;, Class : &amp;apos;0&amp;apos;, Server : &amp;apos;192.168.11.14&amp;apos;, Message : &amp;apos;The statement has been terminated.&amp;apos;, Procedure : &amp;apos;ctemp&amp;apos;, LineNumber : 6 }, { Source : &amp;apos;.Net SqlClient Data Provider&amp;apos;, Number : 3621, State : &amp;apos;0&amp;apos;, Class : &amp;apos;0&amp;apos;, Server : &amp;apos;192.168.11.14&amp;apos;, Message : &amp;apos;The statement has been terminated.&amp;apos;, Procedure : &amp;apos;ctemp&amp;apos;, LineNumber : 6 }, { Source : &amp;apos;.Net SqlClient Data Provider&amp;apos;, Number : 3621, State : &amp;apos;0&amp;apos;, Class : &amp;apos;0&amp;apos;, Server : &amp;apos;192.168.11.14&amp;apos;, Message : &amp;apos;The statement has been terminated.&amp;apos;, Procedure : &amp;apos;ctemp&amp;apos;, LineNumber : 6 }, { Source : &amp;apos;.Net SqlClient Data Provider&amp;apos;, Number : 3621, State : &amp;apos;0&amp;apos;, Class : &amp;apos;0&amp;apos;, Server : &amp;apos;192.168.11.14&amp;apos;, Message : &amp;apos;The statement has been terminated.&amp;apos;, Procedure : &amp;apos;ctemp&amp;apos;, LineNumber : 6 }, { Source : &amp;apos;.Net SqlClient Data Provider&amp;apos;, Number : 3621, State : &amp;apos;0&amp;apos;, Class : &amp;apos;0&amp;apos;, Server : &amp;apos;192.168.11.14&amp;apos;, Message : &amp;apos;The statement has been terminated.&amp;apos;, Procedure : &amp;apos;ctemp&amp;apos;, LineNumber : 6 }, { Source : &amp;apos;.Net SqlClient Data Provider&amp;apos;, Number : 3621, State : &amp;apos;0&amp;apos;, Class : &amp;apos;0&amp;apos;, Server : &amp;apos;192.168.11.14&amp;apos;, Message : &amp;apos;The statement has been terminated.&amp;apos;, Procedure : &amp;apos;ctemp&amp;apos;, LineNumber : 6 }, { Source : &amp;apos;.Net SqlClient Data Provider&amp;apos;, Number : 3621, State : &amp;apos;0&amp;apos;, Class : &amp;apos;0&amp;apos;, Server : &amp;apos;192.168.11.14&amp;apos;, Message : &amp;apos;The statement has been terminated.&amp;apos;, Procedure : &amp;apos;ctemp&amp;apos;, LineNumber : 6 }, { Source : &amp;apos;.Net SqlClient Data Provider&amp;apos;, Number : 3621, State : &amp;apos;0&amp;apos;, Class : &amp;apos;0&amp;apos;, Server : &amp;apos;192.168.11.14&amp;apos;, Message : &amp;apos;The statement has been terminated.&amp;apos;, Procedure : &amp;apos;ctemp&amp;apos;, LineNumber : 6 }, { Source : &amp;apos;.Net SqlClient Data Provider&amp;apos;, Number : 3621, State : &amp;apos;0&amp;apos;, Class : &amp;apos;0&amp;apos;, Server : &amp;apos;192.168.11.14&amp;apos;, Message : &amp;apos;The statement has been terminated.&amp;apos;, Procedure : &amp;apos;ctemp&amp;apos;, LineNumber : 6 }, { Source : &amp;apos;.Net SqlClient Data Provider&amp;apos;, Number : 3621, State : &amp;apos;0&amp;apos;, Class : &amp;apos;0&amp;apos;, Server : &amp;apos;192.168.11.14&amp;apos;, Message : &amp;apos;The statement has been terminated.&amp;apos;, Procedure : &amp;apos;ctemp&amp;apos;, LineNumber : 6 }, { Source : &amp;apos;.Net SqlClient Data Provider&amp;apos;, Number : 3621, State : &amp;apos;0&amp;apos;, Class : &amp;apos;0&amp;apos;, Server : &amp;apos;192.168.11.14&amp;apos;, Message : &amp;apos;The statement has been terminated.&amp;apos;, Procedure : &amp;apos;ctemp&amp;apos;, LineNumber : 6 }, { Source : &amp;apos;.Net SqlClient Data Provider&amp;apos;, Number : 3621, State : &amp;apos;0&amp;apos;, Class : &amp;apos;0&amp;apos;, Server : &amp;apos;192.168.11.14&amp;apos;, Message : &amp;apos;The statement has been terminated.&amp;apos;, Procedure : &amp;apos;ctemp&amp;apos;, LineNumber : 6 }, { Source : &amp;apos;.Net SqlClient Data Provider&amp;apos;, Number : 3621, State : &amp;apos;0&amp;apos;, Class : &amp;apos;0&amp;apos;, Server : &amp;apos;192.168.11.14&amp;apos;, Message : &amp;apos;The statement has been terminated.&amp;apos;, Procedure : &amp;apos;ctemp&amp;apos;, LineNumber : 6 }, { Source : &amp;apos;.Net SqlClient Data Provider&amp;apos;, Number : 3621, State : &amp;apos;0&amp;apos;, Class : &amp;apos;0&amp;apos;, Server : &amp;apos;192.168.11.14&amp;apos;, Message : &amp;apos;The statement has been terminated.&amp;apos;, Procedure : &amp;apos;ctemp&amp;apos;, LineNumber : 6 }, { Source : &amp;apos;.Net SqlClient Data Provider&amp;apos;, Number : 3621, State : &amp;apos;0&amp;apos;, Class : &amp;apos;0&amp;apos;, Server : &amp;apos;192.168.11.14&amp;apos;, Message : &amp;apos;The statement has been terminated.&amp;apos;, Procedure : &amp;apos;ctemp&amp;apos;, LineNumber : 6 }, { Source : &amp;apos;.Net SqlClient Data Provider&amp;apos;, Number : 3621, State : &amp;apos;0&amp;apos;, Class : &amp;apos;0&amp;apos;, Server : &amp;apos;192.168.11.14&amp;apos;, Message : &amp;apos;The statement has been terminated.&amp;apos;, Procedure : &amp;apos;ctemp&amp;apos;, LineNumber : 6 }, { Source : &amp;apos;.Net SqlClient Data Provider&amp;apos;, Number : 3621, State : &amp;apos;0&amp;apos;, Class : &amp;apos;0&amp;apos;, Server : &amp;apos;192.168.11.14&amp;apos;, Message : &amp;apos;The statement has been terminated.&amp;apos;, Procedure : &amp;apos;ctemp&amp;apos;, LineNumber : 6 }, { Source : &amp;apos;.Net SqlClient Data Provider&amp;apos;, Number : 3621, State : &amp;apos;0&amp;apos;, Class : &amp;apos;0&amp;apos;, Server : &amp;apos;192.168.11.14&amp;apos;, Message : &amp;apos;The statement has been terminated.&amp;apos;, Procedure : &amp;apos;ctemp&amp;apos;, LineNumber : 6 }, { Source : &amp;apos;.Net SqlClient Data Provider&amp;apos;, Number : 3621, State : &amp;apos;0&amp;apos;, Class : &amp;apos;0&amp;apos;, Server : &amp;apos;192.168.11.14&amp;apos;, Message : &amp;apos;The statement has been terminated.&amp;apos;, Procedure : &amp;apos;ctemp&amp;apos;, LineNumber : 6 }, { Source : &amp;apos;.Net SqlClient Data Provider&amp;apos;, Number : 3621, State : &amp;apos;0&amp;apos;, Class : &amp;apos;0&amp;apos;, Server : &amp;apos;192.168.11.14&amp;apos;, Message : &amp;apos;The statement has been terminated.&amp;apos;, Procedure : &amp;apos;ctemp&amp;apos;, LineNumber : 6 }, { Source : &amp;apos;.Net SqlClient Data Provider&amp;apos;, Number : 3621, State : &amp;apos;0&amp;apos;, Class : &amp;apos;0&amp;apos;, Server : &amp;apos;192.168.11.14&amp;apos;, Message : &amp;apos;The statement has been terminated.&amp;apos;, Procedure : &amp;apos;ctemp&amp;apos;, LineNumber : 6 }, { Source : &amp;apos;.Net SqlClient Data Provider&amp;apos;, Number : 3621, State : &amp;apos;0&amp;apos;, Class : &amp;apos;0&amp;apos;, Server : &amp;apos;192.168.11.14&amp;apos;, Message : &amp;apos;The statement has been terminated.&amp;apos;, Procedure : &amp;apos;ctemp&amp;apos;, LineNumber : 6 }, { Source : &amp;apos;.Net SqlClient Data Provider&amp;apos;, Number : 3621, State : &amp;apos;0&amp;apos;, Class : &amp;apos;0&amp;apos;, Server : &amp;apos;192.168.11.14&amp;apos;, Message : &amp;apos;The statement has been terminated.&amp;apos;, Procedure : &amp;apos;ctemp&amp;apos;, LineNumber : 6 }, { Source : &amp;apos;.Net SqlClient Data Provider&amp;apos;, Number : 3621, State : &amp;apos;0&amp;apos;, Class : &amp;apos;0&amp;apos;, Server : &amp;apos;192.168.11.14&amp;apos;, Message : &amp;apos;The statement has been terminated.&amp;apos;, Procedure : &amp;apos;ctemp&amp;apos;, LineNumber : 6 }, { Source : &amp;apos;.Net SqlClient Data Provider&amp;apos;, Number : 3621, State : &amp;apos;0&amp;apos;, Class : &amp;apos;0&amp;apos;, Server : &amp;apos;192.168.11.14&amp;apos;, Message : &amp;apos;The statement has been terminated.&amp;apos;, Procedure : &amp;apos;ctemp&amp;apos;, LineNumber : 6 }, { Source : &amp;apos;.Net SqlClient Data Provider&amp;apos;, Number : 3621, State : &amp;apos;0&amp;apos;, Class : &amp;apos;0&amp;apos;, Server : &amp;apos;192.168.11.14&amp;apos;, Message : &amp;apos;The statement has been terminated.&amp;apos;, Procedure : &amp;apos;ctemp&amp;apos;, LineNumber : 6 }, { Source : &amp;apos;.Net SqlClient Data Provider&amp;apos;, Number : 3621, State : &amp;apos;0&amp;apos;, Class : &amp;apos;0&amp;apos;, Server : &amp;apos;192.168.11.14&amp;apos;, Message : &amp;apos;The statement has been terminated.&amp;apos;, Procedure : &amp;apos;ctemp&amp;apos;, LineNumber : 6 }, { Source : &amp;apos;.Net SqlClient Data Provider&amp;apos;, Number : 3621, State : &amp;apos;0&amp;apos;, Class : &amp;apos;0&amp;apos;, Server : &amp;apos;192.168.11.14&amp;apos;, Message : &amp;apos;The statement has been terminated.&amp;apos;, Procedure : &amp;apos;ctemp&amp;apos;, LineNumber : 6 }, { Source : &amp;apos;.Net SqlClient Data Provider&amp;apos;, Number : 3621, State : &amp;apos;0&amp;apos;, Class : &amp;apos;0&amp;apos;, Server : &amp;apos;192.168.11.14&amp;apos;, Message : &amp;apos;The statement has been terminated.&amp;apos;, Procedure : &amp;apos;ctemp&amp;apos;, LineNumber : 6 }, { Source : &amp;apos;.Net SqlClient Data Provider&amp;apos;, Number : 3621, State : &amp;apos;0&amp;apos;, Class : &amp;apos;0&amp;apos;, Server : &amp;apos;192.168.11.14&amp;apos;, Message : &amp;apos;The statement has been terminated.&amp;apos;, Procedure : &amp;apos;ctemp&amp;apos;, LineNumber : 6 }, { Source : &amp;apos;.Net SqlClient Data Provider&amp;apos;, Number : 3621, State : &amp;apos;0&amp;apos;, Class : &amp;apos;0&amp;apos;, Server : &amp;apos;192.168.11.14&amp;apos;, Message : &amp;apos;The statement has been terminated.&amp;apos;, Procedure : &amp;apos;ctemp&amp;apos;, LineNumber : 6 }, { Source : &amp;apos;.Net SqlClient Data Provider&amp;apos;, Number : 3621, State : &amp;apos;0&amp;apos;, Class : &amp;apos;0&amp;apos;, Server : &amp;apos;192.168.11.14&amp;apos;, Message : &amp;apos;The statement has been terminated.&amp;apos;, Procedure : &amp;apos;ctemp&amp;apos;, LineNumber : 6 }, { Source : &amp;apos;.Net SqlClient Data Provider&amp;apos;, Number : 3621, State : &amp;apos;0&amp;apos;, Class : &amp;apos;0&amp;apos;, Server : &amp;apos;192.168.11.14&amp;apos;, Message : &amp;apos;The statement has been terminated.&amp;apos;, Procedure : &amp;apos;ctemp&amp;apos;, LineNumber : 6 }, { Source : &amp;apos;.Net SqlClient Data Provider&amp;apos;, Number : 3621, State : &amp;apos;0&amp;apos;, Class : &amp;apos;0&amp;apos;, Server : &amp;apos;192.168.11.14&amp;apos;, Message : &amp;apos;The statement has been terminated.&amp;apos;, Procedure : &amp;apos;ctemp&amp;apos;, LineNumber : 6 }, { Source : &amp;apos;.Net SqlClient Data Provider&amp;apos;, Number : 3621, State : &amp;apos;0&amp;apos;, Class : &amp;apos;0&amp;apos;, Server : &amp;apos;192.168.11.14&amp;apos;, Message : &amp;apos;The statement has been terminated.&amp;apos;, Procedure : &amp;apos;ctemp&amp;apos;, LineNumber : 6 }, { Source : &amp;apos;.Net SqlClient Data Provider&amp;apos;, Number : 3621, State : &amp;apos;0&amp;apos;, Class : &amp;apos;0&amp;apos;, Server : &amp;apos;192.168.11.14&amp;apos;, Message : &amp;apos;The statement has been terminated.&amp;apos;, Procedure : &amp;apos;ctemp&amp;apos;, LineNumber : 6 }, { Source : &amp;apos;.Net SqlClient Data Provider&amp;apos;, Number : 3621, State : &amp;apos;0&amp;apos;, Class : &amp;apos;0&amp;apos;, Server : &amp;apos;192.168.11.14&amp;apos;, Message : &amp;apos;The statement has been terminated.&amp;apos;, Procedure : &amp;apos;ctemp&amp;apos;, LineNumber : 6 }, { Source : &amp;apos;.Net SqlClient Data Provider&amp;apos;, Number : 3621, State : &amp;apos;0&amp;apos;, Class : &amp;apos;0&amp;apos;, Server : &amp;apos;192.168.11.14&amp;apos;, Message : &amp;apos;The statement has been terminated.&amp;apos;, Procedure : &amp;apos;ctemp&amp;apos;, LineNumber : 6 }, { Source : &amp;apos;.Net SqlClient Data Provider&amp;apos;, Number : 3621, State : &amp;apos;0&amp;apos;, Class : &amp;apos;0&amp;apos;, Server : &amp;apos;192.168.11.14&amp;apos;, Message : &amp;apos;The statement has been terminated.&amp;apos;, Procedure : &amp;apos;ctemp&amp;apos;, LineNumber : 6 }, { Source : &amp;apos;.Net SqlClient Data Provider&amp;apos;, Number : 3621, State : &amp;apos;0&amp;apos;, Class : &amp;apos;0&amp;apos;, Server : &amp;apos;192.168.11.14&amp;apos;, Message : &amp;apos;The statement has been terminated.&amp;apos;, Procedure : &amp;apos;ctemp&amp;apos;, LineNumber : 6 }, { Source : &amp;apos;.Net SqlClient Data Provider&amp;apos;, Number : 3621, State : &amp;apos;0&amp;apos;, Class : &amp;apos;0&amp;apos;, Server : &amp;apos;192.168.11.14&amp;apos;, Message : &amp;apos;The statement has been terminated.&amp;apos;, Procedure : &amp;apos;ctemp&amp;apos;, LineNumber : 6 }, { Source : &amp;apos;.Net SqlClient Data Provider&amp;apos;, Number : 3621, State : &amp;apos;0&amp;apos;, Class : &amp;apos;0&amp;apos;, Server : &amp;apos;192.168.11.14&amp;apos;, Message : &amp;apos;The statement has been terminated.&amp;apos;, Procedure : &amp;apos;ctemp&amp;apos;, LineNumber : 6 }, { Source : &amp;apos;.Net SqlClient Data Provider&amp;apos;, Number : 3621, State : &amp;apos;0&amp;apos;, Class : &amp;apos;0&amp;apos;, Server : &amp;apos;192.168.11.14&amp;apos;, Message : &amp;apos;The statement has been terminated.&amp;apos;, Procedure : &amp;apos;ctemp&amp;apos;, LineNumber : 6 }, { Source : &amp;apos;.Net SqlClient Data Provider&amp;apos;, Number : 3621, State : &amp;apos;0&amp;apos;, Class : &amp;apos;0&amp;apos;, Server : &amp;apos;192.168.11.14&amp;apos;, Message : &amp;apos;The statement has been terminated.&amp;apos;, Procedure : &amp;apos;ctemp&amp;apos;, LineNumber : 6 }, { Source : &amp;apos;.Net SqlClient Data Provider&amp;apos;, Number : 3621, State : &amp;apos;0&amp;apos;, Class : &amp;apos;0&amp;apos;, Server : &amp;apos;192.168.11.14&amp;apos;, Message : &amp;apos;The statement has been terminated.&amp;apos;, Procedure : &amp;apos;ctemp&amp;apos;, LineNumber : 6 }, { Source : &amp;apos;.Net SqlClient Data Provider&amp;apos;, Number : 3621, State : &amp;apos;0&amp;apos;, Class : &amp;apos;0&amp;apos;, Server : &amp;apos;192.168.11.14&amp;apos;, Message : &amp;apos;The statement has been terminated.&amp;apos;, Procedure : &amp;apos;ctemp&amp;apos;, LineNumber : 6 }, { Source : &amp;apos;.Net SqlClient Data Provider&amp;apos;, Number : 3621, State : &amp;apos;0&amp;apos;, Class : &amp;apos;0&amp;apos;, Server : &amp;apos;192.168.11.14&amp;apos;, Message : &amp;apos;The statement has been terminated.&amp;apos;, Procedure : &amp;apos;ctemp&amp;apos;, LineNumber : 6 }, { Source : &amp;apos;.Net SqlClient Data Provider&amp;apos;, Number : 3621, State : &amp;apos;0&amp;apos;, Class : &amp;apos;0&amp;apos;, Server : &amp;apos;192.168.11.14&amp;apos;, Message : &amp;apos;The statement has been terminated.&amp;apos;, Procedure : &amp;apos;ctemp&amp;apos;, LineNumber : 6 }, { Source : &amp;apos;.Net SqlClient Data Provider&amp;apos;, Number : 3621, State : &amp;apos;0&amp;apos;, Class : &amp;apos;0&amp;apos;, Server : &amp;apos;192.168.11.14&amp;apos;, Message : &amp;apos;The statement has been terminated.&amp;apos;, Procedure : &amp;apos;ctemp&amp;apos;, LineNumber : 6 }, { Source : &amp;apos;.Net SqlClient Data Provider&amp;apos;, Number : 3621, State : &amp;apos;0&amp;apos;, Class : &amp;apos;0&amp;apos;, Server : &amp;apos;192.168.11.14&amp;apos;, Message : &amp;apos;The statement has been terminated.&amp;apos;, Procedure : &amp;apos;ctemp&amp;apos;, LineNumber : 6 }, { Source : &amp;apos;.Net SqlClient Data Provider&amp;apos;, Number : 3621, State : &amp;apos;0&amp;apos;, Class : &amp;apos;0&amp;apos;, Server : &amp;apos;192.168.11.14&amp;apos;, Message : &amp;apos;The statement has been terminated.&amp;apos;, Procedure : &amp;apos;ctemp&amp;apos;, LineNumber : 6 }, { Source : &amp;apos;.Net SqlClient Data Provider&amp;apos;, Number : 3621, State : &amp;apos;0&amp;apos;, Class : &amp;apos;0&amp;apos;, Server : &amp;apos;192.168.11.14&amp;apos;, Message : &amp;apos;The statement has been terminated.&amp;apos;, Procedure : &amp;apos;ctemp&amp;apos;, LineNumber : 6 }, { Source : &amp;apos;.Net SqlClient Data Provider&amp;apos;, Number : 3621, State : &amp;apos;0&amp;apos;, Class : &amp;apos;0&amp;apos;, Server : &amp;apos;192.168.11.14&amp;apos;, Message : &amp;apos;The statement has been terminated.&amp;apos;, Procedure : &amp;apos;ctemp&amp;apos;, LineNumber : 6 }, { Source : &amp;apos;.Net SqlClient Data Provider&amp;apos;, Number : 3621, State : &amp;apos;0&amp;apos;, Class : &amp;apos;0&amp;apos;, Server : &amp;apos;192.168.11.14&amp;apos;, Message : &amp;apos;The statement has been terminated.&amp;apos;, Procedure : &amp;apos;ctemp&amp;apos;, LineNumber : 6 }, { Source : &amp;apos;.Net SqlClient Data Provider&amp;apos;, Number : 3621, State : &amp;apos;0&amp;apos;, Class : &amp;apos;0&amp;apos;, Server : &amp;apos;192.168.11.14&amp;apos;, Message : &amp;apos;The statement has been terminated.&amp;apos;, Procedure : &amp;apos;ctemp&amp;apos;, LineNumber : 6 }, { Source : &amp;apos;.Net SqlClient Data Provider&amp;apos;, Number : 3621, State : &amp;apos;0&amp;apos;, Class : &amp;apos;0&amp;apos;, Server : &amp;apos;192.168.11.14&amp;apos;, Message : &amp;apos;The statement has been terminated.&amp;apos;, Procedure : &amp;apos;ctemp&amp;apos;, LineNumber : 6 }, { Source : &amp;apos;.Net SqlClient Data Provider&amp;apos;, Number : 3621, State : &amp;apos;0&amp;apos;, Class : &amp;apos;0&amp;apos;, Server : &amp;apos;192.168.11.14&amp;apos;, Message : &amp;apos;The statement has been terminated.&amp;apos;, Procedure : &amp;apos;ctemp&amp;apos;, LineNumber : 6 }, { Source : &amp;apos;.Net SqlClient Data Provider&amp;apos;, Number : 3621, State : &amp;apos;0&amp;apos;, Class : &amp;apos;0&amp;apos;, Server : &amp;apos;192.168.11.14&amp;apos;, Message : &amp;apos;The statement has been terminated.&amp;apos;, Procedure : &amp;apos;ctemp&amp;apos;, LineNumber : 6 }, { Source : &amp;apos;.Net SqlClient Data Provider&amp;apos;, Number : 3621, State : &amp;apos;0&amp;apos;, Class : &amp;apos;0&amp;apos;, Server : &amp;apos;192.168.11.14&amp;apos;, Message : &amp;apos;The statement has been terminated.&amp;apos;, Procedure : &amp;apos;ctemp&amp;apos;, LineNumber : 6 }, { Source : &amp;apos;.Net SqlClient Data Provider&amp;apos;, Number : 3621, State : &amp;apos;0&amp;apos;, Class : &amp;apos;0&amp;apos;, Server : &amp;apos;192.168.11.14&amp;apos;, Message : &amp;apos;The statement has been terminated.&amp;apos;, Procedure : &amp;apos;ctemp&amp;apos;, LineNumber : 6 }, { Source : &amp;apos;.Net SqlClient Data Provider&amp;apos;, Number : 3621, State : &amp;apos;0&amp;apos;, Class : &amp;apos;0&amp;apos;, Server : &amp;apos;192.168.11.14&amp;apos;, Message : &amp;apos;The statement has been terminated.&amp;apos;, Procedure : &amp;apos;ctemp&amp;apos;, LineNumber : 6 }, { Source : &amp;apos;.Net SqlClient Data Provider&amp;apos;, Number : 3621, State : &amp;apos;0&amp;apos;, Class : &amp;apos;0&amp;apos;, Server : &amp;apos;192.168.11.14&amp;apos;, Message : &amp;apos;The statement has been terminated.&amp;apos;, Procedure : &amp;apos;ctemp&amp;apos;, LineNumber : 6 }, { Source : &amp;apos;.Net SqlClient Data Provider&amp;apos;, Number : 3621, State : &amp;apos;0&amp;apos;, Class : &amp;apos;0&amp;apos;, Server : &amp;apos;192.168.11.14&amp;apos;, Message : &amp;apos;The statement has been terminated.&amp;apos;, Procedure : &amp;apos;ctemp&amp;apos;, LineNumber : 6 }, { Source : &amp;apos;.Net SqlClient Data Provider&amp;apos;, Number : 3621, State : &amp;apos;0&amp;apos;, Class : &amp;apos;0&amp;apos;, Server : &amp;apos;192.168.11.14&amp;apos;, Message : &amp;apos;The statement has been terminated.&amp;apos;, Procedure : &amp;apos;ctemp&amp;apos;, LineNumber : 6 }, { Source : &amp;apos;.Net SqlClient Data Provider&amp;apos;, Number : 3621, State : &amp;apos;0&amp;apos;, Class : &amp;apos;0&amp;apos;, Server : &amp;apos;192.168.11.14&amp;apos;, Message : &amp;apos;The statement has been terminated.&amp;apos;, Procedure : &amp;apos;ctemp&amp;apos;, LineNumber : 6 }, { Source : &amp;apos;.Net SqlClient Data Provider&amp;apos;, Number : 3621, State : &amp;apos;0&amp;apos;, Class : &amp;apos;0&amp;apos;, Server : &amp;apos;192.168.11.14&amp;apos;, Message : &amp;apos;The statement has been terminated.&amp;apos;, Procedure : &amp;apos;ctemp&amp;apos;, LineNumber : 6 }, { Source : &amp;apos;.Net SqlClient Data Provider&amp;apos;, Number : 3621, State : &amp;apos;0&amp;apos;, Class : &amp;apos;0&amp;apos;, Server : &amp;apos;192.168.11.14&amp;apos;, Message : &amp;apos;The statement has been terminated.&amp;apos;, Procedure : &amp;apos;ctemp&amp;apos;, LineNumber : 6 }, { Source : &amp;apos;.Net SqlClient Data Provider&amp;apos;, Number : 3621, State : &amp;apos;0&amp;apos;, Class : &amp;apos;0&amp;apos;, Server : &amp;apos;192.168.11.14&amp;apos;, Message : &amp;apos;The statement has been terminated.&amp;apos;, Procedure : &amp;apos;ctemp&amp;apos;, LineNumber : 6 }, { Source : &amp;apos;.Net SqlClient Data Provider&amp;apos;, Number : 3621, State : &amp;apos;0&amp;apos;, Class : &amp;apos;0&amp;apos;, Server : &amp;apos;192.168.11.14&amp;apos;, Message : &amp;apos;The statement has been terminated.&amp;apos;, Procedure : &amp;apos;ctemp&amp;apos;, LineNumber : 6 }, { Source : &amp;apos;.Net SqlClient Data Provider&amp;apos;, Number : 3621, State : &amp;apos;0&amp;apos;, Class : &amp;apos;0&amp;apos;, Server : &amp;apos;192.168.11.14&amp;apos;, Message : &amp;apos;The statement has been terminated.&amp;apos;, Procedure : &amp;apos;ctemp&amp;apos;, LineNumber : 6 }, { Source : &amp;apos;.Net SqlClient Data Provider&amp;apos;, Number : 3621, State : &amp;apos;0&amp;apos;, Class : &amp;apos;0&amp;apos;, Server : &amp;apos;192.168.11.14&amp;apos;, Message : &amp;apos;The statement has been terminated.&amp;apos;, Procedure : &amp;apos;ctemp&amp;apos;, LineNumber : 6 }, { Source : &amp;apos;.Net SqlClient Data Provider&amp;apos;, Number : 3621, State : &amp;apos;0&amp;apos;, Class : &amp;apos;0&amp;apos;, Server : &amp;apos;192.168.11.14&amp;apos;, Message : &amp;apos;The statement has been terminated.&amp;apos;, Procedure : &amp;apos;ctemp&amp;apos;, LineNumber : 6 }, { Source : &amp;apos;.Net SqlClient Data Provider&amp;apos;, Number : 3621, State : &amp;apos;0&amp;apos;, Class : &amp;apos;0&amp;apos;, Server : &amp;apos;192.168.11.14&amp;apos;, Message : &amp;apos;The statement has been terminated.&amp;apos;, Procedure : &amp;apos;ctemp&amp;apos;, LineNumber : 6 }, { Source : &amp;apos;.Net SqlClient Data Provider&amp;apos;, Number : 3621, State : &amp;apos;0&amp;apos;, Class : &amp;apos;0&amp;apos;, Server : &amp;apos;192.168.11.14&amp;apos;, Message : &amp;apos;The statement has been terminated.&amp;apos;, Procedure : &amp;apos;ctemp&amp;apos;, LineNumber : 6 }, { Source : &amp;apos;.Net SqlClient Data Provider&amp;apos;, Number : 3621, State : &amp;apos;0&amp;apos;, Class : &amp;apos;0&amp;apos;, Server : &amp;apos;192.168.11.14&amp;apos;, Message : &amp;apos;The statement has been terminated.&amp;apos;, Procedure : &amp;apos;ctemp&amp;apos;, LineNumber : 6 }, { Source : &amp;apos;.Net SqlClient Data Provider&amp;apos;, Number : 3621, State : &amp;apos;0&amp;apos;, Class : &amp;apos;0&amp;apos;, Server : &amp;apos;192.168.11.14&amp;apos;, Message : &amp;apos;The statement has been terminated.&amp;apos;, Procedure : &amp;apos;ctemp&amp;apos;, LineNumber : 6 }, { Source : &amp;apos;.Net SqlClient Data Provider&amp;apos;, Number : 3621, State : &amp;apos;0&amp;apos;, Class : &amp;apos;0&amp;apos;, Server : &amp;apos;192.168.11.14&amp;apos;, Message : &amp;apos;The statement has been terminated.&amp;apos;, Procedure : &amp;apos;ctemp&amp;apos;, LineNumber : 6 }, { Source : &amp;apos;.Net SqlClient Data Provider&amp;apos;, Number : 3621, State : &amp;apos;0&amp;apos;, Class : &amp;apos;0&amp;apos;, Server : &amp;apos;192.168.11.14&amp;apos;, Message : &amp;apos;The statement has been terminated.&amp;apos;, Procedure : &amp;apos;ctemp&amp;apos;, LineNumber : 6 }, { Source : &amp;apos;.Net SqlClient Data Provider&amp;apos;, Number : 3621, State : &amp;apos;0&amp;apos;, Class : &amp;apos;0&amp;apos;, Server : &amp;apos;192.168.11.14&amp;apos;, Message : &amp;apos;The statement has been terminated.&amp;apos;, Procedure : &amp;apos;ctemp&amp;apos;, LineNumber : 6 }, { Source : &amp;apos;.Net SqlClient Data Provider&amp;apos;, Number : 3621, State : &amp;apos;0&amp;apos;, Class : &amp;apos;0&amp;apos;, Server : &amp;apos;192.168.11.14&amp;apos;, Message : &amp;apos;The statement has been terminated.&amp;apos;, Procedure : &amp;apos;ctemp&amp;apos;, LineNumber : 6 }, { Source : &amp;apos;.Net SqlClient Data Provider&amp;apos;, Number : 3621, State : &amp;apos;0&amp;apos;, Class : &amp;apos;0&amp;apos;, Server : &amp;apos;192.168.11.14&amp;apos;, Message : &amp;apos;The statement has been terminated.&amp;apos;, Procedure : &amp;apos;ctemp&amp;apos;, LineNumber : 6 }, { Source : &amp;apos;.Net SqlClient Data Provider&amp;apos;, Number : 3621, State : &amp;apos;0&amp;apos;, Class : &amp;apos;0&amp;apos;, Server : &amp;apos;192.168.11.14&amp;apos;, Message : &amp;apos;The statement has been terminated.&amp;apos;, Procedure : &amp;apos;ctemp&amp;apos;, LineNumber : 6 }, { Source : &amp;apos;.Net SqlClient Data Provider&amp;apos;, Number : 3621, State : &amp;apos;0&amp;apos;, Class : &amp;apos;0&amp;apos;, Server : &amp;apos;192.168.11.14&amp;apos;, Message : &amp;apos;The statement has been terminated.&amp;apos;, Procedure : &amp;apos;ctemp&amp;apos;, LineNumber : 6 }, { Source : &amp;apos;.Net SqlClient Data Provider&amp;apos;, Number : 3621, State : &amp;apos;0&amp;apos;, Class : &amp;apos;0&amp;apos;, Server : &amp;apos;192.168.11.14&amp;apos;, Message : &amp;apos;The statement has been terminated.&amp;apos;, Procedure : &amp;apos;ctemp&amp;apos;, LineNumber : 6 }, { Source : &amp;apos;.Net SqlClient Data Provider&amp;apos;, Number : 3621, State : &amp;apos;0&amp;apos;, Class : &amp;apos;0&amp;apos;, Server : &amp;apos;192.168.11.14&amp;apos;, Message : &amp;apos;The statement has been terminated.&amp;apos;, Procedure : &amp;apos;ctemp&amp;apos;, LineNumber : 6 }, { Source : &amp;apos;.Net SqlClient Data Provider&amp;apos;, Number : 3621, State : &amp;apos;0&amp;apos;, Class : &amp;apos;0&amp;apos;, Server : &amp;apos;192.168.11.14&amp;apos;, Message : &amp;apos;The statement has been terminated.&amp;apos;, Procedure : &amp;apos;ctemp&amp;apos;, LineNumber : 6 }, { Source : &amp;apos;.Net SqlClient Data Provider&amp;apos;, Number : 3621, State : &amp;apos;0&amp;apos;, Class : &amp;apos;0&amp;apos;, Server : &amp;apos;192.168.11.14&amp;apos;, Message : &amp;apos;The statement has been terminated.&amp;apos;, Procedure : &amp;apos;ctemp&amp;apos;, LineNumber : 6 }, { Source : &amp;apos;.Net SqlClient Data Provider&amp;apos;, Number : 3621, State : &amp;apos;0&amp;apos;, Class : &amp;apos;0&amp;apos;, Server : &amp;apos;192.168.11.14&amp;apos;, Message : &amp;apos;The statement has been terminated.&amp;apos;, Procedure : &amp;apos;ctemp&amp;apos;, LineNumber : 6 }, { Source : &amp;apos;.Net SqlClient Data Provider&amp;apos;, Number : 3621, State : &amp;apos;0&amp;apos;, Class : &amp;apos;0&amp;apos;, Server : &amp;apos;192.168.11.14&amp;apos;, Message : &amp;apos;The statement has been terminated.&amp;apos;, Procedure : &amp;apos;ctemp&amp;apos;, LineNumber : 6 }, { Source : &amp;apos;.Net SqlClient Data Provider&amp;apos;, Number : 3621, State : &amp;apos;0&amp;apos;, Class : &amp;apos;0&amp;apos;, Server : &amp;apos;192.168.11.14&amp;apos;, Message : &amp;apos;The statement has been terminated.&amp;apos;, Procedure : &amp;apos;ctemp&amp;apos;, LineNumber : 6 }, { Source : &amp;apos;.Net SqlClient Data Provider&amp;apos;, Number : 3621, State : &amp;apos;0&amp;apos;, Class : &amp;apos;0&amp;apos;, Server : &amp;apos;192.168.11.14&amp;apos;, Message : &amp;apos;The statement has been terminated.&amp;apos;, Procedure : &amp;apos;ctemp&amp;apos;, LineNumber : 6 }, { Source : &amp;apos;.Net SqlClient Data Provider&amp;apos;, Number : 3621, State : &amp;apos;0&amp;apos;, Class : &amp;apos;0&amp;apos;, Server : &amp;apos;192.168.11.14&amp;apos;, Message : &amp;apos;The statement has been terminated.&amp;apos;, Procedure : &amp;apos;ctemp&amp;apos;, LineNumber : 6 }, { Source : &amp;apos;.Net SqlClient Data Provider&amp;apos;, Number : 3621, State : &amp;apos;0&amp;apos;, Class : &amp;apos;0&amp;apos;, Server : &amp;apos;192.168.11.14&amp;apos;, Message : &amp;apos;The statement has been terminated.&amp;apos;, Procedure : &amp;apos;ctemp&amp;apos;, LineNumber : 6 }, { Source : &amp;apos;.Net SqlClient Data Provider&amp;apos;, Number : 3621, State : &amp;apos;0&amp;apos;, Class : &amp;apos;0&amp;apos;, Server : &amp;apos;192.168.11.14&amp;apos;, Message : &amp;apos;The statement has been terminated.&amp;apos;, Procedure : &amp;apos;ctemp&amp;apos;, LineNumber : 6 }, { Source : &amp;apos;.Net SqlClient Data Provider&amp;apos;, Number : 3621, State : &amp;apos;0&amp;apos;, Class : &amp;apos;0&amp;apos;, Server : &amp;apos;192.168.11.14&amp;apos;, Message : &amp;apos;The statement has been terminated.&amp;apos;, Procedure : &amp;apos;ctemp&amp;apos;, LineNumber : 6 }, { Source : &amp;apos;.Net SqlClient Data Provider&amp;apos;, Number : 3621, State : &amp;apos;0&amp;apos;, Class : &amp;apos;0&amp;apos;, Server : &amp;apos;192.168.11.14&amp;apos;, Message : &amp;apos;The statement has been terminated.&amp;apos;, Procedure : &amp;apos;ctemp&amp;apos;, LineNumber : 6 }, { Source : &amp;apos;.Net SqlClient Data Provider&amp;apos;, Number : 3621, State : &amp;apos;0&amp;apos;, Class : &amp;apos;0&amp;apos;, Server : &amp;apos;192.168.11.14&amp;apos;, Message : &amp;apos;The statement has been terminated.&amp;apos;, Procedure : &amp;apos;ctemp&amp;apos;, LineNumber : 6 }, { Source : &amp;apos;.Net SqlClient Data Provider&amp;apos;, Number : 3621, State : &amp;apos;0&amp;apos;, Class : &amp;apos;0&amp;apos;, Server : &amp;apos;192.168.11.14&amp;apos;, Message : &amp;apos;The statement has been terminated.&amp;apos;, Procedure : &amp;apos;ctemp&amp;apos;, LineNumber : 6 }, { Source : &amp;apos;.Net SqlClient Data Provider&amp;apos;, Number : 3621, State : &amp;apos;0&amp;apos;, Class : &amp;apos;0&amp;apos;, Server : &amp;apos;192.168.11.14&amp;apos;, Message : &amp;apos;The statement has been terminated.&amp;apos;, Procedure : &amp;apos;ctemp&amp;apos;, LineNumber : 6 }, { Source : &amp;apos;.Net SqlClient Data Provider&amp;apos;, Number : 3621, State : &amp;apos;0&amp;apos;, Class : &amp;apos;0&amp;apos;, Server : &amp;apos;192.168.11.14&amp;apos;, Message : &amp;apos;The statement has been terminated.&amp;apos;, Procedure : &amp;apos;ctemp&amp;apos;, LineNumber : 6 }, { Source : &amp;apos;.Net SqlClient Data Provider&amp;apos;, Number : 3621, State : &amp;apos;0&amp;apos;, Class : &amp;apos;0&amp;apos;, Server : &amp;apos;192.168.11.14&amp;apos;, Message : &amp;apos;The statement has been terminated.&amp;apos;, Procedure : &amp;apos;ctemp&amp;apos;, LineNumber : 6 }, { Source : &amp;apos;.Net SqlClient Data Provider&amp;apos;, Number : 3621, State : &amp;apos;0&amp;apos;, Class : &amp;apos;0&amp;apos;, Server : &amp;apos;192.168.11.14&amp;apos;, Message : &amp;apos;The statement has been terminated.&amp;apos;, Procedure : &amp;apos;ctemp&amp;apos;, LineNumber : 6 }, { Source : &amp;apos;.Net SqlClient Data Provider&amp;apos;, Number : 3621, State : &amp;apos;0&amp;apos;, Class : &amp;apos;0&amp;apos;, Server : &amp;apos;192.168.11.14&amp;apos;, Message : &amp;apos;The statement has been terminated.&amp;apos;, Procedure : &amp;apos;ctemp&amp;apos;, LineNumber : 6 }, { Source : &amp;apos;.Net SqlClient Data Provider&amp;apos;, Number : 3621, State : &amp;apos;0&amp;apos;, Class : &amp;apos;0&amp;apos;, Server : &amp;apos;192.168.11.14&amp;apos;, Message : &amp;apos;The statement has been terminated.&amp;apos;, Procedure : &amp;apos;ctemp&amp;apos;, LineNumber : 6 }, { Source : &amp;apos;.Net SqlClient Data Provider&amp;apos;, Number : 3621, State : &amp;apos;0&amp;apos;, Class : &amp;apos;0&amp;apos;, Server : &amp;apos;192.168.11.14&amp;apos;, Message : &amp;apos;The statement has been terminated.&amp;apos;, Procedure : &amp;apos;ctemp&amp;apos;, LineNumber : 6 }, { Source : &amp;apos;.Net SqlClient Data Provider&amp;apos;, Number : 3621, State : &amp;apos;0&amp;apos;, Class : &amp;apos;0&amp;apos;, Server : &amp;apos;192.168.11.14&amp;apos;, Message : &amp;apos;The statement has been terminated.&amp;apos;, Procedure : &amp;apos;ctemp&amp;apos;, LineNumber : 6 }, { Source : &amp;apos;.Net SqlClient Data Provider&amp;apos;, Number : 3621, State : &amp;apos;0&amp;apos;, Class : &amp;apos;0&amp;apos;, Server : &amp;apos;192.168.11.14&amp;apos;, Message : &amp;apos;The statement has been terminated.&amp;apos;, Procedure : &amp;apos;ctemp&amp;apos;, LineNumber : 6 }, { Source : &amp;apos;.Net SqlClient Data Provider&amp;apos;, Number : 3621, State : &amp;apos;0&amp;apos;, Class : &amp;apos;0&amp;apos;, Server : &amp;apos;192.168.11.14&amp;apos;, Message : &amp;apos;The statement has been terminated.&amp;apos;, Procedure : &amp;apos;ctemp&amp;apos;, LineNumber : 6 }, { Source : &amp;apos;.Net SqlClient Data Provider&amp;apos;, Number : 3621, State : &amp;apos;0&amp;apos;, Class : &amp;apos;0&amp;apos;, Server : &amp;apos;192.168.11.14&amp;apos;, Message : &amp;apos;The statement has been terminated.&amp;apos;, Procedure : &amp;apos;ctemp&amp;apos;, LineNumber : 6 }, { Source : &amp;apos;.Net SqlClient Data Provider&amp;apos;, Number : 3621, State : &amp;apos;0&amp;apos;, Class : &amp;apos;0&amp;apos;, Server : &amp;apos;192.168.11.14&amp;apos;, Message : &amp;apos;The statement has been terminated.&amp;apos;, Procedure : &amp;apos;ctemp&amp;apos;, LineNumber : 6 }, { Source : &amp;apos;.Net SqlClient Data Provider&amp;apos;, Number : 3621, State : &amp;apos;0&amp;apos;, Class : &amp;apos;0&amp;apos;, Server : &amp;apos;192.168.11.14&amp;apos;, Message : &amp;apos;The statement has been terminated.&amp;apos;, Procedure : &amp;apos;ctemp&amp;apos;, LineNumber : 6 }, { Source : &amp;apos;.Net SqlClient Data Provider&amp;apos;, Number : 3621, State : &amp;apos;0&amp;apos;, Class : &amp;apos;0&amp;apos;, Server : &amp;apos;192.168.11.14&amp;apos;, Message : &amp;apos;The statement has been terminated.&amp;apos;, Procedure : &amp;apos;ctemp&amp;apos;, LineNumber : 6 } ], ClientConnectionId : &amp;apos;5c00e9f4-c68d-4a44-be15-e62d96508023&amp;apos;, Class : &amp;apos;16&amp;apos;, LineNumber : 6, Number : 242, Procedure : &amp;apos;ctemp&amp;apos;, Server : &amp;apos;192.168.11.14&amp;apos;, State : &amp;apos;3&amp;apos;, Source : &amp;apos;.Net SqlClient Data Provider&amp;apos;, ErrorCode : -2146232060, Message : &amp;apos;The conversion of a varchar data type to a datetime data type resulted in an out-of-range value.
The conversion of a varchar data type to a datetime data type resulted in an out-of-range value.
The conversion of a varchar data type to a datetime data type resulted in an out-of-range value.
The conversion of a varchar data type to a datetime data type resulted in an out-of-range value.
The conversion of a varchar data type to a datetime data type resulted in an out-of-range value.
The conversion of a varchar data type to a datetime data type resulted in an out-of-range value.
The conversion of a varchar data type to a datetime data type resulted in an out-of-range value.
The conversion of a varchar data type to a datetime data type resulted in an out-of-range value.
The conversion of a varchar data type to a datetime data type resulted in an out-of-range value.
The conversion of a varchar data type to a datetime data type resulted in an out-of-range value.
The conversion of a varchar data type to a datetime data type resulted in an out-of-range value.
The conversion of a varchar data type to a datetime data type resulted in an out-of-range value.
The conversion of a varchar data type to a datetime data type resulted in an out-of-range value.
The conversion of a varchar data type to a datetime data type resulted in an out-of-range value.
The conversion of a varchar data type to a datetime data type resulted in an out-of-range value.
The conversion of a varchar data type to a datetime data type resulted in an out-of-range value.
The conversion of a varchar data type to a datetime data type resulted in an out-of-range value.
The conversion of a varchar data type to a datetime data type resulted in an out-of-range value.
The conversion of a varchar data type to a datetime data type resulted in an out-of-range value.
The conversion of a varchar data type to a datetime data type resulted in an out-of-range value.
The conversion of a varchar data type to a datetime data type resulted in an out-of-range value.
The conversion of a varchar data type to a datetime data type resulted in an out-of-range value.
The conversion of a varchar data type to a datetime data type resulted in an out-of-range value.
The conversion of a varchar data type to a datetime data type resulted in an out-of-range value.
The conversion of a varchar data type to a datetime data type resulted in an out-of-range value.
The conversion of a varchar data type to a datetime data type resulted in an out-of-range value.
The conversion of a varchar data type to a datetime data type resulted in an out-of-range value.
The conversion of a varchar data type to a datetime data type resulted in an out-of-range value.
The conversion of a varchar data type to a datetime data type resulted in an out-of-range value.
The conversion of a varchar data type to a datetime data type resulted in an out-of-range value.
The conversion of a varchar data type to a datetime data type resulted in an out-of-range value.
The conversion of a varchar data type to a datetime data type resulted in an out-of-range value.
The conversion of a varchar data type to a datetime data type resulted in an out-of-range value.
The conversion of a varchar data type to a datetime data type resulted in an out-of-range value.
The conversion of a varchar data type to a datetime data type resulted in an out-of-range value.
The conversion of a varchar data type to a datetime data type resulted in an out-of-range value.
The conversion of a varchar data type to a datetime data type resulted in an out-of-range value.
The conversion of a varchar data type to a datetime data type resulted in an out-of-range value.
The conversion of a varchar data type to a datetime data type resulted in an out-of-range value.
The conversion of a varchar data type to a datetime data type resulted in an out-of-range value.
The conversion of a varchar data type to a datetime data type resulted in an out-of-range value.
The conversion of a varchar data type to a datetime data type resulted in an out-of-range value.
The conversion of a varchar data type to a datetime data type resulted in an out-of-range value.
The conversion of a varchar data type to a datetime data type resulted in an out-of-range value.
The conversion of a varchar data type to a datetime data type resulted in an out-of-range value.
The conversion of a varchar data type to a datetime data type resulted in an out-of-range value.
The conversion of a varchar data type to a datetime data type resulted in an out-of-range value.
The conversion of a varchar data type to a datetime data type resulted in an out-of-range value.
The conversion of a varchar data type to a datetime data type resulted in an out-of-range value.
The conversion of a varchar data type to a datetime data type resulted in an out-of-range value.
The conversion of a varchar data type to a datetime data type resulted in an out-of-range value.
The conversion of a varchar data type to a datetime data type resulted in an out-of-range value.
The conversion of a varchar data type to a datetime data type resulted in an out-of-range value.
The conversion of a varchar data type to a datetime data type resulted in an out-of-range value.
The conversion of a varchar data type to a datetime data type resulted in an out-of-range value.
The conversion of a varchar data type to a datetime data type resulted in an out-of-range value.
The conversion of a varchar data type to a datetime data type resulted in an out-of-range value.
The conversion of a varchar data type to a datetime data type resulted in an out-of-range value.
The conversion of a varchar data type to a datetime data type resulted in an out-of-range value.
The conversion of a varchar data type to a datetime data type resulted in an out-of-range value.
The conversion of a varchar data type to a datetime data type resulted in an out-of-range value.
The conversion of a varchar data type to a datetime data type resulted in an out-of-range value.
The conversion of a varchar data type to a datetime data type resulted in an out-of-range value.
The conversion of a varchar data type to a datetime data type resulted in an out-of-range value.
The conversion of a varchar data type to a datetime data type resulted in an out-of-range value.
The conversion of a varchar data type to a datetime data type resulted in an out-of-range value.
The conversion of a varchar data type to a datetime data type resulted in an out-of-range value.
The conversion of a varchar data type to a datetime data type resulted in an out-of-range value.
The conversion of a varchar data type to a datetime data type resulted in an out-of-range value.
The conversion of a varchar data type to a datetime data type resulted in an out-of-range value.
The conversion of a varchar data type to a datetime data type resulted in an out-of-range value.
The conversion of a varchar data type to a datetime data type resulted in an out-of-range value.
The conversion of a varchar data type to a datetime data type resulted in an out-of-range value.
The conversion of a varchar data type to a datetime data type resulted in an out-of-range value.
The conversion of a varchar data type to a datetime data type resulted in an out-of-range value.
The conversion of a varchar data type to a datetime data type resulted in an out-of-range value.
The conversion of a varchar data type to a datetime data type resulted in an out-of-range value.
The conversion of a varchar data type to a datetime data type resulted in an out-of-range value.
The conversion of a varchar data type to a datetime data type resulted in an out-of-range value.
The conversion of a varchar data type to a datetime data type resulted in an out-of-range value.
The conversion of a varchar data type to a datetime data type resulted in an out-of-range value.
The conversion of a varchar data type to a datetime data type resulted in an out-of-range value.
The conversion of a varchar data type to a datetime data type resulted in an out-of-range value.
The conversion of a varchar data type to a datetime data type resulted in an out-of-range value.
The conversion of a varchar data type to a datetime data type resulted in an out-of-range value.
The conversion of a varchar data type to a datetime data type resulted in an out-of-range value.
The conversion of a varchar data type to a datetime data type resulted in an out-of-range value.
The conversion of a varchar data type to a datetime data type resulted in an out-of-range value.
The conversion of a varchar data type to a datetime data type resulted in an out-of-range value.
The conversion of a varchar data type to a datetime data type resulted in an out-of-range value.
The conversion of a varchar data type to a datetime data type resulted in an out-of-range value.
The conversion of a varchar data type to a datetime data type resulted in an out-of-range value.
The conversion of a varchar data type to a datetime data type resulted in an out-of-range value.
The conversion of a varchar data type to a datetime data type resulted in an out-of-range value.
The conversion of a varchar data type to a datetime data type resulted in an out-of-range value.
The conversion of a varchar data type to a datetime data type resulted in an out-of-range value.
The conversion of a varchar data type to a datetime data type resulted in an out-of-range value.
The conversion of a varchar data type to a datetime data type resulted in an out-of-range value.
The conversion of a varchar data type to a datetime data type resulted in an out-of-range value.
The conversion of a varchar data type to a datetime data type resulted in an out-of-range value.
The conversion of a varchar data type to a datetime data type resulted in an out-of-range value.
The conversion of a varchar data type to a datetime data type resulted in an out-of-range value.
The conversion of a varchar data type to a datetime data type resulted in an out-of-range value.
The conversion of a varchar data type to a datetime data type resulted in an out-of-range value.
The conversion of a varchar data type to a datetime data type resulted in an out-of-range value.
The conversion of a varchar data type to a datetime data type resulted in an out-of-range value.
The conversion of a varchar data type to a datetime data type resulted in an out-of-range value.
The conversion of a varchar data type to a datetime data type resulted in an out-of-range value.
The conversion of a varchar data type to a datetime data type resulted in an out-of-range value.
The conversion of a varchar data type to a datetime data type resulted in an out-of-range value.
The conversion of a varchar data type to a datetime data type resulted in an out-of-range value.
The conversion of a varchar data type to a datetime data type resulted in an out-of-range value.
The conversion of a varchar data type to a datetime data type resulted in an out-of-range value.
The conversion of a varchar data type to a datetime data type resulted in an out-of-range value.
The conversion of a varchar data type to a datetime data type resulted in an out-of-range value.
The conversion of a varchar data type to a datetime data type resulted in an out-of-range value.
The conversion of a varchar data type to a datetime data type resulted in an out-of-range value.
The conversion of a varchar data type to a datetime data type resulted in an out-of-range value.
The conversion of a varchar data type to a datetime data type resulted in an out-of-range value.
The conversion of a varchar data type to a datetime data type resulted in an out-of-range value.
The conversion of a varchar data type to a datetime data type resulted in an out-of-range value.
The conversion of a varchar data type to a datetime data type resulted in an out-of-range value.
The conversion of a varchar data type to a datetime data type resulted in an out-of-range value.
The conversion of a varchar data type to a datetime data type resulted in an out-of-range value.
The conversion of a varchar data type to a datetime data type resulted in an out-of-range value.
The conversion of a varchar data type to a datetime data type resulted in an out-of-range value.
The conversion of a varchar data type to a datetime data type resulted in an out-of-range value.
The conversion of a varchar data type to a datetime data type resulted in an out-of-range value.
The conversion of a varchar data type to a datetime data type resulted in an out-of-range value.
The conversion of a varchar data type to a datetime data type resulted in an out-of-range value.
The conversion of a varchar data type to a datetime data type resulted in an out-of-range value.
The conversion of a varchar data type to a datetime data type resulted in an out-of-range value.
The conversion of a varchar data type to a datetime data type resulted in an out-of-range value.
The conversion of a varchar data type to a datetime data type resulted in an out-of-range value.
The conversion of a varchar data type to a datetime data type resulted in an out-of-range value.
The conversion of a varchar data type to a datetime data type resulted in an out-of-range value.
The conversion of a varchar data type to a datetime data type resulted in an out-of-range value.
The conversion of a varchar data type to a datetime data type resulted in an out-of-range value.
The conversion of a varchar data type to a datetime data type resulted in an out-of-range value.
The conversion of a varchar data type to a datetime data type resulted in an out-of-range value.
The conversion of a varchar data type to a datetime data type resulted in an out-of-range value.
The conversion of a varchar data type to a datetime data type resulted in an out-of-range value.
The conversion of a varchar data type to a datetime data type resulted in an out-of-range value.
The conversion of a varchar data type to a datetime data type resulted in an out-of-range value.
The conversion of a varchar data type to a datetime data type resulted in an out-of-range value.
The conversion of a varchar data type to a datetime data type resulted in an out-of-range value.
The conversion of a varchar data type to a datetime data type resulted in an out-of-range value.
The conversion of a varchar data type to a datetime data type resulted in an out-of-range value.
The conversion of a varchar data type to a datetime data type resulted in an out-of-range value.
The conversion of a varchar data type to a datetime data type resulted in an out-of-range value.
The conversion of a varchar data type to a datetime data type resulted in an out-of-range value.
The conversion of a varchar data type to a datetime data type resulted in an out-of-range value.
The conversion of a varchar data type to a datetime data type resulted in an out-of-range value.
The conversion of a varchar data type to a datetime data type resulted in an out-of-range value.
The conversion of a varchar data type to a datetime data type resulted in an out-of-range value.
The conversion of a varchar data type to a datetime data type resulted in an out-of-range value.
The conversion of a varchar data type to a datetime data type resulted in an out-of-range value.
The conversion of a varchar data type to a datetime data type resulted in an out-of-range value.
The conversion of a varchar data type to a datetime data type resulted in an out-of-range value.
The conversion of a varchar data type to a datetime data type resulted in an out-of-range value.
The conversion of a varchar data type to a datetime data type resulted in an out-of-range value.
The conversion of a varchar data type to a datetime data type resulted in an out-of-range value.
The conversion of a varchar data type to a datetime data type resulted in an out-of-range value.
The conversion of a varchar data type to a datetime data type resulted in an out-of-range value.
The conversion of a varchar data type to a datetime data type resulted in an out-of-range value.
The conversion of a varchar data type to a datetime data type resulted in an out-of-range value.
The conversion of a varchar data type to a datetime data type resulted in an out-of-range value.
The conversion of a varchar data type to a datetime data type resulted in an out-of-range value.
The conversion of a varchar data type to a datetime data type resulted in an out-of-range value.
The conversion of a varchar data type to a datetime data type resulted in an out-of-range value.
The conversion of a varchar data type to a datetime data type resulted in an out-of-range value.
The conversion of a varchar data type to a datetime data type resulted in an out-of-range value.
The conversion of a varchar data type to a datetime data type resulted in an out-of-range value.
The conversion of a varchar data type to a datetime data type resulted in an out-of-range value.
The conversion of a varchar data type to a datetime data type resulted in an out-of-range value.
The conversion of a varchar data type to a datetime data type resulted in an out-of-range value.
The conversion of a varchar data type to a datetime data type resulted in an out-of-range value.
The conversion of a varchar data type to a datetime data type resulted in an out-of-range value.
The conversion of a varchar data type to a datetime data type resulted in an out-of-range value.
The conversion of a varchar data type to a datetime data type resulted in an out-of-range value.
The conversion of a varchar data type to a datetime data type resulted in an out-of-range value.
The conversion of a varchar data type to a datetime data type resulted in an out-of-range value.
The conversion of a varchar data type to a datetime data type resulted in an out-of-range value.
The conversion of a varchar data type to a datetime data type resulted in an out-of-range value.
The conversion of a varchar data type to a datetime data type resulted in an out-of-range value.
The conversion of a varchar data type to a datetime data type resulted in an out-of-range value.
The conversion of a varchar data type to a datetime data type resulted in an out-of-range value.
The conversion of a varchar data type to a datetime data type resulted in an out-of-range value.
The conversion of a varchar data type to a datetime data type resulted in an out-of-range value.
The conversion of a varchar data type to a datetime data type resulted in an out-of-range value.
The conversion of a varchar data type to a datetime data type resulted in an out-of-range value.
The conversion of a varchar data type to a datetime data type resulted in an out-of-range value.
The conversion of a varchar data type to a datetime data type resulted in an out-of-range value.
The conversion of a varchar data type to a datetime data type resulted in an out-of-range value.
The conversion of a varchar data type to a datetime data type resulted in an out-of-range value.
The conversion of a varchar data type to a datetime data type resulted in an out-of-range value.
The conversion of a varchar data type to a datetime data type resulted in an out-of-range value.
The conversion of a varchar data type to a datetime data type resulted in an out-of-range value.
The conversion of a varchar data type to a datetime data type resulted in an out-of-range value.
The conversion of a varchar data type to a datetime data type resulted in an out-of-range value.
The conversion of a varchar data type to a datetime data type resulted in an out-of-range value.
The conversion of a varchar data type to a datetime data type resulted in an out-of-range value.
The conversion of a varchar data type to a datetime data type resulted in an out-of-range value.
The conversion of a varchar data type to a datetime data type resulted in an out-of-range value.
The conversion of a varchar data type to a datetime data type resulted in an out-of-range value.
The conversion of a varchar data type to a datetime data type resulted in an out-of-range value.
The conversion of a varchar data type to a datetime data type resulted in an out-of-range value.
The conversion of a varchar data type to a datetime data type resulted in an out-of-range value.
The conversion of a varchar data type to a datetime data type resulted in an out-of-range value.
The conversion of a varchar data type to a datetime data type resulted in an out-of-range value.
The conversion of a varchar data type to a datetime data type resulted in an out-of-range value.
The conversion of a varchar data type to a datetime data type resulted in an out-of-range value.
The conversion of a varchar data type to a datetime data type resulted in an out-of-range value.
The conversion of a varchar data type to a datetime data type resulted in an out-of-range value.
The conversion of a varchar data type to a datetime data type resulted in an out-of-range value.
The conversion of a varchar data type to a datetime data type resulted in an out-of-range value.
The conversion of a varchar data type to a datetime data type resulted in an out-of-range value.
The conversion of a varchar data type to a datetime data type resulted in an out-of-range value.
The conversion of a varchar data type to a datetime data type resulted in an out-of-range value.
The conversion of a varchar data type to a datetime data type resulted in an out-of-range value.
The conversion of a varchar data type to a datetime data type resulted in an out-of-range value.
The conversion of a varchar data type to a datetime data type resulted in an out-of-range value.
The conversion of a varchar data type to a datetime data type resulted in an out-of-range value.
The conversion of a varchar data type to a datetime data type resulted in an out-of-range value.
The conversion of a varchar data type to a datetime data type resulted in an out-of-range value.
The conversion of a varchar data type to a datetime data type resulted in an out-of-range value.
The conversion of a varchar data type to a datetime data type resulted in an out-of-range value.
The conversion of a varchar data type to a datetime data type resulted in an out-of-range value.
The conversion of a varchar data type to a datetime data type resulted in an out-of-range value.
The conversion of a varchar data type to a datetime data type resulted in an out-of-range value.
The conversion of a varchar data type to a datetime data type resulted in an out-of-range value.
The conversion of a varchar data type to a datetime data type resulted in an out-of-range value.
The conversion of a varchar data type to a datetime data type resulted in an out-of-range value.
The conversion of a varchar data type to a datetime data type resulted in an out-of-range value.
The conversion of a varchar data type to a datetime data type resulted in an out-of-range value.
The conversion of a varchar data type to a datetime data type resulted in an out-of-range value.
The conversion of a varchar data type to a datetime data type resulted in an out-of-range value.
The conversion of a varchar data type to a datetime data type resulted in an out-of-range value.
The conversion of a varchar data type to a datetime data type resulted in an out-of-range value.
The conversion of a varchar data type to a datetime data type resulted in an out-of-range value.
The conversion of a varchar data type to a datetime data type resulted in an out-of-range value.
The conversion of a varchar data type to a datetime data type resulted in an out-of-range value.
The conversion of a varchar data type to a datetime data type resulted in an out-of-range value.
The conversion of a varchar data type to a datetime data type resulted in an out-of-range value.
The conversion of a varchar data type to a datetime data type resulted in an out-of-range value.
The conversion of a varchar data type to a datetime data type resulted in an out-of-range value.
The conversion of a varchar data type to a datetime data type resulted in an out-of-range value.
The conversion of a varchar data type to a datetime data type resulted in an out-of-range value.
The conversion of a varchar data type to a datetime data type resulted in an out-of-range value.
The conversion of a varchar data type to a datetime data type resulted in an out-of-range value.
The conversion of a varchar data type to a datetime data type resulted in an out-of-range value.
The conversion of a varchar data type to a datetime data type resulted in an out-of-range value.
The conversion of a varchar data type to a datetime data type resulted in an out-of-range value.
The conversion of a varchar data type to a datetime data type resulted in an out-of-range value.
The conversion of a varchar data type to a datetime data type resulted in an out-of-range value.
The conversion of a varchar data type to a datetime data type resulted in an out-of-range value.
The conversion of a varchar data type to a datetime data type resulted in an out-of-range value.
The conversion of a varchar data type to a datetime data type resulted in an out-of-range value.
The conversion of a varchar data type to a datetime data type resulted in an out-of-range value.
The conversion of a varchar data type to a datetime data type resulted in an out-of-range value.
The conversion of a varchar data type to a datetime data type resulted in an out-of-range value.
The conversion of a varchar data type to a datetime data type resulted in an out-of-range value.
The conversion of a varchar data type to a datetime data type resulted in an out-of-range value.
The conversion of a varchar data type to a datetime data type resulted in an out-of-range value.
The conversion of a varchar data type to a datetime data type resulted in an out-of-range value.
The conversion of a varchar data type to a datetime data type resulted in an out-of-range value.
The conversion of a varchar data type to a datetime data type resulted in an out-of-range value.
The conversion of a varchar data type to a datetime data type resulted in an out-of-range value.
The conversion of a varchar data type to a datetime data type resulted in an out-of-range value.
The conversion of a varchar data type to a datetime data type resulted in an out-of-range value.
The conversion of a varchar data type to a datetime data type resulted in an out-of-range value.
The conversion of a varchar data type to a datetime data type resulted in an out-of-range value.
The conversion of a varchar data type to a datetime data type resulted in an out-of-range value.
The conversion of a varchar data type to a datetime data type resulted in an out-of-range value.
The conversion of a varchar data type to a datetime data type resulted in an out-of-range value.
The conversion of a varchar data type to a datetime data type resulted in an out-of-range value.
The conversion of a varchar data type to a datetime data type resulted in an out-of-range value.
The conversion of a varchar data type to a datetime data type resulted in an out-of-range value.
The conversion of a varchar data type to a datetime data type resulted in an out-of-range value.
The conversion of a varchar data type to a datetime data type resulted in an out-of-range value.
The conversion of a varchar data type to a datetime data type resulted in an out-of-range value.
The conversion of a varchar data type to a datetime data type resulted in an out-of-range value.
The conversion of a varchar data type to a datetime data type resulted in an out-of-range value.
The conversion of a varchar data type to a datetime data type resulted in an out-of-range value.
The conversion of a varchar data type to a datetime data type resulted in an out-of-range value.
The conversion of a varchar data type to a datetime data type resulted in an out-of-range value.
The conversion of a varchar data type to a datetime data type resulted in an out-of-range value.
The conversion of a varchar data type to a datetime data type resulted in an out-of-range value.
The conversion of a varchar data type to a datetime data type resulted in an out-of-range value.
The conversion of a varchar data type to a datetime data type resulted in an out-of-range value.
The conversion of a varchar data type to a datetime data type resulted in an out-of-range value.
The conversion of a varchar data type to a datetime data type resulted in an out-of-range value.
The conversion of a varchar data type to a datetime data type resulted in an out-of-range value.
The conversion of a varchar data type to a datetime data type resulted in an out-of-range value.
The conversion of a varchar data type to a datetime data type resulted in an out-of-range value.
The conversion of a varchar data type to a datetime data type resulted in an out-of-range value.
The conversion of a varchar data type to a datetime data type resulted in an out-of-range value.
The conversion of a varchar data type to a datetime data type resulted in an out-of-range value.
The conversion of a varchar data type to a datetime data type resulted in an out-of-range value.
The conversion of a varchar data type to a datetime data type resulted in an out-of-range value.
The conversion of a varchar data type to a datetime data type resulted in an out-of-range value.
The conversion of a varchar data type to a datetime data type resulted in an out-of-range value.
The conversion of a varchar data type to a datetime data type resulted in an out-of-range value.
The conversion of a varchar data type to a datetime data type resulted in an out-of-range value.
The conversion of a varchar data type to a datetime data type resulted in an out-of-range value.
The conversion of a varchar data type to a datetime data type resulted in an out-of-range value.
The conversion of a varchar data type to a datetime data type resulted in an out-of-range value.
The conversion of a varchar data type to a datetime data type resulted in an out-of-range value.
The conversion of a varchar data type to a datetime data type resulted in an out-of-range value.
The conversion of a varchar data type to a datetime data type resulted in an out-of-range value.
The conversion of a varchar data type to a datetime data type resulted in an out-of-range value.
The conversion of a varchar data type to a datetime data type resulted in an out-of-range value.
The conversion of a varchar data type to a datetime data type resulted in an out-of-range value.
The conversion of a varchar data type to a datetime data type resulted in an out-of-range value.
The conversion of a varchar data type to a datetime data type resulted in an out-of-range value.
The conversion of a varchar data type to a datetime data type resulted in an out-of-range value.
The conversion of a varchar data type to a datetime data type resulted in an out-of-range value.
The conversion of a varchar data type to a datetime data type resulted in an out-of-range value.
The conversion of a varchar data type to a datetime data type resulted in an out-of-range value.
The conversion of a varchar data type to a datetime data type resulted in an out-of-range value.
The conversion of a varchar data type to a datetime data type resulted in an out-of-range value.
The conversion of a varchar data type to a datetime data type resulted in an out-of-range value.
The conversion of a varchar data type to a datetime data type resulted in an out-of-range value.
The conversion of a varchar data type to a datetime data type resulted in an out-of-range value.
The conversion of a varchar data type to a datetime data type resulted in an out-of-range value.
The conversion of a varchar data type to a datetime data type resulted in an out-of-range value.
The conversion of a varchar data type to a datetime data type resulted in an out-of-range value.
The conversion of a varchar data type to a datetime data type resulted in an out-of-range value.
The conversion of a varchar data type to a datetime data type resulted in an out-of-range value.
The conversion of a varchar data type to a datetime data type resulted in an out-of-range value.
The conversion of a varchar data type to a datetime data type resulted in an out-of-range value.
The conversion of a varchar data type to a datetime data type resulted in an out-of-range value.
The conversion of a varchar data type to a datetime data type resulted in an out-of-range value.
The conversion of a varchar data type to a datetime data type resulted in an out-of-range value.
The conversion of a varchar data type to a datetime data type resulted in an out-of-range value.
The conversion of a varchar data type to a datetime data type resulted in an out-of-range value.
The conversion of a varchar data type to a datetime data type resulted in an out-of-range value.
The conversion of a varchar data type to a datetime data type resulted in an out-of-range value.
The conversion of a varchar data type to a datetime data type resulted in an out-of-range value.
The conversion of a varchar data type to a datetime data type resulted in an out-of-range value.
The conversion of a varchar data type to a datetime data type resulted in an out-of-range value.
The conversion of a varchar data type to a datetime data type resulted in an out-of-range value.
The conversion of a varchar data type to a datetime data type resulted in an out-of-range value.
The conversion of a varchar data type to a datetime data type resulted in an out-of-range value.
The conversion of a varchar data type to a datetime data type resulted in an out-of-range value.
The conversion of a varchar data type to a datetime data type resulted in an out-of-range value.
The conversion of a varchar data type to a datetime data type resulted in an out-of-range value.
The conversion of a varchar data type to a datetime data type resulted in an out-of-range value.
The conversion of a varchar data type to a datetime data type resulted in an out-of-range value.
The conversion of a varchar data type to a datetime data type resulted in an out-of-range value.
The conversion of a varchar data type to a datetime data type resulted in an out-of-range value.
The conversion of a varchar data type to a datetime data type resulted in an out-of-range value.
The conversion of a varchar data type to a datetime data type resulted in an out-of-range value.
The conversion of a varchar data type to a datetime data type resulted in an out-of-range value.
The conversion of a varchar data type to a datetime data type resulted in an out-of-range value.
The conversion of a varchar data type to a datetime data type resulted in an out-of-range value.
The conversion of a varchar data type to a datetime data type resulted in an out-of-range value.
The conversion of a varchar data type to a datetime data type resulted in an out-of-range value.
The conversion of a varchar data type to a datetime data type resulted in an out-of-range value.
The conversion of a varchar data type to a datetime data type resulted in an out-of-range value.
The conversion of a varchar data type to a datetime data type resulted in an out-of-range value.
The conversion of a varchar data type to a datetime data type resulted in an out-of-range value.
The conversion of a varchar data type to a datetime data type resulted in an out-of-range value.
The conversion of a varchar data type to a datetime data type resulted in an out-of-range value.
The conversion of a varchar data type to a datetime data type resulted in an out-of-range value.
The conversion of a varchar data type to a datetime data type resulted in an out-of-range value.
The conversion of a varchar data type to a datetime data type resulted in an out-of-range value.
The conversion of a varchar data type to a datetime data type resulted in an out-of-range value.
The conversion of a varchar data type to a datetime data type resulted in an out-of-range value.
The conversion of a varchar data type to a datetime data type resulted in an out-of-range value.
The conversion of a varchar data type to a datetime data type resulted in an out-of-range value.
The conversion of a varchar data type to a datetime data type resulted in an out-of-range value.
The conversion of a varchar data type to a datetime data type resulted in an out-of-range value.
The conversion of a varchar data type to a datetime data type resulted in an out-of-range value.
The conversion of a varchar data type to a datetime data type resulted in an out-of-range value.
The conversion of a varchar data type to a datetime data type resulted in an out-of-range value.
The conversion of a varchar data type to a datetime data type resulted in an out-of-range value.
The conversion of a varchar data type to a datetime data type resulted in an out-of-range value.
The conversion of a varchar data type to a datetime data type resulted in an out-of-range value.
The conversion of a varchar data type to a datetime data type resulted in an out-of-range value.
The conversion of a varchar data type to a datetime data type resulted in an out-of-range value.
The conversion of a varchar data type to a datetime data type resulted in an out-of-range value.
The conversion of a varchar data type to a datetime data type resulted in an out-of-range value.
The conversion of a varchar data type to a datetime data type resulted in an out-of-range value.
The conversion of a varchar data type to a datetime data type resulted in an out-of-range value.
The conversion of a varchar data type to a datetime data type resulted in an out-of-range value.
The conversion of a varchar data type to a datetime data type resulted in an out-of-range value.
The conversion of a varchar data type to a datetime data type resulted in an out-of-range value.
The conversion of a varchar data type to a datetime data type resulted in an out-of-range value.
The conversion of a varchar data type to a datetime data type resulted in an out-of-range value.
The conversion of a varchar data type to a datetime data type resulted in an out-of-range value.
The conversion of a varchar data type to a datetime data type resulted in an out-of-range value.
The conversion of a varchar data type to a datetime data type resulted in an out-of-range value.
The conversion of a varchar data type to a datetime data type resulted in an out-of-range value.
The conversion of a varchar data type to a datetime data type resulted in an out-of-range value.
The conversion of a varchar data type to a datetime data type resulted in an out-of-range value.
The conversion of a varchar data type to a datetime data type resulted in an out-of-range value.
The conversion of a varchar data type to a datetime data type resulted in an out-of-range value.
The conversion of a varchar data type to a datetime data type resulted in an out-of-range value.
The conversion of a varchar data type to a datetime data type resulted in an out-of-range value.
The conversion of a varchar data type to a datetime data type resulted in an out-of-range value.
The conversion of a varchar data type to a datetime data type resulted in an out-of-range value.
The conversion of a varchar data type to a datetime data type resulted in an out-of-range value.
The conversion of a varchar data type to a datetime data type resulted in an out-of-range value.
The conversion of a varchar data type to a datetime data type resulted in an out-of-range value.
The conversion of a varchar data type to a datetime data type resulted in an out-of-range value.
The conversion of a varchar data type to a datetime data type resulted in an out-of-range value.
The conversion of a varchar data type to a datetime data type resulted in an out-of-range value.
The conversion of a varchar data type to a datetime data type resulted in an out-of-range value.
The conversion of a varchar data type to a datetime data type resulted in an out-of-range value.
The conversion of a varchar data type to a datetime data type resulted in an out-of-range value.
The conversion of a varchar data type to a datetime data type resulted in an out-of-range value.
The conversion of a varchar data type to a datetime data type resulted in an out-of-range value.
The conversion of a varchar data type to a datetime data type resulted in an out-of-range value.
The conversion of a varchar data type to a datetime data type resulted in an out-of-range value.
The conversion of a varchar data type to a datetime data type resulted in an out-of-range value.
The conversion of a varchar data type to a datetime data type resulted in an out-of-range value.
The conversion of a varchar data type to a datetime data type resulted in an out-of-range value.
The conversion of a varchar data type to a datetime data type resulted in an out-of-range value.
The conversion of a varchar data type to a datetime data type resulted in an out-of-range value.
The conversion of a varchar data type to a datetime data type resulted in an out-of-range value.
The conversion of a varchar data type to a datetime data type resulted in an out-of-range value.
The conversion of a varchar data type to a datetime data type resulted in an out-of-range value.
The conversion of a varchar data type to a datetime data type resulted in an out-of-range value.
The conversion of a varchar data type to a datetime data type resulted in an out-of-range value.
The conversion of a varchar data type to a datetime data type resulted in an out-of-range value.
The conversion of a varchar data type to a datetime data type resulted in an out-of-range value.
The conversion of a varchar data type to a datetime data type resulted in an out-of-range value.
The conversion of a varchar data type to a datetime data type resulted in an out-of-range value.
The conversion of a varchar data type to a datetime data type resulted in an out-of-range value.
The conversion of a varchar data type to a datetime data type resulted in an out-of-range value.
The conversion of a varchar data type to a datetime data type resulted in an out-of-range value.
The conversion of a varchar data type to a datetime data type resulted in an out-of-range value.
The conversion of a varchar data type to a datetime data type resulted in an out-of-range value.
The conversion of a varchar data type to a datetime data type resulted in an out-of-range value.
The conversion of a varchar data type to a datetime data type resulted in an out-of-range value.
The conversion of a varchar data type to a datetime data type resulted in an out-of-range value.
The conversion of a varchar data type to a datetime data type resulted in an out-of-range value.
The conversion of a varchar data type to a datetime data type resulted in an out-of-range value.
The conversion of a varchar data type to a datetime data type resulted in an out-of-range value.
The conversion of a varchar data type to a datetime data type resulted in an out-of-range value.
The conversion of a varchar data type to a datetime data type resulted in an out-of-range value.
The conversion of a varchar data type to a datetime data type resulted in an out-of-range value.
The conversion of a varchar data type to a datetime data type resulted in an out-of-range value.
The conversion of a varchar data type to a datetime data type resulted in an out-of-range value.
The conversion of a varchar data type to a datetime data type resulted in an out-of-range value.
The conversion of a varchar data type to a datetime data type resulted in an out-of-range value.
The conversion of a varchar data type to a datetime data type resulted in an out-of-range value.
The conversion of a varchar data type to a datetime data type resulted in an out-of-range value.
The conversion of a varchar data type to a datetime data type resulted in an out-of-range value.
The conversion of a varchar data type to a datetime data type resulted in an out-of-range value.
The conversion of a varchar data type to a datetime data type resulted in an out-of-range value.
The conversion of a varchar data type to a datetime data type resulted in an out-of-range value.
The conversion of a varchar data type to a datetime data type resulted in an out-of-range value.
The conversion of a varchar data type to a datetime data type resulted in an out-of-range value.
The conversion of a varchar data type to a datetime data type resulted in an out-of-range value.
The conversion of a varchar data type to a datetime data type resulted in an out-of-range value.
The conversion of a varchar data type to a datetime data type resulted in an out-of-range value.
The conversion of a varchar data type to a datetime data type resulted in an out-of-range value.
The conversion of a varchar data type to a datetime data type resulted in an out-of-range value.
The conversion of a varchar data type to a datetime data type resulted in an out-of-range value.
The conversion of a varchar data type to a datetime data type resulted in an out-of-range value.
The conversion of a varchar data type to a datetime data type resulted in an out-of-range value.
The conversion of a varchar data type to a datetime data type resulted in an out-of-range value.
The conversion of a varchar data type to a datetime data type resulted in an out-of-range value.
The conversion of a varchar data type to a datetime data type resulted in an out-of-range value.
The conversion of a varchar data type to a datetime data type resulted in an out-of-range value.
The conversion of a varchar data type to a datetime data type resulted in an out-of-range value.
The conversion of a varchar data type to a datetime data type resulted in an out-of-range value.
The conversion of a varchar data type to a datetime data type resulted in an out-of-range value.
The conversion of a varchar data type to a datetime data type resulted in an out-of-range value.
The conversion of a varchar data type to a datetime data type resulted in an out-of-range value.
The conversion of a varchar data type to a datetime data type resulted in an out-of-range value.
The conversion of a varchar data type to a datetime data type resulted in an out-of-range value.
The conversion of a varchar data type to a datetime data type resulted in an out-of-range value.
The conversion of a varchar data type to a datetime data type resulted in an out-of-range value.
The conversion of a varchar data type to a datetime data type resulted in an out-of-range value.
The conversion of a varchar data type to a datetime data type resulted in an out-of-range value.
The conversion of a varchar data type to a datetime data type resulted in an out-of-range value.
The conversion of a varchar data type to a datetime data type resulted in an out-of-range value.
The conversion of a varchar data type to a datetime data type resulted in an out-of-range value.
The conversion of a varchar data type to a datetime data type resulted in an out-of-range value.
The conversion of a varchar data type to a datetime data type resulted in an out-of-range value.
The conversion of a varchar data type to a datetime data type resulted in an out-of-range value.
The conversion of a varchar data type to a datetime data type resulted in an out-of-range value.
The conversion of a varchar data type to a datetime data type resulted in an out-of-range value.
The conversion of a varchar data type to a datetime data type resulted in an out-of-range value.
The conversion of a varchar data type to a datetime data type resulted in an out-of-range value.
The conversion of a varchar data type to a datetime data type resulted in an out-of-range value.
The conversion of a varchar data type to a datetime data type resulted in an out-of-range value.
The conversion of a varchar data type to a datetime data type resulted in an out-of-range value.
The conversion of a varchar data type to a datetime data type resulted in an out-of-range value.
The conversion of a varchar data type to a datetime data type resulted in an out-of-range value.
The conversion of a varchar data type to a datetime data type resulted in an out-of-range value.
The conversion of a varchar data type to a datetime data type resulted in an out-of-range value.
The conversion of a varchar data type to a datetime data type resulted in an out-of-range value.
The conversion of a varchar data type to a datetime data type resulted in an out-of-range value.
The conversion of a varchar data type to a datetime data type resulted in an out-of-range value.
The conversion of a varchar data type to a datetime data type resulted in an out-of-range value.
The statement has been terminated.
The statement has been terminated.
The statement has been terminated.
The statement has been terminated.
The statement has been terminated.
The statement has been terminated.
The statement has been terminated.
The statement has been terminated.
The statement has been terminated.
The statement has been terminated.
The statement has been terminated.
The statement has been terminated.
The statement has been terminated.
The statement has been terminated.
The statement has been terminated.
The statement has been terminated.
The statement has been terminated.
The statement has been terminated.
The statement has been terminated.
The statement has been terminated.
The statement has been terminated.
The statement has been terminated.
The statement has been terminated.
The statement has been terminated.
The statement has been terminated.
The statement has been terminated.
The statement has been terminated.
The statement has been terminated.
The statement has been terminated.
The statement has been terminated.
The statement has been terminated.
The statement has been terminated.
The statement has been terminated.
The statement has been terminated.
The statement has been terminated.
The statement has been terminated.
The statement has been terminated.
The statement has been terminated.
The statement has been terminated.
The statement has been terminated.
The statement has been terminated.
The statement has been terminated.
The statement has been terminated.
The statement has been terminated.
The statement has been terminated.
The statement has been terminated.
The statement has been terminated.
The statement has been terminated.
The statement has been terminated.
The statement has been terminated.
The statement has been terminated.
The statement has been terminated.
The statement has been terminated.
The statement has been terminated.
The statement has been terminated.
The statement has been terminated.
The statement has been terminated.
The statement has been terminated.
The statement has been terminated.
The statement has been terminated.
The statement has been terminated.
The statement has been terminated.
The statement has been terminated.
The statement has been terminated.
The statement has been terminated.
The statement has been terminated.
The statement has been terminated.
The statement has been terminated.
The statement has been terminated.
The statement has been terminated.
The statement has been terminated.
The statement has been terminated.
The statement has been terminated.
The statement has been terminated.
The statement has been terminated.
The statement has been terminated.
The statement has been terminated.
The statement has been terminated.
The statement has been terminated.
The statement has been terminated.
The statement has been terminated.
The statement has been terminated.
The statement has been terminated.
The statement has been terminated.
The statement has been terminated.
The statement has been terminated.
The statement has been terminated.
The statement has been terminated.
The statement has been terminated.
The statement has been terminated.
The statement has been terminated.
The statement has been terminated.
The statement has been terminated.
The statement has been terminated.
The statement has been terminated.
The statement has been terminated.
The statement has been terminated.
The statement has been terminated.
The statement has been terminated.
The statement has been terminated.
The statement has been terminated.
The statement has been terminated.
The statement has been terminated.
The statement has been terminated.
The statement has been terminated.
The statement has been terminated.
The statement has been terminated.
The statement has been terminated.
The statement has been terminated.
The statement has been terminated.
The statement has been terminated.
The statement has been terminated.
The statement has been terminated.
The statement has been terminated.
The statement has been terminated.
The statement has been terminated.
The statement has been terminated.
The statement has been terminated.
The statement has been terminated.
The statement has been terminated.
The statement has been terminated.
The statement has been terminated.
The statement has been terminated.
The statement has been terminated.
The statement has been terminated.
The statement has been terminated.
The statement has been terminated.
The statement has been terminated.
The statement has been terminated.
The statement has been terminated.
The statement has been terminated.
The statement has been terminated.
The statement has been terminated.
The statement has been terminated.
The statement has been terminated.
The statement has been terminated.
The statement has been terminated.
The statement has been terminated.
The statement has been terminated.
The statement has been terminated.
The statement has been terminated.
The statement has been terminated.
The statement has been terminated.
The statement has been terminated.
The statement has been terminated.
The statement has been terminated.
The statement has been terminated.
The statement has been terminated.
The statement has been terminated.
The statement has been terminated.
The statement has been terminated.
The statement has been terminated.
The statement has been terminated.
The statement has been terminated.
The statement has been terminated.
The statement has been terminated.
The statement has been terminated.
The statement has been terminated.
The statement has been terminated.
The statement has been terminated.
The statement has been terminated.
The statement has been terminated.
The statement has been terminated.
The statement has been terminated.
The statement has been terminated.
The statement has been terminated.
The statement has been terminated.
The statement has been terminated.
The statement has been terminated.
The statement has been terminated.
The statement has been terminated.
The statement has been terminated.
The statement has been terminated.
The statement has been terminated.
The statement has been terminated.
The statement has been terminated.
The statement has been terminated.
The statement has been terminated.
The statement has been terminated.
The statement has been terminated.
The statement has been terminated.
The statement has been terminated.
The statement has been terminated.
The statement has been terminated.
The statement has been terminated.
The statement has been terminated.
The statement has been terminated.
The statement has been terminated.
The statement has been terminated.
The statement has been terminated.
The statement has been terminated.
The statement has been terminated.
The statement has been terminated.
The statement has been terminated.
The statement has been terminated.
The statement has been terminated.
The statement has been terminated.
The statement has been terminated.
The statement has been terminated.
The statement has been terminated.
The statement has been terminated.
The statement has been terminated.
The statement has been terminated.
The statement has been terminated.
The statement has been terminated.
The statement has been terminated.
The statement has been terminated.
The statement has been terminated.
The statement has been terminated.
The statement has been terminated.
The statement has been terminated.
The statement has been terminated.
The statement has been terminated.
The statement has been terminated.
The statement has been terminated.
The statement has been terminated.
The statement has been terminated.
The statement has been terminated.
The statement has been terminated.
The statement has been terminated.
The statement has been terminated.
The statement has been terminated.
The statement has been terminated.
The statement has been terminated.
The statement has been terminated.
The statement has been terminated.
The statement has been terminated.
The statement has been terminated.
The statement has been terminated.
The statement has been terminated.
The statement has been terminated.
The statement has been terminated.
The statement has been terminated.
The statement has been terminated.
The statement has been terminated.
The statement has been terminated.
The statement has been terminated.
The statement has been terminated.
The statement has been terminated.
The statement has been terminated.
The statement has been terminated.
The statement has been terminated.
The statement has been terminated.
The statement has been terminated.
The statement has been terminated.
The statement has been terminated.
The statement has been terminated.
The statement has been terminated.
The statement has been terminated.
The statement has been terminated.
The statement has been terminated.
The statement has been terminated.
The statement has been terminated.
The statement has been terminated.
The statement has been terminated.
The statement has been terminated.
The statement has been terminated.
The statement has been terminated.
The statement has been terminated.
The statement has been terminated.
The statement has been terminated.
The statement has been terminated.
The statement has been terminated.
The statement has been terminated.
The statement has been terminated.
The statement has been terminated.
The statement has been terminated.
The statement has been terminated.
The statement has been terminated.
The statement has been terminated.
The statement has been terminated.
The statement has been terminated.
The statement has been terminated.
The statement has been terminated.
The statement has been terminated.
The statement has been terminated.
The statement has been terminated.
The statement has been terminated.
The statement has been terminated.
The statement has been terminated.
The statement has been terminated.
The statement has been terminated.
The statement has been terminated.
The statement has been terminated.
The statement has been terminated.
The statement has been terminated.
The statement has been terminated.
The statement has been terminated.
The statement has been terminated.
The statement has been terminated.
The statement has been terminated.
The statement has been terminated.
The statement has been terminated.
The statement has been terminated.
The statement has been terminated.
The statement has been terminated.
The statement has been terminated.
The statement has been terminated.
The statement has been terminated.
The statement has been terminated.
The statement has been terminated.
The statement has been terminated.
The statement has been terminated.
The statement has been terminated.
The statement has been terminated.
The statement has been terminated.
The statement has been terminated.
The statement has been terminated.
The statement has been terminated.
The statement has been terminated.
The statement has been terminated.
The statement has been terminated.
The statement has been terminated.
The statement has been terminated.
The statement has been terminated.
The statement has been terminated.
The statement has been terminated.
The statement has been terminated.
The statement has been terminated.
The statement has been terminated.
The statement has been terminated.
The statement has been terminated.
The statement has been terminated.
The statement has been terminated.
The statement has been terminated.
The statement has been terminated.
The statement has been terminated.
The statement has been terminated.
The statement has been terminated.
The statement has been terminated.
The statement has been terminated.
The statement has been terminated.
The statement has been terminated.
The statement has been terminated.
The statement has been terminated.
The statement has been terminated.
The statement has been terminated.
The statement has been terminated.
The statement has been terminated.
The statement has been terminated.
The statement has been terminated.
The statement has been terminated.
The statement has been terminated.
The statement has been terminated.
The statement has been terminated.
The statement has been terminated.
The statement has been terminated.
The statement has been terminated.
The statement has been terminated.
The statement has been terminated.
The statement has been terminated.
The statement has been terminated.
The statement has been terminated.
The statement has been terminated.
The statement has been terminated.
The statement has been terminated.
The statement has been terminated.
The statement has been terminated.
The statement has been terminated.
The statement has been terminated.
The statement has been terminated.
The statement has been terminated.
The statement has been terminated.
The statement has been terminated.
The statement has been terminated.
The statement has been terminated.
The statement has been terminated.
The statement has been terminated.
The statement has been terminated.
The statement has been terminated.
The statement has been terminated.
The statement has been terminated.
The statement has been terminated.
The statement has been terminated.
The statement has been terminated.
The statement has been terminated.
The statement has been terminated.
The statement has been terminated.
The statement has been terminated.
The statement has been terminated.
The statement has been terminated.
The statement has been terminated.
The statement has been terminated.
The statement has been terminated.
The statement has been terminated.
The statement has been terminated.
The statement has been terminated.
The statement has been terminated.
The statement has been terminated.
The statement has been terminated.
The statement has been terminated.
The statement has been terminated.
The statement has been terminated.
The statement has been terminated.
The statement has been terminated.
The statement has been terminated.
The statement has been terminated.
The statement has been terminated.
The statement has been terminated.
The statement has been terminated.
The statement has been terminated.
The statement has been terminated.
The statement has been terminated.
The statement has been terminated.
The statement has been terminated.
The statement has been terminated.
The statement has been terminated.
The statement has been terminated.
The statement has been terminated.
The statement has been terminated.
The statement has been terminated.
The statement has been terminated.
The statement has been terminated.
The statement has been terminated.
The statement has been terminated.
The statement has been terminated.
The statement has been terminated.
The statement has been terminated.
The statement has been terminated.
The statement has been terminated.
The statement has been terminated.
The statement has been terminated.
The statement has been terminated.
The statement has been terminated.
The statement has been terminated.
The statement has been terminated.
The statement has been terminated.
The statement has been terminated.
The statement has been terminated.
The statement has been terminated.
The statement has been terminated.
The statement has been terminated.
The statement has been terminated.
The statement has been terminated.
The statement has been terminated.
The statement has been terminated.
The statement has been terminated.
The statement has been terminated.
The statement has been terminated.
The statement has been terminated.
The statement has been terminated.
The statement has been terminated.
The statement has been terminated.
The statement has been terminated.
The statement has been terminated.
The statement has been terminated.
The statement has been terminated.
The statement has been terminated.
The statement has been terminated.
The statement has been terminated.
The statement has been terminated.
The statement has been terminated.
The statement has been terminated.
The statement has been terminated.
The statement has been terminated.
The statement has been terminated.
The statement has been terminated.
The statement has been terminated.
The statement has been terminated.
The statement has been terminated.
The statement has been terminated.
The statement has been terminated.
The statement has been terminated.
The statement has been terminated.
The statement has been terminated.
The statement has been terminated.
The statement has been terminated.
The statement has been terminated.
The statement has been terminated.
The statement has been terminated.
The statement has been terminated.
The statement has been terminated.
The statement has been terminated.
The statement has been terminated.
The statement has been terminated.
The statement has been terminated.
The statement has been terminated.
The statement has been terminated.
The statement has been terminated.
The statement has been terminated.
The statement has been terminated.
The statement has been terminated.
The statement has been terminated.
The statement has been terminated.
The statement has been terminated.
The statement has been terminated.
The statement has been terminated.
The statement has been terminated.
The statement has been terminated.
The statement has been terminated.
The statement has been terminated.
The statement has been terminated.
The statement has been terminated.
The statement has been terminated.
The statement has been terminated.
The statement has been terminated.
The statement has been terminated.
The statement has been terminated.
The statement has been terminated.&amp;apos;, Data : { HelpLink.ProdName : &amp;apos;Microsoft SQL Server&amp;apos;, HelpLink.ProdVer : &amp;apos;15.00.4138&amp;apos;, HelpLink.EvtSrc : &amp;apos;MSSQLServer&amp;apos;, HelpLink.EvtID : &amp;apos;242&amp;apos;, HelpLink.BaseHelpUrl : &amp;apos;http://go.microsoft.com/fwlink&amp;apos;, HelpLink.LinkId : &amp;apos;20476&amp;apos; }, InnerException : null, TargetSite : {  }, StackTrace : &amp;apos;   in System.Data.SqlClient.SqlConnection.OnError(SqlException exception, Boolean breakConnection, Action`1 wrapCloseInAction)
   in System.Data.SqlClient.TdsParser.ThrowExceptionAndWarning(TdsParserStateObject stateObj, Boolean callerHasConnectionLock, Boolean asyncClose)
   in System.Data.SqlClient.TdsParser.TryRun(RunBehavior runBehavior, SqlCommand cmdHandler, SqlDataReader dataStream, BulkCopySimpleResultSet bulkCopyHandler, TdsParserStateObject stateObj, Boolean&amp; dataReady)
   in System.Data.SqlClient.SqlCommand.InternalEndExecuteNonQuery(IAsyncResult asyncResult, String endMethod, Boolean isInternal)
   in System.Data.SqlClient.SqlCommand.EndExecuteNonQueryInternal(IAsyncResult asyncResult)
   in System.Data.SqlClient.SqlCommand.EndExecuteNonQueryAsync(IAsyncResult asyncResult)
   in System.Threading.Tasks.TaskFactory`1.FromAsyncCoreLogic(IAsyncResult iar, Func`2 endFunction, Action`1 endAction, Task`1 promise, Boolean requiresSynchronization)
--- Fine traccia dello stack da posizione precedente dove è stata generata l&amp;apos;eccezione ---
   in System.Runtime.ExceptionServices.ExceptionDispatchInfo.Throw()
   in System.Runtime.CompilerServices.TaskAwaiter.HandleNonSuccessAndDebuggerNotification(Task task)
   in System.Runtime.CompilerServices.TaskAwaiter`1.GetResult()
   in sqlServerConn.&amp;lt;internalExecuteNonQuery&amp;gt;d__11.MoveNext()
--- Fine traccia dello stack da posizione precedente dove è stata generata l&amp;apos;eccezione ---
   in System.Runtime.ExceptionServices.ExceptionDispatchInfo.Throw()
   in System.Runtime.CompilerServices.TaskAwaiter.HandleNonSuccessAndDebuggerNotification(Task task)
   in System.Runtime.CompilerServices.TaskAwaiter`1.GetResult()
   in sqlServerConn.&amp;lt;executeNonQueryConn&amp;gt;d__8.MoveNext()
--- Fine traccia dello stack da posizione precedente dove è stata generata l&amp;apos;eccezione ---
   in System.Runtime.ExceptionServices.ExceptionDispatchInfo.Throw()
   in System.Runtime.CompilerServices.TaskAwaiter.HandleNonSuccessAndDebuggerNotification(Task task)
   in System.Runtime.CompilerServices.TaskAwaiter`1.GetResult()
   in EdgeCompiler.&amp;lt;&amp;gt;c__DisplayClass5_1.&amp;lt;&amp;lt;CompileFunc&amp;gt;b__3&amp;gt;d.MoveNext()&amp;apos;, HelpLink : null, HResult : -2146232060, message : &amp;apos;The conversion of a varchar data type to a datetime data type resulted in an out-of-range value.
The conversion of a varchar data type to a datetime data type resulted in an out-of-range value.
The conversion of a varchar data type to a datetime data type resulted in an out-of-range value.
The conversion of a varchar data type to a datetime data type resulted in an out-of-range value.
The conversion of a varchar data type to a datetime data type resulted in an out-of-range value.
The conversion of a varchar data type to a datetime data type resulted in an out-of-range value.
The conversion of a varchar data type to a datetime data type resulted in an out-of-range value.
The conversion of a varchar data type to a datetime data type resulted in an out-of-range value.
The conversion of a varchar data type to a datetime data type resulted in an out-of-range value.
The conversion of a varchar data type to a datetime data type resulted in an out-of-range value.
The conversion of a varchar data type to a datetime data type resulted in an out-of-range value.
The conversion of a varchar data type to a datetime data type resulted in an out-of-range value.
The conversion of a varchar data type to a datetime data type resulted in an out-of-range value.
The conversion of a varchar data type to a datetime data type resulted in an out-of-range value.
The conversion of a varchar data type to a datetime data type resulted in an out-of-range value.
The conversion of a varchar data type to a datetime data type resulted in an out-of-range value.
The conversion of a varchar data type to a datetime data type resulted in an out-of-range value.
The conversion of a varchar data type to a datetime data type resulted in an out-of-range value.
The conversion of a varchar data type to a datetime data type resulted in an out-of-range value.
The conversion of a varchar data type to a datetime data type resulted in an out-of-range value.
The conversion of a varchar data type to a datetime data type resulted in an out-of-range value.
The conversion of a varchar data type to a datetime data type resulted in an out-of-range value.
The conversion of a varchar data type to a datetime data type resulted in an out-of-range value.
The conversion of a varchar data type to a datetime data type resulted in an out-of-range value.
The conversion of a varchar data type to a datetime data type resulted in an out-of-range value.
The conversion of a varchar data type to a datetime data type resulted in an out-of-range value.
The conversion of a varchar data type to a datetime data type resulted in an out-of-range value.
The conversion of a varchar data type to a datetime data type resulted in an out-of-range value.
The conversion of a varchar data type to a datetime data type resulted in an out-of-range value.
The conversion of a varchar data type to a datetime data type resulted in an out-of-range value.
The conversion of a varchar data type to a datetime data type resulted in an out-of-range value.
The conversion of a varchar data type to a datetime data type resulted in an out-of-range value.
The conversion of a varchar data type to a datetime data type resulted in an out-of-range value.
The conversion of a varchar data type to a datetime data type resulted in an out-of-range value.
The conversion of a varchar data type to a datetime data type resulted in an out-of-range value.
The conversion of a varchar data type to a datetime data type resulted in an out-of-range value.
The conversion of a varchar data type to a datetime data type resulted in an out-of-range value.
The conversion of a varchar data type to a datetime data type resulted in an out-of-range value.
The conversion of a varchar data type to a datetime data type resulted in an out-of-range value.
The conversion of a varchar data type to a datetime data type resulted in an out-of-range value.
The conversion of a varchar data type to a datetime data type resulted in an out-of-range value.
The conversion of a varchar data type to a datetime data type resulted in an out-of-range value.
The conversion of a varchar data type to a datetime data type resulted in an out-of-range value.
The conversion of a varchar data type to a datetime data type resulted in an out-of-range value.
The conversion of a varchar data type to a datetime data type resulted in an out-of-range value.
The conversion of a varchar data type to a datetime data type resulted in an out-of-range value.
The conversion of a varchar data type to a datetime data type resulted in an out-of-range value.
The conversion of a varchar data type to a datetime data type resulted in an out-of-range value.
The conversion of a varchar data type to a datetime data type resulted in an out-of-range value.
The conversion of a varchar data type to a datetime data type resulted in an out-of-range value.
The conversion of a varchar data type to a datetime data type resulted in an out-of-range value.
The conversion of a varchar data type to a datetime data type resulted in an out-of-range value.
The conversion of a varchar data type to a datetime data type resulted in an out-of-range value.
The conversion of a varchar data type to a datetime data type resulted in an out-of-range value.
The conversion of a varchar data type to a datetime data type resulted in an out-of-range value.
The conversion of a varchar data type to a datetime data type resulted in an out-of-range value.
The conversion of a varchar data type to a datetime data type resulted in an out-of-range value.
The conversion of a varchar data type to a datetime data type resulted in an out-of-range value.
The conversion of a varchar data type to a datetime data type resulted in an out-of-range value.
The conversion of a varchar data type to a datetime data type resulted in an out-of-range value.
The conversion of a varchar data type to a datetime data type resulted in an out-of-range value.
The conversion of a varchar data type to a datetime data type resulted in an out-of-range value.
The conversion of a varchar data type to a datetime data type resulted in an out-of-range value.
The conversion of a varchar data type to a datetime data type resulted in an out-of-range value.
The conversion of a varchar data type to a datetime data type resulted in an out-of-range value.
The conversion of a varchar data type to a datetime data type resulted in an out-of-range value.
The conversion of a varchar data type to a datetime data type resulted in an out-of-range value.
The conversion of a varchar data type to a datetime data type resulted in an out-of-range value.
The conversion of a varchar data type to a datetime data type resulted in an out-of-range value.
The conversion of a varchar data type to a datetime data type resulted in an out-of-range value.
The conversion of a varchar data type to a datetime data type resulted in an out-of-range value.
The conversion of a varchar data type to a datetime data type resulted in an out-of-range value.
The conversion of a varchar data type to a datetime data type resulted in an out-of-range value.
The conversion of a varchar data type to a datetime data type resulted in an out-of-range value.
The conversion of a varchar data type to a datetime data type resulted in an out-of-range value.
The conversion of a varchar data type to a datetime data type resulted in an out-of-range value.
The conversion of a varchar data type to a datetime data type resulted in an out-of-range value.
The conversion of a varchar data type to a datetime data type resulted in an out-of-range value.
The conversion of a varchar data type to a datetime data type resulted in an out-of-range value.
The conversion of a varchar data type to a datetime data type resulted in an out-of-range value.
The conversion of a varchar data type to a datetime data type resulted in an out-of-range value.
The conversion of a varchar data type to a datetime data type resulted in an out-of-range value.
The conversion of a varchar data type to a datetime data type resulted in an out-of-range value.
The conversion of a varchar data type to a datetime data type resulted in an out-of-range value.
The conversion of a varchar data type to a datetime data type resulted in an out-of-range value.
The conversion of a varchar data type to a datetime data type resulted in an out-of-range value.
The conversion of a varchar data type to a datetime data type resulted in an out-of-range value.
The conversion of a varchar data type to a datetime data type resulted in an out-of-range value.
The conversion of a varchar data type to a datetime data type resulted in an out-of-range value.
The conversion of a varchar data type to a datetime data type resulted in an out-of-range value.
The conversion of a varchar data type to a datetime data type resulted in an out-of-range value.
The conversion of a varchar data type to a datetime data type resulted in an out-of-range value.
The conversion of a varchar data type to a datetime data type resulted in an out-of-range value.
The conversion of a varchar data type to a datetime data type resulted in an out-of-range value.
The conversion of a varchar data type to a datetime data type resulted in an out-of-range value.
The conversion of a varchar data type to a datetime data type resulted in an out-of-range value.
The conversion of a varchar data type to a datetime data type resulted in an out-of-range value.
The conversion of a varchar data type to a datetime data type resulted in an out-of-range value.
The conversion of a varchar data type to a datetime data type resulted in an out-of-range value.
The conversion of a varchar data type to a datetime data type resulted in an out-of-range value.
The conversion of a varchar data type to a datetime data type resulted in an out-of-range value.
The conversion of a varchar data type to a datetime data type resulted in an out-of-range value.
The conversion of a varchar data type to a datetime data type resulted in an out-of-range value.
The conversion of a varchar data type to a datetime data type resulted in an out-of-range value.
The conversion of a varchar data type to a datetime data type resulted in an out-of-range value.
The conversion of a varchar data type to a datetime data type resulted in an out-of-range value.
The conversion of a varchar data type to a datetime data type resulted in an out-of-range value.
The conversion of a varchar data type to a datetime data type resulted in an out-of-range value.
The conversion of a varchar data type to a datetime data type resulted in an out-of-range value.
The conversion of a varchar data type to a datetime data type resulted in an out-of-range value.
The conversion of a varchar data type to a datetime data type resulted in an out-of-range value.
The conversion of a varchar data type to a datetime data type resulted in an out-of-range value.
The conversion of a varchar data type to a datetime data type resulted in an out-of-range value.
The conversion of a varchar data type to a datetime data type resulted in an out-of-range value.
The conversion of a varchar data type to a datetime data type resulted in an out-of-range value.
The conversion of a varchar data type to a datetime data type resulted in an out-of-range value.
The conversion of a varchar data type to a datetime data type resulted in an out-of-range value.
The conversion of a varchar data type to a datetime data type resulted in an out-of-range value.
The conversion of a varchar data type to a datetime data type resulted in an out-of-range value.
The conversion of a varchar data type to a datetime data type resulted in an out-of-range value.
The conversion of a varchar data type to a datetime data type resulted in an out-of-range value.
The conversion of a varchar data type to a datetime data type resulted in an out-of-range value.
The conversion of a varchar data type to a datetime data type resulted in an out-of-range value.
The conversion of a varchar data type to a datetime data type resulted in an out-of-range value.
The conversion of a varchar data type to a datetime data type resulted in an out-of-range value.
The conversion of a varchar data type to a datetime data type resulted in an out-of-range value.
The conversion of a varchar data type to a datetime data type resulted in an out-of-range value.
The conversion of a varchar data type to a datetime data type resulted in an out-of-range value.
The conversion of a varchar data type to a datetime data type resulted in an out-of-range value.
The conversion of a varchar data type to a datetime data type resulted in an out-of-range value.
The conversion of a varchar data type to a datetime data type resulted in an out-of-range value.
The conversion of a varchar data type to a datetime data type resulted in an out-of-range value.
The conversion of a varchar data type to a datetime data type resulted in an out-of-range value.
The conversion of a varchar data type to a datetime data type resulted in an out-of-range value.
The conversion of a varchar data type to a datetime data type resulted in an out-of-range value.
The conversion of a varchar data type to a datetime data type resulted in an out-of-range value.
The conversion of a varchar data type to a datetime data type resulted in an out-of-range value.
The conversion of a varchar data type to a datetime data type resulted in an out-of-range value.
The conversion of a varchar data type to a datetime data type resulted in an out-of-range value.
The conversion of a varchar data type to a datetime data type resulted in an out-of-range value.
The conversion of a varchar data type to a datetime data type resulted in an out-of-range value.
The conversion of a varchar data type to a datetime data type resulted in an out-of-range value.
The conversion of a varchar data type to a datetime data type resulted in an out-of-range value.
The conversion of a varchar data type to a datetime data type resulted in an out-of-range value.
The conversion of a varchar data type to a datetime data type resulted in an out-of-range value.
The conversion of a varchar data type to a datetime data type resulted in an out-of-range value.
The conversion of a varchar data type to a datetime data type resulted in an out-of-range value.
The conversion of a varchar data type to a datetime data type resulted in an out-of-range value.
The conversion of a varchar data type to a datetime data type resulted in an out-of-range value.
The conversion of a varchar data type to a datetime data type resulted in an out-of-range value.
The conversion of a varchar data type to a datetime data type resulted in an out-of-range value.
The conversion of a varchar data type to a datetime data type resulted in an out-of-range value.
The conversion of a varchar data type to a datetime data type resulted in an out-of-range value.
The conversion of a varchar data type to a datetime data type resulted in an out-of-range value.
The conversion of a varchar data type to a datetime data type resulted in an out-of-range value.
The conversion of a varchar data type to a datetime data type resulted in an out-of-range value.
The conversion of a varchar data type to a datetime data type resulted in an out-of-range value.
The conversion of a varchar data type to a datetime data type resulted in an out-of-range value.
The conversion of a varchar data type to a datetime data type resulted in an out-of-range value.
The conversion of a varchar data type to a datetime data type resulted in an out-of-range value.
The conversion of a varchar data type to a datetime data type resulted in an out-of-range value.
The conversion of a varchar data type to a datetime data type resulted in an out-of-range value.
The conversion of a varchar data type to a datetime data type resulted in an out-of-range value.
The conversion of a varchar data type to a datetime data type resulted in an out-of-range value.
The conversion of a varchar data type to a datetime data type resulted in an out-of-range value.
The conversion of a varchar data type to a datetime data type resulted in an out-of-range value.
The conversion of a varchar data type to a datetime data type resulted in an out-of-range value.
The conversion of a varchar data type to a datetime data type resulted in an out-of-range value.
The conversion of a varchar data type to a datetime data type resulted in an out-of-range value.
The conversion of a varchar data type to a datetime data type resulted in an out-of-range value.
The conversion of a varchar data type to a datetime data type resulted in an out-of-range value.
The conversion of a varchar data type to a datetime data type resulted in an out-of-range value.
The conversion of a varchar data type to a datetime data type resulted in an out-of-range value.
The conversion of a varchar data type to a datetime data type resulted in an out-of-range value.
The conversion of a varchar data type to a datetime data type resulted in an out-of-range value.
The conversion of a varchar data type to a datetime data type resulted in an out-of-range value.
The conversion of a varchar data type to a datetime data type resulted in an out-of-range value.
The conversion of a varchar data type to a datetime data type resulted in an out-of-range value.
The conversion of a varchar data type to a datetime data type resulted in an out-of-range value.
The conversion of a varchar data type to a datetime data type resulted in an out-of-range value.
The conversion of a varchar data type to a datetime data type resulted in an out-of-range value.
The conversion of a varchar data type to a datetime data type resulted in an out-of-range value.
The conversion of a varchar data type to a datetime data type resulted in an out-of-range value.
The conversion of a varchar data type to a datetime data type resulted in an out-of-range value.
The conversion of a varchar data type to a datetime data type resulted in an out-of-range value.
The conversion of a varchar data type to a datetime data type resulted in an out-of-range value.
The conversion of a varchar data type to a datetime data type resulted in an out-of-range value.
The conversion of a varchar data type to a datetime data type resulted in an out-of-range value.
The conversion of a varchar data type to a datetime data type resulted in an out-of-range value.
The conversion of a varchar data type to a datetime data type resulted in an out-of-range value.
The conversion of a varchar data type to a datetime data type resulted in an out-of-range value.
The conversion of a varchar data type to a datetime data type resulted in an out-of-range value.
The conversion of a varchar data type to a datetime data type resulted in an out-of-range value.
The conversion of a varchar data type to a datetime data type resulted in an out-of-range value.
The conversion of a varchar data type to a datetime data type resulted in an out-of-range value.
The conversion of a varchar data type to a datetime data type resulted in an out-of-range value.
The conversion of a varchar data type to a datetime data type resulted in an out-of-range value.
The conversion of a varchar data type to a datetime data type resulted in an out-of-range value.
The conversion of a varchar data type to a datetime data type resulted in an out-of-range value.
The conversion of a varchar data type to a datetime data type resulted in an out-of-range value.
The conversion of a varchar data type to a datetime data type resulted in an out-of-range value.
The conversion of a varchar data type to a datetime data type resulted in an out-of-range value.
The conversion of a varchar data type to a datetime data type resulted in an out-of-range value.
The conversion of a varchar data type to a datetime data type resulted in an out-of-range value.
The conversion of a varchar data type to a datetime data type resulted in an out-of-range value.
The conversion of a varchar data type to a datetime data type resulted in an out-of-range value.
The conversion of a varchar data type to a datetime data type resulted in an out-of-range value.
The conversion of a varchar data type to a datetime data type resulted in an out-of-range value.
The conversion of a varchar data type to a datetime data type resulted in an out-of-range value.
The conversion of a varchar data type to a datetime data type resulted in an out-of-range value.
The conversion of a varchar data type to a datetime data type resulted in an out-of-range value.
The conversion of a varchar data type to a datetime data type resulted in an out-of-range value.
The conversion of a varchar data type to a datetime data type resulted in an out-of-range value.
The conversion of a varchar data type to a datetime data type resulted in an out-of-range value.
The conversion of a varchar data type to a datetime data type resulted in an out-of-range value.
The conversion of a varchar data type to a datetime data type resulted in an out-of-range value.
The conversion of a varchar data type to a datetime data type resulted in an out-of-range value.
The conversion of a varchar data type to a datetime data type resulted in an out-of-range value.
The conversion of a varchar data type to a datetime data type resulted in an out-of-range value.
The conversion of a varchar data type to a datetime data type resulted in an out-of-range value.
The conversion of a varchar data type to a datetime data type resulted in an out-of-range value.
The conversion of a varchar data type to a datetime data type resulted in an out-of-range value.
The conversion of a varchar data type to a datetime data type resulted in an out-of-range value.
The conversion of a varchar data type to a datetime data type resulted in an out-of-range value.
The conversion of a varchar data type to a datetime data type resulted in an out-of-range value.
The conversion of a varchar data type to a datetime data type resulted in an out-of-range value.
The conversion of a varchar data type to a datetime data type resulted in an out-of-range value.
The conversion of a varchar data type to a datetime data type resulted in an out-of-range value.
The conversion of a varchar data type to a datetime data type resulted in an out-of-range value.
The conversion of a varchar data type to a datetime data type resulted in an out-of-range value.
The conversion of a varchar data type to a datetime data type resulted in an out-of-range value.
The conversion of a varchar data type to a datetime data type resulted in an out-of-range value.
The conversion of a varchar data type to a datetime data type resulted in an out-of-range value.
The conversion of a varchar data type to a datetime data type resulted in an out-of-range value.
The conversion of a varchar data type to a datetime data type resulted in an out-of-range value.
The conversion of a varchar data type to a datetime data type resulted in an out-of-range value.
The conversion of a varchar data type to a datetime data type resulted in an out-of-range value.
The conversion of a varchar data type to a datetime data type resulted in an out-of-range value.
The conversion of a varchar data type to a datetime data type resulted in an out-of-range value.
The conversion of a varchar data type to a datetime data type resulted in an out-of-range value.
The conversion of a varchar data type to a datetime data type resulted in an out-of-range value.
The conversion of a varchar data type to a datetime data type resulted in an out-of-range value.
The conversion of a varchar data type to a datetime data type resulted in an out-of-range value.
The conversion of a varchar data type to a datetime data type resulted in an out-of-range value.
The conversion of a varchar data type to a datetime data type resulted in an out-of-range value.
The conversion of a varchar data type to a datetime data type resulted in an out-of-range value.
The conversion of a varchar data type to a datetime data type resulted in an out-of-range value.
The conversion of a varchar data type to a datetime data type resulted in an out-of-range value.
The conversion of a varchar data type to a datetime data type resulted in an out-of-range value.
The conversion of a varchar data type to a datetime data type resulted in an out-of-range value.
The conversion of a varchar data type to a datetime data type resulted in an out-of-range value.
The conversion of a varchar data type to a datetime data type resulted in an out-of-range value.
The conversion of a varchar data type to a datetime data type resulted in an out-of-range value.
The conversion of a varchar data type to a datetime data type resulted in an out-of-range value.
The conversion of a varchar data type to a datetime data type resulted in an out-of-range value.
The conversion of a varchar data type to a datetime data type resulted in an out-of-range value.
The conversion of a varchar data type to a datetime data type resulted in an out-of-range value.
The conversion of a varchar data type to a datetime data type resulted in an out-of-range value.
The conversion of a varchar data type to a datetime data type resulted in an out-of-range value.
The conversion of a varchar data type to a datetime data type resulted in an out-of-range value.
The conversion of a varchar data type to a datetime data type resulted in an out-of-range value.
The conversion of a varchar data type to a datetime data type resulted in an out-of-range value.
The conversion of a varchar data type to a datetime data type resulted in an out-of-range value.
The conversion of a varchar data type to a datetime data type resulted in an out-of-range value.
The conversion of a varchar data type to a datetime data type resulted in an out-of-range value.
The conversion of a varchar data type to a datetime data type resulted in an out-of-range value.
The conversion of a varchar data type to a datetime data type resulted in an out-of-range value.
The conversion of a varchar data type to a datetime data type resulted in an out-of-range value.
The conversion of a varchar data type to a datetime data type resulted in an out-of-range value.
The conversion of a varchar data type to a datetime data type resulted in an out-of-range value.
The conversion of a varchar data type to a datetime data type resulted in an out-of-range value.
The conversion of a varchar data type to a datetime data type resulted in an out-of-range value.
The conversion of a varchar data type to a datetime data type resulted in an out-of-range value.
The conversion of a varchar data type to a datetime data type resulted in an out-of-range value.
The conversion of a varchar data type to a datetime data type resulted in an out-of-range value.
The conversion of a varchar data type to a datetime data type resulted in an out-of-range value.
The conversion of a varchar data type to a datetime data type resulted in an out-of-range value.
The conversion of a varchar data type to a datetime data type resulted in an out-of-range value.
The conversion of a varchar data type to a datetime data type resulted in an out-of-range value.
The conversion of a varchar data type to a datetime data type resulted in an out-of-range value.
The conversion of a varchar data type to a datetime data type resulted in an out-of-range value.
The conversion of a varchar data type to a datetime data type resulted in an out-of-range value.
The conversion of a varchar data type to a datetime data type resulted in an out-of-range value.
The conversion of a varchar data type to a datetime data type resulted in an out-of-range value.
The conversion of a varchar data type to a datetime data type resulted in an out-of-range value.
The conversion of a varchar data type to a datetime data type resulted in an out-of-range value.
The conversion of a varchar data type to a datetime data type resulted in an out-of-range value.
The conversion of a varchar data type to a datetime data type resulted in an out-of-range value.
The conversion of a varchar data type to a datetime data type resulted in an out-of-range value.
The conversion of a varchar data type to a datetime data type resulted in an out-of-range value.
The conversion of a varchar data type to a datetime data type resulted in an out-of-range value.
The conversion of a varchar data type to a datetime data type resulted in an out-of-range value.
The conversion of a varchar data type to a datetime data type resulted in an out-of-range value.
The conversion of a varchar data type to a datetime data type resulted in an out-of-range value.
The conversion of a varchar data type to a datetime data type resulted in an out-of-range value.
The conversion of a varchar data type to a datetime data type resulted in an out-of-range value.
The conversion of a varchar data type to a datetime data type resulted in an out-of-range value.
The conversion of a varchar data type to a datetime data type resulted in an out-of-range value.
The conversion of a varchar data type to a datetime data type resulted in an out-of-range value.
The conversion of a varchar data type to a datetime data type resulted in an out-of-range value.
The conversion of a varchar data type to a datetime data type resulted in an out-of-range value.
The conversion of a varchar data type to a datetime data type resulted in an out-of-range value.
The conversion of a varchar data type to a datetime data type resulted in an out-of-range value.
The conversion of a varchar data type to a datetime data type resulted in an out-of-range value.
The conversion of a varchar data type to a datetime data type resulted in an out-of-range value.
The conversion of a varchar data type to a datetime data type resulted in an out-of-range value.
The conversion of a varchar data type to a datetime data type resulted in an out-of-range value.
The conversion of a varchar data type to a datetime data type resulted in an out-of-range value.
The conversion of a varchar data type to a datetime data type resulted in an out-of-range value.
The conversion of a varchar data type to a datetime data type resulted in an out-of-range value.
The conversion of a varchar data type to a datetime data type resulted in an out-of-range value.
The conversion of a varchar data type to a datetime data type resulted in an out-of-range value.
The conversion of a varchar data type to a datetime data type resulted in an out-of-range value.
The conversion of a varchar data type to a datetime data type resulted in an out-of-range value.
The conversion of a varchar data type to a datetime data type resulted in an out-of-range value.
The conversion of a varchar data type to a datetime data type resulted in an out-of-range value.
The conversion of a varchar data type to a datetime data type resulted in an out-of-range value.
The conversion of a varchar data type to a datetime data type resulted in an out-of-range value.
The conversion of a varchar data type to a datetime data type resulted in an out-of-range value.
The conversion of a varchar data type to a datetime data type resulted in an out-of-range value.
The conversion of a varchar data type to a datetime data type resulted in an out-of-range value.
The conversion of a varchar data type to a datetime data type resulted in an out-of-range value.
The conversion of a varchar data type to a datetime data type resulted in an out-of-range value.
The conversion of a varchar data type to a datetime data type resulted in an out-of-range value.
The conversion of a varchar data type to a datetime data type resulted in an out-of-range value.
The conversion of a varchar data type to a datetime data type resulted in an out-of-range value.
The conversion of a varchar data type to a datetime data type resulted in an out-of-range value.
The conversion of a varchar data type to a datetime data type resulted in an out-of-range value.
The conversion of a varchar data type to a datetime data type resulted in an out-of-range value.
The conversion of a varchar data type to a datetime data type resulted in an out-of-range value.
The conversion of a varchar data type to a datetime data type resulted in an out-of-range value.
The conversion of a varchar data type to a datetime data type resulted in an out-of-range value.
The conversion of a varchar data type to a datetime data type resulted in an out-of-range value.
The conversion of a varchar data type to a datetime data type resulted in an out-of-range value.
The conversion of a varchar data type to a datetime data type resulted in an out-of-range value.
The conversion of a varchar data type to a datetime data type resulted in an out-of-range value.
The conversion of a varchar data type to a datetime data type resulted in an out-of-range value.
The conversion of a varchar data type to a datetime data type resulted in an out-of-range value.
The conversion of a varchar data type to a datetime data type resulted in an out-of-range value.
The conversion of a varchar data type to a datetime data type resulted in an out-of-range value.
The conversion of a varchar data type to a datetime data type resulted in an out-of-range value.
The conversion of a varchar data type to a datetime data type resulted in an out-of-range value.
The conversion of a varchar data type to a datetime data type resulted in an out-of-range value.
The conversion of a varchar data type to a datetime data type resulted in an out-of-range value.
The conversion of a varchar data type to a datetime data type resulted in an out-of-range value.
The conversion of a varchar data type to a datetime data type resulted in an out-of-range value.
The conversion of a varchar data type to a datetime data type resulted in an out-of-range value.
The conversion of a varchar data type to a datetime data type resulted in an out-of-range value.
The conversion of a varchar data type to a datetime data type resulted in an out-of-range value.
The conversion of a varchar data type to a datetime data type resulted in an out-of-range value.
The conversion of a varchar data type to a datetime data type resulted in an out-of-range value.
The conversion of a varchar data type to a datetime data type resulted in an out-of-range value.
The conversion of a varchar data type to a datetime data type resulted in an out-of-range value.
The conversion of a varchar data type to a datetime data type resulted in an out-of-range value.
The conversion of a varchar data type to a datetime data type resulted in an out-of-range value.
The conversion of a varchar data type to a datetime data type resulted in an out-of-range value.
The conversion of a varchar data type to a datetime data type resulted in an out-of-range value.
The conversion of a varchar data type to a datetime data type resulted in an out-of-range value.
The conversion of a varchar data type to a datetime data type resulted in an out-of-range value.
The conversion of a varchar data type to a datetime data type resulted in an out-of-range value.
The conversion of a varchar data type to a datetime data type resulted in an out-of-range value.
The conversion of a varchar data type to a datetime data type resulted in an out-of-range value.
The conversion of a varchar data type to a datetime data type resulted in an out-of-range value.
The conversion of a varchar data type to a datetime data type resulted in an out-of-range value.
The conversion of a varchar data type to a datetime data type resulted in an out-of-range value.
The conversion of a varchar data type to a datetime data type resulted in an out-of-range value.
The conversion of a varchar data type to a datetime data type resulted in an out-of-range value.
The conversion of a varchar data type to a datetime data type resulted in an out-of-range value.
The conversion of a varchar data type to a datetime data type resulted in an out-of-range value.
The conversion of a varchar data type to a datetime data type resulted in an out-of-range value.
The conversion of a varchar data type to a datetime data type resulted in an out-of-range value.
The conversion of a varchar data type to a datetime data type resulted in an out-of-range value.
The conversion of a varchar data type to a datetime data type resulted in an out-of-range value.
The conversion of a varchar data type to a datetime data type resulted in an out-of-range value.
The conversion of a varchar data type to a datetime data type resulted in an out-of-range value.
The conversion of a varchar data type to a datetime data type resulted in an out-of-range value.
The conversion of a varchar data type to a datetime data type resulted in an out-of-range value.
The conversion of a varchar data type to a datetime data type resulted in an out-of-range value.
The conversion of a varchar data type to a datetime data type resulted in an out-of-range value.
The conversion of a varchar data type to a datetime data type resulted in an out-of-range value.
The conversion of a varchar data type to a datetime data type resulted in an out-of-range value.
The conversion of a varchar data type to a datetime data type resulted in an out-of-range value.
The conversion of a varchar data type to a datetime data type resulted in an out-of-range value.
The conversion of a varchar data type to a datetime data type resulted in an out-of-range value.
The conversion of a varchar data type to a datetime data type resulted in an out-of-range value.
The conversion of a varchar data type to a datetime data type resulted in an out-of-range value.
The conversion of a varchar data type to a datetime data type resulted in an out-of-range value.
The conversion of a varchar data type to a datetime data type resulted in an out-of-range value.
The conversion of a varchar data type to a datetime data type resulted in an out-of-range value.
The conversion of a varchar data type to a datetime data type resulted in an out-of-range value.
The conversion of a varchar data type to a datetime data type resulted in an out-of-range value.
The conversion of a varchar data type to a datetime data type resulted in an out-of-range value.
The conversion of a varchar data type to a datetime data type resulted in an out-of-range value.
The conversion of a varchar data type to a datetime data type resulted in an out-of-range value.
The conversion of a varchar data type to a datetime data type resulted in an out-of-range value.
The conversion of a varchar data type to a datetime data type resulted in an out-of-range value.
The conversion of a varchar data type to a datetime data type resulted in an out-of-range value.
The conversion of a varchar data type to a datetime data type resulted in an out-of-range value.
The conversion of a varchar data type to a datetime data type resulted in an out-of-range value.
The conversion of a varchar data type to a datetime data type resulted in an out-of-range value.
The conversion of a varchar data type to a datetime data type resulted in an out-of-range value.
The conversion of a varchar data type to a datetime data type resulted in an out-of-range value.
The conversion of a varchar data type to a datetime data type resulted in an out-of-range value.
The conversion of a varchar data type to a datetime data type resulted in an out-of-range value.
The conversion of a varchar data type to a datetime data type resulted in an out-of-range value.
The conversion of a varchar data type to a datetime data type resulted in an out-of-range value.
The conversion of a varchar data type to a datetime data type resulted in an out-of-range value.
The conversion of a varchar data type to a datetime data type resulted in an out-of-range value.
The conversion of a varchar data type to a datetime data type resulted in an out-of-range value.
The conversion of a varchar data type to a datetime data type resulted in an out-of-range value.
The conversion of a varchar data type to a datetime data type resulted in an out-of-range value.
The conversion of a varchar data type to a datetime data type resulted in an out-of-range value.
The conversion of a varchar data type to a datetime data type resulted in an out-of-range value.
The conversion of a varchar data type to a datetime data type resulted in an out-of-range value.
The conversion of a varchar data type to a datetime data type resulted in an out-of-range value.
The conversion of a varchar data type to a datetime data type resulted in an out-of-range value.
The conversion of a varchar data type to a datetime data type resulted in an out-of-range value.
The conversion of a varchar data type to a datetime data type resulted in an out-of-range value.
The conversion of a varchar data type to a datetime data type resulted in an out-of-range value.
The conversion of a varchar data type to a datetime data type resulted in an out-of-range value.
The conversion of a varchar data type to a datetime data type resulted in an out-of-range value.
The conversion of a varchar data type to a datetime data type resulted in an out-of-range value.
The conversion of a varchar data type to a datetime data type resulted in an out-of-range value.
The conversion of a varchar data type to a datetime data type resulted in an out-of-range value.
The conversion of a varchar data type to a datetime data type resulted in an out-of-range value.
The conversion of a varchar data type to a datetime data type resulted in an out-of-range value.
The conversion of a varchar data type to a datetime data type resulted in an out-of-range value.
The conversion of a varchar data type to a datetime data type resulted in an out-of-range value.
The conversion of a varchar data type to a datetime data type resulted in an out-of-range value.
The conversion of a varchar data type to a datetime data type resulted in an out-of-range value.
The conversion of a varchar data type to a datetime data type resulted in an out-of-range value.
The conversion of a varchar data type to a datetime data type resulted in an out-of-range value.
The conversion of a varchar data type to a datetime data type resulted in an out-of-range value.
The conversion of a varchar data type to a datetime data type resulted in an out-of-range value.
The conversion of a varchar data type to a datetime data type resulted in an out-of-range value.
The conversion of a varchar data type to a datetime data type resulted in an out-of-range value.
The conversion of a varchar data type to a datetime data type resulted in an out-of-range value.
The conversion of a varchar data type to a datetime data type resulted in an out-of-range value.
The conversion of a varchar data type to a datetime data type resulted in an out-of-range value.
The conversion of a varchar data type to a datetime data type resulted in an out-of-range value.
The conversion of a varchar data type to a datetime data type resulted in an out-of-range value.
The conversion of a varchar data type to a datetime data type resulted in an out-of-range value.
The conversion of a varchar data type to a datetime data type resulted in an out-of-range value.
The conversion of a varchar data type to a datetime data type resulted in an out-of-range value.
The conversion of a varchar data type to a datetime data type resulted in an out-of-range value.
The conversion of a varchar data type to a datetime data type resulted in an out-of-range value.
The conversion of a varchar data type to a datetime data type resulted in an out-of-range value.
The conversion of a varchar data type to a datetime data type resulted in an out-of-range value.
The conversion of a varchar data type to a datetime data type resulted in an out-of-range value.
The conversion of a varchar data type to a datetime data type resulted in an out-of-range value.
The conversion of a varchar data type to a datetime data type resulted in an out-of-range value.
The conversion of a varchar data type to a datetime data type resulted in an out-of-range value.
The conversion of a varchar data type to a datetime data type resulted in an out-of-range value.
The conversion of a varchar data type to a datetime data type resulted in an out-of-range value.
The conversion of a varchar data type to a datetime data type resulted in an out-of-range value.
The conversion of a varchar data type to a datetime data type resulted in an out-of-range value.
The conversion of a varchar data type to a datetime data type resulted in an out-of-range value.
The conversion of a varchar data type to a datetime data type resulted in an out-of-range value.
The conversion of a varchar data type to a datetime data type resulted in an out-of-range value.
The conversion of a varchar data type to a datetime data type resulted in an out-of-range value.
The conversion of a varchar data type to a datetime data type resulted in an out-of-range value.
The conversion of a varchar data type to a datetime data type resulted in an out-of-range value.
The conversion of a varchar data type to a datetime data type resulted in an out-of-range value.
The conversion of a varchar data type to a datetime data type resulted in an out-of-range value.
The conversion of a varchar data type to a datetime data type resulted in an out-of-range value.
The conversion of a varchar data type to a datetime data type resulted in an out-of-range value.
The conversion of a varchar data type to a datetime data type resulted in an out-of-range value.
The conversion of a varchar data type to a datetime data type resulted in an out-of-range value.
The conversion of a varchar data type to a datetime data type resulted in an out-of-range value.
The conversion of a varchar data type to a datetime data type resulted in an out-of-range value.
The conversion of a varchar data type to a datetime data type resulted in an out-of-range value.
The conversion of a varchar data type to a datetime data type resulted in an out-of-range value.
The conversion of a varchar data type to a datetime data type resulted in an out-of-range value.
The conversion of a varchar data type to a datetime data type resulted in an out-of-range value.
The conversion of a varchar data type to a datetime data type resulted in an out-of-range value.
The conversion of a varchar data type to a datetime data type resulted in an out-of-range value.
The conversion of a varchar data type to a datetime data type resulted in an out-of-range value.
The conversion of a varchar data type to a datetime data type resulted in an out-of-range value.
The conversion of a varchar data type to a datetime data type resulted in an out-of-range value.
The conversion of a varchar data type to a datetime data type resulted in an out-of-range value.
The conversion of a varchar data type to a datetime data type resulted in an out-of-range value.
The conversion of a varchar data type to a datetime data type resulted in an out-of-range value.
The conversion of a varchar data type to a datetime data type resulted in an out-of-range value.
The conversion of a varchar data type to a datetime data type resulted in an out-of-range value.
The conversion of a varchar data type to a datetime data type resulted in an out-of-range value.
The conversion of a varchar data type to a datetime data type resulted in an out-of-range value.
The conversion of a varchar data type to a datetime data type resulted in an out-of-range value.
The conversion of a varchar data type to a datetime data type resulted in an out-of-range value.
The conversion of a varchar data type to a datetime data type resulted in an out-of-range value.
The conversion of a varchar data type to a datetime data type resulted in an out-of-range value.
The conversion of a varchar data type to a datetime data type resulted in an out-of-range value.
The conversion of a varchar data type to a datetime data type resulted in an out-of-range value.
The conversion of a varchar data type to a datetime data type resulted in an out-of-range value.
The conversion of a varchar data type to a datetime data type resulted in an out-of-range value.
The conversion of a varchar data type to a datetime data type resulted in an out-of-range value.
The conversion of a varchar data type to a datetime data type resulted in an out-of-range value.
The conversion of a varchar data type to a datetime data type resulted in an out-of-range value.
The conversion of a varchar data type to a datetime data type resulted in an out-of-range value.
The conversion of a varchar data type to a datetime data type resulted in an out-of-range value.
The statement has been terminated.
The statement has been terminated.
The statement has been terminated.
The statement has been terminated.
The statement has been terminated.
The statement has been terminated.
The statement has been terminated.
The statement has been terminated.
The statement has been terminated.
The statement has been terminated.
The statement has been terminated.
The statement has been terminated.
The statement has been terminated.
The statement has been terminated.
The statement has been terminated.
The statement has been terminated.
The statement has been terminated.
The statement has been terminated.
The statement has been terminated.
The statement has been terminated.
The statement has been terminated.
The statement has been terminated.
The statement has been terminated.
The statement has been terminated.
The statement has been terminated.
The statement has been terminated.
The statement has been terminated.
The statement has been terminated.
The statement has been terminated.
The statement has been terminated.
The statement has been terminated.
The statement has been terminated.
The statement has been terminated.
The statement has been terminated.
The statement has been terminated.
The statement has been terminated.
The statement has been terminated.
The statement has been terminated.
The statement has been terminated.
The statement has been terminated.
The statement has been terminated.
The statement has been terminated.
The statement has been terminated.
The statement has been terminated.
The statement has been terminated.
The statement has been terminated.
The statement has been terminated.
The statement has been terminated.
The statement has been terminated.
The statement has been terminated.
The statement has been terminated.
The statement has been terminated.
The statement has been terminated.
The statement has been terminated.
The statement has been terminated.
The statement has been terminated.
The statement has been terminated.
The statement has been terminated.
The statement has been terminated.
The statement has been terminated.
The statement has been terminated.
The statement has been terminated.
The statement has been terminated.
The statement has been terminated.
The statement has been terminated.
The statement has been terminated.
The statement has been terminated.
The statement has been terminated.
The statement has been terminated.
The statement has been terminated.
The statement has been terminated.
The statement has been terminated.
The statement has been terminated.
The statement has been terminated.
The statement has been terminated.
The statement has been terminated.
The statement has been terminated.
The statement has been terminated.
The statement has been terminated.
The statement has been terminated.
The statement has been terminated.
The statement has been terminated.
The statement has been terminated.
The statement has been terminated.
The statement has been terminated.
The statement has been terminated.
The statement has been terminated.
The statement has been terminated.
The statement has been terminated.
The statement has been terminated.
The statement has been terminated.
The statement has been terminated.
The statement has been terminated.
The statement has been terminated.
The statement has been terminated.
The statement has been terminated.
The statement has been terminated.
The statement has been terminated.
The statement has been terminated.
The statement has been terminated.
The statement has been terminated.
The statement has been terminated.
The statement has been terminated.
The statement has been terminated.
The statement has been terminated.
The statement has been terminated.
The statement has been terminated.
The statement has been terminated.
The statement has been terminated.
The statement has been terminated.
The statement has been terminated.
The statement has been terminated.
The statement has been terminated.
The statement has been terminated.
The statement has been terminated.
The statement has been terminated.
The statement has been terminated.
The statement has been terminated.
The statement has been terminated.
The statement has been terminated.
The statement has been terminated.
The statement has been terminated.
The statement has been terminated.
The statement has been terminated.
The statement has been terminated.
The statement has been terminated.
The statement has been terminated.
The statement has been terminated.
The statement has been terminated.
The statement has been terminated.
The statement has been terminated.
The statement has been terminated.
The statement has been terminated.
The statement has been terminated.
The statement has been terminated.
The statement has been terminated.
The statement has been terminated.
The statement has been terminated.
The statement has been terminated.
The statement has been terminated.
The statement has been terminated.
The statement has been terminated.
The statement has been terminated.
The statement has been terminated.
The statement has been terminated.
The statement has been terminated.
The statement has been terminated.
The statement has been terminated.
The statement has been terminated.
The statement has been terminated.
The statement has been terminated.
The statement has been terminated.
The statement has been terminated.
The statement has been terminated.
The statement has been terminated.
The statement has been terminated.
The statement has been terminated.
The statement has been terminated.
The statement has been terminated.
The statement has been terminated.
The statement has been terminated.
The statement has been terminated.
The statement has been terminated.
The statement has been terminated.
The statement has been terminated.
The statement has been terminated.
The statement has been terminated.
The statement has been terminated.
The statement has been terminated.
The statement has been terminated.
The statement has been terminated.
The statement has been terminated.
The statement has been terminated.
The statement has been terminated.
The statement has been terminated.
The statement has been terminated.
The statement has been terminated.
The statement has been terminated.
The statement has been terminated.
The statement has been terminated.
The statement has been terminated.
The statement has been terminated.
The statement has been terminated.
The statement has been terminated.
The statement has been terminated.
The statement has been terminated.
The statement has been terminated.
The statement has been terminated.
The statement has been terminated.
The statement has been terminated.
The statement has been terminated.
The statement has been terminated.
The statement has been terminated.
The statement has been terminated.
The statement has been terminated.
The statement has been terminated.
The statement has been terminated.
The statement has been terminated.
The statement has been terminated.
The statement has been terminated.
The statement has been terminated.
The statement has been terminated.
The statement has been terminated.
The statement has been terminated.
The statement has been terminated.
The statement has been terminated.
The statement has been terminated.
The statement has been terminated.
The statement has been terminated.
The statement has been terminated.
The statement has been terminated.
The statement has been terminated.
The statement has been terminated.
The statement has been terminated.
The statement has been terminated.
The statement has been terminated.
The statement has been terminated.
The statement has been terminated.
The statement has been terminated.
The statement has been terminated.
The statement has been terminated.
The statement has been terminated.
The statement has been terminated.
The statement has been terminated.
The statement has been terminated.
The statement has been terminated.
The statement has been terminated.
The statement has been terminated.
The statement has been terminated.
The statement has been terminated.
The statement has been terminated.
The statement has been terminated.
The statement has been terminated.
The statement has been terminated.
The statement has been terminated.
The statement has been terminated.
The statement has been terminated.
The statement has been terminated.
The statement has been terminated.
The statement has been terminated.
The statement has been terminated.
The statement has been terminated.
The statement has been terminated.
The statement has been terminated.
The statement has been terminated.
The statement has been terminated.
The statement has been terminated.
The statement has been terminated.
The statement has been terminated.
The statement has been terminated.
The statement has been terminated.
The statement has been terminated.
The statement has been terminated.
The statement has been terminated.
The statement has been terminated.
The statement has been terminated.
The statement has been terminated.
The statement has been terminated.
The statement has been terminated.
The statement has been terminated.
The statement has been terminated.
The statement has been terminated.
The statement has been terminated.
The statement has been terminated.
The statement has been terminated.
The statement has been terminated.
The statement has been terminated.
The statement has been terminated.
The statement has been terminated.
The statement has been terminated.
The statement has been terminated.
The statement has been terminated.
The statement has been terminated.
The statement has been terminated.
The statement has been terminated.
The statement has been terminated.
The statement has been terminated.
The statement has been terminated.
The statement has been terminated.
The statement has been terminated.
The statement has been terminated.
The statement has been terminated.
The statement has been terminated.
The statement has been terminated.
The statement has been terminated.
The statement has been terminated.
The statement has been terminated.
The statement has been terminated.
The statement has been terminated.
The statement has been terminated.
The statement has been terminated.
The statement has been terminated.
The statement has been terminated.
The statement has been terminated.
The statement has been terminated.
The statement has been terminated.
The statement has been terminated.
The statement has been terminated.
The statement has been terminated.
The statement has been terminated.
The statement has been terminated.
The statement has been terminated.
The statement has been terminated.
The statement has been terminated.
The statement has been terminated.
The statement has been terminated.
The statement has been terminated.
The statement has been terminated.
The statement has been terminated.
The statement has been terminated.
The statement has been terminated.
The statement has been terminated.
The statement has been terminated.
The statement has been terminated.
The statement has been terminated.
The statement has been terminated.
The statement has been terminated.
The statement has been terminated.
The statement has been terminated.
The statement has been terminated.
The statement has been terminated.
The statement has been terminated.
The statement has been terminated.
The statement has been terminated.
The statement has been terminated.
The statement has been terminated.
The statement has been terminated.
The statement has been terminated.
The statement has been terminated.
The statement has been terminated.
The statement has been terminated.
The statement has been terminated.
The statement has been terminated.
The statement has been terminated.
The statement has been terminated.
The statement has been terminated.
The statement has been terminated.
The statement has been terminated.
The statement has been terminated.
The statement has been terminated.
The statement has been terminated.
The statement has been terminated.
The statement has been terminated.
The statement has been terminated.
The statement has been terminated.
The statement has been terminated.
The statement has been terminated.
The statement has been terminated.
The statement has been terminated.
The statement has been terminated.
The statement has been terminated.
The statement has been terminated.
The statement has been terminated.
The statement has been terminated.
The statement has been terminated.
The statement has been terminated.
The statement has been terminated.
The statement has been terminated.
The statement has been terminated.
The statement has been terminated.
The statement has been terminated.
The statement has been terminated.
The statement has been terminated.
The statement has been terminated.
The statement has been terminated.
The statement has been terminated.
The statement has been terminated.
The statement has been terminated.
The statement has been terminated.
The statement has been terminated.
The statement has been terminated.
The statement has been terminated.
The statement has been terminated.
The statement has been terminated.
The statement has been terminated.
The statement has been terminated.
The statement has been terminated.
The statement has been terminated.
The statement has been terminated.
The statement has been terminated.
The statement has been terminated.
The statement has been terminated.
The statement has been terminated.
The statement has been terminated.
The statement has been terminated.
The statement has been terminated.
The statement has been terminated.
The statement has been terminated.
The statement has been terminated.
The statement has been terminated.
The statement has been terminated.
The statement has been terminated.
The statement has been terminated.
The statement has been terminated.
The statement has been terminated.
The statement has been terminated.
The statement has been terminated.
The statement has been terminated.
The statement has been terminated.
The statement has been terminated.
The statement has been terminated.
The statement has been terminated.
The statement has been terminated.
The statement has been terminated.
The statement has been terminated.
The statement has been terminated.
The statement has been terminated.
The statement has been terminated.
The statement has been terminated.
The statement has been terminated.
The statement has been terminated.
The statement has been terminated.
The statement has been terminated.
The statement has been terminated.
The statement has been terminated.
The statement has been terminated.
The statement has been terminated.
The statement has been terminated.
The statement has been terminated.
The statement has been terminated.
The statement has been terminated.
The statement has been terminated.
The statement has been terminated.
The statement has been terminated.
The statement has been terminated.
The statement has been terminated.
The statement has been terminated.
The statement has been terminated.
The statement has been terminated.
The statement has been terminated.
The statement has been terminated.
The statement has been terminated.
The statement has been terminated.
The statement has been terminated.
The statement has been terminated.
The statement has been terminated.
The statement has been terminated.
The statement has been terminated.
The statement has been terminated.
The statement has been terminated.
The statement has been terminated.
The statement has been terminated.
The statement has been terminated.
The statement has been terminated.
The statement has been terminated.
The statement has been terminated.
The statement has been terminated.
The statement has been terminated.
The statement has been terminated.
The statement has been terminated.
The statement has been terminated.
The statement has been terminated.
The statement has been terminated.
The statement has been terminated.
The statement has been terminated.
The statement has been terminated.
The statement has been terminated.
The statement has been terminated.
The statement has been terminated.
The statement has been terminated.
The statement has been terminated.
The statement has been terminated.
The statement has been terminated.
The statement has been terminated.
The statement has been terminated.
The statement has been terminated.
The statement has been terminated.
The statement has been terminated.
The statement has been terminated.
The statement has been terminated.
The statement has been terminated.
The statement has been terminated.
The statement has been terminated.
The statement has been terminated.
The statement has been terminated.
The statement has been terminated.
The statement has been terminated.
The statement has been terminated.
The statement has been terminated.
The statement has been terminated.
The statement has been terminated.
The statement has been terminated.
The statement has been terminated.
The statement has been terminated.
The statement has been terminated.
The statement has been terminated.
The statement has been terminated.
The statement has been terminated.
The statement has been terminated.
The statement has been terminated.
The statement has been terminated.
The statement has been terminated.
The statement has been terminated.
The statement has been terminated.
The statement has been terminated.
The statement has been terminated.
The statement has been terminated.
The statement has been terminated.
The statement has been terminated.&amp;apos;, name : &amp;apos;System.Data.SqlClient.SqlException&amp;apos; } to be undefined.">Error: Expected { Errors : [ { Source : &amp;apos;.Net SqlClient Data Provider&amp;apos;, Number : 242, State : &amp;apos;3&amp;apos;, Class : &amp;apos;16&amp;apos;, Server : &amp;apos;192.168.11.14&amp;apos;, Message : &amp;apos;The conversion of a varchar data type to a datetime data type resulted in an out-of-range value.&amp;apos;, Procedure : &amp;apos;ctemp&amp;apos;, LineNumber : 6 }, { Source : &amp;apos;.Net SqlClient Data Provider&amp;apos;, Number : 242, State : &amp;apos;3&amp;apos;, Class : &amp;apos;16&amp;apos;, Server : &amp;apos;192.168.11.14&amp;apos;, Message : &amp;apos;The conversion of a varchar data type to a datetime data type resulted in an out-of-range value.&amp;apos;, Procedure : &amp;apos;ctemp&amp;apos;, LineNumber : 6 }, { Source : &amp;apos;.Net SqlClient Data Provider&amp;apos;, Number : 242, State : &amp;apos;3&amp;apos;, Class : &amp;apos;16&amp;apos;, Server : &amp;apos;192.168.11.14&amp;apos;, Message : &amp;apos;The conversion of a varchar data type to a datetime data type resulted in an out-of-range value.&amp;apos;, Procedure : &amp;apos;ctemp&amp;apos;, LineNumber : 6 }, { Source : &amp;apos;.Net SqlClient Data Provider&amp;apos;, Number : 242, State : &amp;apos;3&amp;apos;, Class : &amp;apos;16&amp;apos;, Server : &amp;apos;192.168.11.14&amp;apos;, Message : &amp;apos;The conversion of a varchar data type to a datetime data type resulted in an out-of-range value.&amp;apos;, Procedure : &amp;apos;ctemp&amp;apos;, LineNumber : 6 }, { Source : &amp;apos;.Net SqlClient Data Provider&amp;apos;, Number : 242, State : &amp;apos;3&amp;apos;, Class : &amp;apos;16&amp;apos;, Server : &amp;apos;192.168.11.14&amp;apos;, Message : &amp;apos;The conversion of a varchar data type to a datetime data type resulted in an out-of-range value.&amp;apos;, Procedure : &amp;apos;ctemp&amp;apos;, LineNumber : 6 }, { Source : &amp;apos;.Net SqlClient Data Provider&amp;apos;, Number : 242, State : &amp;apos;3&amp;apos;, Class : &amp;apos;16&amp;apos;, Server : &amp;apos;192.168.11.14&amp;apos;, Message : &amp;apos;The conversion of a varchar data type to a datetime data type resulted in an out-of-range value.&amp;apos;, Procedure : &amp;apos;ctemp&amp;apos;, LineNumber : 6 }, { Source : &amp;apos;.Net SqlClient Data Provider&amp;apos;, Number : 242, State : &amp;apos;3&amp;apos;, Class : &amp;apos;16&amp;apos;, Server : &amp;apos;192.168.11.14&amp;apos;, Message : &amp;apos;The conversion of a varchar data type to a datetime data type resulted in an out-of-range value.&amp;apos;, Procedure : &amp;apos;ctemp&amp;apos;, LineNumber : 6 }, { Source : &amp;apos;.Net SqlClient Data Provider&amp;apos;, Number : 242, State : &amp;apos;3&amp;apos;, Class : &amp;apos;16&amp;apos;, Server : &amp;apos;192.168.11.14&amp;apos;, Message : &amp;apos;The conversion of a varchar data type to a datetime data type resulted in an out-of-range value.&amp;apos;, Procedure : &amp;apos;ctemp&amp;apos;, LineNumber : 6 }, { Source : &amp;apos;.Net SqlClient Data Provider&amp;apos;, Number : 242, State : &amp;apos;3&amp;apos;, Class : &amp;apos;16&amp;apos;, Server : &amp;apos;192.168.11.14&amp;apos;, Message : &amp;apos;The conversion of a varchar data type to a datetime data type resulted in an out-of-range value.&amp;apos;, Procedure : &amp;apos;ctemp&amp;apos;, LineNumber : 6 }, { Source : &amp;apos;.Net SqlClient Data Provider&amp;apos;, Number : 242, State : &amp;apos;3&amp;apos;, Class : &amp;apos;16&amp;apos;, Server : &amp;apos;192.168.11.14&amp;apos;, Message : &amp;apos;The conversion of a varchar data type to a datetime data type resulted in an out-of-range value.&amp;apos;, Procedure : &amp;apos;ctemp&amp;apos;, LineNumber : 6 }, { Source : &amp;apos;.Net SqlClient Data Provider&amp;apos;, Number : 242, State : &amp;apos;3&amp;apos;, Class : &amp;apos;16&amp;apos;, Server : &amp;apos;192.168.11.14&amp;apos;, Message : &amp;apos;The conversion of a varchar data type to a datetime data type resulted in an out-of-range value.&amp;apos;, Procedure : &amp;apos;ctemp&amp;apos;, LineNumber : 6 }, { Source : &amp;apos;.Net SqlClient Data Provider&amp;apos;, Number : 242, State : &amp;apos;3&amp;apos;, Class : &amp;apos;16&amp;apos;, Server : &amp;apos;192.168.11.14&amp;apos;, Message : &amp;apos;The conversion of a varchar data type to a datetime data type resulted in an out-of-range value.&amp;apos;, Procedure : &amp;apos;ctemp&amp;apos;, LineNumber : 6 }, { Source : &amp;apos;.Net SqlClient Data Provider&amp;apos;, Number : 242, State : &amp;apos;3&amp;apos;, Class : &amp;apos;16&amp;apos;, Server : &amp;apos;192.168.11.14&amp;apos;, Message : &amp;apos;The conversion of a varchar data type to a datetime data type resulted in an out-of-range value.&amp;apos;, Procedure : &amp;apos;ctemp&amp;apos;, LineNumber : 6 }, { Source : &amp;apos;.Net SqlClient Data Provider&amp;apos;, Number : 242, State : &amp;apos;3&amp;apos;, Class : &amp;apos;16&amp;apos;, Server : &amp;apos;192.168.11.14&amp;apos;, Message : &amp;apos;The conversion of a varchar data type to a datetime data type resulted in an out-of-range value.&amp;apos;, Procedure : &amp;apos;ctemp&amp;apos;, LineNumber : 6 }, { Source : &amp;apos;.Net SqlClient Data Provider&amp;apos;, Number : 242, State : &amp;apos;3&amp;apos;, Class : &amp;apos;16&amp;apos;, Server : &amp;apos;192.168.11.14&amp;apos;, Message : &amp;apos;The conversion of a varchar data type to a datetime data type resulted in an out-of-range value.&amp;apos;, Procedure : &amp;apos;ctemp&amp;apos;, LineNumber : 6 }, { Source : &amp;apos;.Net SqlClient Data Provider&amp;apos;, Number : 242, State : &amp;apos;3&amp;apos;, Class : &amp;apos;16&amp;apos;, Server : &amp;apos;192.168.11.14&amp;apos;, Message : &amp;apos;The conversion of a varchar data type to a datetime data type resulted in an out-of-range value.&amp;apos;, Procedure : &amp;apos;ctemp&amp;apos;, LineNumber : 6 }, { Source : &amp;apos;.Net SqlClient Data Provider&amp;apos;, Number : 242, State : &amp;apos;3&amp;apos;, Class : &amp;apos;16&amp;apos;, Server : &amp;apos;192.168.11.14&amp;apos;, Message : &amp;apos;The conversion of a varchar data type to a datetime data type resulted in an out-of-range value.&amp;apos;, Procedure : &amp;apos;ctemp&amp;apos;, LineNumber : 6 }, { Source : &amp;apos;.Net SqlClient Data Provider&amp;apos;, Number : 242, State : &amp;apos;3&amp;apos;, Class : &amp;apos;16&amp;apos;, Server : &amp;apos;192.168.11.14&amp;apos;, Message : &amp;apos;The conversion of a varchar data type to a datetime data type resulted in an out-of-range value.&amp;apos;, Procedure : &amp;apos;ctemp&amp;apos;, LineNumber : 6 }, { Source : &amp;apos;.Net SqlClient Data Provider&amp;apos;, Number : 242, State : &amp;apos;3&amp;apos;, Class : &amp;apos;16&amp;apos;, Server : &amp;apos;192.168.11.14&amp;apos;, Message : &amp;apos;The conversion of a varchar data type to a datetime data type resulted in an out-of-range value.&amp;apos;, Procedure : &amp;apos;ctemp&amp;apos;, LineNumber : 6 }, { Source : &amp;apos;.Net SqlClient Data Provider&amp;apos;, Number : 242, State : &amp;apos;3&amp;apos;, Class : &amp;apos;16&amp;apos;, Server : &amp;apos;192.168.11.14&amp;apos;, Message : &amp;apos;The conversion of a varchar data type to a datetime data type resulted in an out-of-range value.&amp;apos;, Procedure : &amp;apos;ctemp&amp;apos;, LineNumber : 6 }, { Source : &amp;apos;.Net SqlClient Data Provider&amp;apos;, Number : 242, State : &amp;apos;3&amp;apos;, Class : &amp;apos;16&amp;apos;, Server : &amp;apos;192.168.11.14&amp;apos;, Message : &amp;apos;The conversion of a varchar data type to a datetime data type resulted in an out-of-range value.&amp;apos;, Procedure : &amp;apos;ctemp&amp;apos;, LineNumber : 6 }, { Source : &amp;apos;.Net SqlClient Data Provider&amp;apos;, Number : 242, State : &amp;apos;3&amp;apos;, Class : &amp;apos;16&amp;apos;, Server : &amp;apos;192.168.11.14&amp;apos;, Message : &amp;apos;The conversion of a varchar data type to a datetime data type resulted in an out-of-range value.&amp;apos;, Procedure : &amp;apos;ctemp&amp;apos;, LineNumber : 6 }, { Source : &amp;apos;.Net SqlClient Data Provider&amp;apos;, Number : 242, State : &amp;apos;3&amp;apos;, Class : &amp;apos;16&amp;apos;, Server : &amp;apos;192.168.11.14&amp;apos;, Message : &amp;apos;The conversion of a varchar data type to a datetime data type resulted in an out-of-range value.&amp;apos;, Procedure : &amp;apos;ctemp&amp;apos;, LineNumber : 6 }, { Source : &amp;apos;.Net SqlClient Data Provider&amp;apos;, Number : 242, State : &amp;apos;3&amp;apos;, Class : &amp;apos;16&amp;apos;, Server : &amp;apos;192.168.11.14&amp;apos;, Message : &amp;apos;The conversion of a varchar data type to a datetime data type resulted in an out-of-range value.&amp;apos;, Procedure : &amp;apos;ctemp&amp;apos;, LineNumber : 6 }, { Source : &amp;apos;.Net SqlClient Data Provider&amp;apos;, Number : 242, State : &amp;apos;3&amp;apos;, Class : &amp;apos;16&amp;apos;, Server : &amp;apos;192.168.11.14&amp;apos;, Message : &amp;apos;The conversion of a varchar data type to a datetime data type resulted in an out-of-range value.&amp;apos;, Procedure : &amp;apos;ctemp&amp;apos;, LineNumber : 6 }, { Source : &amp;apos;.Net SqlClient Data Provider&amp;apos;, Number : 242, State : &amp;apos;3&amp;apos;, Class : &amp;apos;16&amp;apos;, Server : &amp;apos;192.168.11.14&amp;apos;, Message : &amp;apos;The conversion of a varchar data type to a datetime data type resulted in an out-of-range value.&amp;apos;, Procedure : &amp;apos;ctemp&amp;apos;, LineNumber : 6 }, { Source : &amp;apos;.Net SqlClient Data Provider&amp;apos;, Number : 242, State : &amp;apos;3&amp;apos;, Class : &amp;apos;16&amp;apos;, Server : &amp;apos;192.168.11.14&amp;apos;, Message : &amp;apos;The conversion of a varchar data type to a datetime data type resulted in an out-of-range value.&amp;apos;, Procedure : &amp;apos;ctemp&amp;apos;, LineNumber : 6 }, { Source : &amp;apos;.Net SqlClient Data Provider&amp;apos;, Number : 242, State : &amp;apos;3&amp;apos;, Class : &amp;apos;16&amp;apos;, Server : &amp;apos;192.168.11.14&amp;apos;, Message : &amp;apos;The conversion of a varchar data type to a datetime data type resulted in an out-of-range value.&amp;apos;, Procedure : &amp;apos;ctemp&amp;apos;, LineNumber : 6 }, { Source : &amp;apos;.Net SqlClient Data Provider&amp;apos;, Number : 242, State : &amp;apos;3&amp;apos;, Class : &amp;apos;16&amp;apos;, Server : &amp;apos;192.168.11.14&amp;apos;, Message : &amp;apos;The conversion of a varchar data type to a datetime data type resulted in an out-of-range value.&amp;apos;, Procedure : &amp;apos;ctemp&amp;apos;, LineNumber : 6 }, { Source : &amp;apos;.Net SqlClient Data Provider&amp;apos;, Number : 242, State : &amp;apos;3&amp;apos;, Class : &amp;apos;16&amp;apos;, Server : &amp;apos;192.168.11.14&amp;apos;, Message : &amp;apos;The conversion of a varchar data type to a datetime data type resulted in an out-of-range value.&amp;apos;, Procedure : &amp;apos;ctemp&amp;apos;, LineNumber : 6 }, { Source : &amp;apos;.Net SqlClient Data Provider&amp;apos;, Number : 242, State : &amp;apos;3&amp;apos;, Class : &amp;apos;16&amp;apos;, Server : &amp;apos;192.168.11.14&amp;apos;, Message : &amp;apos;The conversion of a varchar data type to a datetime data type resulted in an out-of-range value.&amp;apos;, Procedure : &amp;apos;ctemp&amp;apos;, LineNumber : 6 }, { Source : &amp;apos;.Net SqlClient Data Provider&amp;apos;, Number : 242, State : &amp;apos;3&amp;apos;, Class : &amp;apos;16&amp;apos;, Server : &amp;apos;192.168.11.14&amp;apos;, Message : &amp;apos;The conversion of a varchar data type to a datetime data type resulted in an out-of-range value.&amp;apos;, Procedure : &amp;apos;ctemp&amp;apos;, LineNumber : 6 }, { Source : &amp;apos;.Net SqlClient Data Provider&amp;apos;, Number : 242, State : &amp;apos;3&amp;apos;, Class : &amp;apos;16&amp;apos;, Server : &amp;apos;192.168.11.14&amp;apos;, Message : &amp;apos;The conversion of a varchar data type to a datetime data type resulted in an out-of-range value.&amp;apos;, Procedure : &amp;apos;ctemp&amp;apos;, LineNumber : 6 }, { Source : &amp;apos;.Net SqlClient Data Provider&amp;apos;, Number : 242, State : &amp;apos;3&amp;apos;, Class : &amp;apos;16&amp;apos;, Server : &amp;apos;192.168.11.14&amp;apos;, Message : &amp;apos;The conversion of a varchar data type to a datetime data type resulted in an out-of-range value.&amp;apos;, Procedure : &amp;apos;ctemp&amp;apos;, LineNumber : 6 }, { Source : &amp;apos;.Net SqlClient Data Provider&amp;apos;, Number : 242, State : &amp;apos;3&amp;apos;, Class : &amp;apos;16&amp;apos;, Server : &amp;apos;192.168.11.14&amp;apos;, Message : &amp;apos;The conversion of a varchar data type to a datetime data type resulted in an out-of-range value.&amp;apos;, Procedure : &amp;apos;ctemp&amp;apos;, LineNumber : 6 }, { Source : &amp;apos;.Net SqlClient Data Provider&amp;apos;, Number : 242, State : &amp;apos;3&amp;apos;, Class : &amp;apos;16&amp;apos;, Server : &amp;apos;192.168.11.14&amp;apos;, Message : &amp;apos;The conversion of a varchar data type to a datetime data type resulted in an out-of-range value.&amp;apos;, Procedure : &amp;apos;ctemp&amp;apos;, LineNumber : 6 }, { Source : &amp;apos;.Net SqlClient Data Provider&amp;apos;, Number : 242, State : &amp;apos;3&amp;apos;, Class : &amp;apos;16&amp;apos;, Server : &amp;apos;192.168.11.14&amp;apos;, Message : &amp;apos;The conversion of a varchar data type to a datetime data type resulted in an out-of-range value.&amp;apos;, Procedure : &amp;apos;ctemp&amp;apos;, LineNumber : 6 }, { Source : &amp;apos;.Net SqlClient Data Provider&amp;apos;, Number : 242, State : &amp;apos;3&amp;apos;, Class : &amp;apos;16&amp;apos;, Server : &amp;apos;192.168.11.14&amp;apos;, Message : &amp;apos;The conversion of a varchar data type to a datetime data type resulted in an out-of-range value.&amp;apos;, Procedure : &amp;apos;ctemp&amp;apos;, LineNumber : 6 }, { Source : &amp;apos;.Net SqlClient Data Provider&amp;apos;, Number : 242, State : &amp;apos;3&amp;apos;, Class : &amp;apos;16&amp;apos;, Server : &amp;apos;192.168.11.14&amp;apos;, Message : &amp;apos;The conversion of a varchar data type to a datetime data type resulted in an out-of-range value.&amp;apos;, Procedure : &amp;apos;ctemp&amp;apos;, LineNumber : 6 }, { Source : &amp;apos;.Net SqlClient Data Provider&amp;apos;, Number : 242, State : &amp;apos;3&amp;apos;, Class : &amp;apos;16&amp;apos;, Server : &amp;apos;192.168.11.14&amp;apos;, Message : &amp;apos;The conversion of a varchar data type to a datetime data type resulted in an out-of-range value.&amp;apos;, Procedure : &amp;apos;ctemp&amp;apos;, LineNumber : 6 }, { Source : &amp;apos;.Net SqlClient Data Provider&amp;apos;, Number : 242, State : &amp;apos;3&amp;apos;, Class : &amp;apos;16&amp;apos;, Server : &amp;apos;192.168.11.14&amp;apos;, Message : &amp;apos;The conversion of a varchar data type to a datetime data type resulted in an out-of-range value.&amp;apos;, Procedure : &amp;apos;ctemp&amp;apos;, LineNumber : 6 }, { Source : &amp;apos;.Net SqlClient Data Provider&amp;apos;, Number : 242, State : &amp;apos;3&amp;apos;, Class : &amp;apos;16&amp;apos;, Server : &amp;apos;192.168.11.14&amp;apos;, Message : &amp;apos;The conversion of a varchar data type to a datetime data type resulted in an out-of-range value.&amp;apos;, Procedure : &amp;apos;ctemp&amp;apos;, LineNumber : 6 }, { Source : &amp;apos;.Net SqlClient Data Provider&amp;apos;, Number : 242, State : &amp;apos;3&amp;apos;, Class : &amp;apos;16&amp;apos;, Server : &amp;apos;192.168.11.14&amp;apos;, Message : &amp;apos;The conversion of a varchar data type to a datetime data type resulted in an out-of-range value.&amp;apos;, Procedure : &amp;apos;ctemp&amp;apos;, LineNumber : 6 }, { Source : &amp;apos;.Net SqlClient Data Provider&amp;apos;, Number : 242, State : &amp;apos;3&amp;apos;, Class : &amp;apos;16&amp;apos;, Server : &amp;apos;192.168.11.14&amp;apos;, Message : &amp;apos;The conversion of a varchar data type to a datetime data type resulted in an out-of-range value.&amp;apos;, Procedure : &amp;apos;ctemp&amp;apos;, LineNumber : 6 }, { Source : &amp;apos;.Net SqlClient Data Provider&amp;apos;, Number : 242, State : &amp;apos;3&amp;apos;, Class : &amp;apos;16&amp;apos;, Server : &amp;apos;192.168.11.14&amp;apos;, Message : &amp;apos;The conversion of a varchar data type to a datetime data type resulted in an out-of-range value.&amp;apos;, Procedure : &amp;apos;ctemp&amp;apos;, LineNumber : 6 }, { Source : &amp;apos;.Net SqlClient Data Provider&amp;apos;, Number : 242, State : &amp;apos;3&amp;apos;, Class : &amp;apos;16&amp;apos;, Server : &amp;apos;192.168.11.14&amp;apos;, Message : &amp;apos;The conversion of a varchar data type to a datetime data type resulted in an out-of-range value.&amp;apos;, Procedure : &amp;apos;ctemp&amp;apos;, LineNumber : 6 }, { Source : &amp;apos;.Net SqlClient Data Provider&amp;apos;, Number : 242, State : &amp;apos;3&amp;apos;, Class : &amp;apos;16&amp;apos;, Server : &amp;apos;192.168.11.14&amp;apos;, Message : &amp;apos;The conversion of a varchar data type to a datetime data type resulted in an out-of-range value.&amp;apos;, Procedure : &amp;apos;ctemp&amp;apos;, LineNumber : 6 }, { Source : &amp;apos;.Net SqlClient Data Provider&amp;apos;, Number : 242, State : &amp;apos;3&amp;apos;, Class : &amp;apos;16&amp;apos;, Server : &amp;apos;192.168.11.14&amp;apos;, Message : &amp;apos;The conversion of a varchar data type to a datetime data type resulted in an out-of-range value.&amp;apos;, Procedure : &amp;apos;ctemp&amp;apos;, LineNumber : 6 }, { Source : &amp;apos;.Net SqlClient Data Provider&amp;apos;, Number : 242, State : &amp;apos;3&amp;apos;, Class : &amp;apos;16&amp;apos;, Server : &amp;apos;192.168.11.14&amp;apos;, Message : &amp;apos;The conversion of a varchar data type to a datetime data type resulted in an out-of-range value.&amp;apos;, Procedure : &amp;apos;ctemp&amp;apos;, LineNumber : 6 }, { Source : &amp;apos;.Net SqlClient Data Provider&amp;apos;, Number : 242, State : &amp;apos;3&amp;apos;, Class : &amp;apos;16&amp;apos;, Server : &amp;apos;192.168.11.14&amp;apos;, Message : &amp;apos;The conversion of a varchar data type to a datetime data type resulted in an out-of-range value.&amp;apos;, Procedure : &amp;apos;ctemp&amp;apos;, LineNumber : 6 }, { Source : &amp;apos;.Net SqlClient Data Provider&amp;apos;, Number : 242, State : &amp;apos;3&amp;apos;, Class : &amp;apos;16&amp;apos;, Server : &amp;apos;192.168.11.14&amp;apos;, Message : &amp;apos;The conversion of a varchar data type to a datetime data type resulted in an out-of-range value.&amp;apos;, Procedure : &amp;apos;ctemp&amp;apos;, LineNumber : 6 }, { Source : &amp;apos;.Net SqlClient Data Provider&amp;apos;, Number : 242, State : &amp;apos;3&amp;apos;, Class : &amp;apos;16&amp;apos;, Server : &amp;apos;192.168.11.14&amp;apos;, Message : &amp;apos;The conversion of a varchar data type to a datetime data type resulted in an out-of-range value.&amp;apos;, Procedure : &amp;apos;ctemp&amp;apos;, LineNumber : 6 }, { Source : &amp;apos;.Net SqlClient Data Provider&amp;apos;, Number : 242, State : &amp;apos;3&amp;apos;, Class : &amp;apos;16&amp;apos;, Server : &amp;apos;192.168.11.14&amp;apos;, Message : &amp;apos;The conversion of a varchar data type to a datetime data type resulted in an out-of-range value.&amp;apos;, Procedure : &amp;apos;ctemp&amp;apos;, LineNumber : 6 }, { Source : &amp;apos;.Net SqlClient Data Provider&amp;apos;, Number : 242, State : &amp;apos;3&amp;apos;, Class : &amp;apos;16&amp;apos;, Server : &amp;apos;192.168.11.14&amp;apos;, Message : &amp;apos;The conversion of a varchar data type to a datetime data type resulted in an out-of-range value.&amp;apos;, Procedure : &amp;apos;ctemp&amp;apos;, LineNumber : 6 }, { Source : &amp;apos;.Net SqlClient Data Provider&amp;apos;, Number : 242, State : &amp;apos;3&amp;apos;, Class : &amp;apos;16&amp;apos;, Server : &amp;apos;192.168.11.14&amp;apos;, Message : &amp;apos;The conversion of a varchar data type to a datetime data type resulted in an out-of-range value.&amp;apos;, Procedure : &amp;apos;ctemp&amp;apos;, LineNumber : 6 }, { Source : &amp;apos;.Net SqlClient Data Provider&amp;apos;, Number : 242, State : &amp;apos;3&amp;apos;, Class : &amp;apos;16&amp;apos;, Server : &amp;apos;192.168.11.14&amp;apos;, Message : &amp;apos;The conversion of a varchar data type to a datetime data type resulted in an out-of-range value.&amp;apos;, Procedure : &amp;apos;ctemp&amp;apos;, LineNumber : 6 }, { Source : &amp;apos;.Net SqlClient Data Provider&amp;apos;, Number : 242, State : &amp;apos;3&amp;apos;, Class : &amp;apos;16&amp;apos;, Server : &amp;apos;192.168.11.14&amp;apos;, Message : &amp;apos;The conversion of a varchar data type to a datetime data type resulted in an out-of-range value.&amp;apos;, Procedure : &amp;apos;ctemp&amp;apos;, LineNumber : 6 }, { Source : &amp;apos;.Net SqlClient Data Provider&amp;apos;, Number : 242, State : &amp;apos;3&amp;apos;, Class : &amp;apos;16&amp;apos;, Server : &amp;apos;192.168.11.14&amp;apos;, Message : &amp;apos;The conversion of a varchar data type to a datetime data type resulted in an out-of-range value.&amp;apos;, Procedure : &amp;apos;ctemp&amp;apos;, LineNumber : 6 }, { Source : &amp;apos;.Net SqlClient Data Provider&amp;apos;, Number : 242, State : &amp;apos;3&amp;apos;, Class : &amp;apos;16&amp;apos;, Server : &amp;apos;192.168.11.14&amp;apos;, Message : &amp;apos;The conversion of a varchar data type to a datetime data type resulted in an out-of-range value.&amp;apos;, Procedure : &amp;apos;ctemp&amp;apos;, LineNumber : 6 }, { Source : &amp;apos;.Net SqlClient Data Provider&amp;apos;, Number : 242, State : &amp;apos;3&amp;apos;, Class : &amp;apos;16&amp;apos;, Server : &amp;apos;192.168.11.14&amp;apos;, Message : &amp;apos;The conversion of a varchar data type to a datetime data type resulted in an out-of-range value.&amp;apos;, Procedure : &amp;apos;ctemp&amp;apos;, LineNumber : 6 }, { Source : &amp;apos;.Net SqlClient Data Provider&amp;apos;, Number : 242, State : &amp;apos;3&amp;apos;, Class : &amp;apos;16&amp;apos;, Server : &amp;apos;192.168.11.14&amp;apos;, Message : &amp;apos;The conversion of a varchar data type to a datetime data type resulted in an out-of-range value.&amp;apos;, Procedure : &amp;apos;ctemp&amp;apos;, LineNumber : 6 }, { Source : &amp;apos;.Net SqlClient Data Provider&amp;apos;, Number : 242, State : &amp;apos;3&amp;apos;, Class : &amp;apos;16&amp;apos;, Server : &amp;apos;192.168.11.14&amp;apos;, Message : &amp;apos;The conversion of a varchar data type to a datetime data type resulted in an out-of-range value.&amp;apos;, Procedure : &amp;apos;ctemp&amp;apos;, LineNumber : 6 }, { Source : &amp;apos;.Net SqlClient Data Provider&amp;apos;, Number : 242, State : &amp;apos;3&amp;apos;, Class : &amp;apos;16&amp;apos;, Server : &amp;apos;192.168.11.14&amp;apos;, Message : &amp;apos;The conversion of a varchar data type to a datetime data type resulted in an out-of-range value.&amp;apos;, Procedure : &amp;apos;ctemp&amp;apos;, LineNumber : 6 }, { Source : &amp;apos;.Net SqlClient Data Provider&amp;apos;, Number : 242, State : &amp;apos;3&amp;apos;, Class : &amp;apos;16&amp;apos;, Server : &amp;apos;192.168.11.14&amp;apos;, Message : &amp;apos;The conversion of a varchar data type to a datetime data type resulted in an out-of-range value.&amp;apos;, Procedure : &amp;apos;ctemp&amp;apos;, LineNumber : 6 }, { Source : &amp;apos;.Net SqlClient Data Provider&amp;apos;, Number : 242, State : &amp;apos;3&amp;apos;, Class : &amp;apos;16&amp;apos;, Server : &amp;apos;192.168.11.14&amp;apos;, Message : &amp;apos;The conversion of a varchar data type to a datetime data type resulted in an out-of-range value.&amp;apos;, Procedure : &amp;apos;ctemp&amp;apos;, LineNumber : 6 }, { Source : &amp;apos;.Net SqlClient Data Provider&amp;apos;, Number : 242, State : &amp;apos;3&amp;apos;, Class : &amp;apos;16&amp;apos;, Server : &amp;apos;192.168.11.14&amp;apos;, Message : &amp;apos;The conversion of a varchar data type to a datetime data type resulted in an out-of-range value.&amp;apos;, Procedure : &amp;apos;ctemp&amp;apos;, LineNumber : 6 }, { Source : &amp;apos;.Net SqlClient Data Provider&amp;apos;, Number : 242, State : &amp;apos;3&amp;apos;, Class : &amp;apos;16&amp;apos;, Server : &amp;apos;192.168.11.14&amp;apos;, Message : &amp;apos;The conversion of a varchar data type to a datetime data type resulted in an out-of-range value.&amp;apos;, Procedure : &amp;apos;ctemp&amp;apos;, LineNumber : 6 }, { Source : &amp;apos;.Net SqlClient Data Provider&amp;apos;, Number : 242, State : &amp;apos;3&amp;apos;, Class : &amp;apos;16&amp;apos;, Server : &amp;apos;192.168.11.14&amp;apos;, Message : &amp;apos;The conversion of a varchar data type to a datetime data type resulted in an out-of-range value.&amp;apos;, Procedure : &amp;apos;ctemp&amp;apos;, LineNumber : 6 }, { Source : &amp;apos;.Net SqlClient Data Provider&amp;apos;, Number : 242, State : &amp;apos;3&amp;apos;, Class : &amp;apos;16&amp;apos;, Server : &amp;apos;192.168.11.14&amp;apos;, Message : &amp;apos;The conversion of a varchar data type to a datetime data type resulted in an out-of-range value.&amp;apos;, Procedure : &amp;apos;ctemp&amp;apos;, LineNumber : 6 }, { Source : &amp;apos;.Net SqlClient Data Provider&amp;apos;, Number : 242, State : &amp;apos;3&amp;apos;, Class : &amp;apos;16&amp;apos;, Server : &amp;apos;192.168.11.14&amp;apos;, Message : &amp;apos;The conversion of a varchar data type to a datetime data type resulted in an out-of-range value.&amp;apos;, Procedure : &amp;apos;ctemp&amp;apos;, LineNumber : 6 }, { Source : &amp;apos;.Net SqlClient Data Provider&amp;apos;, Number : 242, State : &amp;apos;3&amp;apos;, Class : &amp;apos;16&amp;apos;, Server : &amp;apos;192.168.11.14&amp;apos;, Message : &amp;apos;The conversion of a varchar data type to a datetime data type resulted in an out-of-range value.&amp;apos;, Procedure : &amp;apos;ctemp&amp;apos;, LineNumber : 6 }, { Source : &amp;apos;.Net SqlClient Data Provider&amp;apos;, Number : 242, State : &amp;apos;3&amp;apos;, Class : &amp;apos;16&amp;apos;, Server : &amp;apos;192.168.11.14&amp;apos;, Message : &amp;apos;The conversion of a varchar data type to a datetime data type resulted in an out-of-range value.&amp;apos;, Procedure : &amp;apos;ctemp&amp;apos;, LineNumber : 6 }, { Source : &amp;apos;.Net SqlClient Data Provider&amp;apos;, Number : 242, State : &amp;apos;3&amp;apos;, Class : &amp;apos;16&amp;apos;, Server : &amp;apos;192.168.11.14&amp;apos;, Message : &amp;apos;The conversion of a varchar data type to a datetime data type resulted in an out-of-range value.&amp;apos;, Procedure : &amp;apos;ctemp&amp;apos;, LineNumber : 6 }, { Source : &amp;apos;.Net SqlClient Data Provider&amp;apos;, Number : 242, State : &amp;apos;3&amp;apos;, Class : &amp;apos;16&amp;apos;, Server : &amp;apos;192.168.11.14&amp;apos;, Message : &amp;apos;The conversion of a varchar data type to a datetime data type resulted in an out-of-range value.&amp;apos;, Procedure : &amp;apos;ctemp&amp;apos;, LineNumber : 6 }, { Source : &amp;apos;.Net SqlClient Data Provider&amp;apos;, Number : 242, State : &amp;apos;3&amp;apos;, Class : &amp;apos;16&amp;apos;, Server : &amp;apos;192.168.11.14&amp;apos;, Message : &amp;apos;The conversion of a varchar data type to a datetime data type resulted in an out-of-range value.&amp;apos;, Procedure : &amp;apos;ctemp&amp;apos;, LineNumber : 6 }, { Source : &amp;apos;.Net SqlClient Data Provider&amp;apos;, Number : 242, State : &amp;apos;3&amp;apos;, Class : &amp;apos;16&amp;apos;, Server : &amp;apos;192.168.11.14&amp;apos;, Message : &amp;apos;The conversion of a varchar data type to a datetime data type resulted in an out-of-range value.&amp;apos;, Procedure : &amp;apos;ctemp&amp;apos;, LineNumber : 6 }, { Source : &amp;apos;.Net SqlClient Data Provider&amp;apos;, Number : 242, State : &amp;apos;3&amp;apos;, Class : &amp;apos;16&amp;apos;, Server : &amp;apos;192.168.11.14&amp;apos;, Message : &amp;apos;The conversion of a varchar data type to a datetime data type resulted in an out-of-range value.&amp;apos;, Procedure : &amp;apos;ctemp&amp;apos;, LineNumber : 6 }, { Source : &amp;apos;.Net SqlClient Data Provider&amp;apos;, Number : 242, State : &amp;apos;3&amp;apos;, Class : &amp;apos;16&amp;apos;, Server : &amp;apos;192.168.11.14&amp;apos;, Message : &amp;apos;The conversion of a varchar data type to a datetime data type resulted in an out-of-range value.&amp;apos;, Procedure : &amp;apos;ctemp&amp;apos;, LineNumber : 6 }, { Source : &amp;apos;.Net SqlClient Data Provider&amp;apos;, Number : 242, State : &amp;apos;3&amp;apos;, Class : &amp;apos;16&amp;apos;, Server : &amp;apos;192.168.11.14&amp;apos;, Message : &amp;apos;The conversion of a varchar data type to a datetime data type resulted in an out-of-range value.&amp;apos;, Procedure : &amp;apos;ctemp&amp;apos;, LineNumber : 6 }, { Source : &amp;apos;.Net SqlClient Data Provider&amp;apos;, Number : 242, State : &amp;apos;3&amp;apos;, Class : &amp;apos;16&amp;apos;, Server : &amp;apos;192.168.11.14&amp;apos;, Message : &amp;apos;The conversion of a varchar data type to a datetime data type resulted in an out-of-range value.&amp;apos;, Procedure : &amp;apos;ctemp&amp;apos;, LineNumber : 6 }, { Source : &amp;apos;.Net SqlClient Data Provider&amp;apos;, Number : 242, State : &amp;apos;3&amp;apos;, Class : &amp;apos;16&amp;apos;, Server : &amp;apos;192.168.11.14&amp;apos;, Message : &amp;apos;The conversion of a varchar data type to a datetime data type resulted in an out-of-range value.&amp;apos;, Procedure : &amp;apos;ctemp&amp;apos;, LineNumber : 6 }, { Source : &amp;apos;.Net SqlClient Data Provider&amp;apos;, Number : 242, State : &amp;apos;3&amp;apos;, Class : &amp;apos;16&amp;apos;, Server : &amp;apos;192.168.11.14&amp;apos;, Message : &amp;apos;The conversion of a varchar data type to a datetime data type resulted in an out-of-range value.&amp;apos;, Procedure : &amp;apos;ctemp&amp;apos;, LineNumber : 6 }, { Source : &amp;apos;.Net SqlClient Data Provider&amp;apos;, Number : 242, State : &amp;apos;3&amp;apos;, Class : &amp;apos;16&amp;apos;, Server : &amp;apos;192.168.11.14&amp;apos;, Message : &amp;apos;The conversion of a varchar data type to a datetime data type resulted in an out-of-range value.&amp;apos;, Procedure : &amp;apos;ctemp&amp;apos;, LineNumber : 6 }, { Source : &amp;apos;.Net SqlClient Data Provider&amp;apos;, Number : 242, State : &amp;apos;3&amp;apos;, Class : &amp;apos;16&amp;apos;, Server : &amp;apos;192.168.11.14&amp;apos;, Message : &amp;apos;The conversion of a varchar data type to a datetime data type resulted in an out-of-range value.&amp;apos;, Procedure : &amp;apos;ctemp&amp;apos;, LineNumber : 6 }, { Source : &amp;apos;.Net SqlClient Data Provider&amp;apos;, Number : 242, State : &amp;apos;3&amp;apos;, Class : &amp;apos;16&amp;apos;, Server : &amp;apos;192.168.11.14&amp;apos;, Message : &amp;apos;The conversion of a varchar data type to a datetime data type resulted in an out-of-range value.&amp;apos;, Procedure : &amp;apos;ctemp&amp;apos;, LineNumber : 6 }, { Source : &amp;apos;.Net SqlClient Data Provider&amp;apos;, Number : 242, State : &amp;apos;3&amp;apos;, Class : &amp;apos;16&amp;apos;, Server : &amp;apos;192.168.11.14&amp;apos;, Message : &amp;apos;The conversion of a varchar data type to a datetime data type resulted in an out-of-range value.&amp;apos;, Procedure : &amp;apos;ctemp&amp;apos;, LineNumber : 6 }, { Source : &amp;apos;.Net SqlClient Data Provider&amp;apos;, Number : 242, State : &amp;apos;3&amp;apos;, Class : &amp;apos;16&amp;apos;, Server : &amp;apos;192.168.11.14&amp;apos;, Message : &amp;apos;The conversion of a varchar data type to a datetime data type resulted in an out-of-range value.&amp;apos;, Procedure : &amp;apos;ctemp&amp;apos;, LineNumber : 6 }, { Source : &amp;apos;.Net SqlClient Data Provider&amp;apos;, Number : 242, State : &amp;apos;3&amp;apos;, Class : &amp;apos;16&amp;apos;, Server : &amp;apos;192.168.11.14&amp;apos;, Message : &amp;apos;The conversion of a varchar data type to a datetime data type resulted in an out-of-range value.&amp;apos;, Procedure : &amp;apos;ctemp&amp;apos;, LineNumber : 6 }, { Source : &amp;apos;.Net SqlClient Data Provider&amp;apos;, Number : 242, State : &amp;apos;3&amp;apos;, Class : &amp;apos;16&amp;apos;, Server : &amp;apos;192.168.11.14&amp;apos;, Message : &amp;apos;The conversion of a varchar data type to a datetime data type resulted in an out-of-range value.&amp;apos;, Procedure : &amp;apos;ctemp&amp;apos;, LineNumber : 6 }, { Source : &amp;apos;.Net SqlClient Data Provider&amp;apos;, Number : 242, State : &amp;apos;3&amp;apos;, Class : &amp;apos;16&amp;apos;, Server : &amp;apos;192.168.11.14&amp;apos;, Message : &amp;apos;The conversion of a varchar data type to a datetime data type resulted in an out-of-range value.&amp;apos;, Procedure : &amp;apos;ctemp&amp;apos;, LineNumber : 6 }, { Source : &amp;apos;.Net SqlClient Data Provider&amp;apos;, Number : 242, State : &amp;apos;3&amp;apos;, Class : &amp;apos;16&amp;apos;, Server : &amp;apos;192.168.11.14&amp;apos;, Message : &amp;apos;The conversion of a varchar data type to a datetime data type resulted in an out-of-range value.&amp;apos;, Procedure : &amp;apos;ctemp&amp;apos;, LineNumber : 6 }, { Source : &amp;apos;.Net SqlClient Data Provider&amp;apos;, Number : 242, State : &amp;apos;3&amp;apos;, Class : &amp;apos;16&amp;apos;, Server : &amp;apos;192.168.11.14&amp;apos;, Message : &amp;apos;The conversion of a varchar data type to a datetime data type resulted in an out-of-range value.&amp;apos;, Procedure : &amp;apos;ctemp&amp;apos;, LineNumber : 6 }, { Source : &amp;apos;.Net SqlClient Data Provider&amp;apos;, Number : 242, State : &amp;apos;3&amp;apos;, Class : &amp;apos;16&amp;apos;, Server : &amp;apos;192.168.11.14&amp;apos;, Message : &amp;apos;The conversion of a varchar data type to a datetime data type resulted in an out-of-range value.&amp;apos;, Procedure : &amp;apos;ctemp&amp;apos;, LineNumber : 6 }, { Source : &amp;apos;.Net SqlClient Data Provider&amp;apos;, Number : 242, State : &amp;apos;3&amp;apos;, Class : &amp;apos;16&amp;apos;, Server : &amp;apos;192.168.11.14&amp;apos;, Message : &amp;apos;The conversion of a varchar data type to a datetime data type resulted in an out-of-range value.&amp;apos;, Procedure : &amp;apos;ctemp&amp;apos;, LineNumber : 6 }, { Source : &amp;apos;.Net SqlClient Data Provider&amp;apos;, Number : 242, State : &amp;apos;3&amp;apos;, Class : &amp;apos;16&amp;apos;, Server : &amp;apos;192.168.11.14&amp;apos;, Message : &amp;apos;The conversion of a varchar data type to a datetime data type resulted in an out-of-range value.&amp;apos;, Procedure : &amp;apos;ctemp&amp;apos;, LineNumber : 6 }, { Source : &amp;apos;.Net SqlClient Data Provider&amp;apos;, Number : 242, State : &amp;apos;3&amp;apos;, Class : &amp;apos;16&amp;apos;, Server : &amp;apos;192.168.11.14&amp;apos;, Message : &amp;apos;The conversion of a varchar data type to a datetime data type resulted in an out-of-range value.&amp;apos;, Procedure : &amp;apos;ctemp&amp;apos;, LineNumber : 6 }, { Source : &amp;apos;.Net SqlClient Data Provider&amp;apos;, Number : 242, State : &amp;apos;3&amp;apos;, Class : &amp;apos;16&amp;apos;, Server : &amp;apos;192.168.11.14&amp;apos;, Message : &amp;apos;The conversion of a varchar data type to a datetime data type resulted in an out-of-range value.&amp;apos;, Procedure : &amp;apos;ctemp&amp;apos;, LineNumber : 6 }, { Source : &amp;apos;.Net SqlClient Data Provider&amp;apos;, Number : 242, State : &amp;apos;3&amp;apos;, Class : &amp;apos;16&amp;apos;, Server : &amp;apos;192.168.11.14&amp;apos;, Message : &amp;apos;The conversion of a varchar data type to a datetime data type resulted in an out-of-range value.&amp;apos;, Procedure : &amp;apos;ctemp&amp;apos;, LineNumber : 6 }, { Source : &amp;apos;.Net SqlClient Data Provider&amp;apos;, Number : 242, State : &amp;apos;3&amp;apos;, Class : &amp;apos;16&amp;apos;, Server : &amp;apos;192.168.11.14&amp;apos;, Message : &amp;apos;The conversion of a varchar data type to a datetime data type resulted in an out-of-range value.&amp;apos;, Procedure : &amp;apos;ctemp&amp;apos;, LineNumber : 6 }, { Source : &amp;apos;.Net SqlClient Data Provider&amp;apos;, Number : 242, State : &amp;apos;3&amp;apos;, Class : &amp;apos;16&amp;apos;, Server : &amp;apos;192.168.11.14&amp;apos;, Message : &amp;apos;The conversion of a varchar data type to a datetime data type resulted in an out-of-range value.&amp;apos;, Procedure : &amp;apos;ctemp&amp;apos;, LineNumber : 6 }, { Source : &amp;apos;.Net SqlClient Data Provider&amp;apos;, Number : 242, State : &amp;apos;3&amp;apos;, Class : &amp;apos;16&amp;apos;, Server : &amp;apos;192.168.11.14&amp;apos;, Message : &amp;apos;The conversion of a varchar data type to a datetime data type resulted in an out-of-range value.&amp;apos;, Procedure : &amp;apos;ctemp&amp;apos;, LineNumber : 6 }, { Source : &amp;apos;.Net SqlClient Data Provider&amp;apos;, Number : 242, State : &amp;apos;3&amp;apos;, Class : &amp;apos;16&amp;apos;, Server : &amp;apos;192.168.11.14&amp;apos;, Message : &amp;apos;The conversion of a varchar data type to a datetime data type resulted in an out-of-range value.&amp;apos;, Procedure : &amp;apos;ctemp&amp;apos;, LineNumber : 6 }, { Source : &amp;apos;.Net SqlClient Data Provider&amp;apos;, Number : 242, State : &amp;apos;3&amp;apos;, Class : &amp;apos;16&amp;apos;, Server : &amp;apos;192.168.11.14&amp;apos;, Message : &amp;apos;The conversion of a varchar data type to a datetime data type resulted in an out-of-range value.&amp;apos;, Procedure : &amp;apos;ctemp&amp;apos;, LineNumber : 6 }, { Source : &amp;apos;.Net SqlClient Data Provider&amp;apos;, Number : 242, State : &amp;apos;3&amp;apos;, Class : &amp;apos;16&amp;apos;, Server : &amp;apos;192.168.11.14&amp;apos;, Message : &amp;apos;The conversion of a varchar data type to a datetime data type resulted in an out-of-range value.&amp;apos;, Procedure : &amp;apos;ctemp&amp;apos;, LineNumber : 6 }, { Source : &amp;apos;.Net SqlClient Data Provider&amp;apos;, Number : 242, State : &amp;apos;3&amp;apos;, Class : &amp;apos;16&amp;apos;, Server : &amp;apos;192.168.11.14&amp;apos;, Message : &amp;apos;The conversion of a varchar data type to a datetime data type resulted in an out-of-range value.&amp;apos;, Procedure : &amp;apos;ctemp&amp;apos;, LineNumber : 6 }, { Source : &amp;apos;.Net SqlClient Data Provider&amp;apos;, Number : 242, State : &amp;apos;3&amp;apos;, Class : &amp;apos;16&amp;apos;, Server : &amp;apos;192.168.11.14&amp;apos;, Message : &amp;apos;The conversion of a varchar data type to a datetime data type resulted in an out-of-range value.&amp;apos;, Procedure : &amp;apos;ctemp&amp;apos;, LineNumber : 6 }, { Source : &amp;apos;.Net SqlClient Data Provider&amp;apos;, Number : 242, State : &amp;apos;3&amp;apos;, Class : &amp;apos;16&amp;apos;, Server : &amp;apos;192.168.11.14&amp;apos;, Message : &amp;apos;The conversion of a varchar data type to a datetime data type resulted in an out-of-range value.&amp;apos;, Procedure : &amp;apos;ctemp&amp;apos;, LineNumber : 6 }, { Source : &amp;apos;.Net SqlClient Data Provider&amp;apos;, Number : 242, State : &amp;apos;3&amp;apos;, Class : &amp;apos;16&amp;apos;, Server : &amp;apos;192.168.11.14&amp;apos;, Message : &amp;apos;The conversion of a varchar data type to a datetime data type resulted in an out-of-range value.&amp;apos;, Procedure : &amp;apos;ctemp&amp;apos;, LineNumber : 6 }, { Source : &amp;apos;.Net SqlClient Data Provider&amp;apos;, Number : 242, State : &amp;apos;3&amp;apos;, Class : &amp;apos;16&amp;apos;, Server : &amp;apos;192.168.11.14&amp;apos;, Message : &amp;apos;The conversion of a varchar data type to a datetime data type resulted in an out-of-range value.&amp;apos;, Procedure : &amp;apos;ctemp&amp;apos;, LineNumber : 6 }, { Source : &amp;apos;.Net SqlClient Data Provider&amp;apos;, Number : 242, State : &amp;apos;3&amp;apos;, Class : &amp;apos;16&amp;apos;, Server : &amp;apos;192.168.11.14&amp;apos;, Message : &amp;apos;The conversion of a varchar data type to a datetime data type resulted in an out-of-range value.&amp;apos;, Procedure : &amp;apos;ctemp&amp;apos;, LineNumber : 6 }, { Source : &amp;apos;.Net SqlClient Data Provider&amp;apos;, Number : 242, State : &amp;apos;3&amp;apos;, Class : &amp;apos;16&amp;apos;, Server : &amp;apos;192.168.11.14&amp;apos;, Message : &amp;apos;The conversion of a varchar data type to a datetime data type resulted in an out-of-range value.&amp;apos;, Procedure : &amp;apos;ctemp&amp;apos;, LineNumber : 6 }, { Source : &amp;apos;.Net SqlClient Data Provider&amp;apos;, Number : 242, State : &amp;apos;3&amp;apos;, Class : &amp;apos;16&amp;apos;, Server : &amp;apos;192.168.11.14&amp;apos;, Message : &amp;apos;The conversion of a varchar data type to a datetime data type resulted in an out-of-range value.&amp;apos;, Procedure : &amp;apos;ctemp&amp;apos;, LineNumber : 6 }, { Source : &amp;apos;.Net SqlClient Data Provider&amp;apos;, Number : 242, State : &amp;apos;3&amp;apos;, Class : &amp;apos;16&amp;apos;, Server : &amp;apos;192.168.11.14&amp;apos;, Message : &amp;apos;The conversion of a varchar data type to a datetime data type resulted in an out-of-range value.&amp;apos;, Procedure : &amp;apos;ctemp&amp;apos;, LineNumber : 6 }, { Source : &amp;apos;.Net SqlClient Data Provider&amp;apos;, Number : 242, State : &amp;apos;3&amp;apos;, Class : &amp;apos;16&amp;apos;, Server : &amp;apos;192.168.11.14&amp;apos;, Message : &amp;apos;The conversion of a varchar data type to a datetime data type resulted in an out-of-range value.&amp;apos;, Procedure : &amp;apos;ctemp&amp;apos;, LineNumber : 6 }, { Source : &amp;apos;.Net SqlClient Data Provider&amp;apos;, Number : 242, State : &amp;apos;3&amp;apos;, Class : &amp;apos;16&amp;apos;, Server : &amp;apos;192.168.11.14&amp;apos;, Message : &amp;apos;The conversion of a varchar data type to a datetime data type resulted in an out-of-range value.&amp;apos;, Procedure : &amp;apos;ctemp&amp;apos;, LineNumber : 6 }, { Source : &amp;apos;.Net SqlClient Data Provider&amp;apos;, Number : 242, State : &amp;apos;3&amp;apos;, Class : &amp;apos;16&amp;apos;, Server : &amp;apos;192.168.11.14&amp;apos;, Message : &amp;apos;The conversion of a varchar data type to a datetime data type resulted in an out-of-range value.&amp;apos;, Procedure : &amp;apos;ctemp&amp;apos;, LineNumber : 6 }, { Source : &amp;apos;.Net SqlClient Data Provider&amp;apos;, Number : 242, State : &amp;apos;3&amp;apos;, Class : &amp;apos;16&amp;apos;, Server : &amp;apos;192.168.11.14&amp;apos;, Message : &amp;apos;The conversion of a varchar data type to a datetime data type resulted in an out-of-range value.&amp;apos;, Procedure : &amp;apos;ctemp&amp;apos;, LineNumber : 6 }, { Source : &amp;apos;.Net SqlClient Data Provider&amp;apos;, Number : 242, State : &amp;apos;3&amp;apos;, Class : &amp;apos;16&amp;apos;, Server : &amp;apos;192.168.11.14&amp;apos;, Message : &amp;apos;The conversion of a varchar data type to a datetime data type resulted in an out-of-range value.&amp;apos;, Procedure : &amp;apos;ctemp&amp;apos;, LineNumber : 6 }, { Source : &amp;apos;.Net SqlClient Data Provider&amp;apos;, Number : 242, State : &amp;apos;3&amp;apos;, Class : &amp;apos;16&amp;apos;, Server : &amp;apos;192.168.11.14&amp;apos;, Message : &amp;apos;The conversion of a varchar data type to a datetime data type resulted in an out-of-range value.&amp;apos;, Procedure : &amp;apos;ctemp&amp;apos;, LineNumber : 6 }, { Source : &amp;apos;.Net SqlClient Data Provider&amp;apos;, Number : 242, State : &amp;apos;3&amp;apos;, Class : &amp;apos;16&amp;apos;, Server : &amp;apos;192.168.11.14&amp;apos;, Message : &amp;apos;The conversion of a varchar data type to a datetime data type resulted in an out-of-range value.&amp;apos;, Procedure : &amp;apos;ctemp&amp;apos;, LineNumber : 6 }, { Source : &amp;apos;.Net SqlClient Data Provider&amp;apos;, Number : 242, State : &amp;apos;3&amp;apos;, Class : &amp;apos;16&amp;apos;, Server : &amp;apos;192.168.11.14&amp;apos;, Message : &amp;apos;The conversion of a varchar data type to a datetime data type resulted in an out-of-range value.&amp;apos;, Procedure : &amp;apos;ctemp&amp;apos;, LineNumber : 6 }, { Source : &amp;apos;.Net SqlClient Data Provider&amp;apos;, Number : 242, State : &amp;apos;3&amp;apos;, Class : &amp;apos;16&amp;apos;, Server : &amp;apos;192.168.11.14&amp;apos;, Message : &amp;apos;The conversion of a varchar data type to a datetime data type resulted in an out-of-range value.&amp;apos;, Procedure : &amp;apos;ctemp&amp;apos;, LineNumber : 6 }, { Source : &amp;apos;.Net SqlClient Data Provider&amp;apos;, Number : 242, State : &amp;apos;3&amp;apos;, Class : &amp;apos;16&amp;apos;, Server : &amp;apos;192.168.11.14&amp;apos;, Message : &amp;apos;The conversion of a varchar data type to a datetime data type resulted in an out-of-range value.&amp;apos;, Procedure : &amp;apos;ctemp&amp;apos;, LineNumber : 6 }, { Source : &amp;apos;.Net SqlClient Data Provider&amp;apos;, Number : 242, State : &amp;apos;3&amp;apos;, Class : &amp;apos;16&amp;apos;, Server : &amp;apos;192.168.11.14&amp;apos;, Message : &amp;apos;The conversion of a varchar data type to a datetime data type resulted in an out-of-range value.&amp;apos;, Procedure : &amp;apos;ctemp&amp;apos;, LineNumber : 6 }, { Source : &amp;apos;.Net SqlClient Data Provider&amp;apos;, Number : 242, State : &amp;apos;3&amp;apos;, Class : &amp;apos;16&amp;apos;, Server : &amp;apos;192.168.11.14&amp;apos;, Message : &amp;apos;The conversion of a varchar data type to a datetime data type resulted in an out-of-range value.&amp;apos;, Procedure : &amp;apos;ctemp&amp;apos;, LineNumber : 6 }, { Source : &amp;apos;.Net SqlClient Data Provider&amp;apos;, Number : 242, State : &amp;apos;3&amp;apos;, Class : &amp;apos;16&amp;apos;, Server : &amp;apos;192.168.11.14&amp;apos;, Message : &amp;apos;The conversion of a varchar data type to a datetime data type resulted in an out-of-range value.&amp;apos;, Procedure : &amp;apos;ctemp&amp;apos;, LineNumber : 6 }, { Source : &amp;apos;.Net SqlClient Data Provider&amp;apos;, Number : 242, State : &amp;apos;3&amp;apos;, Class : &amp;apos;16&amp;apos;, Server : &amp;apos;192.168.11.14&amp;apos;, Message : &amp;apos;The conversion of a varchar data type to a datetime data type resulted in an out-of-range value.&amp;apos;, Procedure : &amp;apos;ctemp&amp;apos;, LineNumber : 6 }, { Source : &amp;apos;.Net SqlClient Data Provider&amp;apos;, Number : 242, State : &amp;apos;3&amp;apos;, Class : &amp;apos;16&amp;apos;, Server : &amp;apos;192.168.11.14&amp;apos;, Message : &amp;apos;The conversion of a varchar data type to a datetime data type resulted in an out-of-range value.&amp;apos;, Procedure : &amp;apos;ctemp&amp;apos;, LineNumber : 6 }, { Source : &amp;apos;.Net SqlClient Data Provider&amp;apos;, Number : 242, State : &amp;apos;3&amp;apos;, Class : &amp;apos;16&amp;apos;, Server : &amp;apos;192.168.11.14&amp;apos;, Message : &amp;apos;The conversion of a varchar data type to a datetime data type resulted in an out-of-range value.&amp;apos;, Procedure : &amp;apos;ctemp&amp;apos;, LineNumber : 6 }, { Source : &amp;apos;.Net SqlClient Data Provider&amp;apos;, Number : 242, State : &amp;apos;3&amp;apos;, Class : &amp;apos;16&amp;apos;, Server : &amp;apos;192.168.11.14&amp;apos;, Message : &amp;apos;The conversion of a varchar data type to a datetime data type resulted in an out-of-range value.&amp;apos;, Procedure : &amp;apos;ctemp&amp;apos;, LineNumber : 6 }, { Source : &amp;apos;.Net SqlClient Data Provider&amp;apos;, Number : 242, State : &amp;apos;3&amp;apos;, Class : &amp;apos;16&amp;apos;, Server : &amp;apos;192.168.11.14&amp;apos;, Message : &amp;apos;The conversion of a varchar data type to a datetime data type resulted in an out-of-range value.&amp;apos;, Procedure : &amp;apos;ctemp&amp;apos;, LineNumber : 6 }, { Source : &amp;apos;.Net SqlClient Data Provider&amp;apos;, Number : 242, State : &amp;apos;3&amp;apos;, Class : &amp;apos;16&amp;apos;, Server : &amp;apos;192.168.11.14&amp;apos;, Message : &amp;apos;The conversion of a varchar data type to a datetime data type resulted in an out-of-range value.&amp;apos;, Procedure : &amp;apos;ctemp&amp;apos;, LineNumber : 6 }, { Source : &amp;apos;.Net SqlClient Data Provider&amp;apos;, Number : 242, State : &amp;apos;3&amp;apos;, Class : &amp;apos;16&amp;apos;, Server : &amp;apos;192.168.11.14&amp;apos;, Message : &amp;apos;The conversion of a varchar data type to a datetime data type resulted in an out-of-range value.&amp;apos;, Procedure : &amp;apos;ctemp&amp;apos;, LineNumber : 6 }, { Source : &amp;apos;.Net SqlClient Data Provider&amp;apos;, Number : 242, State : &amp;apos;3&amp;apos;, Class : &amp;apos;16&amp;apos;, Server : &amp;apos;192.168.11.14&amp;apos;, Message : &amp;apos;The conversion of a varchar data type to a datetime data type resulted in an out-of-range value.&amp;apos;, Procedure : &amp;apos;ctemp&amp;apos;, LineNumber : 6 }, { Source : &amp;apos;.Net SqlClient Data Provider&amp;apos;, Number : 242, State : &amp;apos;3&amp;apos;, Class : &amp;apos;16&amp;apos;, Server : &amp;apos;192.168.11.14&amp;apos;, Message : &amp;apos;The conversion of a varchar data type to a datetime data type resulted in an out-of-range value.&amp;apos;, Procedure : &amp;apos;ctemp&amp;apos;, LineNumber : 6 }, { Source : &amp;apos;.Net SqlClient Data Provider&amp;apos;, Number : 242, State : &amp;apos;3&amp;apos;, Class : &amp;apos;16&amp;apos;, Server : &amp;apos;192.168.11.14&amp;apos;, Message : &amp;apos;The conversion of a varchar data type to a datetime data type resulted in an out-of-range value.&amp;apos;, Procedure : &amp;apos;ctemp&amp;apos;, LineNumber : 6 }, { Source : &amp;apos;.Net SqlClient Data Provider&amp;apos;, Number : 242, State : &amp;apos;3&amp;apos;, Class : &amp;apos;16&amp;apos;, Server : &amp;apos;192.168.11.14&amp;apos;, Message : &amp;apos;The conversion of a varchar data type to a datetime data type resulted in an out-of-range value.&amp;apos;, Procedure : &amp;apos;ctemp&amp;apos;, LineNumber : 6 }, { Source : &amp;apos;.Net SqlClient Data Provider&amp;apos;, Number : 242, State : &amp;apos;3&amp;apos;, Class : &amp;apos;16&amp;apos;, Server : &amp;apos;192.168.11.14&amp;apos;, Message : &amp;apos;The conversion of a varchar data type to a datetime data type resulted in an out-of-range value.&amp;apos;, Procedure : &amp;apos;ctemp&amp;apos;, LineNumber : 6 }, { Source : &amp;apos;.Net SqlClient Data Provider&amp;apos;, Number : 242, State : &amp;apos;3&amp;apos;, Class : &amp;apos;16&amp;apos;, Server : &amp;apos;192.168.11.14&amp;apos;, Message : &amp;apos;The conversion of a varchar data type to a datetime data type resulted in an out-of-range value.&amp;apos;, Procedure : &amp;apos;ctemp&amp;apos;, LineNumber : 6 }, { Source : &amp;apos;.Net SqlClient Data Provider&amp;apos;, Number : 242, State : &amp;apos;3&amp;apos;, Class : &amp;apos;16&amp;apos;, Server : &amp;apos;192.168.11.14&amp;apos;, Message : &amp;apos;The conversion of a varchar data type to a datetime data type resulted in an out-of-range value.&amp;apos;, Procedure : &amp;apos;ctemp&amp;apos;, LineNumber : 6 }, { Source : &amp;apos;.Net SqlClient Data Provider&amp;apos;, Number : 242, State : &amp;apos;3&amp;apos;, Class : &amp;apos;16&amp;apos;, Server : &amp;apos;192.168.11.14&amp;apos;, Message : &amp;apos;The conversion of a varchar data type to a datetime data type resulted in an out-of-range value.&amp;apos;, Procedure : &amp;apos;ctemp&amp;apos;, LineNumber : 6 }, { Source : &amp;apos;.Net SqlClient Data Provider&amp;apos;, Number : 242, State : &amp;apos;3&amp;apos;, Class : &amp;apos;16&amp;apos;, Server : &amp;apos;192.168.11.14&amp;apos;, Message : &amp;apos;The conversion of a varchar data type to a datetime data type resulted in an out-of-range value.&amp;apos;, Procedure : &amp;apos;ctemp&amp;apos;, LineNumber : 6 }, { Source : &amp;apos;.Net SqlClient Data Provider&amp;apos;, Number : 242, State : &amp;apos;3&amp;apos;, Class : &amp;apos;16&amp;apos;, Server : &amp;apos;192.168.11.14&amp;apos;, Message : &amp;apos;The conversion of a varchar data type to a datetime data type resulted in an out-of-range value.&amp;apos;, Procedure : &amp;apos;ctemp&amp;apos;, LineNumber : 6 }, { Source : &amp;apos;.Net SqlClient Data Provider&amp;apos;, Number : 242, State : &amp;apos;3&amp;apos;, Class : &amp;apos;16&amp;apos;, Server : &amp;apos;192.168.11.14&amp;apos;, Message : &amp;apos;The conversion of a varchar data type to a datetime data type resulted in an out-of-range value.&amp;apos;, Procedure : &amp;apos;ctemp&amp;apos;, LineNumber : 6 }, { Source : &amp;apos;.Net SqlClient Data Provider&amp;apos;, Number : 242, State : &amp;apos;3&amp;apos;, Class : &amp;apos;16&amp;apos;, Server : &amp;apos;192.168.11.14&amp;apos;, Message : &amp;apos;The conversion of a varchar data type to a datetime data type resulted in an out-of-range value.&amp;apos;, Procedure : &amp;apos;ctemp&amp;apos;, LineNumber : 6 }, { Source : &amp;apos;.Net SqlClient Data Provider&amp;apos;, Number : 242, State : &amp;apos;3&amp;apos;, Class : &amp;apos;16&amp;apos;, Server : &amp;apos;192.168.11.14&amp;apos;, Message : &amp;apos;The conversion of a varchar data type to a datetime data type resulted in an out-of-range value.&amp;apos;, Procedure : &amp;apos;ctemp&amp;apos;, LineNumber : 6 }, { Source : &amp;apos;.Net SqlClient Data Provider&amp;apos;, Number : 242, State : &amp;apos;3&amp;apos;, Class : &amp;apos;16&amp;apos;, Server : &amp;apos;192.168.11.14&amp;apos;, Message : &amp;apos;The conversion of a varchar data type to a datetime data type resulted in an out-of-range value.&amp;apos;, Procedure : &amp;apos;ctemp&amp;apos;, LineNumber : 6 }, { Source : &amp;apos;.Net SqlClient Data Provider&amp;apos;, Number : 242, State : &amp;apos;3&amp;apos;, Class : &amp;apos;16&amp;apos;, Server : &amp;apos;192.168.11.14&amp;apos;, Message : &amp;apos;The conversion of a varchar data type to a datetime data type resulted in an out-of-range value.&amp;apos;, Procedure : &amp;apos;ctemp&amp;apos;, LineNumber : 6 }, { Source : &amp;apos;.Net SqlClient Data Provider&amp;apos;, Number : 242, State : &amp;apos;3&amp;apos;, Class : &amp;apos;16&amp;apos;, Server : &amp;apos;192.168.11.14&amp;apos;, Message : &amp;apos;The conversion of a varchar data type to a datetime data type resulted in an out-of-range value.&amp;apos;, Procedure : &amp;apos;ctemp&amp;apos;, LineNumber : 6 }, { Source : &amp;apos;.Net SqlClient Data Provider&amp;apos;, Number : 242, State : &amp;apos;3&amp;apos;, Class : &amp;apos;16&amp;apos;, Server : &amp;apos;192.168.11.14&amp;apos;, Message : &amp;apos;The conversion of a varchar data type to a datetime data type resulted in an out-of-range value.&amp;apos;, Procedure : &amp;apos;ctemp&amp;apos;, LineNumber : 6 }, { Source : &amp;apos;.Net SqlClient Data Provider&amp;apos;, Number : 242, State : &amp;apos;3&amp;apos;, Class : &amp;apos;16&amp;apos;, Server : &amp;apos;192.168.11.14&amp;apos;, Message : &amp;apos;The conversion of a varchar data type to a datetime data type resulted in an out-of-range value.&amp;apos;, Procedure : &amp;apos;ctemp&amp;apos;, LineNumber : 6 }, { Source : &amp;apos;.Net SqlClient Data Provider&amp;apos;, Number : 242, State : &amp;apos;3&amp;apos;, Class : &amp;apos;16&amp;apos;, Server : &amp;apos;192.168.11.14&amp;apos;, Message : &amp;apos;The conversion of a varchar data type to a datetime data type resulted in an out-of-range value.&amp;apos;, Procedure : &amp;apos;ctemp&amp;apos;, LineNumber : 6 }, { Source : &amp;apos;.Net SqlClient Data Provider&amp;apos;, Number : 242, State : &amp;apos;3&amp;apos;, Class : &amp;apos;16&amp;apos;, Server : &amp;apos;192.168.11.14&amp;apos;, Message : &amp;apos;The conversion of a varchar data type to a datetime data type resulted in an out-of-range value.&amp;apos;, Procedure : &amp;apos;ctemp&amp;apos;, LineNumber : 6 }, { Source : &amp;apos;.Net SqlClient Data Provider&amp;apos;, Number : 242, State : &amp;apos;3&amp;apos;, Class : &amp;apos;16&amp;apos;, Server : &amp;apos;192.168.11.14&amp;apos;, Message : &amp;apos;The conversion of a varchar data type to a datetime data type resulted in an out-of-range value.&amp;apos;, Procedure : &amp;apos;ctemp&amp;apos;, LineNumber : 6 }, { Source : &amp;apos;.Net SqlClient Data Provider&amp;apos;, Number : 242, State : &amp;apos;3&amp;apos;, Class : &amp;apos;16&amp;apos;, Server : &amp;apos;192.168.11.14&amp;apos;, Message : &amp;apos;The conversion of a varchar data type to a datetime data type resulted in an out-of-range value.&amp;apos;, Procedure : &amp;apos;ctemp&amp;apos;, LineNumber : 6 }, { Source : &amp;apos;.Net SqlClient Data Provider&amp;apos;, Number : 242, State : &amp;apos;3&amp;apos;, Class : &amp;apos;16&amp;apos;, Server : &amp;apos;192.168.11.14&amp;apos;, Message : &amp;apos;The conversion of a varchar data type to a datetime data type resulted in an out-of-range value.&amp;apos;, Procedure : &amp;apos;ctemp&amp;apos;, LineNumber : 6 }, { Source : &amp;apos;.Net SqlClient Data Provider&amp;apos;, Number : 242, State : &amp;apos;3&amp;apos;, Class : &amp;apos;16&amp;apos;, Server : &amp;apos;192.168.11.14&amp;apos;, Message : &amp;apos;The conversion of a varchar data type to a datetime data type resulted in an out-of-range value.&amp;apos;, Procedure : &amp;apos;ctemp&amp;apos;, LineNumber : 6 }, { Source : &amp;apos;.Net SqlClient Data Provider&amp;apos;, Number : 242, State : &amp;apos;3&amp;apos;, Class : &amp;apos;16&amp;apos;, Server : &amp;apos;192.168.11.14&amp;apos;, Message : &amp;apos;The conversion of a varchar data type to a datetime data type resulted in an out-of-range value.&amp;apos;, Procedure : &amp;apos;ctemp&amp;apos;, LineNumber : 6 }, { Source : &amp;apos;.Net SqlClient Data Provider&amp;apos;, Number : 242, State : &amp;apos;3&amp;apos;, Class : &amp;apos;16&amp;apos;, Server : &amp;apos;192.168.11.14&amp;apos;, Message : &amp;apos;The conversion of a varchar data type to a datetime data type resulted in an out-of-range value.&amp;apos;, Procedure : &amp;apos;ctemp&amp;apos;, LineNumber : 6 }, { Source : &amp;apos;.Net SqlClient Data Provider&amp;apos;, Number : 242, State : &amp;apos;3&amp;apos;, Class : &amp;apos;16&amp;apos;, Server : &amp;apos;192.168.11.14&amp;apos;, Message : &amp;apos;The conversion of a varchar data type to a datetime data type resulted in an out-of-range value.&amp;apos;, Procedure : &amp;apos;ctemp&amp;apos;, LineNumber : 6 }, { Source : &amp;apos;.Net SqlClient Data Provider&amp;apos;, Number : 242, State : &amp;apos;3&amp;apos;, Class : &amp;apos;16&amp;apos;, Server : &amp;apos;192.168.11.14&amp;apos;, Message : &amp;apos;The conversion of a varchar data type to a datetime data type resulted in an out-of-range value.&amp;apos;, Procedure : &amp;apos;ctemp&amp;apos;, LineNumber : 6 }, { Source : &amp;apos;.Net SqlClient Data Provider&amp;apos;, Number : 242, State : &amp;apos;3&amp;apos;, Class : &amp;apos;16&amp;apos;, Server : &amp;apos;192.168.11.14&amp;apos;, Message : &amp;apos;The conversion of a varchar data type to a datetime data type resulted in an out-of-range value.&amp;apos;, Procedure : &amp;apos;ctemp&amp;apos;, LineNumber : 6 }, { Source : &amp;apos;.Net SqlClient Data Provider&amp;apos;, Number : 242, State : &amp;apos;3&amp;apos;, Class : &amp;apos;16&amp;apos;, Server : &amp;apos;192.168.11.14&amp;apos;, Message : &amp;apos;The conversion of a varchar data type to a datetime data type resulted in an out-of-range value.&amp;apos;, Procedure : &amp;apos;ctemp&amp;apos;, LineNumber : 6 }, { Source : &amp;apos;.Net SqlClient Data Provider&amp;apos;, Number : 242, State : &amp;apos;3&amp;apos;, Class : &amp;apos;16&amp;apos;, Server : &amp;apos;192.168.11.14&amp;apos;, Message : &amp;apos;The conversion of a varchar data type to a datetime data type resulted in an out-of-range value.&amp;apos;, Procedure : &amp;apos;ctemp&amp;apos;, LineNumber : 6 }, { Source : &amp;apos;.Net SqlClient Data Provider&amp;apos;, Number : 242, State : &amp;apos;3&amp;apos;, Class : &amp;apos;16&amp;apos;, Server : &amp;apos;192.168.11.14&amp;apos;, Message : &amp;apos;The conversion of a varchar data type to a datetime data type resulted in an out-of-range value.&amp;apos;, Procedure : &amp;apos;ctemp&amp;apos;, LineNumber : 6 }, { Source : &amp;apos;.Net SqlClient Data Provider&amp;apos;, Number : 242, State : &amp;apos;3&amp;apos;, Class : &amp;apos;16&amp;apos;, Server : &amp;apos;192.168.11.14&amp;apos;, Message : &amp;apos;The conversion of a varchar data type to a datetime data type resulted in an out-of-range value.&amp;apos;, Procedure : &amp;apos;ctemp&amp;apos;, LineNumber : 6 }, { Source : &amp;apos;.Net SqlClient Data Provider&amp;apos;, Number : 242, State : &amp;apos;3&amp;apos;, Class : &amp;apos;16&amp;apos;, Server : &amp;apos;192.168.11.14&amp;apos;, Message : &amp;apos;The conversion of a varchar data type to a datetime data type resulted in an out-of-range value.&amp;apos;, Procedure : &amp;apos;ctemp&amp;apos;, LineNumber : 6 }, { Source : &amp;apos;.Net SqlClient Data Provider&amp;apos;, Number : 242, State : &amp;apos;3&amp;apos;, Class : &amp;apos;16&amp;apos;, Server : &amp;apos;192.168.11.14&amp;apos;, Message : &amp;apos;The conversion of a varchar data type to a datetime data type resulted in an out-of-range value.&amp;apos;, Procedure : &amp;apos;ctemp&amp;apos;, LineNumber : 6 }, { Source : &amp;apos;.Net SqlClient Data Provider&amp;apos;, Number : 242, State : &amp;apos;3&amp;apos;, Class : &amp;apos;16&amp;apos;, Server : &amp;apos;192.168.11.14&amp;apos;, Message : &amp;apos;The conversion of a varchar data type to a datetime data type resulted in an out-of-range value.&amp;apos;, Procedure : &amp;apos;ctemp&amp;apos;, LineNumber : 6 }, { Source : &amp;apos;.Net SqlClient Data Provider&amp;apos;, Number : 242, State : &amp;apos;3&amp;apos;, Class : &amp;apos;16&amp;apos;, Server : &amp;apos;192.168.11.14&amp;apos;, Message : &amp;apos;The conversion of a varchar data type to a datetime data type resulted in an out-of-range value.&amp;apos;, Procedure : &amp;apos;ctemp&amp;apos;, LineNumber : 6 }, { Source : &amp;apos;.Net SqlClient Data Provider&amp;apos;, Number : 242, State : &amp;apos;3&amp;apos;, Class : &amp;apos;16&amp;apos;, Server : &amp;apos;192.168.11.14&amp;apos;, Message : &amp;apos;The conversion of a varchar data type to a datetime data type resulted in an out-of-range value.&amp;apos;, Procedure : &amp;apos;ctemp&amp;apos;, LineNumber : 6 }, { Source : &amp;apos;.Net SqlClient Data Provider&amp;apos;, Number : 242, State : &amp;apos;3&amp;apos;, Class : &amp;apos;16&amp;apos;, Server : &amp;apos;192.168.11.14&amp;apos;, Message : &amp;apos;The conversion of a varchar data type to a datetime data type resulted in an out-of-range value.&amp;apos;, Procedure : &amp;apos;ctemp&amp;apos;, LineNumber : 6 }, { Source : &amp;apos;.Net SqlClient Data Provider&amp;apos;, Number : 242, State : &amp;apos;3&amp;apos;, Class : &amp;apos;16&amp;apos;, Server : &amp;apos;192.168.11.14&amp;apos;, Message : &amp;apos;The conversion of a varchar data type to a datetime data type resulted in an out-of-range value.&amp;apos;, Procedure : &amp;apos;ctemp&amp;apos;, LineNumber : 6 }, { Source : &amp;apos;.Net SqlClient Data Provider&amp;apos;, Number : 242, State : &amp;apos;3&amp;apos;, Class : &amp;apos;16&amp;apos;, Server : &amp;apos;192.168.11.14&amp;apos;, Message : &amp;apos;The conversion of a varchar data type to a datetime data type resulted in an out-of-range value.&amp;apos;, Procedure : &amp;apos;ctemp&amp;apos;, LineNumber : 6 }, { Source : &amp;apos;.Net SqlClient Data Provider&amp;apos;, Number : 242, State : &amp;apos;3&amp;apos;, Class : &amp;apos;16&amp;apos;, Server : &amp;apos;192.168.11.14&amp;apos;, Message : &amp;apos;The conversion of a varchar data type to a datetime data type resulted in an out-of-range value.&amp;apos;, Procedure : &amp;apos;ctemp&amp;apos;, LineNumber : 6 }, { Source : &amp;apos;.Net SqlClient Data Provider&amp;apos;, Number : 242, State : &amp;apos;3&amp;apos;, Class : &amp;apos;16&amp;apos;, Server : &amp;apos;192.168.11.14&amp;apos;, Message : &amp;apos;The conversion of a varchar data type to a datetime data type resulted in an out-of-range value.&amp;apos;, Procedure : &amp;apos;ctemp&amp;apos;, LineNumber : 6 }, { Source : &amp;apos;.Net SqlClient Data Provider&amp;apos;, Number : 242, State : &amp;apos;3&amp;apos;, Class : &amp;apos;16&amp;apos;, Server : &amp;apos;192.168.11.14&amp;apos;, Message : &amp;apos;The conversion of a varchar data type to a datetime data type resulted in an out-of-range value.&amp;apos;, Procedure : &amp;apos;ctemp&amp;apos;, LineNumber : 6 }, { Source : &amp;apos;.Net SqlClient Data Provider&amp;apos;, Number : 242, State : &amp;apos;3&amp;apos;, Class : &amp;apos;16&amp;apos;, Server : &amp;apos;192.168.11.14&amp;apos;, Message : &amp;apos;The conversion of a varchar data type to a datetime data type resulted in an out-of-range value.&amp;apos;, Procedure : &amp;apos;ctemp&amp;apos;, LineNumber : 6 }, { Source : &amp;apos;.Net SqlClient Data Provider&amp;apos;, Number : 242, State : &amp;apos;3&amp;apos;, Class : &amp;apos;16&amp;apos;, Server : &amp;apos;192.168.11.14&amp;apos;, Message : &amp;apos;The conversion of a varchar data type to a datetime data type resulted in an out-of-range value.&amp;apos;, Procedure : &amp;apos;ctemp&amp;apos;, LineNumber : 6 }, { Source : &amp;apos;.Net SqlClient Data Provider&amp;apos;, Number : 242, State : &amp;apos;3&amp;apos;, Class : &amp;apos;16&amp;apos;, Server : &amp;apos;192.168.11.14&amp;apos;, Message : &amp;apos;The conversion of a varchar data type to a datetime data type resulted in an out-of-range value.&amp;apos;, Procedure : &amp;apos;ctemp&amp;apos;, LineNumber : 6 }, { Source : &amp;apos;.Net SqlClient Data Provider&amp;apos;, Number : 242, State : &amp;apos;3&amp;apos;, Class : &amp;apos;16&amp;apos;, Server : &amp;apos;192.168.11.14&amp;apos;, Message : &amp;apos;The conversion of a varchar data type to a datetime data type resulted in an out-of-range value.&amp;apos;, Procedure : &amp;apos;ctemp&amp;apos;, LineNumber : 6 }, { Source : &amp;apos;.Net SqlClient Data Provider&amp;apos;, Number : 242, State : &amp;apos;3&amp;apos;, Class : &amp;apos;16&amp;apos;, Server : &amp;apos;192.168.11.14&amp;apos;, Message : &amp;apos;The conversion of a varchar data type to a datetime data type resulted in an out-of-range value.&amp;apos;, Procedure : &amp;apos;ctemp&amp;apos;, LineNumber : 6 }, { Source : &amp;apos;.Net SqlClient Data Provider&amp;apos;, Number : 242, State : &amp;apos;3&amp;apos;, Class : &amp;apos;16&amp;apos;, Server : &amp;apos;192.168.11.14&amp;apos;, Message : &amp;apos;The conversion of a varchar data type to a datetime data type resulted in an out-of-range value.&amp;apos;, Procedure : &amp;apos;ctemp&amp;apos;, LineNumber : 6 }, { Source : &amp;apos;.Net SqlClient Data Provider&amp;apos;, Number : 242, State : &amp;apos;3&amp;apos;, Class : &amp;apos;16&amp;apos;, Server : &amp;apos;192.168.11.14&amp;apos;, Message : &amp;apos;The conversion of a varchar data type to a datetime data type resulted in an out-of-range value.&amp;apos;, Procedure : &amp;apos;ctemp&amp;apos;, LineNumber : 6 }, { Source : &amp;apos;.Net SqlClient Data Provider&amp;apos;, Number : 242, State : &amp;apos;3&amp;apos;, Class : &amp;apos;16&amp;apos;, Server : &amp;apos;192.168.11.14&amp;apos;, Message : &amp;apos;The conversion of a varchar data type to a datetime data type resulted in an out-of-range value.&amp;apos;, Procedure : &amp;apos;ctemp&amp;apos;, LineNumber : 6 }, { Source : &amp;apos;.Net SqlClient Data Provider&amp;apos;, Number : 242, State : &amp;apos;3&amp;apos;, Class : &amp;apos;16&amp;apos;, Server : &amp;apos;192.168.11.14&amp;apos;, Message : &amp;apos;The conversion of a varchar data type to a datetime data type resulted in an out-of-range value.&amp;apos;, Procedure : &amp;apos;ctemp&amp;apos;, LineNumber : 6 }, { Source : &amp;apos;.Net SqlClient Data Provider&amp;apos;, Number : 242, State : &amp;apos;3&amp;apos;, Class : &amp;apos;16&amp;apos;, Server : &amp;apos;192.168.11.14&amp;apos;, Message : &amp;apos;The conversion of a varchar data type to a datetime data type resulted in an out-of-range value.&amp;apos;, Procedure : &amp;apos;ctemp&amp;apos;, LineNumber : 6 }, { Source : &amp;apos;.Net SqlClient Data Provider&amp;apos;, Number : 242, State : &amp;apos;3&amp;apos;, Class : &amp;apos;16&amp;apos;, Server : &amp;apos;192.168.11.14&amp;apos;, Message : &amp;apos;The conversion of a varchar data type to a datetime data type resulted in an out-of-range value.&amp;apos;, Procedure : &amp;apos;ctemp&amp;apos;, LineNumber : 6 }, { Source : &amp;apos;.Net SqlClient Data Provider&amp;apos;, Number : 242, State : &amp;apos;3&amp;apos;, Class : &amp;apos;16&amp;apos;, Server : &amp;apos;192.168.11.14&amp;apos;, Message : &amp;apos;The conversion of a varchar data type to a datetime data type resulted in an out-of-range value.&amp;apos;, Procedure : &amp;apos;ctemp&amp;apos;, LineNumber : 6 }, { Source : &amp;apos;.Net SqlClient Data Provider&amp;apos;, Number : 242, State : &amp;apos;3&amp;apos;, Class : &amp;apos;16&amp;apos;, Server : &amp;apos;192.168.11.14&amp;apos;, Message : &amp;apos;The conversion of a varchar data type to a datetime data type resulted in an out-of-range value.&amp;apos;, Procedure : &amp;apos;ctemp&amp;apos;, LineNumber : 6 }, { Source : &amp;apos;.Net SqlClient Data Provider&amp;apos;, Number : 242, State : &amp;apos;3&amp;apos;, Class : &amp;apos;16&amp;apos;, Server : &amp;apos;192.168.11.14&amp;apos;, Message : &amp;apos;The conversion of a varchar data type to a datetime data type resulted in an out-of-range value.&amp;apos;, Procedure : &amp;apos;ctemp&amp;apos;, LineNumber : 6 }, { Source : &amp;apos;.Net SqlClient Data Provider&amp;apos;, Number : 242, State : &amp;apos;3&amp;apos;, Class : &amp;apos;16&amp;apos;, Server : &amp;apos;192.168.11.14&amp;apos;, Message : &amp;apos;The conversion of a varchar data type to a datetime data type resulted in an out-of-range value.&amp;apos;, Procedure : &amp;apos;ctemp&amp;apos;, LineNumber : 6 }, { Source : &amp;apos;.Net SqlClient Data Provider&amp;apos;, Number : 242, State : &amp;apos;3&amp;apos;, Class : &amp;apos;16&amp;apos;, Server : &amp;apos;192.168.11.14&amp;apos;, Message : &amp;apos;The conversion of a varchar data type to a datetime data type resulted in an out-of-range value.&amp;apos;, Procedure : &amp;apos;ctemp&amp;apos;, LineNumber : 6 }, { Source : &amp;apos;.Net SqlClient Data Provider&amp;apos;, Number : 242, State : &amp;apos;3&amp;apos;, Class : &amp;apos;16&amp;apos;, Server : &amp;apos;192.168.11.14&amp;apos;, Message : &amp;apos;The conversion of a varchar data type to a datetime data type resulted in an out-of-range value.&amp;apos;, Procedure : &amp;apos;ctemp&amp;apos;, LineNumber : 6 }, { Source : &amp;apos;.Net SqlClient Data Provider&amp;apos;, Number : 242, State : &amp;apos;3&amp;apos;, Class : &amp;apos;16&amp;apos;, Server : &amp;apos;192.168.11.14&amp;apos;, Message : &amp;apos;The conversion of a varchar data type to a datetime data type resulted in an out-of-range value.&amp;apos;, Procedure : &amp;apos;ctemp&amp;apos;, LineNumber : 6 }, { Source : &amp;apos;.Net SqlClient Data Provider&amp;apos;, Number : 242, State : &amp;apos;3&amp;apos;, Class : &amp;apos;16&amp;apos;, Server : &amp;apos;192.168.11.14&amp;apos;, Message : &amp;apos;The conversion of a varchar data type to a datetime data type resulted in an out-of-range value.&amp;apos;, Procedure : &amp;apos;ctemp&amp;apos;, LineNumber : 6 }, { Source : &amp;apos;.Net SqlClient Data Provider&amp;apos;, Number : 242, State : &amp;apos;3&amp;apos;, Class : &amp;apos;16&amp;apos;, Server : &amp;apos;192.168.11.14&amp;apos;, Message : &amp;apos;The conversion of a varchar data type to a datetime data type resulted in an out-of-range value.&amp;apos;, Procedure : &amp;apos;ctemp&amp;apos;, LineNumber : 6 }, { Source : &amp;apos;.Net SqlClient Data Provider&amp;apos;, Number : 242, State : &amp;apos;3&amp;apos;, Class : &amp;apos;16&amp;apos;, Server : &amp;apos;192.168.11.14&amp;apos;, Message : &amp;apos;The conversion of a varchar data type to a datetime data type resulted in an out-of-range value.&amp;apos;, Procedure : &amp;apos;ctemp&amp;apos;, LineNumber : 6 }, { Source : &amp;apos;.Net SqlClient Data Provider&amp;apos;, Number : 242, State : &amp;apos;3&amp;apos;, Class : &amp;apos;16&amp;apos;, Server : &amp;apos;192.168.11.14&amp;apos;, Message : &amp;apos;The conversion of a varchar data type to a datetime data type resulted in an out-of-range value.&amp;apos;, Procedure : &amp;apos;ctemp&amp;apos;, LineNumber : 6 }, { Source : &amp;apos;.Net SqlClient Data Provider&amp;apos;, Number : 242, State : &amp;apos;3&amp;apos;, Class : &amp;apos;16&amp;apos;, Server : &amp;apos;192.168.11.14&amp;apos;, Message : &amp;apos;The conversion of a varchar data type to a datetime data type resulted in an out-of-range value.&amp;apos;, Procedure : &amp;apos;ctemp&amp;apos;, LineNumber : 6 }, { Source : &amp;apos;.Net SqlClient Data Provider&amp;apos;, Number : 242, State : &amp;apos;3&amp;apos;, Class : &amp;apos;16&amp;apos;, Server : &amp;apos;192.168.11.14&amp;apos;, Message : &amp;apos;The conversion of a varchar data type to a datetime data type resulted in an out-of-range value.&amp;apos;, Procedure : &amp;apos;ctemp&amp;apos;, LineNumber : 6 }, { Source : &amp;apos;.Net SqlClient Data Provider&amp;apos;, Number : 242, State : &amp;apos;3&amp;apos;, Class : &amp;apos;16&amp;apos;, Server : &amp;apos;192.168.11.14&amp;apos;, Message : &amp;apos;The conversion of a varchar data type to a datetime data type resulted in an out-of-range value.&amp;apos;, Procedure : &amp;apos;ctemp&amp;apos;, LineNumber : 6 }, { Source : &amp;apos;.Net SqlClient Data Provider&amp;apos;, Number : 242, State : &amp;apos;3&amp;apos;, Class : &amp;apos;16&amp;apos;, Server : &amp;apos;192.168.11.14&amp;apos;, Message : &amp;apos;The conversion of a varchar data type to a datetime data type resulted in an out-of-range value.&amp;apos;, Procedure : &amp;apos;ctemp&amp;apos;, LineNumber : 6 }, { Source : &amp;apos;.Net SqlClient Data Provider&amp;apos;, Number : 242, State : &amp;apos;3&amp;apos;, Class : &amp;apos;16&amp;apos;, Server : &amp;apos;192.168.11.14&amp;apos;, Message : &amp;apos;The conversion of a varchar data type to a datetime data type resulted in an out-of-range value.&amp;apos;, Procedure : &amp;apos;ctemp&amp;apos;, LineNumber : 6 }, { Source : &amp;apos;.Net SqlClient Data Provider&amp;apos;, Number : 242, State : &amp;apos;3&amp;apos;, Class : &amp;apos;16&amp;apos;, Server : &amp;apos;192.168.11.14&amp;apos;, Message : &amp;apos;The conversion of a varchar data type to a datetime data type resulted in an out-of-range value.&amp;apos;, Procedure : &amp;apos;ctemp&amp;apos;, LineNumber : 6 }, { Source : &amp;apos;.Net SqlClient Data Provider&amp;apos;, Number : 242, State : &amp;apos;3&amp;apos;, Class : &amp;apos;16&amp;apos;, Server : &amp;apos;192.168.11.14&amp;apos;, Message : &amp;apos;The conversion of a varchar data type to a datetime data type resulted in an out-of-range value.&amp;apos;, Procedure : &amp;apos;ctemp&amp;apos;, LineNumber : 6 }, { Source : &amp;apos;.Net SqlClient Data Provider&amp;apos;, Number : 242, State : &amp;apos;3&amp;apos;, Class : &amp;apos;16&amp;apos;, Server : &amp;apos;192.168.11.14&amp;apos;, Message : &amp;apos;The conversion of a varchar data type to a datetime data type resulted in an out-of-range value.&amp;apos;, Procedure : &amp;apos;ctemp&amp;apos;, LineNumber : 6 }, { Source : &amp;apos;.Net SqlClient Data Provider&amp;apos;, Number : 242, State : &amp;apos;3&amp;apos;, Class : &amp;apos;16&amp;apos;, Server : &amp;apos;192.168.11.14&amp;apos;, Message : &amp;apos;The conversion of a varchar data type to a datetime data type resulted in an out-of-range value.&amp;apos;, Procedure : &amp;apos;ctemp&amp;apos;, LineNumber : 6 }, { Source : &amp;apos;.Net SqlClient Data Provider&amp;apos;, Number : 242, State : &amp;apos;3&amp;apos;, Class : &amp;apos;16&amp;apos;, Server : &amp;apos;192.168.11.14&amp;apos;, Message : &amp;apos;The conversion of a varchar data type to a datetime data type resulted in an out-of-range value.&amp;apos;, Procedure : &amp;apos;ctemp&amp;apos;, LineNumber : 6 }, { Source : &amp;apos;.Net SqlClient Data Provider&amp;apos;, Number : 242, State : &amp;apos;3&amp;apos;, Class : &amp;apos;16&amp;apos;, Server : &amp;apos;192.168.11.14&amp;apos;, Message : &amp;apos;The conversion of a varchar data type to a datetime data type resulted in an out-of-range value.&amp;apos;, Procedure : &amp;apos;ctemp&amp;apos;, LineNumber : 6 }, { Source : &amp;apos;.Net SqlClient Data Provider&amp;apos;, Number : 242, State : &amp;apos;3&amp;apos;, Class : &amp;apos;16&amp;apos;, Server : &amp;apos;192.168.11.14&amp;apos;, Message : &amp;apos;The conversion of a varchar data type to a datetime data type resulted in an out-of-range value.&amp;apos;, Procedure : &amp;apos;ctemp&amp;apos;, LineNumber : 6 }, { Source : &amp;apos;.Net SqlClient Data Provider&amp;apos;, Number : 242, State : &amp;apos;3&amp;apos;, Class : &amp;apos;16&amp;apos;, Server : &amp;apos;192.168.11.14&amp;apos;, Message : &amp;apos;The conversion of a varchar data type to a datetime data type resulted in an out-of-range value.&amp;apos;, Procedure : &amp;apos;ctemp&amp;apos;, LineNumber : 6 }, { Source : &amp;apos;.Net SqlClient Data Provider&amp;apos;, Number : 242, State : &amp;apos;3&amp;apos;, Class : &amp;apos;16&amp;apos;, Server : &amp;apos;192.168.11.14&amp;apos;, Message : &amp;apos;The conversion of a varchar data type to a datetime data type resulted in an out-of-range value.&amp;apos;, Procedure : &amp;apos;ctemp&amp;apos;, LineNumber : 6 }, { Source : &amp;apos;.Net SqlClient Data Provider&amp;apos;, Number : 242, State : &amp;apos;3&amp;apos;, Class : &amp;apos;16&amp;apos;, Server : &amp;apos;192.168.11.14&amp;apos;, Message : &amp;apos;The conversion of a varchar data type to a datetime data type resulted in an out-of-range value.&amp;apos;, Procedure : &amp;apos;ctemp&amp;apos;, LineNumber : 6 }, { Source : &amp;apos;.Net SqlClient Data Provider&amp;apos;, Number : 242, State : &amp;apos;3&amp;apos;, Class : &amp;apos;16&amp;apos;, Server : &amp;apos;192.168.11.14&amp;apos;, Message : &amp;apos;The conversion of a varchar data type to a datetime data type resulted in an out-of-range value.&amp;apos;, Procedure : &amp;apos;ctemp&amp;apos;, LineNumber : 6 }, { Source : &amp;apos;.Net SqlClient Data Provider&amp;apos;, Number : 242, State : &amp;apos;3&amp;apos;, Class : &amp;apos;16&amp;apos;, Server : &amp;apos;192.168.11.14&amp;apos;, Message : &amp;apos;The conversion of a varchar data type to a datetime data type resulted in an out-of-range value.&amp;apos;, Procedure : &amp;apos;ctemp&amp;apos;, LineNumber : 6 }, { Source : &amp;apos;.Net SqlClient Data Provider&amp;apos;, Number : 242, State : &amp;apos;3&amp;apos;, Class : &amp;apos;16&amp;apos;, Server : &amp;apos;192.168.11.14&amp;apos;, Message : &amp;apos;The conversion of a varchar data type to a datetime data type resulted in an out-of-range value.&amp;apos;, Procedure : &amp;apos;ctemp&amp;apos;, LineNumber : 6 }, { Source : &amp;apos;.Net SqlClient Data Provider&amp;apos;, Number : 242, State : &amp;apos;3&amp;apos;, Class : &amp;apos;16&amp;apos;, Server : &amp;apos;192.168.11.14&amp;apos;, Message : &amp;apos;The conversion of a varchar data type to a datetime data type resulted in an out-of-range value.&amp;apos;, Procedure : &amp;apos;ctemp&amp;apos;, LineNumber : 6 }, { Source : &amp;apos;.Net SqlClient Data Provider&amp;apos;, Number : 242, State : &amp;apos;3&amp;apos;, Class : &amp;apos;16&amp;apos;, Server : &amp;apos;192.168.11.14&amp;apos;, Message : &amp;apos;The conversion of a varchar data type to a datetime data type resulted in an out-of-range value.&amp;apos;, Procedure : &amp;apos;ctemp&amp;apos;, LineNumber : 6 }, { Source : &amp;apos;.Net SqlClient Data Provider&amp;apos;, Number : 242, State : &amp;apos;3&amp;apos;, Class : &amp;apos;16&amp;apos;, Server : &amp;apos;192.168.11.14&amp;apos;, Message : &amp;apos;The conversion of a varchar data type to a datetime data type resulted in an out-of-range value.&amp;apos;, Procedure : &amp;apos;ctemp&amp;apos;, LineNumber : 6 }, { Source : &amp;apos;.Net SqlClient Data Provider&amp;apos;, Number : 242, State : &amp;apos;3&amp;apos;, Class : &amp;apos;16&amp;apos;, Server : &amp;apos;192.168.11.14&amp;apos;, Message : &amp;apos;The conversion of a varchar data type to a datetime data type resulted in an out-of-range value.&amp;apos;, Procedure : &amp;apos;ctemp&amp;apos;, LineNumber : 6 }, { Source : &amp;apos;.Net SqlClient Data Provider&amp;apos;, Number : 242, State : &amp;apos;3&amp;apos;, Class : &amp;apos;16&amp;apos;, Server : &amp;apos;192.168.11.14&amp;apos;, Message : &amp;apos;The conversion of a varchar data type to a datetime data type resulted in an out-of-range value.&amp;apos;, Procedure : &amp;apos;ctemp&amp;apos;, LineNumber : 6 }, { Source : &amp;apos;.Net SqlClient Data Provider&amp;apos;, Number : 242, State : &amp;apos;3&amp;apos;, Class : &amp;apos;16&amp;apos;, Server : &amp;apos;192.168.11.14&amp;apos;, Message : &amp;apos;The conversion of a varchar data type to a datetime data type resulted in an out-of-range value.&amp;apos;, Procedure : &amp;apos;ctemp&amp;apos;, LineNumber : 6 }, { Source : &amp;apos;.Net SqlClient Data Provider&amp;apos;, Number : 242, State : &amp;apos;3&amp;apos;, Class : &amp;apos;16&amp;apos;, Server : &amp;apos;192.168.11.14&amp;apos;, Message : &amp;apos;The conversion of a varchar data type to a datetime data type resulted in an out-of-range value.&amp;apos;, Procedure : &amp;apos;ctemp&amp;apos;, LineNumber : 6 }, { Source : &amp;apos;.Net SqlClient Data Provider&amp;apos;, Number : 242, State : &amp;apos;3&amp;apos;, Class : &amp;apos;16&amp;apos;, Server : &amp;apos;192.168.11.14&amp;apos;, Message : &amp;apos;The conversion of a varchar data type to a datetime data type resulted in an out-of-range value.&amp;apos;, Procedure : &amp;apos;ctemp&amp;apos;, LineNumber : 6 }, { Source : &amp;apos;.Net SqlClient Data Provider&amp;apos;, Number : 242, State : &amp;apos;3&amp;apos;, Class : &amp;apos;16&amp;apos;, Server : &amp;apos;192.168.11.14&amp;apos;, Message : &amp;apos;The conversion of a varchar data type to a datetime data type resulted in an out-of-range value.&amp;apos;, Procedure : &amp;apos;ctemp&amp;apos;, LineNumber : 6 }, { Source : &amp;apos;.Net SqlClient Data Provider&amp;apos;, Number : 242, State : &amp;apos;3&amp;apos;, Class : &amp;apos;16&amp;apos;, Server : &amp;apos;192.168.11.14&amp;apos;, Message : &amp;apos;The conversion of a varchar data type to a datetime data type resulted in an out-of-range value.&amp;apos;, Procedure : &amp;apos;ctemp&amp;apos;, LineNumber : 6 }, { Source : &amp;apos;.Net SqlClient Data Provider&amp;apos;, Number : 242, State : &amp;apos;3&amp;apos;, Class : &amp;apos;16&amp;apos;, Server : &amp;apos;192.168.11.14&amp;apos;, Message : &amp;apos;The conversion of a varchar data type to a datetime data type resulted in an out-of-range value.&amp;apos;, Procedure : &amp;apos;ctemp&amp;apos;, LineNumber : 6 }, { Source : &amp;apos;.Net SqlClient Data Provider&amp;apos;, Number : 242, State : &amp;apos;3&amp;apos;, Class : &amp;apos;16&amp;apos;, Server : &amp;apos;192.168.11.14&amp;apos;, Message : &amp;apos;The conversion of a varchar data type to a datetime data type resulted in an out-of-range value.&amp;apos;, Procedure : &amp;apos;ctemp&amp;apos;, LineNumber : 6 }, { Source : &amp;apos;.Net SqlClient Data Provider&amp;apos;, Number : 242, State : &amp;apos;3&amp;apos;, Class : &amp;apos;16&amp;apos;, Server : &amp;apos;192.168.11.14&amp;apos;, Message : &amp;apos;The conversion of a varchar data type to a datetime data type resulted in an out-of-range value.&amp;apos;, Procedure : &amp;apos;ctemp&amp;apos;, LineNumber : 6 }, { Source : &amp;apos;.Net SqlClient Data Provider&amp;apos;, Number : 242, State : &amp;apos;3&amp;apos;, Class : &amp;apos;16&amp;apos;, Server : &amp;apos;192.168.11.14&amp;apos;, Message : &amp;apos;The conversion of a varchar data type to a datetime data type resulted in an out-of-range value.&amp;apos;, Procedure : &amp;apos;ctemp&amp;apos;, LineNumber : 6 }, { Source : &amp;apos;.Net SqlClient Data Provider&amp;apos;, Number : 242, State : &amp;apos;3&amp;apos;, Class : &amp;apos;16&amp;apos;, Server : &amp;apos;192.168.11.14&amp;apos;, Message : &amp;apos;The conversion of a varchar data type to a datetime data type resulted in an out-of-range value.&amp;apos;, Procedure : &amp;apos;ctemp&amp;apos;, LineNumber : 6 }, { Source : &amp;apos;.Net SqlClient Data Provider&amp;apos;, Number : 242, State : &amp;apos;3&amp;apos;, Class : &amp;apos;16&amp;apos;, Server : &amp;apos;192.168.11.14&amp;apos;, Message : &amp;apos;The conversion of a varchar data type to a datetime data type resulted in an out-of-range value.&amp;apos;, Procedure : &amp;apos;ctemp&amp;apos;, LineNumber : 6 }, { Source : &amp;apos;.Net SqlClient Data Provider&amp;apos;, Number : 242, State : &amp;apos;3&amp;apos;, Class : &amp;apos;16&amp;apos;, Server : &amp;apos;192.168.11.14&amp;apos;, Message : &amp;apos;The conversion of a varchar data type to a datetime data type resulted in an out-of-range value.&amp;apos;, Procedure : &amp;apos;ctemp&amp;apos;, LineNumber : 6 }, { Source : &amp;apos;.Net SqlClient Data Provider&amp;apos;, Number : 242, State : &amp;apos;3&amp;apos;, Class : &amp;apos;16&amp;apos;, Server : &amp;apos;192.168.11.14&amp;apos;, Message : &amp;apos;The conversion of a varchar data type to a datetime data type resulted in an out-of-range value.&amp;apos;, Procedure : &amp;apos;ctemp&amp;apos;, LineNumber : 6 }, { Source : &amp;apos;.Net SqlClient Data Provider&amp;apos;, Number : 242, State : &amp;apos;3&amp;apos;, Class : &amp;apos;16&amp;apos;, Server : &amp;apos;192.168.11.14&amp;apos;, Message : &amp;apos;The conversion of a varchar data type to a datetime data type resulted in an out-of-range value.&amp;apos;, Procedure : &amp;apos;ctemp&amp;apos;, LineNumber : 6 }, { Source : &amp;apos;.Net SqlClient Data Provider&amp;apos;, Number : 242, State : &amp;apos;3&amp;apos;, Class : &amp;apos;16&amp;apos;, Server : &amp;apos;192.168.11.14&amp;apos;, Message : &amp;apos;The conversion of a varchar data type to a datetime data type resulted in an out-of-range value.&amp;apos;, Procedure : &amp;apos;ctemp&amp;apos;, LineNumber : 6 }, { Source : &amp;apos;.Net SqlClient Data Provider&amp;apos;, Number : 242, State : &amp;apos;3&amp;apos;, Class : &amp;apos;16&amp;apos;, Server : &amp;apos;192.168.11.14&amp;apos;, Message : &amp;apos;The conversion of a varchar data type to a datetime data type resulted in an out-of-range value.&amp;apos;, Procedure : &amp;apos;ctemp&amp;apos;, LineNumber : 6 }, { Source : &amp;apos;.Net SqlClient Data Provider&amp;apos;, Number : 242, State : &amp;apos;3&amp;apos;, Class : &amp;apos;16&amp;apos;, Server : &amp;apos;192.168.11.14&amp;apos;, Message : &amp;apos;The conversion of a varchar data type to a datetime data type resulted in an out-of-range value.&amp;apos;, Procedure : &amp;apos;ctemp&amp;apos;, LineNumber : 6 }, { Source : &amp;apos;.Net SqlClient Data Provider&amp;apos;, Number : 242, State : &amp;apos;3&amp;apos;, Class : &amp;apos;16&amp;apos;, Server : &amp;apos;192.168.11.14&amp;apos;, Message : &amp;apos;The conversion of a varchar data type to a datetime data type resulted in an out-of-range value.&amp;apos;, Procedure : &amp;apos;ctemp&amp;apos;, LineNumber : 6 }, { Source : &amp;apos;.Net SqlClient Data Provider&amp;apos;, Number : 242, State : &amp;apos;3&amp;apos;, Class : &amp;apos;16&amp;apos;, Server : &amp;apos;192.168.11.14&amp;apos;, Message : &amp;apos;The conversion of a varchar data type to a datetime data type resulted in an out-of-range value.&amp;apos;, Procedure : &amp;apos;ctemp&amp;apos;, LineNumber : 6 }, { Source : &amp;apos;.Net SqlClient Data Provider&amp;apos;, Number : 242, State : &amp;apos;3&amp;apos;, Class : &amp;apos;16&amp;apos;, Server : &amp;apos;192.168.11.14&amp;apos;, Message : &amp;apos;The conversion of a varchar data type to a datetime data type resulted in an out-of-range value.&amp;apos;, Procedure : &amp;apos;ctemp&amp;apos;, LineNumber : 6 }, { Source : &amp;apos;.Net SqlClient Data Provider&amp;apos;, Number : 242, State : &amp;apos;3&amp;apos;, Class : &amp;apos;16&amp;apos;, Server : &amp;apos;192.168.11.14&amp;apos;, Message : &amp;apos;The conversion of a varchar data type to a datetime data type resulted in an out-of-range value.&amp;apos;, Procedure : &amp;apos;ctemp&amp;apos;, LineNumber : 6 }, { Source : &amp;apos;.Net SqlClient Data Provider&amp;apos;, Number : 242, State : &amp;apos;3&amp;apos;, Class : &amp;apos;16&amp;apos;, Server : &amp;apos;192.168.11.14&amp;apos;, Message : &amp;apos;The conversion of a varchar data type to a datetime data type resulted in an out-of-range value.&amp;apos;, Procedure : &amp;apos;ctemp&amp;apos;, LineNumber : 6 }, { Source : &amp;apos;.Net SqlClient Data Provider&amp;apos;, Number : 242, State : &amp;apos;3&amp;apos;, Class : &amp;apos;16&amp;apos;, Server : &amp;apos;192.168.11.14&amp;apos;, Message : &amp;apos;The conversion of a varchar data type to a datetime data type resulted in an out-of-range value.&amp;apos;, Procedure : &amp;apos;ctemp&amp;apos;, LineNumber : 6 }, { Source : &amp;apos;.Net SqlClient Data Provider&amp;apos;, Number : 242, State : &amp;apos;3&amp;apos;, Class : &amp;apos;16&amp;apos;, Server : &amp;apos;192.168.11.14&amp;apos;, Message : &amp;apos;The conversion of a varchar data type to a datetime data type resulted in an out-of-range value.&amp;apos;, Procedure : &amp;apos;ctemp&amp;apos;, LineNumber : 6 }, { Source : &amp;apos;.Net SqlClient Data Provider&amp;apos;, Number : 242, State : &amp;apos;3&amp;apos;, Class : &amp;apos;16&amp;apos;, Server : &amp;apos;192.168.11.14&amp;apos;, Message : &amp;apos;The conversion of a varchar data type to a datetime data type resulted in an out-of-range value.&amp;apos;, Procedure : &amp;apos;ctemp&amp;apos;, LineNumber : 6 }, { Source : &amp;apos;.Net SqlClient Data Provider&amp;apos;, Number : 242, State : &amp;apos;3&amp;apos;, Class : &amp;apos;16&amp;apos;, Server : &amp;apos;192.168.11.14&amp;apos;, Message : &amp;apos;The conversion of a varchar data type to a datetime data type resulted in an out-of-range value.&amp;apos;, Procedure : &amp;apos;ctemp&amp;apos;, LineNumber : 6 }, { Source : &amp;apos;.Net SqlClient Data Provider&amp;apos;, Number : 242, State : &amp;apos;3&amp;apos;, Class : &amp;apos;16&amp;apos;, Server : &amp;apos;192.168.11.14&amp;apos;, Message : &amp;apos;The conversion of a varchar data type to a datetime data type resulted in an out-of-range value.&amp;apos;, Procedure : &amp;apos;ctemp&amp;apos;, LineNumber : 6 }, { Source : &amp;apos;.Net SqlClient Data Provider&amp;apos;, Number : 242, State : &amp;apos;3&amp;apos;, Class : &amp;apos;16&amp;apos;, Server : &amp;apos;192.168.11.14&amp;apos;, Message : &amp;apos;The conversion of a varchar data type to a datetime data type resulted in an out-of-range value.&amp;apos;, Procedure : &amp;apos;ctemp&amp;apos;, LineNumber : 6 }, { Source : &amp;apos;.Net SqlClient Data Provider&amp;apos;, Number : 242, State : &amp;apos;3&amp;apos;, Class : &amp;apos;16&amp;apos;, Server : &amp;apos;192.168.11.14&amp;apos;, Message : &amp;apos;The conversion of a varchar data type to a datetime data type resulted in an out-of-range value.&amp;apos;, Procedure : &amp;apos;ctemp&amp;apos;, LineNumber : 6 }, { Source : &amp;apos;.Net SqlClient Data Provider&amp;apos;, Number : 242, State : &amp;apos;3&amp;apos;, Class : &amp;apos;16&amp;apos;, Server : &amp;apos;192.168.11.14&amp;apos;, Message : &amp;apos;The conversion of a varchar data type to a datetime data type resulted in an out-of-range value.&amp;apos;, Procedure : &amp;apos;ctemp&amp;apos;, LineNumber : 6 }, { Source : &amp;apos;.Net SqlClient Data Provider&amp;apos;, Number : 242, State : &amp;apos;3&amp;apos;, Class : &amp;apos;16&amp;apos;, Server : &amp;apos;192.168.11.14&amp;apos;, Message : &amp;apos;The conversion of a varchar data type to a datetime data type resulted in an out-of-range value.&amp;apos;, Procedure : &amp;apos;ctemp&amp;apos;, LineNumber : 6 }, { Source : &amp;apos;.Net SqlClient Data Provider&amp;apos;, Number : 242, State : &amp;apos;3&amp;apos;, Class : &amp;apos;16&amp;apos;, Server : &amp;apos;192.168.11.14&amp;apos;, Message : &amp;apos;The conversion of a varchar data type to a datetime data type resulted in an out-of-range value.&amp;apos;, Procedure : &amp;apos;ctemp&amp;apos;, LineNumber : 6 }, { Source : &amp;apos;.Net SqlClient Data Provider&amp;apos;, Number : 242, State : &amp;apos;3&amp;apos;, Class : &amp;apos;16&amp;apos;, Server : &amp;apos;192.168.11.14&amp;apos;, Message : &amp;apos;The conversion of a varchar data type to a datetime data type resulted in an out-of-range value.&amp;apos;, Procedure : &amp;apos;ctemp&amp;apos;, LineNumber : 6 }, { Source : &amp;apos;.Net SqlClient Data Provider&amp;apos;, Number : 242, State : &amp;apos;3&amp;apos;, Class : &amp;apos;16&amp;apos;, Server : &amp;apos;192.168.11.14&amp;apos;, Message : &amp;apos;The conversion of a varchar data type to a datetime data type resulted in an out-of-range value.&amp;apos;, Procedure : &amp;apos;ctemp&amp;apos;, LineNumber : 6 }, { Source : &amp;apos;.Net SqlClient Data Provider&amp;apos;, Number : 242, State : &amp;apos;3&amp;apos;, Class : &amp;apos;16&amp;apos;, Server : &amp;apos;192.168.11.14&amp;apos;, Message : &amp;apos;The conversion of a varchar data type to a datetime data type resulted in an out-of-range value.&amp;apos;, Procedure : &amp;apos;ctemp&amp;apos;, LineNumber : 6 }, { Source : &amp;apos;.Net SqlClient Data Provider&amp;apos;, Number : 242, State : &amp;apos;3&amp;apos;, Class : &amp;apos;16&amp;apos;, Server : &amp;apos;192.168.11.14&amp;apos;, Message : &amp;apos;The conversion of a varchar data type to a datetime data type resulted in an out-of-range value.&amp;apos;, Procedure : &amp;apos;ctemp&amp;apos;, LineNumber : 6 }, { Source : &amp;apos;.Net SqlClient Data Provider&amp;apos;, Number : 242, State : &amp;apos;3&amp;apos;, Class : &amp;apos;16&amp;apos;, Server : &amp;apos;192.168.11.14&amp;apos;, Message : &amp;apos;The conversion of a varchar data type to a datetime data type resulted in an out-of-range value.&amp;apos;, Procedure : &amp;apos;ctemp&amp;apos;, LineNumber : 6 }, { Source : &amp;apos;.Net SqlClient Data Provider&amp;apos;, Number : 242, State : &amp;apos;3&amp;apos;, Class : &amp;apos;16&amp;apos;, Server : &amp;apos;192.168.11.14&amp;apos;, Message : &amp;apos;The conversion of a varchar data type to a datetime data type resulted in an out-of-range value.&amp;apos;, Procedure : &amp;apos;ctemp&amp;apos;, LineNumber : 6 }, { Source : &amp;apos;.Net SqlClient Data Provider&amp;apos;, Number : 242, State : &amp;apos;3&amp;apos;, Class : &amp;apos;16&amp;apos;, Server : &amp;apos;192.168.11.14&amp;apos;, Message : &amp;apos;The conversion of a varchar data type to a datetime data type resulted in an out-of-range value.&amp;apos;, Procedure : &amp;apos;ctemp&amp;apos;, LineNumber : 6 }, { Source : &amp;apos;.Net SqlClient Data Provider&amp;apos;, Number : 242, State : &amp;apos;3&amp;apos;, Class : &amp;apos;16&amp;apos;, Server : &amp;apos;192.168.11.14&amp;apos;, Message : &amp;apos;The conversion of a varchar data type to a datetime data type resulted in an out-of-range value.&amp;apos;, Procedure : &amp;apos;ctemp&amp;apos;, LineNumber : 6 }, { Source : &amp;apos;.Net SqlClient Data Provider&amp;apos;, Number : 242, State : &amp;apos;3&amp;apos;, Class : &amp;apos;16&amp;apos;, Server : &amp;apos;192.168.11.14&amp;apos;, Message : &amp;apos;The conversion of a varchar data type to a datetime data type resulted in an out-of-range value.&amp;apos;, Procedure : &amp;apos;ctemp&amp;apos;, LineNumber : 6 }, { Source : &amp;apos;.Net SqlClient Data Provider&amp;apos;, Number : 242, State : &amp;apos;3&amp;apos;, Class : &amp;apos;16&amp;apos;, Server : &amp;apos;192.168.11.14&amp;apos;, Message : &amp;apos;The conversion of a varchar data type to a datetime data type resulted in an out-of-range value.&amp;apos;, Procedure : &amp;apos;ctemp&amp;apos;, LineNumber : 6 }, { Source : &amp;apos;.Net SqlClient Data Provider&amp;apos;, Number : 242, State : &amp;apos;3&amp;apos;, Class : &amp;apos;16&amp;apos;, Server : &amp;apos;192.168.11.14&amp;apos;, Message : &amp;apos;The conversion of a varchar data type to a datetime data type resulted in an out-of-range value.&amp;apos;, Procedure : &amp;apos;ctemp&amp;apos;, LineNumber : 6 }, { Source : &amp;apos;.Net SqlClient Data Provider&amp;apos;, Number : 242, State : &amp;apos;3&amp;apos;, Class : &amp;apos;16&amp;apos;, Server : &amp;apos;192.168.11.14&amp;apos;, Message : &amp;apos;The conversion of a varchar data type to a datetime data type resulted in an out-of-range value.&amp;apos;, Procedure : &amp;apos;ctemp&amp;apos;, LineNumber : 6 }, { Source : &amp;apos;.Net SqlClient Data Provider&amp;apos;, Number : 242, State : &amp;apos;3&amp;apos;, Class : &amp;apos;16&amp;apos;, Server : &amp;apos;192.168.11.14&amp;apos;, Message : &amp;apos;The conversion of a varchar data type to a datetime data type resulted in an out-of-range value.&amp;apos;, Procedure : &amp;apos;ctemp&amp;apos;, LineNumber : 6 }, { Source : &amp;apos;.Net SqlClient Data Provider&amp;apos;, Number : 242, State : &amp;apos;3&amp;apos;, Class : &amp;apos;16&amp;apos;, Server : &amp;apos;192.168.11.14&amp;apos;, Message : &amp;apos;The conversion of a varchar data type to a datetime data type resulted in an out-of-range value.&amp;apos;, Procedure : &amp;apos;ctemp&amp;apos;, LineNumber : 6 }, { Source : &amp;apos;.Net SqlClient Data Provider&amp;apos;, Number : 242, State : &amp;apos;3&amp;apos;, Class : &amp;apos;16&amp;apos;, Server : &amp;apos;192.168.11.14&amp;apos;, Message : &amp;apos;The conversion of a varchar data type to a datetime data type resulted in an out-of-range value.&amp;apos;, Procedure : &amp;apos;ctemp&amp;apos;, LineNumber : 6 }, { Source : &amp;apos;.Net SqlClient Data Provider&amp;apos;, Number : 242, State : &amp;apos;3&amp;apos;, Class : &amp;apos;16&amp;apos;, Server : &amp;apos;192.168.11.14&amp;apos;, Message : &amp;apos;The conversion of a varchar data type to a datetime data type resulted in an out-of-range value.&amp;apos;, Procedure : &amp;apos;ctemp&amp;apos;, LineNumber : 6 }, { Source : &amp;apos;.Net SqlClient Data Provider&amp;apos;, Number : 242, State : &amp;apos;3&amp;apos;, Class : &amp;apos;16&amp;apos;, Server : &amp;apos;192.168.11.14&amp;apos;, Message : &amp;apos;The conversion of a varchar data type to a datetime data type resulted in an out-of-range value.&amp;apos;, Procedure : &amp;apos;ctemp&amp;apos;, LineNumber : 6 }, { Source : &amp;apos;.Net SqlClient Data Provider&amp;apos;, Number : 242, State : &amp;apos;3&amp;apos;, Class : &amp;apos;16&amp;apos;, Server : &amp;apos;192.168.11.14&amp;apos;, Message : &amp;apos;The conversion of a varchar data type to a datetime data type resulted in an out-of-range value.&amp;apos;, Procedure : &amp;apos;ctemp&amp;apos;, LineNumber : 6 }, { Source : &amp;apos;.Net SqlClient Data Provider&amp;apos;, Number : 242, State : &amp;apos;3&amp;apos;, Class : &amp;apos;16&amp;apos;, Server : &amp;apos;192.168.11.14&amp;apos;, Message : &amp;apos;The conversion of a varchar data type to a datetime data type resulted in an out-of-range value.&amp;apos;, Procedure : &amp;apos;ctemp&amp;apos;, LineNumber : 6 }, { Source : &amp;apos;.Net SqlClient Data Provider&amp;apos;, Number : 242, State : &amp;apos;3&amp;apos;, Class : &amp;apos;16&amp;apos;, Server : &amp;apos;192.168.11.14&amp;apos;, Message : &amp;apos;The conversion of a varchar data type to a datetime data type resulted in an out-of-range value.&amp;apos;, Procedure : &amp;apos;ctemp&amp;apos;, LineNumber : 6 }, { Source : &amp;apos;.Net SqlClient Data Provider&amp;apos;, Number : 242, State : &amp;apos;3&amp;apos;, Class : &amp;apos;16&amp;apos;, Server : &amp;apos;192.168.11.14&amp;apos;, Message : &amp;apos;The conversion of a varchar data type to a datetime data type resulted in an out-of-range value.&amp;apos;, Procedure : &amp;apos;ctemp&amp;apos;, LineNumber : 6 }, { Source : &amp;apos;.Net SqlClient Data Provider&amp;apos;, Number : 242, State : &amp;apos;3&amp;apos;, Class : &amp;apos;16&amp;apos;, Server : &amp;apos;192.168.11.14&amp;apos;, Message : &amp;apos;The conversion of a varchar data type to a datetime data type resulted in an out-of-range value.&amp;apos;, Procedure : &amp;apos;ctemp&amp;apos;, LineNumber : 6 }, { Source : &amp;apos;.Net SqlClient Data Provider&amp;apos;, Number : 242, State : &amp;apos;3&amp;apos;, Class : &amp;apos;16&amp;apos;, Server : &amp;apos;192.168.11.14&amp;apos;, Message : &amp;apos;The conversion of a varchar data type to a datetime data type resulted in an out-of-range value.&amp;apos;, Procedure : &amp;apos;ctemp&amp;apos;, LineNumber : 6 }, { Source : &amp;apos;.Net SqlClient Data Provider&amp;apos;, Number : 242, State : &amp;apos;3&amp;apos;, Class : &amp;apos;16&amp;apos;, Server : &amp;apos;192.168.11.14&amp;apos;, Message : &amp;apos;The conversion of a varchar data type to a datetime data type resulted in an out-of-range value.&amp;apos;, Procedure : &amp;apos;ctemp&amp;apos;, LineNumber : 6 }, { Source : &amp;apos;.Net SqlClient Data Provider&amp;apos;, Number : 242, State : &amp;apos;3&amp;apos;, Class : &amp;apos;16&amp;apos;, Server : &amp;apos;192.168.11.14&amp;apos;, Message : &amp;apos;The conversion of a varchar data type to a datetime data type resulted in an out-of-range value.&amp;apos;, Procedure : &amp;apos;ctemp&amp;apos;, LineNumber : 6 }, { Source : &amp;apos;.Net SqlClient Data Provider&amp;apos;, Number : 242, State : &amp;apos;3&amp;apos;, Class : &amp;apos;16&amp;apos;, Server : &amp;apos;192.168.11.14&amp;apos;, Message : &amp;apos;The conversion of a varchar data type to a datetime data type resulted in an out-of-range value.&amp;apos;, Procedure : &amp;apos;ctemp&amp;apos;, LineNumber : 6 }, { Source : &amp;apos;.Net SqlClient Data Provider&amp;apos;, Number : 242, State : &amp;apos;3&amp;apos;, Class : &amp;apos;16&amp;apos;, Server : &amp;apos;192.168.11.14&amp;apos;, Message : &amp;apos;The conversion of a varchar data type to a datetime data type resulted in an out-of-range value.&amp;apos;, Procedure : &amp;apos;ctemp&amp;apos;, LineNumber : 6 }, { Source : &amp;apos;.Net SqlClient Data Provider&amp;apos;, Number : 242, State : &amp;apos;3&amp;apos;, Class : &amp;apos;16&amp;apos;, Server : &amp;apos;192.168.11.14&amp;apos;, Message : &amp;apos;The conversion of a varchar data type to a datetime data type resulted in an out-of-range value.&amp;apos;, Procedure : &amp;apos;ctemp&amp;apos;, LineNumber : 6 }, { Source : &amp;apos;.Net SqlClient Data Provider&amp;apos;, Number : 242, State : &amp;apos;3&amp;apos;, Class : &amp;apos;16&amp;apos;, Server : &amp;apos;192.168.11.14&amp;apos;, Message : &amp;apos;The conversion of a varchar data type to a datetime data type resulted in an out-of-range value.&amp;apos;, Procedure : &amp;apos;ctemp&amp;apos;, LineNumber : 6 }, { Source : &amp;apos;.Net SqlClient Data Provider&amp;apos;, Number : 242, State : &amp;apos;3&amp;apos;, Class : &amp;apos;16&amp;apos;, Server : &amp;apos;192.168.11.14&amp;apos;, Message : &amp;apos;The conversion of a varchar data type to a datetime data type resulted in an out-of-range value.&amp;apos;, Procedure : &amp;apos;ctemp&amp;apos;, LineNumber : 6 }, { Source : &amp;apos;.Net SqlClient Data Provider&amp;apos;, Number : 242, State : &amp;apos;3&amp;apos;, Class : &amp;apos;16&amp;apos;, Server : &amp;apos;192.168.11.14&amp;apos;, Message : &amp;apos;The conversion of a varchar data type to a datetime data type resulted in an out-of-range value.&amp;apos;, Procedure : &amp;apos;ctemp&amp;apos;, LineNumber : 6 }, { Source : &amp;apos;.Net SqlClient Data Provider&amp;apos;, Number : 242, State : &amp;apos;3&amp;apos;, Class : &amp;apos;16&amp;apos;, Server : &amp;apos;192.168.11.14&amp;apos;, Message : &amp;apos;The conversion of a varchar data type to a datetime data type resulted in an out-of-range value.&amp;apos;, Procedure : &amp;apos;ctemp&amp;apos;, LineNumber : 6 }, { Source : &amp;apos;.Net SqlClient Data Provider&amp;apos;, Number : 242, State : &amp;apos;3&amp;apos;, Class : &amp;apos;16&amp;apos;, Server : &amp;apos;192.168.11.14&amp;apos;, Message : &amp;apos;The conversion of a varchar data type to a datetime data type resulted in an out-of-range value.&amp;apos;, Procedure : &amp;apos;ctemp&amp;apos;, LineNumber : 6 }, { Source : &amp;apos;.Net SqlClient Data Provider&amp;apos;, Number : 242, State : &amp;apos;3&amp;apos;, Class : &amp;apos;16&amp;apos;, Server : &amp;apos;192.168.11.14&amp;apos;, Message : &amp;apos;The conversion of a varchar data type to a datetime data type resulted in an out-of-range value.&amp;apos;, Procedure : &amp;apos;ctemp&amp;apos;, LineNumber : 6 }, { Source : &amp;apos;.Net SqlClient Data Provider&amp;apos;, Number : 242, State : &amp;apos;3&amp;apos;, Class : &amp;apos;16&amp;apos;, Server : &amp;apos;192.168.11.14&amp;apos;, Message : &amp;apos;The conversion of a varchar data type to a datetime data type resulted in an out-of-range value.&amp;apos;, Procedure : &amp;apos;ctemp&amp;apos;, LineNumber : 6 }, { Source : &amp;apos;.Net SqlClient Data Provider&amp;apos;, Number : 242, State : &amp;apos;3&amp;apos;, Class : &amp;apos;16&amp;apos;, Server : &amp;apos;192.168.11.14&amp;apos;, Message : &amp;apos;The conversion of a varchar data type to a datetime data type resulted in an out-of-range value.&amp;apos;, Procedure : &amp;apos;ctemp&amp;apos;, LineNumber : 6 }, { Source : &amp;apos;.Net SqlClient Data Provider&amp;apos;, Number : 242, State : &amp;apos;3&amp;apos;, Class : &amp;apos;16&amp;apos;, Server : &amp;apos;192.168.11.14&amp;apos;, Message : &amp;apos;The conversion of a varchar data type to a datetime data type resulted in an out-of-range value.&amp;apos;, Procedure : &amp;apos;ctemp&amp;apos;, LineNumber : 6 }, { Source : &amp;apos;.Net SqlClient Data Provider&amp;apos;, Number : 242, State : &amp;apos;3&amp;apos;, Class : &amp;apos;16&amp;apos;, Server : &amp;apos;192.168.11.14&amp;apos;, Message : &amp;apos;The conversion of a varchar data type to a datetime data type resulted in an out-of-range value.&amp;apos;, Procedure : &amp;apos;ctemp&amp;apos;, LineNumber : 6 }, { Source : &amp;apos;.Net SqlClient Data Provider&amp;apos;, Number : 242, State : &amp;apos;3&amp;apos;, Class : &amp;apos;16&amp;apos;, Server : &amp;apos;192.168.11.14&amp;apos;, Message : &amp;apos;The conversion of a varchar data type to a datetime data type resulted in an out-of-range value.&amp;apos;, Procedure : &amp;apos;ctemp&amp;apos;, LineNumber : 6 }, { Source : &amp;apos;.Net SqlClient Data Provider&amp;apos;, Number : 242, State : &amp;apos;3&amp;apos;, Class : &amp;apos;16&amp;apos;, Server : &amp;apos;192.168.11.14&amp;apos;, Message : &amp;apos;The conversion of a varchar data type to a datetime data type resulted in an out-of-range value.&amp;apos;, Procedure : &amp;apos;ctemp&amp;apos;, LineNumber : 6 }, { Source : &amp;apos;.Net SqlClient Data Provider&amp;apos;, Number : 242, State : &amp;apos;3&amp;apos;, Class : &amp;apos;16&amp;apos;, Server : &amp;apos;192.168.11.14&amp;apos;, Message : &amp;apos;The conversion of a varchar data type to a datetime data type resulted in an out-of-range value.&amp;apos;, Procedure : &amp;apos;ctemp&amp;apos;, LineNumber : 6 }, { Source : &amp;apos;.Net SqlClient Data Provider&amp;apos;, Number : 242, State : &amp;apos;3&amp;apos;, Class : &amp;apos;16&amp;apos;, Server : &amp;apos;192.168.11.14&amp;apos;, Message : &amp;apos;The conversion of a varchar data type to a datetime data type resulted in an out-of-range value.&amp;apos;, Procedure : &amp;apos;ctemp&amp;apos;, LineNumber : 6 }, { Source : &amp;apos;.Net SqlClient Data Provider&amp;apos;, Number : 242, State : &amp;apos;3&amp;apos;, Class : &amp;apos;16&amp;apos;, Server : &amp;apos;192.168.11.14&amp;apos;, Message : &amp;apos;The conversion of a varchar data type to a datetime data type resulted in an out-of-range value.&amp;apos;, Procedure : &amp;apos;ctemp&amp;apos;, LineNumber : 6 }, { Source : &amp;apos;.Net SqlClient Data Provider&amp;apos;, Number : 242, State : &amp;apos;3&amp;apos;, Class : &amp;apos;16&amp;apos;, Server : &amp;apos;192.168.11.14&amp;apos;, Message : &amp;apos;The conversion of a varchar data type to a datetime data type resulted in an out-of-range value.&amp;apos;, Procedure : &amp;apos;ctemp&amp;apos;, LineNumber : 6 }, { Source : &amp;apos;.Net SqlClient Data Provider&amp;apos;, Number : 242, State : &amp;apos;3&amp;apos;, Class : &amp;apos;16&amp;apos;, Server : &amp;apos;192.168.11.14&amp;apos;, Message : &amp;apos;The conversion of a varchar data type to a datetime data type resulted in an out-of-range value.&amp;apos;, Procedure : &amp;apos;ctemp&amp;apos;, LineNumber : 6 }, { Source : &amp;apos;.Net SqlClient Data Provider&amp;apos;, Number : 242, State : &amp;apos;3&amp;apos;, Class : &amp;apos;16&amp;apos;, Server : &amp;apos;192.168.11.14&amp;apos;, Message : &amp;apos;The conversion of a varchar data type to a datetime data type resulted in an out-of-range value.&amp;apos;, Procedure : &amp;apos;ctemp&amp;apos;, LineNumber : 6 }, { Source : &amp;apos;.Net SqlClient Data Provider&amp;apos;, Number : 242, State : &amp;apos;3&amp;apos;, Class : &amp;apos;16&amp;apos;, Server : &amp;apos;192.168.11.14&amp;apos;, Message : &amp;apos;The conversion of a varchar data type to a datetime data type resulted in an out-of-range value.&amp;apos;, Procedure : &amp;apos;ctemp&amp;apos;, LineNumber : 6 }, { Source : &amp;apos;.Net SqlClient Data Provider&amp;apos;, Number : 242, State : &amp;apos;3&amp;apos;, Class : &amp;apos;16&amp;apos;, Server : &amp;apos;192.168.11.14&amp;apos;, Message : &amp;apos;The conversion of a varchar data type to a datetime data type resulted in an out-of-range value.&amp;apos;, Procedure : &amp;apos;ctemp&amp;apos;, LineNumber : 6 }, { Source : &amp;apos;.Net SqlClient Data Provider&amp;apos;, Number : 242, State : &amp;apos;3&amp;apos;, Class : &amp;apos;16&amp;apos;, Server : &amp;apos;192.168.11.14&amp;apos;, Message : &amp;apos;The conversion of a varchar data type to a datetime data type resulted in an out-of-range value.&amp;apos;, Procedure : &amp;apos;ctemp&amp;apos;, LineNumber : 6 }, { Source : &amp;apos;.Net SqlClient Data Provider&amp;apos;, Number : 242, State : &amp;apos;3&amp;apos;, Class : &amp;apos;16&amp;apos;, Server : &amp;apos;192.168.11.14&amp;apos;, Message : &amp;apos;The conversion of a varchar data type to a datetime data type resulted in an out-of-range value.&amp;apos;, Procedure : &amp;apos;ctemp&amp;apos;, LineNumber : 6 }, { Source : &amp;apos;.Net SqlClient Data Provider&amp;apos;, Number : 242, State : &amp;apos;3&amp;apos;, Class : &amp;apos;16&amp;apos;, Server : &amp;apos;192.168.11.14&amp;apos;, Message : &amp;apos;The conversion of a varchar data type to a datetime data type resulted in an out-of-range value.&amp;apos;, Procedure : &amp;apos;ctemp&amp;apos;, LineNumber : 6 }, { Source : &amp;apos;.Net SqlClient Data Provider&amp;apos;, Number : 242, State : &amp;apos;3&amp;apos;, Class : &amp;apos;16&amp;apos;, Server : &amp;apos;192.168.11.14&amp;apos;, Message : &amp;apos;The conversion of a varchar data type to a datetime data type resulted in an out-of-range value.&amp;apos;, Procedure : &amp;apos;ctemp&amp;apos;, LineNumber : 6 }, { Source : &amp;apos;.Net SqlClient Data Provider&amp;apos;, Number : 242, State : &amp;apos;3&amp;apos;, Class : &amp;apos;16&amp;apos;, Server : &amp;apos;192.168.11.14&amp;apos;, Message : &amp;apos;The conversion of a varchar data type to a datetime data type resulted in an out-of-range value.&amp;apos;, Procedure : &amp;apos;ctemp&amp;apos;, LineNumber : 6 }, { Source : &amp;apos;.Net SqlClient Data Provider&amp;apos;, Number : 242, State : &amp;apos;3&amp;apos;, Class : &amp;apos;16&amp;apos;, Server : &amp;apos;192.168.11.14&amp;apos;, Message : &amp;apos;The conversion of a varchar data type to a datetime data type resulted in an out-of-range value.&amp;apos;, Procedure : &amp;apos;ctemp&amp;apos;, LineNumber : 6 }, { Source : &amp;apos;.Net SqlClient Data Provider&amp;apos;, Number : 242, State : &amp;apos;3&amp;apos;, Class : &amp;apos;16&amp;apos;, Server : &amp;apos;192.168.11.14&amp;apos;, Message : &amp;apos;The conversion of a varchar data type to a datetime data type resulted in an out-of-range value.&amp;apos;, Procedure : &amp;apos;ctemp&amp;apos;, LineNumber : 6 }, { Source : &amp;apos;.Net SqlClient Data Provider&amp;apos;, Number : 242, State : &amp;apos;3&amp;apos;, Class : &amp;apos;16&amp;apos;, Server : &amp;apos;192.168.11.14&amp;apos;, Message : &amp;apos;The conversion of a varchar data type to a datetime data type resulted in an out-of-range value.&amp;apos;, Procedure : &amp;apos;ctemp&amp;apos;, LineNumber : 6 }, { Source : &amp;apos;.Net SqlClient Data Provider&amp;apos;, Number : 242, State : &amp;apos;3&amp;apos;, Class : &amp;apos;16&amp;apos;, Server : &amp;apos;192.168.11.14&amp;apos;, Message : &amp;apos;The conversion of a varchar data type to a datetime data type resulted in an out-of-range value.&amp;apos;, Procedure : &amp;apos;ctemp&amp;apos;, LineNumber : 6 }, { Source : &amp;apos;.Net SqlClient Data Provider&amp;apos;, Number : 242, State : &amp;apos;3&amp;apos;, Class : &amp;apos;16&amp;apos;, Server : &amp;apos;192.168.11.14&amp;apos;, Message : &amp;apos;The conversion of a varchar data type to a datetime data type resulted in an out-of-range value.&amp;apos;, Procedure : &amp;apos;ctemp&amp;apos;, LineNumber : 6 }, { Source : &amp;apos;.Net SqlClient Data Provider&amp;apos;, Number : 242, State : &amp;apos;3&amp;apos;, Class : &amp;apos;16&amp;apos;, Server : &amp;apos;192.168.11.14&amp;apos;, Message : &amp;apos;The conversion of a varchar data type to a datetime data type resulted in an out-of-range value.&amp;apos;, Procedure : &amp;apos;ctemp&amp;apos;, LineNumber : 6 }, { Source : &amp;apos;.Net SqlClient Data Provider&amp;apos;, Number : 242, State : &amp;apos;3&amp;apos;, Class : &amp;apos;16&amp;apos;, Server : &amp;apos;192.168.11.14&amp;apos;, Message : &amp;apos;The conversion of a varchar data type to a datetime data type resulted in an out-of-range value.&amp;apos;, Procedure : &amp;apos;ctemp&amp;apos;, LineNumber : 6 }, { Source : &amp;apos;.Net SqlClient Data Provider&amp;apos;, Number : 242, State : &amp;apos;3&amp;apos;, Class : &amp;apos;16&amp;apos;, Server : &amp;apos;192.168.11.14&amp;apos;, Message : &amp;apos;The conversion of a varchar data type to a datetime data type resulted in an out-of-range value.&amp;apos;, Procedure : &amp;apos;ctemp&amp;apos;, LineNumber : 6 }, { Source : &amp;apos;.Net SqlClient Data Provider&amp;apos;, Number : 242, State : &amp;apos;3&amp;apos;, Class : &amp;apos;16&amp;apos;, Server : &amp;apos;192.168.11.14&amp;apos;, Message : &amp;apos;The conversion of a varchar data type to a datetime data type resulted in an out-of-range value.&amp;apos;, Procedure : &amp;apos;ctemp&amp;apos;, LineNumber : 6 }, { Source : &amp;apos;.Net SqlClient Data Provider&amp;apos;, Number : 242, State : &amp;apos;3&amp;apos;, Class : &amp;apos;16&amp;apos;, Server : &amp;apos;192.168.11.14&amp;apos;, Message : &amp;apos;The conversion of a varchar data type to a datetime data type resulted in an out-of-range value.&amp;apos;, Procedure : &amp;apos;ctemp&amp;apos;, LineNumber : 6 }, { Source : &amp;apos;.Net SqlClient Data Provider&amp;apos;, Number : 242, State : &amp;apos;3&amp;apos;, Class : &amp;apos;16&amp;apos;, Server : &amp;apos;192.168.11.14&amp;apos;, Message : &amp;apos;The conversion of a varchar data type to a datetime data type resulted in an out-of-range value.&amp;apos;, Procedure : &amp;apos;ctemp&amp;apos;, LineNumber : 6 }, { Source : &amp;apos;.Net SqlClient Data Provider&amp;apos;, Number : 242, State : &amp;apos;3&amp;apos;, Class : &amp;apos;16&amp;apos;, Server : &amp;apos;192.168.11.14&amp;apos;, Message : &amp;apos;The conversion of a varchar data type to a datetime data type resulted in an out-of-range value.&amp;apos;, Procedure : &amp;apos;ctemp&amp;apos;, LineNumber : 6 }, { Source : &amp;apos;.Net SqlClient Data Provider&amp;apos;, Number : 242, State : &amp;apos;3&amp;apos;, Class : &amp;apos;16&amp;apos;, Server : &amp;apos;192.168.11.14&amp;apos;, Message : &amp;apos;The conversion of a varchar data type to a datetime data type resulted in an out-of-range value.&amp;apos;, Procedure : &amp;apos;ctemp&amp;apos;, LineNumber : 6 }, { Source : &amp;apos;.Net SqlClient Data Provider&amp;apos;, Number : 242, State : &amp;apos;3&amp;apos;, Class : &amp;apos;16&amp;apos;, Server : &amp;apos;192.168.11.14&amp;apos;, Message : &amp;apos;The conversion of a varchar data type to a datetime data type resulted in an out-of-range value.&amp;apos;, Procedure : &amp;apos;ctemp&amp;apos;, LineNumber : 6 }, { Source : &amp;apos;.Net SqlClient Data Provider&amp;apos;, Number : 242, State : &amp;apos;3&amp;apos;, Class : &amp;apos;16&amp;apos;, Server : &amp;apos;192.168.11.14&amp;apos;, Message : &amp;apos;The conversion of a varchar data type to a datetime data type resulted in an out-of-range value.&amp;apos;, Procedure : &amp;apos;ctemp&amp;apos;, LineNumber : 6 }, { Source : &amp;apos;.Net SqlClient Data Provider&amp;apos;, Number : 242, State : &amp;apos;3&amp;apos;, Class : &amp;apos;16&amp;apos;, Server : &amp;apos;192.168.11.14&amp;apos;, Message : &amp;apos;The conversion of a varchar data type to a datetime data type resulted in an out-of-range value.&amp;apos;, Procedure : &amp;apos;ctemp&amp;apos;, LineNumber : 6 }, { Source : &amp;apos;.Net SqlClient Data Provider&amp;apos;, Number : 242, State : &amp;apos;3&amp;apos;, Class : &amp;apos;16&amp;apos;, Server : &amp;apos;192.168.11.14&amp;apos;, Message : &amp;apos;The conversion of a varchar data type to a datetime data type resulted in an out-of-range value.&amp;apos;, Procedure : &amp;apos;ctemp&amp;apos;, LineNumber : 6 }, { Source : &amp;apos;.Net SqlClient Data Provider&amp;apos;, Number : 242, State : &amp;apos;3&amp;apos;, Class : &amp;apos;16&amp;apos;, Server : &amp;apos;192.168.11.14&amp;apos;, Message : &amp;apos;The conversion of a varchar data type to a datetime data type resulted in an out-of-range value.&amp;apos;, Procedure : &amp;apos;ctemp&amp;apos;, LineNumber : 6 }, { Source : &amp;apos;.Net SqlClient Data Provider&amp;apos;, Number : 242, State : &amp;apos;3&amp;apos;, Class : &amp;apos;16&amp;apos;, Server : &amp;apos;192.168.11.14&amp;apos;, Message : &amp;apos;The conversion of a varchar data type to a datetime data type resulted in an out-of-range value.&amp;apos;, Procedure : &amp;apos;ctemp&amp;apos;, LineNumber : 6 }, { Source : &amp;apos;.Net SqlClient Data Provider&amp;apos;, Number : 242, State : &amp;apos;3&amp;apos;, Class : &amp;apos;16&amp;apos;, Server : &amp;apos;192.168.11.14&amp;apos;, Message : &amp;apos;The conversion of a varchar data type to a datetime data type resulted in an out-of-range value.&amp;apos;, Procedure : &amp;apos;ctemp&amp;apos;, LineNumber : 6 }, { Source : &amp;apos;.Net SqlClient Data Provider&amp;apos;, Number : 242, State : &amp;apos;3&amp;apos;, Class : &amp;apos;16&amp;apos;, Server : &amp;apos;192.168.11.14&amp;apos;, Message : &amp;apos;The conversion of a varchar data type to a datetime data type resulted in an out-of-range value.&amp;apos;, Procedure : &amp;apos;ctemp&amp;apos;, LineNumber : 6 }, { Source : &amp;apos;.Net SqlClient Data Provider&amp;apos;, Number : 242, State : &amp;apos;3&amp;apos;, Class : &amp;apos;16&amp;apos;, Server : &amp;apos;192.168.11.14&amp;apos;, Message : &amp;apos;The conversion of a varchar data type to a datetime data type resulted in an out-of-range value.&amp;apos;, Procedure : &amp;apos;ctemp&amp;apos;, LineNumber : 6 }, { Source : &amp;apos;.Net SqlClient Data Provider&amp;apos;, Number : 242, State : &amp;apos;3&amp;apos;, Class : &amp;apos;16&amp;apos;, Server : &amp;apos;192.168.11.14&amp;apos;, Message : &amp;apos;The conversion of a varchar data type to a datetime data type resulted in an out-of-range value.&amp;apos;, Procedure : &amp;apos;ctemp&amp;apos;, LineNumber : 6 }, { Source : &amp;apos;.Net SqlClient Data Provider&amp;apos;, Number : 242, State : &amp;apos;3&amp;apos;, Class : &amp;apos;16&amp;apos;, Server : &amp;apos;192.168.11.14&amp;apos;, Message : &amp;apos;The conversion of a varchar data type to a datetime data type resulted in an out-of-range value.&amp;apos;, Procedure : &amp;apos;ctemp&amp;apos;, LineNumber : 6 }, { Source : &amp;apos;.Net SqlClient Data Provider&amp;apos;, Number : 242, State : &amp;apos;3&amp;apos;, Class : &amp;apos;16&amp;apos;, Server : &amp;apos;192.168.11.14&amp;apos;, Message : &amp;apos;The conversion of a varchar data type to a datetime data type resulted in an out-of-range value.&amp;apos;, Procedure : &amp;apos;ctemp&amp;apos;, LineNumber : 6 }, { Source : &amp;apos;.Net SqlClient Data Provider&amp;apos;, Number : 242, State : &amp;apos;3&amp;apos;, Class : &amp;apos;16&amp;apos;, Server : &amp;apos;192.168.11.14&amp;apos;, Message : &amp;apos;The conversion of a varchar data type to a datetime data type resulted in an out-of-range value.&amp;apos;, Procedure : &amp;apos;ctemp&amp;apos;, LineNumber : 6 }, { Source : &amp;apos;.Net SqlClient Data Provider&amp;apos;, Number : 242, State : &amp;apos;3&amp;apos;, Class : &amp;apos;16&amp;apos;, Server : &amp;apos;192.168.11.14&amp;apos;, Message : &amp;apos;The conversion of a varchar data type to a datetime data type resulted in an out-of-range value.&amp;apos;, Procedure : &amp;apos;ctemp&amp;apos;, LineNumber : 6 }, { Source : &amp;apos;.Net SqlClient Data Provider&amp;apos;, Number : 242, State : &amp;apos;3&amp;apos;, Class : &amp;apos;16&amp;apos;, Server : &amp;apos;192.168.11.14&amp;apos;, Message : &amp;apos;The conversion of a varchar data type to a datetime data type resulted in an out-of-range value.&amp;apos;, Procedure : &amp;apos;ctemp&amp;apos;, LineNumber : 6 }, { Source : &amp;apos;.Net SqlClient Data Provider&amp;apos;, Number : 242, State : &amp;apos;3&amp;apos;, Class : &amp;apos;16&amp;apos;, Server : &amp;apos;192.168.11.14&amp;apos;, Message : &amp;apos;The conversion of a varchar data type to a datetime data type resulted in an out-of-range value.&amp;apos;, Procedure : &amp;apos;ctemp&amp;apos;, LineNumber : 6 }, { Source : &amp;apos;.Net SqlClient Data Provider&amp;apos;, Number : 242, State : &amp;apos;3&amp;apos;, Class : &amp;apos;16&amp;apos;, Server : &amp;apos;192.168.11.14&amp;apos;, Message : &amp;apos;The conversion of a varchar data type to a datetime data type resulted in an out-of-range value.&amp;apos;, Procedure : &amp;apos;ctemp&amp;apos;, LineNumber : 6 }, { Source : &amp;apos;.Net SqlClient Data Provider&amp;apos;, Number : 242, State : &amp;apos;3&amp;apos;, Class : &amp;apos;16&amp;apos;, Server : &amp;apos;192.168.11.14&amp;apos;, Message : &amp;apos;The conversion of a varchar data type to a datetime data type resulted in an out-of-range value.&amp;apos;, Procedure : &amp;apos;ctemp&amp;apos;, LineNumber : 6 }, { Source : &amp;apos;.Net SqlClient Data Provider&amp;apos;, Number : 242, State : &amp;apos;3&amp;apos;, Class : &amp;apos;16&amp;apos;, Server : &amp;apos;192.168.11.14&amp;apos;, Message : &amp;apos;The conversion of a varchar data type to a datetime data type resulted in an out-of-range value.&amp;apos;, Procedure : &amp;apos;ctemp&amp;apos;, LineNumber : 6 }, { Source : &amp;apos;.Net SqlClient Data Provider&amp;apos;, Number : 242, State : &amp;apos;3&amp;apos;, Class : &amp;apos;16&amp;apos;, Server : &amp;apos;192.168.11.14&amp;apos;, Message : &amp;apos;The conversion of a varchar data type to a datetime data type resulted in an out-of-range value.&amp;apos;, Procedure : &amp;apos;ctemp&amp;apos;, LineNumber : 6 }, { Source : &amp;apos;.Net SqlClient Data Provider&amp;apos;, Number : 242, State : &amp;apos;3&amp;apos;, Class : &amp;apos;16&amp;apos;, Server : &amp;apos;192.168.11.14&amp;apos;, Message : &amp;apos;The conversion of a varchar data type to a datetime data type resulted in an out-of-range value.&amp;apos;, Procedure : &amp;apos;ctemp&amp;apos;, LineNumber : 6 }, { Source : &amp;apos;.Net SqlClient Data Provider&amp;apos;, Number : 242, State : &amp;apos;3&amp;apos;, Class : &amp;apos;16&amp;apos;, Server : &amp;apos;192.168.11.14&amp;apos;, Message : &amp;apos;The conversion of a varchar data type to a datetime data type resulted in an out-of-range value.&amp;apos;, Procedure : &amp;apos;ctemp&amp;apos;, LineNumber : 6 }, { Source : &amp;apos;.Net SqlClient Data Provider&amp;apos;, Number : 242, State : &amp;apos;3&amp;apos;, Class : &amp;apos;16&amp;apos;, Server : &amp;apos;192.168.11.14&amp;apos;, Message : &amp;apos;The conversion of a varchar data type to a datetime data type resulted in an out-of-range value.&amp;apos;, Procedure : &amp;apos;ctemp&amp;apos;, LineNumber : 6 }, { Source : &amp;apos;.Net SqlClient Data Provider&amp;apos;, Number : 242, State : &amp;apos;3&amp;apos;, Class : &amp;apos;16&amp;apos;, Server : &amp;apos;192.168.11.14&amp;apos;, Message : &amp;apos;The conversion of a varchar data type to a datetime data type resulted in an out-of-range value.&amp;apos;, Procedure : &amp;apos;ctemp&amp;apos;, LineNumber : 6 }, { Source : &amp;apos;.Net SqlClient Data Provider&amp;apos;, Number : 242, State : &amp;apos;3&amp;apos;, Class : &amp;apos;16&amp;apos;, Server : &amp;apos;192.168.11.14&amp;apos;, Message : &amp;apos;The conversion of a varchar data type to a datetime data type resulted in an out-of-range value.&amp;apos;, Procedure : &amp;apos;ctemp&amp;apos;, LineNumber : 6 }, { Source : &amp;apos;.Net SqlClient Data Provider&amp;apos;, Number : 242, State : &amp;apos;3&amp;apos;, Class : &amp;apos;16&amp;apos;, Server : &amp;apos;192.168.11.14&amp;apos;, Message : &amp;apos;The conversion of a varchar data type to a datetime data type resulted in an out-of-range value.&amp;apos;, Procedure : &amp;apos;ctemp&amp;apos;, LineNumber : 6 }, { Source : &amp;apos;.Net SqlClient Data Provider&amp;apos;, Number : 242, State : &amp;apos;3&amp;apos;, Class : &amp;apos;16&amp;apos;, Server : &amp;apos;192.168.11.14&amp;apos;, Message : &amp;apos;The conversion of a varchar data type to a datetime data type resulted in an out-of-range value.&amp;apos;, Procedure : &amp;apos;ctemp&amp;apos;, LineNumber : 6 }, { Source : &amp;apos;.Net SqlClient Data Provider&amp;apos;, Number : 242, State : &amp;apos;3&amp;apos;, Class : &amp;apos;16&amp;apos;, Server : &amp;apos;192.168.11.14&amp;apos;, Message : &amp;apos;The conversion of a varchar data type to a datetime data type resulted in an out-of-range value.&amp;apos;, Procedure : &amp;apos;ctemp&amp;apos;, LineNumber : 6 }, { Source : &amp;apos;.Net SqlClient Data Provider&amp;apos;, Number : 242, State : &amp;apos;3&amp;apos;, Class : &amp;apos;16&amp;apos;, Server : &amp;apos;192.168.11.14&amp;apos;, Message : &amp;apos;The conversion of a varchar data type to a datetime data type resulted in an out-of-range value.&amp;apos;, Procedure : &amp;apos;ctemp&amp;apos;, LineNumber : 6 }, { Source : &amp;apos;.Net SqlClient Data Provider&amp;apos;, Number : 242, State : &amp;apos;3&amp;apos;, Class : &amp;apos;16&amp;apos;, Server : &amp;apos;192.168.11.14&amp;apos;, Message : &amp;apos;The conversion of a varchar data type to a datetime data type resulted in an out-of-range value.&amp;apos;, Procedure : &amp;apos;ctemp&amp;apos;, LineNumber : 6 }, { Source : &amp;apos;.Net SqlClient Data Provider&amp;apos;, Number : 242, State : &amp;apos;3&amp;apos;, Class : &amp;apos;16&amp;apos;, Server : &amp;apos;192.168.11.14&amp;apos;, Message : &amp;apos;The conversion of a varchar data type to a datetime data type resulted in an out-of-range value.&amp;apos;, Procedure : &amp;apos;ctemp&amp;apos;, LineNumber : 6 }, { Source : &amp;apos;.Net SqlClient Data Provider&amp;apos;, Number : 242, State : &amp;apos;3&amp;apos;, Class : &amp;apos;16&amp;apos;, Server : &amp;apos;192.168.11.14&amp;apos;, Message : &amp;apos;The conversion of a varchar data type to a datetime data type resulted in an out-of-range value.&amp;apos;, Procedure : &amp;apos;ctemp&amp;apos;, LineNumber : 6 }, { Source : &amp;apos;.Net SqlClient Data Provider&amp;apos;, Number : 242, State : &amp;apos;3&amp;apos;, Class : &amp;apos;16&amp;apos;, Server : &amp;apos;192.168.11.14&amp;apos;, Message : &amp;apos;The conversion of a varchar data type to a datetime data type resulted in an out-of-range value.&amp;apos;, Procedure : &amp;apos;ctemp&amp;apos;, LineNumber : 6 }, { Source : &amp;apos;.Net SqlClient Data Provider&amp;apos;, Number : 242, State : &amp;apos;3&amp;apos;, Class : &amp;apos;16&amp;apos;, Server : &amp;apos;192.168.11.14&amp;apos;, Message : &amp;apos;The conversion of a varchar data type to a datetime data type resulted in an out-of-range value.&amp;apos;, Procedure : &amp;apos;ctemp&amp;apos;, LineNumber : 6 }, { Source : &amp;apos;.Net SqlClient Data Provider&amp;apos;, Number : 242, State : &amp;apos;3&amp;apos;, Class : &amp;apos;16&amp;apos;, Server : &amp;apos;192.168.11.14&amp;apos;, Message : &amp;apos;The conversion of a varchar data type to a datetime data type resulted in an out-of-range value.&amp;apos;, Procedure : &amp;apos;ctemp&amp;apos;, LineNumber : 6 }, { Source : &amp;apos;.Net SqlClient Data Provider&amp;apos;, Number : 242, State : &amp;apos;3&amp;apos;, Class : &amp;apos;16&amp;apos;, Server : &amp;apos;192.168.11.14&amp;apos;, Message : &amp;apos;The conversion of a varchar data type to a datetime data type resulted in an out-of-range value.&amp;apos;, Procedure : &amp;apos;ctemp&amp;apos;, LineNumber : 6 }, { Source : &amp;apos;.Net SqlClient Data Provider&amp;apos;, Number : 242, State : &amp;apos;3&amp;apos;, Class : &amp;apos;16&amp;apos;, Server : &amp;apos;192.168.11.14&amp;apos;, Message : &amp;apos;The conversion of a varchar data type to a datetime data type resulted in an out-of-range value.&amp;apos;, Procedure : &amp;apos;ctemp&amp;apos;, LineNumber : 6 }, { Source : &amp;apos;.Net SqlClient Data Provider&amp;apos;, Number : 242, State : &amp;apos;3&amp;apos;, Class : &amp;apos;16&amp;apos;, Server : &amp;apos;192.168.11.14&amp;apos;, Message : &amp;apos;The conversion of a varchar data type to a datetime data type resulted in an out-of-range value.&amp;apos;, Procedure : &amp;apos;ctemp&amp;apos;, LineNumber : 6 }, { Source : &amp;apos;.Net SqlClient Data Provider&amp;apos;, Number : 242, State : &amp;apos;3&amp;apos;, Class : &amp;apos;16&amp;apos;, Server : &amp;apos;192.168.11.14&amp;apos;, Message : &amp;apos;The conversion of a varchar data type to a datetime data type resulted in an out-of-range value.&amp;apos;, Procedure : &amp;apos;ctemp&amp;apos;, LineNumber : 6 }, { Source : &amp;apos;.Net SqlClient Data Provider&amp;apos;, Number : 242, State : &amp;apos;3&amp;apos;, Class : &amp;apos;16&amp;apos;, Server : &amp;apos;192.168.11.14&amp;apos;, Message : &amp;apos;The conversion of a varchar data type to a datetime data type resulted in an out-of-range value.&amp;apos;, Procedure : &amp;apos;ctemp&amp;apos;, LineNumber : 6 }, { Source : &amp;apos;.Net SqlClient Data Provider&amp;apos;, Number : 242, State : &amp;apos;3&amp;apos;, Class : &amp;apos;16&amp;apos;, Server : &amp;apos;192.168.11.14&amp;apos;, Message : &amp;apos;The conversion of a varchar data type to a datetime data type resulted in an out-of-range value.&amp;apos;, Procedure : &amp;apos;ctemp&amp;apos;, LineNumber : 6 }, { Source : &amp;apos;.Net SqlClient Data Provider&amp;apos;, Number : 242, State : &amp;apos;3&amp;apos;, Class : &amp;apos;16&amp;apos;, Server : &amp;apos;192.168.11.14&amp;apos;, Message : &amp;apos;The conversion of a varchar data type to a datetime data type resulted in an out-of-range value.&amp;apos;, Procedure : &amp;apos;ctemp&amp;apos;, LineNumber : 6 }, { Source : &amp;apos;.Net SqlClient Data Provider&amp;apos;, Number : 242, State : &amp;apos;3&amp;apos;, Class : &amp;apos;16&amp;apos;, Server : &amp;apos;192.168.11.14&amp;apos;, Message : &amp;apos;The conversion of a varchar data type to a datetime data type resulted in an out-of-range value.&amp;apos;, Procedure : &amp;apos;ctemp&amp;apos;, LineNumber : 6 }, { Source : &amp;apos;.Net SqlClient Data Provider&amp;apos;, Number : 242, State : &amp;apos;3&amp;apos;, Class : &amp;apos;16&amp;apos;, Server : &amp;apos;192.168.11.14&amp;apos;, Message : &amp;apos;The conversion of a varchar data type to a datetime data type resulted in an out-of-range value.&amp;apos;, Procedure : &amp;apos;ctemp&amp;apos;, LineNumber : 6 }, { Source : &amp;apos;.Net SqlClient Data Provider&amp;apos;, Number : 242, State : &amp;apos;3&amp;apos;, Class : &amp;apos;16&amp;apos;, Server : &amp;apos;192.168.11.14&amp;apos;, Message : &amp;apos;The conversion of a varchar data type to a datetime data type resulted in an out-of-range value.&amp;apos;, Procedure : &amp;apos;ctemp&amp;apos;, LineNumber : 6 }, { Source : &amp;apos;.Net SqlClient Data Provider&amp;apos;, Number : 242, State : &amp;apos;3&amp;apos;, Class : &amp;apos;16&amp;apos;, Server : &amp;apos;192.168.11.14&amp;apos;, Message : &amp;apos;The conversion of a varchar data type to a datetime data type resulted in an out-of-range value.&amp;apos;, Procedure : &amp;apos;ctemp&amp;apos;, LineNumber : 6 }, { Source : &amp;apos;.Net SqlClient Data Provider&amp;apos;, Number : 242, State : &amp;apos;3&amp;apos;, Class : &amp;apos;16&amp;apos;, Server : &amp;apos;192.168.11.14&amp;apos;, Message : &amp;apos;The conversion of a varchar data type to a datetime data type resulted in an out-of-range value.&amp;apos;, Procedure : &amp;apos;ctemp&amp;apos;, LineNumber : 6 }, { Source : &amp;apos;.Net SqlClient Data Provider&amp;apos;, Number : 242, State : &amp;apos;3&amp;apos;, Class : &amp;apos;16&amp;apos;, Server : &amp;apos;192.168.11.14&amp;apos;, Message : &amp;apos;The conversion of a varchar data type to a datetime data type resulted in an out-of-range value.&amp;apos;, Procedure : &amp;apos;ctemp&amp;apos;, LineNumber : 6 }, { Source : &amp;apos;.Net SqlClient Data Provider&amp;apos;, Number : 242, State : &amp;apos;3&amp;apos;, Class : &amp;apos;16&amp;apos;, Server : &amp;apos;192.168.11.14&amp;apos;, Message : &amp;apos;The conversion of a varchar data type to a datetime data type resulted in an out-of-range value.&amp;apos;, Procedure : &amp;apos;ctemp&amp;apos;, LineNumber : 6 }, { Source : &amp;apos;.Net SqlClient Data Provider&amp;apos;, Number : 242, State : &amp;apos;3&amp;apos;, Class : &amp;apos;16&amp;apos;, Server : &amp;apos;192.168.11.14&amp;apos;, Message : &amp;apos;The conversion of a varchar data type to a datetime data type resulted in an out-of-range value.&amp;apos;, Procedure : &amp;apos;ctemp&amp;apos;, LineNumber : 6 }, { Source : &amp;apos;.Net SqlClient Data Provider&amp;apos;, Number : 242, State : &amp;apos;3&amp;apos;, Class : &amp;apos;16&amp;apos;, Server : &amp;apos;192.168.11.14&amp;apos;, Message : &amp;apos;The conversion of a varchar data type to a datetime data type resulted in an out-of-range value.&amp;apos;, Procedure : &amp;apos;ctemp&amp;apos;, LineNumber : 6 }, { Source : &amp;apos;.Net SqlClient Data Provider&amp;apos;, Number : 242, State : &amp;apos;3&amp;apos;, Class : &amp;apos;16&amp;apos;, Server : &amp;apos;192.168.11.14&amp;apos;, Message : &amp;apos;The conversion of a varchar data type to a datetime data type resulted in an out-of-range value.&amp;apos;, Procedure : &amp;apos;ctemp&amp;apos;, LineNumber : 6 }, { Source : &amp;apos;.Net SqlClient Data Provider&amp;apos;, Number : 242, State : &amp;apos;3&amp;apos;, Class : &amp;apos;16&amp;apos;, Server : &amp;apos;192.168.11.14&amp;apos;, Message : &amp;apos;The conversion of a varchar data type to a datetime data type resulted in an out-of-range value.&amp;apos;, Procedure : &amp;apos;ctemp&amp;apos;, LineNumber : 6 }, { Source : &amp;apos;.Net SqlClient Data Provider&amp;apos;, Number : 242, State : &amp;apos;3&amp;apos;, Class : &amp;apos;16&amp;apos;, Server : &amp;apos;192.168.11.14&amp;apos;, Message : &amp;apos;The conversion of a varchar data type to a datetime data type resulted in an out-of-range value.&amp;apos;, Procedure : &amp;apos;ctemp&amp;apos;, LineNumber : 6 }, { Source : &amp;apos;.Net SqlClient Data Provider&amp;apos;, Number : 242, State : &amp;apos;3&amp;apos;, Class : &amp;apos;16&amp;apos;, Server : &amp;apos;192.168.11.14&amp;apos;, Message : &amp;apos;The conversion of a varchar data type to a datetime data type resulted in an out-of-range value.&amp;apos;, Procedure : &amp;apos;ctemp&amp;apos;, LineNumber : 6 }, { Source : &amp;apos;.Net SqlClient Data Provider&amp;apos;, Number : 242, State : &amp;apos;3&amp;apos;, Class : &amp;apos;16&amp;apos;, Server : &amp;apos;192.168.11.14&amp;apos;, Message : &amp;apos;The conversion of a varchar data type to a datetime data type resulted in an out-of-range value.&amp;apos;, Procedure : &amp;apos;ctemp&amp;apos;, LineNumber : 6 }, { Source : &amp;apos;.Net SqlClient Data Provider&amp;apos;, Number : 242, State : &amp;apos;3&amp;apos;, Class : &amp;apos;16&amp;apos;, Server : &amp;apos;192.168.11.14&amp;apos;, Message : &amp;apos;The conversion of a varchar data type to a datetime data type resulted in an out-of-range value.&amp;apos;, Procedure : &amp;apos;ctemp&amp;apos;, LineNumber : 6 }, { Source : &amp;apos;.Net SqlClient Data Provider&amp;apos;, Number : 242, State : &amp;apos;3&amp;apos;, Class : &amp;apos;16&amp;apos;, Server : &amp;apos;192.168.11.14&amp;apos;, Message : &amp;apos;The conversion of a varchar data type to a datetime data type resulted in an out-of-range value.&amp;apos;, Procedure : &amp;apos;ctemp&amp;apos;, LineNumber : 6 }, { Source : &amp;apos;.Net SqlClient Data Provider&amp;apos;, Number : 242, State : &amp;apos;3&amp;apos;, Class : &amp;apos;16&amp;apos;, Server : &amp;apos;192.168.11.14&amp;apos;, Message : &amp;apos;The conversion of a varchar data type to a datetime data type resulted in an out-of-range value.&amp;apos;, Procedure : &amp;apos;ctemp&amp;apos;, LineNumber : 6 }, { Source : &amp;apos;.Net SqlClient Data Provider&amp;apos;, Number : 242, State : &amp;apos;3&amp;apos;, Class : &amp;apos;16&amp;apos;, Server : &amp;apos;192.168.11.14&amp;apos;, Message : &amp;apos;The conversion of a varchar data type to a datetime data type resulted in an out-of-range value.&amp;apos;, Procedure : &amp;apos;ctemp&amp;apos;, LineNumber : 6 }, { Source : &amp;apos;.Net SqlClient Data Provider&amp;apos;, Number : 242, State : &amp;apos;3&amp;apos;, Class : &amp;apos;16&amp;apos;, Server : &amp;apos;192.168.11.14&amp;apos;, Message : &amp;apos;The conversion of a varchar data type to a datetime data type resulted in an out-of-range value.&amp;apos;, Procedure : &amp;apos;ctemp&amp;apos;, LineNumber : 6 }, { Source : &amp;apos;.Net SqlClient Data Provider&amp;apos;, Number : 242, State : &amp;apos;3&amp;apos;, Class : &amp;apos;16&amp;apos;, Server : &amp;apos;192.168.11.14&amp;apos;, Message : &amp;apos;The conversion of a varchar data type to a datetime data type resulted in an out-of-range value.&amp;apos;, Procedure : &amp;apos;ctemp&amp;apos;, LineNumber : 6 }, { Source : &amp;apos;.Net SqlClient Data Provider&amp;apos;, Number : 242, State : &amp;apos;3&amp;apos;, Class : &amp;apos;16&amp;apos;, Server : &amp;apos;192.168.11.14&amp;apos;, Message : &amp;apos;The conversion of a varchar data type to a datetime data type resulted in an out-of-range value.&amp;apos;, Procedure : &amp;apos;ctemp&amp;apos;, LineNumber : 6 }, { Source : &amp;apos;.Net SqlClient Data Provider&amp;apos;, Number : 242, State : &amp;apos;3&amp;apos;, Class : &amp;apos;16&amp;apos;, Server : &amp;apos;192.168.11.14&amp;apos;, Message : &amp;apos;The conversion of a varchar data type to a datetime data type resulted in an out-of-range value.&amp;apos;, Procedure : &amp;apos;ctemp&amp;apos;, LineNumber : 6 }, { Source : &amp;apos;.Net SqlClient Data Provider&amp;apos;, Number : 242, State : &amp;apos;3&amp;apos;, Class : &amp;apos;16&amp;apos;, Server : &amp;apos;192.168.11.14&amp;apos;, Message : &amp;apos;The conversion of a varchar data type to a datetime data type resulted in an out-of-range value.&amp;apos;, Procedure : &amp;apos;ctemp&amp;apos;, LineNumber : 6 }, { Source : &amp;apos;.Net SqlClient Data Provider&amp;apos;, Number : 242, State : &amp;apos;3&amp;apos;, Class : &amp;apos;16&amp;apos;, Server : &amp;apos;192.168.11.14&amp;apos;, Message : &amp;apos;The conversion of a varchar data type to a datetime data type resulted in an out-of-range value.&amp;apos;, Procedure : &amp;apos;ctemp&amp;apos;, LineNumber : 6 }, { Source : &amp;apos;.Net SqlClient Data Provider&amp;apos;, Number : 242, State : &amp;apos;3&amp;apos;, Class : &amp;apos;16&amp;apos;, Server : &amp;apos;192.168.11.14&amp;apos;, Message : &amp;apos;The conversion of a varchar data type to a datetime data type resulted in an out-of-range value.&amp;apos;, Procedure : &amp;apos;ctemp&amp;apos;, LineNumber : 6 }, { Source : &amp;apos;.Net SqlClient Data Provider&amp;apos;, Number : 242, State : &amp;apos;3&amp;apos;, Class : &amp;apos;16&amp;apos;, Server : &amp;apos;192.168.11.14&amp;apos;, Message : &amp;apos;The conversion of a varchar data type to a datetime data type resulted in an out-of-range value.&amp;apos;, Procedure : &amp;apos;ctemp&amp;apos;, LineNumber : 6 }, { Source : &amp;apos;.Net SqlClient Data Provider&amp;apos;, Number : 242, State : &amp;apos;3&amp;apos;, Class : &amp;apos;16&amp;apos;, Server : &amp;apos;192.168.11.14&amp;apos;, Message : &amp;apos;The conversion of a varchar data type to a datetime data type resulted in an out-of-range value.&amp;apos;, Procedure : &amp;apos;ctemp&amp;apos;, LineNumber : 6 }, { Source : &amp;apos;.Net SqlClient Data Provider&amp;apos;, Number : 242, State : &amp;apos;3&amp;apos;, Class : &amp;apos;16&amp;apos;, Server : &amp;apos;192.168.11.14&amp;apos;, Message : &amp;apos;The conversion of a varchar data type to a datetime data type resulted in an out-of-range value.&amp;apos;, Procedure : &amp;apos;ctemp&amp;apos;, LineNumber : 6 }, { Source : &amp;apos;.Net SqlClient Data Provider&amp;apos;, Number : 242, State : &amp;apos;3&amp;apos;, Class : &amp;apos;16&amp;apos;, Server : &amp;apos;192.168.11.14&amp;apos;, Message : &amp;apos;The conversion of a varchar data type to a datetime data type resulted in an out-of-range value.&amp;apos;, Procedure : &amp;apos;ctemp&amp;apos;, LineNumber : 6 }, { Source : &amp;apos;.Net SqlClient Data Provider&amp;apos;, Number : 242, State : &amp;apos;3&amp;apos;, Class : &amp;apos;16&amp;apos;, Server : &amp;apos;192.168.11.14&amp;apos;, Message : &amp;apos;The conversion of a varchar data type to a datetime data type resulted in an out-of-range value.&amp;apos;, Procedure : &amp;apos;ctemp&amp;apos;, LineNumber : 6 }, { Source : &amp;apos;.Net SqlClient Data Provider&amp;apos;, Number : 242, State : &amp;apos;3&amp;apos;, Class : &amp;apos;16&amp;apos;, Server : &amp;apos;192.168.11.14&amp;apos;, Message : &amp;apos;The conversion of a varchar data type to a datetime data type resulted in an out-of-range value.&amp;apos;, Procedure : &amp;apos;ctemp&amp;apos;, LineNumber : 6 }, { Source : &amp;apos;.Net SqlClient Data Provider&amp;apos;, Number : 242, State : &amp;apos;3&amp;apos;, Class : &amp;apos;16&amp;apos;, Server : &amp;apos;192.168.11.14&amp;apos;, Message : &amp;apos;The conversion of a varchar data type to a datetime data type resulted in an out-of-range value.&amp;apos;, Procedure : &amp;apos;ctemp&amp;apos;, LineNumber : 6 }, { Source : &amp;apos;.Net SqlClient Data Provider&amp;apos;, Number : 242, State : &amp;apos;3&amp;apos;, Class : &amp;apos;16&amp;apos;, Server : &amp;apos;192.168.11.14&amp;apos;, Message : &amp;apos;The conversion of a varchar data type to a datetime data type resulted in an out-of-range value.&amp;apos;, Procedure : &amp;apos;ctemp&amp;apos;, LineNumber : 6 }, { Source : &amp;apos;.Net SqlClient Data Provider&amp;apos;, Number : 242, State : &amp;apos;3&amp;apos;, Class : &amp;apos;16&amp;apos;, Server : &amp;apos;192.168.11.14&amp;apos;, Message : &amp;apos;The conversion of a varchar data type to a datetime data type resulted in an out-of-range value.&amp;apos;, Procedure : &amp;apos;ctemp&amp;apos;, LineNumber : 6 }, { Source : &amp;apos;.Net SqlClient Data Provider&amp;apos;, Number : 242, State : &amp;apos;3&amp;apos;, Class : &amp;apos;16&amp;apos;, Server : &amp;apos;192.168.11.14&amp;apos;, Message : &amp;apos;The conversion of a varchar data type to a datetime data type resulted in an out-of-range value.&amp;apos;, Procedure : &amp;apos;ctemp&amp;apos;, LineNumber : 6 }, { Source : &amp;apos;.Net SqlClient Data Provider&amp;apos;, Number : 242, State : &amp;apos;3&amp;apos;, Class : &amp;apos;16&amp;apos;, Server : &amp;apos;192.168.11.14&amp;apos;, Message : &amp;apos;The conversion of a varchar data type to a datetime data type resulted in an out-of-range value.&amp;apos;, Procedure : &amp;apos;ctemp&amp;apos;, LineNumber : 6 }, { Source : &amp;apos;.Net SqlClient Data Provider&amp;apos;, Number : 242, State : &amp;apos;3&amp;apos;, Class : &amp;apos;16&amp;apos;, Server : &amp;apos;192.168.11.14&amp;apos;, Message : &amp;apos;The conversion of a varchar data type to a datetime data type resulted in an out-of-range value.&amp;apos;, Procedure : &amp;apos;ctemp&amp;apos;, LineNumber : 6 }, { Source : &amp;apos;.Net SqlClient Data Provider&amp;apos;, Number : 242, State : &amp;apos;3&amp;apos;, Class : &amp;apos;16&amp;apos;, Server : &amp;apos;192.168.11.14&amp;apos;, Message : &amp;apos;The conversion of a varchar data type to a datetime data type resulted in an out-of-range value.&amp;apos;, Procedure : &amp;apos;ctemp&amp;apos;, LineNumber : 6 }, { Source : &amp;apos;.Net SqlClient Data Provider&amp;apos;, Number : 242, State : &amp;apos;3&amp;apos;, Class : &amp;apos;16&amp;apos;, Server : &amp;apos;192.168.11.14&amp;apos;, Message : &amp;apos;The conversion of a varchar data type to a datetime data type resulted in an out-of-range value.&amp;apos;, Procedure : &amp;apos;ctemp&amp;apos;, LineNumber : 6 }, { Source : &amp;apos;.Net SqlClient Data Provider&amp;apos;, Number : 242, State : &amp;apos;3&amp;apos;, Class : &amp;apos;16&amp;apos;, Server : &amp;apos;192.168.11.14&amp;apos;, Message : &amp;apos;The conversion of a varchar data type to a datetime data type resulted in an out-of-range value.&amp;apos;, Procedure : &amp;apos;ctemp&amp;apos;, LineNumber : 6 }, { Source : &amp;apos;.Net SqlClient Data Provider&amp;apos;, Number : 242, State : &amp;apos;3&amp;apos;, Class : &amp;apos;16&amp;apos;, Server : &amp;apos;192.168.11.14&amp;apos;, Message : &amp;apos;The conversion of a varchar data type to a datetime data type resulted in an out-of-range value.&amp;apos;, Procedure : &amp;apos;ctemp&amp;apos;, LineNumber : 6 }, { Source : &amp;apos;.Net SqlClient Data Provider&amp;apos;, Number : 242, State : &amp;apos;3&amp;apos;, Class : &amp;apos;16&amp;apos;, Server : &amp;apos;192.168.11.14&amp;apos;, Message : &amp;apos;The conversion of a varchar data type to a datetime data type resulted in an out-of-range value.&amp;apos;, Procedure : &amp;apos;ctemp&amp;apos;, LineNumber : 6 }, { Source : &amp;apos;.Net SqlClient Data Provider&amp;apos;, Number : 242, State : &amp;apos;3&amp;apos;, Class : &amp;apos;16&amp;apos;, Server : &amp;apos;192.168.11.14&amp;apos;, Message : &amp;apos;The conversion of a varchar data type to a datetime data type resulted in an out-of-range value.&amp;apos;, Procedure : &amp;apos;ctemp&amp;apos;, LineNumber : 6 }, { Source : &amp;apos;.Net SqlClient Data Provider&amp;apos;, Number : 242, State : &amp;apos;3&amp;apos;, Class : &amp;apos;16&amp;apos;, Server : &amp;apos;192.168.11.14&amp;apos;, Message : &amp;apos;The conversion of a varchar data type to a datetime data type resulted in an out-of-range value.&amp;apos;, Procedure : &amp;apos;ctemp&amp;apos;, LineNumber : 6 }, { Source : &amp;apos;.Net SqlClient Data Provider&amp;apos;, Number : 242, State : &amp;apos;3&amp;apos;, Class : &amp;apos;16&amp;apos;, Server : &amp;apos;192.168.11.14&amp;apos;, Message : &amp;apos;The conversion of a varchar data type to a datetime data type resulted in an out-of-range value.&amp;apos;, Procedure : &amp;apos;ctemp&amp;apos;, LineNumber : 6 }, { Source : &amp;apos;.Net SqlClient Data Provider&amp;apos;, Number : 242, State : &amp;apos;3&amp;apos;, Class : &amp;apos;16&amp;apos;, Server : &amp;apos;192.168.11.14&amp;apos;, Message : &amp;apos;The conversion of a varchar data type to a datetime data type resulted in an out-of-range value.&amp;apos;, Procedure : &amp;apos;ctemp&amp;apos;, LineNumber : 6 }, { Source : &amp;apos;.Net SqlClient Data Provider&amp;apos;, Number : 242, State : &amp;apos;3&amp;apos;, Class : &amp;apos;16&amp;apos;, Server : &amp;apos;192.168.11.14&amp;apos;, Message : &amp;apos;The conversion of a varchar data type to a datetime data type resulted in an out-of-range value.&amp;apos;, Procedure : &amp;apos;ctemp&amp;apos;, LineNumber : 6 }, { Source : &amp;apos;.Net SqlClient Data Provider&amp;apos;, Number : 242, State : &amp;apos;3&amp;apos;, Class : &amp;apos;16&amp;apos;, Server : &amp;apos;192.168.11.14&amp;apos;, Message : &amp;apos;The conversion of a varchar data type to a datetime data type resulted in an out-of-range value.&amp;apos;, Procedure : &amp;apos;ctemp&amp;apos;, LineNumber : 6 }, { Source : &amp;apos;.Net SqlClient Data Provider&amp;apos;, Number : 242, State : &amp;apos;3&amp;apos;, Class : &amp;apos;16&amp;apos;, Server : &amp;apos;192.168.11.14&amp;apos;, Message : &amp;apos;The conversion of a varchar data type to a datetime data type resulted in an out-of-range value.&amp;apos;, Procedure : &amp;apos;ctemp&amp;apos;, LineNumber : 6 }, { Source : &amp;apos;.Net SqlClient Data Provider&amp;apos;, Number : 242, State : &amp;apos;3&amp;apos;, Class : &amp;apos;16&amp;apos;, Server : &amp;apos;192.168.11.14&amp;apos;, Message : &amp;apos;The conversion of a varchar data type to a datetime data type resulted in an out-of-range value.&amp;apos;, Procedure : &amp;apos;ctemp&amp;apos;, LineNumber : 6 }, { Source : &amp;apos;.Net SqlClient Data Provider&amp;apos;, Number : 242, State : &amp;apos;3&amp;apos;, Class : &amp;apos;16&amp;apos;, Server : &amp;apos;192.168.11.14&amp;apos;, Message : &amp;apos;The conversion of a varchar data type to a datetime data type resulted in an out-of-range value.&amp;apos;, Procedure : &amp;apos;ctemp&amp;apos;, LineNumber : 6 }, { Source : &amp;apos;.Net SqlClient Data Provider&amp;apos;, Number : 242, State : &amp;apos;3&amp;apos;, Class : &amp;apos;16&amp;apos;, Server : &amp;apos;192.168.11.14&amp;apos;, Message : &amp;apos;The conversion of a varchar data type to a datetime data type resulted in an out-of-range value.&amp;apos;, Procedure : &amp;apos;ctemp&amp;apos;, LineNumber : 6 }, { Source : &amp;apos;.Net SqlClient Data Provider&amp;apos;, Number : 242, State : &amp;apos;3&amp;apos;, Class : &amp;apos;16&amp;apos;, Server : &amp;apos;192.168.11.14&amp;apos;, Message : &amp;apos;The conversion of a varchar data type to a datetime data type resulted in an out-of-range value.&amp;apos;, Procedure : &amp;apos;ctemp&amp;apos;, LineNumber : 6 }, { Source : &amp;apos;.Net SqlClient Data Provider&amp;apos;, Number : 242, State : &amp;apos;3&amp;apos;, Class : &amp;apos;16&amp;apos;, Server : &amp;apos;192.168.11.14&amp;apos;, Message : &amp;apos;The conversion of a varchar data type to a datetime data type resulted in an out-of-range value.&amp;apos;, Procedure : &amp;apos;ctemp&amp;apos;, LineNumber : 6 }, { Source : &amp;apos;.Net SqlClient Data Provider&amp;apos;, Number : 242, State : &amp;apos;3&amp;apos;, Class : &amp;apos;16&amp;apos;, Server : &amp;apos;192.168.11.14&amp;apos;, Message : &amp;apos;The conversion of a varchar data type to a datetime data type resulted in an out-of-range value.&amp;apos;, Procedure : &amp;apos;ctemp&amp;apos;, LineNumber : 6 }, { Source : &amp;apos;.Net SqlClient Data Provider&amp;apos;, Number : 242, State : &amp;apos;3&amp;apos;, Class : &amp;apos;16&amp;apos;, Server : &amp;apos;192.168.11.14&amp;apos;, Message : &amp;apos;The conversion of a varchar data type to a datetime data type resulted in an out-of-range value.&amp;apos;, Procedure : &amp;apos;ctemp&amp;apos;, LineNumber : 6 }, { Source : &amp;apos;.Net SqlClient Data Provider&amp;apos;, Number : 242, State : &amp;apos;3&amp;apos;, Class : &amp;apos;16&amp;apos;, Server : &amp;apos;192.168.11.14&amp;apos;, Message : &amp;apos;The conversion of a varchar data type to a datetime data type resulted in an out-of-range value.&amp;apos;, Procedure : &amp;apos;ctemp&amp;apos;, LineNumber : 6 }, { Source : &amp;apos;.Net SqlClient Data Provider&amp;apos;, Number : 242, State : &amp;apos;3&amp;apos;, Class : &amp;apos;16&amp;apos;, Server : &amp;apos;192.168.11.14&amp;apos;, Message : &amp;apos;The conversion of a varchar data type to a datetime data type resulted in an out-of-range value.&amp;apos;, Procedure : &amp;apos;ctemp&amp;apos;, LineNumber : 6 }, { Source : &amp;apos;.Net SqlClient Data Provider&amp;apos;, Number : 242, State : &amp;apos;3&amp;apos;, Class : &amp;apos;16&amp;apos;, Server : &amp;apos;192.168.11.14&amp;apos;, Message : &amp;apos;The conversion of a varchar data type to a datetime data type resulted in an out-of-range value.&amp;apos;, Procedure : &amp;apos;ctemp&amp;apos;, LineNumber : 6 }, { Source : &amp;apos;.Net SqlClient Data Provider&amp;apos;, Number : 242, State : &amp;apos;3&amp;apos;, Class : &amp;apos;16&amp;apos;, Server : &amp;apos;192.168.11.14&amp;apos;, Message : &amp;apos;The conversion of a varchar data type to a datetime data type resulted in an out-of-range value.&amp;apos;, Procedure : &amp;apos;ctemp&amp;apos;, LineNumber : 6 }, { Source : &amp;apos;.Net SqlClient Data Provider&amp;apos;, Number : 242, State : &amp;apos;3&amp;apos;, Class : &amp;apos;16&amp;apos;, Server : &amp;apos;192.168.11.14&amp;apos;, Message : &amp;apos;The conversion of a varchar data type to a datetime data type resulted in an out-of-range value.&amp;apos;, Procedure : &amp;apos;ctemp&amp;apos;, LineNumber : 6 }, { Source : &amp;apos;.Net SqlClient Data Provider&amp;apos;, Number : 242, State : &amp;apos;3&amp;apos;, Class : &amp;apos;16&amp;apos;, Server : &amp;apos;192.168.11.14&amp;apos;, Message : &amp;apos;The conversion of a varchar data type to a datetime data type resulted in an out-of-range value.&amp;apos;, Procedure : &amp;apos;ctemp&amp;apos;, LineNumber : 6 }, { Source : &amp;apos;.Net SqlClient Data Provider&amp;apos;, Number : 242, State : &amp;apos;3&amp;apos;, Class : &amp;apos;16&amp;apos;, Server : &amp;apos;192.168.11.14&amp;apos;, Message : &amp;apos;The conversion of a varchar data type to a datetime data type resulted in an out-of-range value.&amp;apos;, Procedure : &amp;apos;ctemp&amp;apos;, LineNumber : 6 }, { Source : &amp;apos;.Net SqlClient Data Provider&amp;apos;, Number : 242, State : &amp;apos;3&amp;apos;, Class : &amp;apos;16&amp;apos;, Server : &amp;apos;192.168.11.14&amp;apos;, Message : &amp;apos;The conversion of a varchar data type to a datetime data type resulted in an out-of-range value.&amp;apos;, Procedure : &amp;apos;ctemp&amp;apos;, LineNumber : 6 }, { Source : &amp;apos;.Net SqlClient Data Provider&amp;apos;, Number : 242, State : &amp;apos;3&amp;apos;, Class : &amp;apos;16&amp;apos;, Server : &amp;apos;192.168.11.14&amp;apos;, Message : &amp;apos;The conversion of a varchar data type to a datetime data type resulted in an out-of-range value.&amp;apos;, Procedure : &amp;apos;ctemp&amp;apos;, LineNumber : 6 }, { Source : &amp;apos;.Net SqlClient Data Provider&amp;apos;, Number : 242, State : &amp;apos;3&amp;apos;, Class : &amp;apos;16&amp;apos;, Server : &amp;apos;192.168.11.14&amp;apos;, Message : &amp;apos;The conversion of a varchar data type to a datetime data type resulted in an out-of-range value.&amp;apos;, Procedure : &amp;apos;ctemp&amp;apos;, LineNumber : 6 }, { Source : &amp;apos;.Net SqlClient Data Provider&amp;apos;, Number : 242, State : &amp;apos;3&amp;apos;, Class : &amp;apos;16&amp;apos;, Server : &amp;apos;192.168.11.14&amp;apos;, Message : &amp;apos;The conversion of a varchar data type to a datetime data type resulted in an out-of-range value.&amp;apos;, Procedure : &amp;apos;ctemp&amp;apos;, LineNumber : 6 }, { Source : &amp;apos;.Net SqlClient Data Provider&amp;apos;, Number : 242, State : &amp;apos;3&amp;apos;, Class : &amp;apos;16&amp;apos;, Server : &amp;apos;192.168.11.14&amp;apos;, Message : &amp;apos;The conversion of a varchar data type to a datetime data type resulted in an out-of-range value.&amp;apos;, Procedure : &amp;apos;ctemp&amp;apos;, LineNumber : 6 }, { Source : &amp;apos;.Net SqlClient Data Provider&amp;apos;, Number : 242, State : &amp;apos;3&amp;apos;, Class : &amp;apos;16&amp;apos;, Server : &amp;apos;192.168.11.14&amp;apos;, Message : &amp;apos;The conversion of a varchar data type to a datetime data type resulted in an out-of-range value.&amp;apos;, Procedure : &amp;apos;ctemp&amp;apos;, LineNumber : 6 }, { Source : &amp;apos;.Net SqlClient Data Provider&amp;apos;, Number : 242, State : &amp;apos;3&amp;apos;, Class : &amp;apos;16&amp;apos;, Server : &amp;apos;192.168.11.14&amp;apos;, Message : &amp;apos;The conversion of a varchar data type to a datetime data type resulted in an out-of-range value.&amp;apos;, Procedure : &amp;apos;ctemp&amp;apos;, LineNumber : 6 }, { Source : &amp;apos;.Net SqlClient Data Provider&amp;apos;, Number : 242, State : &amp;apos;3&amp;apos;, Class : &amp;apos;16&amp;apos;, Server : &amp;apos;192.168.11.14&amp;apos;, Message : &amp;apos;The conversion of a varchar data type to a datetime data type resulted in an out-of-range value.&amp;apos;, Procedure : &amp;apos;ctemp&amp;apos;, LineNumber : 6 }, { Source : &amp;apos;.Net SqlClient Data Provider&amp;apos;, Number : 242, State : &amp;apos;3&amp;apos;, Class : &amp;apos;16&amp;apos;, Server : &amp;apos;192.168.11.14&amp;apos;, Message : &amp;apos;The conversion of a varchar data type to a datetime data type resulted in an out-of-range value.&amp;apos;, Procedure : &amp;apos;ctemp&amp;apos;, LineNumber : 6 }, { Source : &amp;apos;.Net SqlClient Data Provider&amp;apos;, Number : 242, State : &amp;apos;3&amp;apos;, Class : &amp;apos;16&amp;apos;, Server : &amp;apos;192.168.11.14&amp;apos;, Message : &amp;apos;The conversion of a varchar data type to a datetime data type resulted in an out-of-range value.&amp;apos;, Procedure : &amp;apos;ctemp&amp;apos;, LineNumber : 6 }, { Source : &amp;apos;.Net SqlClient Data Provider&amp;apos;, Number : 242, State : &amp;apos;3&amp;apos;, Class : &amp;apos;16&amp;apos;, Server : &amp;apos;192.168.11.14&amp;apos;, Message : &amp;apos;The conversion of a varchar data type to a datetime data type resulted in an out-of-range value.&amp;apos;, Procedure : &amp;apos;ctemp&amp;apos;, LineNumber : 6 }, { Source : &amp;apos;.Net SqlClient Data Provider&amp;apos;, Number : 242, State : &amp;apos;3&amp;apos;, Class : &amp;apos;16&amp;apos;, Server : &amp;apos;192.168.11.14&amp;apos;, Message : &amp;apos;The conversion of a varchar data type to a datetime data type resulted in an out-of-range value.&amp;apos;, Procedure : &amp;apos;ctemp&amp;apos;, LineNumber : 6 }, { Source : &amp;apos;.Net SqlClient Data Provider&amp;apos;, Number : 242, State : &amp;apos;3&amp;apos;, Class : &amp;apos;16&amp;apos;, Server : &amp;apos;192.168.11.14&amp;apos;, Message : &amp;apos;The conversion of a varchar data type to a datetime data type resulted in an out-of-range value.&amp;apos;, Procedure : &amp;apos;ctemp&amp;apos;, LineNumber : 6 }, { Source : &amp;apos;.Net SqlClient Data Provider&amp;apos;, Number : 242, State : &amp;apos;3&amp;apos;, Class : &amp;apos;16&amp;apos;, Server : &amp;apos;192.168.11.14&amp;apos;, Message : &amp;apos;The conversion of a varchar data type to a datetime data type resulted in an out-of-range value.&amp;apos;, Procedure : &amp;apos;ctemp&amp;apos;, LineNumber : 6 }, { Source : &amp;apos;.Net SqlClient Data Provider&amp;apos;, Number : 242, State : &amp;apos;3&amp;apos;, Class : &amp;apos;16&amp;apos;, Server : &amp;apos;192.168.11.14&amp;apos;, Message : &amp;apos;The conversion of a varchar data type to a datetime data type resulted in an out-of-range value.&amp;apos;, Procedure : &amp;apos;ctemp&amp;apos;, LineNumber : 6 }, { Source : &amp;apos;.Net SqlClient Data Provider&amp;apos;, Number : 242, State : &amp;apos;3&amp;apos;, Class : &amp;apos;16&amp;apos;, Server : &amp;apos;192.168.11.14&amp;apos;, Message : &amp;apos;The conversion of a varchar data type to a datetime data type resulted in an out-of-range value.&amp;apos;, Procedure : &amp;apos;ctemp&amp;apos;, LineNumber : 6 }, { Source : &amp;apos;.Net SqlClient Data Provider&amp;apos;, Number : 242, State : &amp;apos;3&amp;apos;, Class : &amp;apos;16&amp;apos;, Server : &amp;apos;192.168.11.14&amp;apos;, Message : &amp;apos;The conversion of a varchar data type to a datetime data type resulted in an out-of-range value.&amp;apos;, Procedure : &amp;apos;ctemp&amp;apos;, LineNumber : 6 }, { Source : &amp;apos;.Net SqlClient Data Provider&amp;apos;, Number : 242, State : &amp;apos;3&amp;apos;, Class : &amp;apos;16&amp;apos;, Server : &amp;apos;192.168.11.14&amp;apos;, Message : &amp;apos;The conversion of a varchar data type to a datetime data type resulted in an out-of-range value.&amp;apos;, Procedure : &amp;apos;ctemp&amp;apos;, LineNumber : 6 }, { Source : &amp;apos;.Net SqlClient Data Provider&amp;apos;, Number : 242, State : &amp;apos;3&amp;apos;, Class : &amp;apos;16&amp;apos;, Server : &amp;apos;192.168.11.14&amp;apos;, Message : &amp;apos;The conversion of a varchar data type to a datetime data type resulted in an out-of-range value.&amp;apos;, Procedure : &amp;apos;ctemp&amp;apos;, LineNumber : 6 }, { Source : &amp;apos;.Net SqlClient Data Provider&amp;apos;, Number : 242, State : &amp;apos;3&amp;apos;, Class : &amp;apos;16&amp;apos;, Server : &amp;apos;192.168.11.14&amp;apos;, Message : &amp;apos;The conversion of a varchar data type to a datetime data type resulted in an out-of-range value.&amp;apos;, Procedure : &amp;apos;ctemp&amp;apos;, LineNumber : 6 }, { Source : &amp;apos;.Net SqlClient Data Provider&amp;apos;, Number : 242, State : &amp;apos;3&amp;apos;, Class : &amp;apos;16&amp;apos;, Server : &amp;apos;192.168.11.14&amp;apos;, Message : &amp;apos;The conversion of a varchar data type to a datetime data type resulted in an out-of-range value.&amp;apos;, Procedure : &amp;apos;ctemp&amp;apos;, LineNumber : 6 }, { Source : &amp;apos;.Net SqlClient Data Provider&amp;apos;, Number : 242, State : &amp;apos;3&amp;apos;, Class : &amp;apos;16&amp;apos;, Server : &amp;apos;192.168.11.14&amp;apos;, Message : &amp;apos;The conversion of a varchar data type to a datetime data type resulted in an out-of-range value.&amp;apos;, Procedure : &amp;apos;ctemp&amp;apos;, LineNumber : 6 }, { Source : &amp;apos;.Net SqlClient Data Provider&amp;apos;, Number : 242, State : &amp;apos;3&amp;apos;, Class : &amp;apos;16&amp;apos;, Server : &amp;apos;192.168.11.14&amp;apos;, Message : &amp;apos;The conversion of a varchar data type to a datetime data type resulted in an out-of-range value.&amp;apos;, Procedure : &amp;apos;ctemp&amp;apos;, LineNumber : 6 }, { Source : &amp;apos;.Net SqlClient Data Provider&amp;apos;, Number : 242, State : &amp;apos;3&amp;apos;, Class : &amp;apos;16&amp;apos;, Server : &amp;apos;192.168.11.14&amp;apos;, Message : &amp;apos;The conversion of a varchar data type to a datetime data type resulted in an out-of-range value.&amp;apos;, Procedure : &amp;apos;ctemp&amp;apos;, LineNumber : 6 }, { Source : &amp;apos;.Net SqlClient Data Provider&amp;apos;, Number : 242, State : &amp;apos;3&amp;apos;, Class : &amp;apos;16&amp;apos;, Server : &amp;apos;192.168.11.14&amp;apos;, Message : &amp;apos;The conversion of a varchar data type to a datetime data type resulted in an out-of-range value.&amp;apos;, Procedure : &amp;apos;ctemp&amp;apos;, LineNumber : 6 }, { Source : &amp;apos;.Net SqlClient Data Provider&amp;apos;, Number : 242, State : &amp;apos;3&amp;apos;, Class : &amp;apos;16&amp;apos;, Server : &amp;apos;192.168.11.14&amp;apos;, Message : &amp;apos;The conversion of a varchar data type to a datetime data type resulted in an out-of-range value.&amp;apos;, Procedure : &amp;apos;ctemp&amp;apos;, LineNumber : 6 }, { Source : &amp;apos;.Net SqlClient Data Provider&amp;apos;, Number : 242, State : &amp;apos;3&amp;apos;, Class : &amp;apos;16&amp;apos;, Server : &amp;apos;192.168.11.14&amp;apos;, Message : &amp;apos;The conversion of a varchar data type to a datetime data type resulted in an out-of-range value.&amp;apos;, Procedure : &amp;apos;ctemp&amp;apos;, LineNumber : 6 }, { Source : &amp;apos;.Net SqlClient Data Provider&amp;apos;, Number : 242, State : &amp;apos;3&amp;apos;, Class : &amp;apos;16&amp;apos;, Server : &amp;apos;192.168.11.14&amp;apos;, Message : &amp;apos;The conversion of a varchar data type to a datetime data type resulted in an out-of-range value.&amp;apos;, Procedure : &amp;apos;ctemp&amp;apos;, LineNumber : 6 }, { Source : &amp;apos;.Net SqlClient Data Provider&amp;apos;, Number : 242, State : &amp;apos;3&amp;apos;, Class : &amp;apos;16&amp;apos;, Server : &amp;apos;192.168.11.14&amp;apos;, Message : &amp;apos;The conversion of a varchar data type to a datetime data type resulted in an out-of-range value.&amp;apos;, Procedure : &amp;apos;ctemp&amp;apos;, LineNumber : 6 }, { Source : &amp;apos;.Net SqlClient Data Provider&amp;apos;, Number : 242, State : &amp;apos;3&amp;apos;, Class : &amp;apos;16&amp;apos;, Server : &amp;apos;192.168.11.14&amp;apos;, Message : &amp;apos;The conversion of a varchar data type to a datetime data type resulted in an out-of-range value.&amp;apos;, Procedure : &amp;apos;ctemp&amp;apos;, LineNumber : 6 }, { Source : &amp;apos;.Net SqlClient Data Provider&amp;apos;, Number : 242, State : &amp;apos;3&amp;apos;, Class : &amp;apos;16&amp;apos;, Server : &amp;apos;192.168.11.14&amp;apos;, Message : &amp;apos;The conversion of a varchar data type to a datetime data type resulted in an out-of-range value.&amp;apos;, Procedure : &amp;apos;ctemp&amp;apos;, LineNumber : 6 }, { Source : &amp;apos;.Net SqlClient Data Provider&amp;apos;, Number : 242, State : &amp;apos;3&amp;apos;, Class : &amp;apos;16&amp;apos;, Server : &amp;apos;192.168.11.14&amp;apos;, Message : &amp;apos;The conversion of a varchar data type to a datetime data type resulted in an out-of-range value.&amp;apos;, Procedure : &amp;apos;ctemp&amp;apos;, LineNumber : 6 }, { Source : &amp;apos;.Net SqlClient Data Provider&amp;apos;, Number : 242, State : &amp;apos;3&amp;apos;, Class : &amp;apos;16&amp;apos;, Server : &amp;apos;192.168.11.14&amp;apos;, Message : &amp;apos;The conversion of a varchar data type to a datetime data type resulted in an out-of-range value.&amp;apos;, Procedure : &amp;apos;ctemp&amp;apos;, LineNumber : 6 }, { Source : &amp;apos;.Net SqlClient Data Provider&amp;apos;, Number : 242, State : &amp;apos;3&amp;apos;, Class : &amp;apos;16&amp;apos;, Server : &amp;apos;192.168.11.14&amp;apos;, Message : &amp;apos;The conversion of a varchar data type to a datetime data type resulted in an out-of-range value.&amp;apos;, Procedure : &amp;apos;ctemp&amp;apos;, LineNumber : 6 }, { Source : &amp;apos;.Net SqlClient Data Provider&amp;apos;, Number : 242, State : &amp;apos;3&amp;apos;, Class : &amp;apos;16&amp;apos;, Server : &amp;apos;192.168.11.14&amp;apos;, Message : &amp;apos;The conversion of a varchar data type to a datetime data type resulted in an out-of-range value.&amp;apos;, Procedure : &amp;apos;ctemp&amp;apos;, LineNumber : 6 }, { Source : &amp;apos;.Net SqlClient Data Provider&amp;apos;, Number : 242, State : &amp;apos;3&amp;apos;, Class : &amp;apos;16&amp;apos;, Server : &amp;apos;192.168.11.14&amp;apos;, Message : &amp;apos;The conversion of a varchar data type to a datetime data type resulted in an out-of-range value.&amp;apos;, Procedure : &amp;apos;ctemp&amp;apos;, LineNumber : 6 }, { Source : &amp;apos;.Net SqlClient Data Provider&amp;apos;, Number : 242, State : &amp;apos;3&amp;apos;, Class : &amp;apos;16&amp;apos;, Server : &amp;apos;192.168.11.14&amp;apos;, Message : &amp;apos;The conversion of a varchar data type to a datetime data type resulted in an out-of-range value.&amp;apos;, Procedure : &amp;apos;ctemp&amp;apos;, LineNumber : 6 }, { Source : &amp;apos;.Net SqlClient Data Provider&amp;apos;, Number : 242, State : &amp;apos;3&amp;apos;, Class : &amp;apos;16&amp;apos;, Server : &amp;apos;192.168.11.14&amp;apos;, Message : &amp;apos;The conversion of a varchar data type to a datetime data type resulted in an out-of-range value.&amp;apos;, Procedure : &amp;apos;ctemp&amp;apos;, LineNumber : 6 }, { Source : &amp;apos;.Net SqlClient Data Provider&amp;apos;, Number : 242, State : &amp;apos;3&amp;apos;, Class : &amp;apos;16&amp;apos;, Server : &amp;apos;192.168.11.14&amp;apos;, Message : &amp;apos;The conversion of a varchar data type to a datetime data type resulted in an out-of-range value.&amp;apos;, Procedure : &amp;apos;ctemp&amp;apos;, LineNumber : 6 }, { Source : &amp;apos;.Net SqlClient Data Provider&amp;apos;, Number : 242, State : &amp;apos;3&amp;apos;, Class : &amp;apos;16&amp;apos;, Server : &amp;apos;192.168.11.14&amp;apos;, Message : &amp;apos;The conversion of a varchar data type to a datetime data type resulted in an out-of-range value.&amp;apos;, Procedure : &amp;apos;ctemp&amp;apos;, LineNumber : 6 }, { Source : &amp;apos;.Net SqlClient Data Provider&amp;apos;, Number : 242, State : &amp;apos;3&amp;apos;, Class : &amp;apos;16&amp;apos;, Server : &amp;apos;192.168.11.14&amp;apos;, Message : &amp;apos;The conversion of a varchar data type to a datetime data type resulted in an out-of-range value.&amp;apos;, Procedure : &amp;apos;ctemp&amp;apos;, LineNumber : 6 }, { Source : &amp;apos;.Net SqlClient Data Provider&amp;apos;, Number : 242, State : &amp;apos;3&amp;apos;, Class : &amp;apos;16&amp;apos;, Server : &amp;apos;192.168.11.14&amp;apos;, Message : &amp;apos;The conversion of a varchar data type to a datetime data type resulted in an out-of-range value.&amp;apos;, Procedure : &amp;apos;ctemp&amp;apos;, LineNumber : 6 }, { Source : &amp;apos;.Net SqlClient Data Provider&amp;apos;, Number : 242, State : &amp;apos;3&amp;apos;, Class : &amp;apos;16&amp;apos;, Server : &amp;apos;192.168.11.14&amp;apos;, Message : &amp;apos;The conversion of a varchar data type to a datetime data type resulted in an out-of-range value.&amp;apos;, Procedure : &amp;apos;ctemp&amp;apos;, LineNumber : 6 }, { Source : &amp;apos;.Net SqlClient Data Provider&amp;apos;, Number : 242, State : &amp;apos;3&amp;apos;, Class : &amp;apos;16&amp;apos;, Server : &amp;apos;192.168.11.14&amp;apos;, Message : &amp;apos;The conversion of a varchar data type to a datetime data type resulted in an out-of-range value.&amp;apos;, Procedure : &amp;apos;ctemp&amp;apos;, LineNumber : 6 }, { Source : &amp;apos;.Net SqlClient Data Provider&amp;apos;, Number : 242, State : &amp;apos;3&amp;apos;, Class : &amp;apos;16&amp;apos;, Server : &amp;apos;192.168.11.14&amp;apos;, Message : &amp;apos;The conversion of a varchar data type to a datetime data type resulted in an out-of-range value.&amp;apos;, Procedure : &amp;apos;ctemp&amp;apos;, LineNumber : 6 }, { Source : &amp;apos;.Net SqlClient Data Provider&amp;apos;, Number : 242, State : &amp;apos;3&amp;apos;, Class : &amp;apos;16&amp;apos;, Server : &amp;apos;192.168.11.14&amp;apos;, Message : &amp;apos;The conversion of a varchar data type to a datetime data type resulted in an out-of-range value.&amp;apos;, Procedure : &amp;apos;ctemp&amp;apos;, LineNumber : 6 }, { Source : &amp;apos;.Net SqlClient Data Provider&amp;apos;, Number : 242, State : &amp;apos;3&amp;apos;, Class : &amp;apos;16&amp;apos;, Server : &amp;apos;192.168.11.14&amp;apos;, Message : &amp;apos;The conversion of a varchar data type to a datetime data type resulted in an out-of-range value.&amp;apos;, Procedure : &amp;apos;ctemp&amp;apos;, LineNumber : 6 }, { Source : &amp;apos;.Net SqlClient Data Provider&amp;apos;, Number : 242, State : &amp;apos;3&amp;apos;, Class : &amp;apos;16&amp;apos;, Server : &amp;apos;192.168.11.14&amp;apos;, Message : &amp;apos;The conversion of a varchar data type to a datetime data type resulted in an out-of-range value.&amp;apos;, Procedure : &amp;apos;ctemp&amp;apos;, LineNumber : 6 }, { Source : &amp;apos;.Net SqlClient Data Provider&amp;apos;, Number : 242, State : &amp;apos;3&amp;apos;, Class : &amp;apos;16&amp;apos;, Server : &amp;apos;192.168.11.14&amp;apos;, Message : &amp;apos;The conversion of a varchar data type to a datetime data type resulted in an out-of-range value.&amp;apos;, Procedure : &amp;apos;ctemp&amp;apos;, LineNumber : 6 }, { Source : &amp;apos;.Net SqlClient Data Provider&amp;apos;, Number : 242, State : &amp;apos;3&amp;apos;, Class : &amp;apos;16&amp;apos;, Server : &amp;apos;192.168.11.14&amp;apos;, Message : &amp;apos;The conversion of a varchar data type to a datetime data type resulted in an out-of-range value.&amp;apos;, Procedure : &amp;apos;ctemp&amp;apos;, LineNumber : 6 }, { Source : &amp;apos;.Net SqlClient Data Provider&amp;apos;, Number : 242, State : &amp;apos;3&amp;apos;, Class : &amp;apos;16&amp;apos;, Server : &amp;apos;192.168.11.14&amp;apos;, Message : &amp;apos;The conversion of a varchar data type to a datetime data type resulted in an out-of-range value.&amp;apos;, Procedure : &amp;apos;ctemp&amp;apos;, LineNumber : 6 }, { Source : &amp;apos;.Net SqlClient Data Provider&amp;apos;, Number : 242, State : &amp;apos;3&amp;apos;, Class : &amp;apos;16&amp;apos;, Server : &amp;apos;192.168.11.14&amp;apos;, Message : &amp;apos;The conversion of a varchar data type to a datetime data type resulted in an out-of-range value.&amp;apos;, Procedure : &amp;apos;ctemp&amp;apos;, LineNumber : 6 }, { Source : &amp;apos;.Net SqlClient Data Provider&amp;apos;, Number : 242, State : &amp;apos;3&amp;apos;, Class : &amp;apos;16&amp;apos;, Server : &amp;apos;192.168.11.14&amp;apos;, Message : &amp;apos;The conversion of a varchar data type to a datetime data type resulted in an out-of-range value.&amp;apos;, Procedure : &amp;apos;ctemp&amp;apos;, LineNumber : 6 }, { Source : &amp;apos;.Net SqlClient Data Provider&amp;apos;, Number : 242, State : &amp;apos;3&amp;apos;, Class : &amp;apos;16&amp;apos;, Server : &amp;apos;192.168.11.14&amp;apos;, Message : &amp;apos;The conversion of a varchar data type to a datetime data type resulted in an out-of-range value.&amp;apos;, Procedure : &amp;apos;ctemp&amp;apos;, LineNumber : 6 }, { Source : &amp;apos;.Net SqlClient Data Provider&amp;apos;, Number : 242, State : &amp;apos;3&amp;apos;, Class : &amp;apos;16&amp;apos;, Server : &amp;apos;192.168.11.14&amp;apos;, Message : &amp;apos;The conversion of a varchar data type to a datetime data type resulted in an out-of-range value.&amp;apos;, Procedure : &amp;apos;ctemp&amp;apos;, LineNumber : 6 }, { Source : &amp;apos;.Net SqlClient Data Provider&amp;apos;, Number : 242, State : &amp;apos;3&amp;apos;, Class : &amp;apos;16&amp;apos;, Server : &amp;apos;192.168.11.14&amp;apos;, Message : &amp;apos;The conversion of a varchar data type to a datetime data type resulted in an out-of-range value.&amp;apos;, Procedure : &amp;apos;ctemp&amp;apos;, LineNumber : 6 }, { Source : &amp;apos;.Net SqlClient Data Provider&amp;apos;, Number : 242, State : &amp;apos;3&amp;apos;, Class : &amp;apos;16&amp;apos;, Server : &amp;apos;192.168.11.14&amp;apos;, Message : &amp;apos;The conversion of a varchar data type to a datetime data type resulted in an out-of-range value.&amp;apos;, Procedure : &amp;apos;ctemp&amp;apos;, LineNumber : 6 }, { Source : &amp;apos;.Net SqlClient Data Provider&amp;apos;, Number : 242, State : &amp;apos;3&amp;apos;, Class : &amp;apos;16&amp;apos;, Server : &amp;apos;192.168.11.14&amp;apos;, Message : &amp;apos;The conversion of a varchar data type to a datetime data type resulted in an out-of-range value.&amp;apos;, Procedure : &amp;apos;ctemp&amp;apos;, LineNumber : 6 }, { Source : &amp;apos;.Net SqlClient Data Provider&amp;apos;, Number : 242, State : &amp;apos;3&amp;apos;, Class : &amp;apos;16&amp;apos;, Server : &amp;apos;192.168.11.14&amp;apos;, Message : &amp;apos;The conversion of a varchar data type to a datetime data type resulted in an out-of-range value.&amp;apos;, Procedure : &amp;apos;ctemp&amp;apos;, LineNumber : 6 }, { Source : &amp;apos;.Net SqlClient Data Provider&amp;apos;, Number : 242, State : &amp;apos;3&amp;apos;, Class : &amp;apos;16&amp;apos;, Server : &amp;apos;192.168.11.14&amp;apos;, Message : &amp;apos;The conversion of a varchar data type to a datetime data type resulted in an out-of-range value.&amp;apos;, Procedure : &amp;apos;ctemp&amp;apos;, LineNumber : 6 }, { Source : &amp;apos;.Net SqlClient Data Provider&amp;apos;, Number : 242, State : &amp;apos;3&amp;apos;, Class : &amp;apos;16&amp;apos;, Server : &amp;apos;192.168.11.14&amp;apos;, Message : &amp;apos;The conversion of a varchar data type to a datetime data type resulted in an out-of-range value.&amp;apos;, Procedure : &amp;apos;ctemp&amp;apos;, LineNumber : 6 }, { Source : &amp;apos;.Net SqlClient Data Provider&amp;apos;, Number : 242, State : &amp;apos;3&amp;apos;, Class : &amp;apos;16&amp;apos;, Server : &amp;apos;192.168.11.14&amp;apos;, Message : &amp;apos;The conversion of a varchar data type to a datetime data type resulted in an out-of-range value.&amp;apos;, Procedure : &amp;apos;ctemp&amp;apos;, LineNumber : 6 }, { Source : &amp;apos;.Net SqlClient Data Provider&amp;apos;, Number : 242, State : &amp;apos;3&amp;apos;, Class : &amp;apos;16&amp;apos;, Server : &amp;apos;192.168.11.14&amp;apos;, Message : &amp;apos;The conversion of a varchar data type to a datetime data type resulted in an out-of-range value.&amp;apos;, Procedure : &amp;apos;ctemp&amp;apos;, LineNumber : 6 }, { Source : &amp;apos;.Net SqlClient Data Provider&amp;apos;, Number : 242, State : &amp;apos;3&amp;apos;, Class : &amp;apos;16&amp;apos;, Server : &amp;apos;192.168.11.14&amp;apos;, Message : &amp;apos;The conversion of a varchar data type to a datetime data type resulted in an out-of-range value.&amp;apos;, Procedure : &amp;apos;ctemp&amp;apos;, LineNumber : 6 }, { Source : &amp;apos;.Net SqlClient Data Provider&amp;apos;, Number : 242, State : &amp;apos;3&amp;apos;, Class : &amp;apos;16&amp;apos;, Server : &amp;apos;192.168.11.14&amp;apos;, Message : &amp;apos;The conversion of a varchar data type to a datetime data type resulted in an out-of-range value.&amp;apos;, Procedure : &amp;apos;ctemp&amp;apos;, LineNumber : 6 }, { Source : &amp;apos;.Net SqlClient Data Provider&amp;apos;, Number : 242, State : &amp;apos;3&amp;apos;, Class : &amp;apos;16&amp;apos;, Server : &amp;apos;192.168.11.14&amp;apos;, Message : &amp;apos;The conversion of a varchar data type to a datetime data type resulted in an out-of-range value.&amp;apos;, Procedure : &amp;apos;ctemp&amp;apos;, LineNumber : 6 }, { Source : &amp;apos;.Net SqlClient Data Provider&amp;apos;, Number : 242, State : &amp;apos;3&amp;apos;, Class : &amp;apos;16&amp;apos;, Server : &amp;apos;192.168.11.14&amp;apos;, Message : &amp;apos;The conversion of a varchar data type to a datetime data type resulted in an out-of-range value.&amp;apos;, Procedure : &amp;apos;ctemp&amp;apos;, LineNumber : 6 }, { Source : &amp;apos;.Net SqlClient Data Provider&amp;apos;, Number : 242, State : &amp;apos;3&amp;apos;, Class : &amp;apos;16&amp;apos;, Server : &amp;apos;192.168.11.14&amp;apos;, Message : &amp;apos;The conversion of a varchar data type to a datetime data type resulted in an out-of-range value.&amp;apos;, Procedure : &amp;apos;ctemp&amp;apos;, LineNumber : 6 }, { Source : &amp;apos;.Net SqlClient Data Provider&amp;apos;, Number : 242, State : &amp;apos;3&amp;apos;, Class : &amp;apos;16&amp;apos;, Server : &amp;apos;192.168.11.14&amp;apos;, Message : &amp;apos;The conversion of a varchar data type to a datetime data type resulted in an out-of-range value.&amp;apos;, Procedure : &amp;apos;ctemp&amp;apos;, LineNumber : 6 }, { Source : &amp;apos;.Net SqlClient Data Provider&amp;apos;, Number : 242, State : &amp;apos;3&amp;apos;, Class : &amp;apos;16&amp;apos;, Server : &amp;apos;192.168.11.14&amp;apos;, Message : &amp;apos;The conversion of a varchar data type to a datetime data type resulted in an out-of-range value.&amp;apos;, Procedure : &amp;apos;ctemp&amp;apos;, LineNumber : 6 }, { Source : &amp;apos;.Net SqlClient Data Provider&amp;apos;, Number : 242, State : &amp;apos;3&amp;apos;, Class : &amp;apos;16&amp;apos;, Server : &amp;apos;192.168.11.14&amp;apos;, Message : &amp;apos;The conversion of a varchar data type to a datetime data type resulted in an out-of-range value.&amp;apos;, Procedure : &amp;apos;ctemp&amp;apos;, LineNumber : 6 }, { Source : &amp;apos;.Net SqlClient Data Provider&amp;apos;, Number : 242, State : &amp;apos;3&amp;apos;, Class : &amp;apos;16&amp;apos;, Server : &amp;apos;192.168.11.14&amp;apos;, Message : &amp;apos;The conversion of a varchar data type to a datetime data type resulted in an out-of-range value.&amp;apos;, Procedure : &amp;apos;ctemp&amp;apos;, LineNumber : 6 }, { Source : &amp;apos;.Net SqlClient Data Provider&amp;apos;, Number : 242, State : &amp;apos;3&amp;apos;, Class : &amp;apos;16&amp;apos;, Server : &amp;apos;192.168.11.14&amp;apos;, Message : &amp;apos;The conversion of a varchar data type to a datetime data type resulted in an out-of-range value.&amp;apos;, Procedure : &amp;apos;ctemp&amp;apos;, LineNumber : 6 }, { Source : &amp;apos;.Net SqlClient Data Provider&amp;apos;, Number : 242, State : &amp;apos;3&amp;apos;, Class : &amp;apos;16&amp;apos;, Server : &amp;apos;192.168.11.14&amp;apos;, Message : &amp;apos;The conversion of a varchar data type to a datetime data type resulted in an out-of-range value.&amp;apos;, Procedure : &amp;apos;ctemp&amp;apos;, LineNumber : 6 }, { Source : &amp;apos;.Net SqlClient Data Provider&amp;apos;, Number : 3621, State : &amp;apos;0&amp;apos;, Class : &amp;apos;0&amp;apos;, Server : &amp;apos;192.168.11.14&amp;apos;, Message : &amp;apos;The statement has been terminated.&amp;apos;, Procedure : &amp;apos;ctemp&amp;apos;, LineNumber : 6 }, { Source : &amp;apos;.Net SqlClient Data Provider&amp;apos;, Number : 3621, State : &amp;apos;0&amp;apos;, Class : &amp;apos;0&amp;apos;, Server : &amp;apos;192.168.11.14&amp;apos;, Message : &amp;apos;The statement has been terminated.&amp;apos;, Procedure : &amp;apos;ctemp&amp;apos;, LineNumber : 6 }, { Source : &amp;apos;.Net SqlClient Data Provider&amp;apos;, Number : 3621, State : &amp;apos;0&amp;apos;, Class : &amp;apos;0&amp;apos;, Server : &amp;apos;192.168.11.14&amp;apos;, Message : &amp;apos;The statement has been terminated.&amp;apos;, Procedure : &amp;apos;ctemp&amp;apos;, LineNumber : 6 }, { Source : &amp;apos;.Net SqlClient Data Provider&amp;apos;, Number : 3621, State : &amp;apos;0&amp;apos;, Class : &amp;apos;0&amp;apos;, Server : &amp;apos;192.168.11.14&amp;apos;, Message : &amp;apos;The statement has been terminated.&amp;apos;, Procedure : &amp;apos;ctemp&amp;apos;, LineNumber : 6 }, { Source : &amp;apos;.Net SqlClient Data Provider&amp;apos;, Number : 3621, State : &amp;apos;0&amp;apos;, Class : &amp;apos;0&amp;apos;, Server : &amp;apos;192.168.11.14&amp;apos;, Message : &amp;apos;The statement has been terminated.&amp;apos;, Procedure : &amp;apos;ctemp&amp;apos;, LineNumber : 6 }, { Source : &amp;apos;.Net SqlClient Data Provider&amp;apos;, Number : 3621, State : &amp;apos;0&amp;apos;, Class : &amp;apos;0&amp;apos;, Server : &amp;apos;192.168.11.14&amp;apos;, Message : &amp;apos;The statement has been terminated.&amp;apos;, Procedure : &amp;apos;ctemp&amp;apos;, LineNumber : 6 }, { Source : &amp;apos;.Net SqlClient Data Provider&amp;apos;, Number : 3621, State : &amp;apos;0&amp;apos;, Class : &amp;apos;0&amp;apos;, Server : &amp;apos;192.168.11.14&amp;apos;, Message : &amp;apos;The statement has been terminated.&amp;apos;, Procedure : &amp;apos;ctemp&amp;apos;, LineNumber : 6 }, { Source : &amp;apos;.Net SqlClient Data Provider&amp;apos;, Number : 3621, State : &amp;apos;0&amp;apos;, Class : &amp;apos;0&amp;apos;, Server : &amp;apos;192.168.11.14&amp;apos;, Message : &amp;apos;The statement has been terminated.&amp;apos;, Procedure : &amp;apos;ctemp&amp;apos;, LineNumber : 6 }, { Source : &amp;apos;.Net SqlClient Data Provider&amp;apos;, Number : 3621, State : &amp;apos;0&amp;apos;, Class : &amp;apos;0&amp;apos;, Server : &amp;apos;192.168.11.14&amp;apos;, Message : &amp;apos;The statement has been terminated.&amp;apos;, Procedure : &amp;apos;ctemp&amp;apos;, LineNumber : 6 }, { Source : &amp;apos;.Net SqlClient Data Provider&amp;apos;, Number : 3621, State : &amp;apos;0&amp;apos;, Class : &amp;apos;0&amp;apos;, Server : &amp;apos;192.168.11.14&amp;apos;, Message : &amp;apos;The statement has been terminated.&amp;apos;, Procedure : &amp;apos;ctemp&amp;apos;, LineNumber : 6 }, { Source : &amp;apos;.Net SqlClient Data Provider&amp;apos;, Number : 3621, State : &amp;apos;0&amp;apos;, Class : &amp;apos;0&amp;apos;, Server : &amp;apos;192.168.11.14&amp;apos;, Message : &amp;apos;The statement has been terminated.&amp;apos;, Procedure : &amp;apos;ctemp&amp;apos;, LineNumber : 6 }, { Source : &amp;apos;.Net SqlClient Data Provider&amp;apos;, Number : 3621, State : &amp;apos;0&amp;apos;, Class : &amp;apos;0&amp;apos;, Server : &amp;apos;192.168.11.14&amp;apos;, Message : &amp;apos;The statement has been terminated.&amp;apos;, Procedure : &amp;apos;ctemp&amp;apos;, LineNumber : 6 }, { Source : &amp;apos;.Net SqlClient Data Provider&amp;apos;, Number : 3621, State : &amp;apos;0&amp;apos;, Class : &amp;apos;0&amp;apos;, Server : &amp;apos;192.168.11.14&amp;apos;, Message : &amp;apos;The statement has been terminated.&amp;apos;, Procedure : &amp;apos;ctemp&amp;apos;, LineNumber : 6 }, { Source : &amp;apos;.Net SqlClient Data Provider&amp;apos;, Number : 3621, State : &amp;apos;0&amp;apos;, Class : &amp;apos;0&amp;apos;, Server : &amp;apos;192.168.11.14&amp;apos;, Message : &amp;apos;The statement has been terminated.&amp;apos;, Procedure : &amp;apos;ctemp&amp;apos;, LineNumber : 6 }, { Source : &amp;apos;.Net SqlClient Data Provider&amp;apos;, Number : 3621, State : &amp;apos;0&amp;apos;, Class : &amp;apos;0&amp;apos;, Server : &amp;apos;192.168.11.14&amp;apos;, Message : &amp;apos;The statement has been terminated.&amp;apos;, Procedure : &amp;apos;ctemp&amp;apos;, LineNumber : 6 }, { Source : &amp;apos;.Net SqlClient Data Provider&amp;apos;, Number : 3621, State : &amp;apos;0&amp;apos;, Class : &amp;apos;0&amp;apos;, Server : &amp;apos;192.168.11.14&amp;apos;, Message : &amp;apos;The statement has been terminated.&amp;apos;, Procedure : &amp;apos;ctemp&amp;apos;, LineNumber : 6 }, { Source : &amp;apos;.Net SqlClient Data Provider&amp;apos;, Number : 3621, State : &amp;apos;0&amp;apos;, Class : &amp;apos;0&amp;apos;, Server : &amp;apos;192.168.11.14&amp;apos;, Message : &amp;apos;The statement has been terminated.&amp;apos;, Procedure : &amp;apos;ctemp&amp;apos;, LineNumber : 6 }, { Source : &amp;apos;.Net SqlClient Data Provider&amp;apos;, Number : 3621, State : &amp;apos;0&amp;apos;, Class : &amp;apos;0&amp;apos;, Server : &amp;apos;192.168.11.14&amp;apos;, Message : &amp;apos;The statement has been terminated.&amp;apos;, Procedure : &amp;apos;ctemp&amp;apos;, LineNumber : 6 }, { Source : &amp;apos;.Net SqlClient Data Provider&amp;apos;, Number : 3621, State : &amp;apos;0&amp;apos;, Class : &amp;apos;0&amp;apos;, Server : &amp;apos;192.168.11.14&amp;apos;, Message : &amp;apos;The statement has been terminated.&amp;apos;, Procedure : &amp;apos;ctemp&amp;apos;, LineNumber : 6 }, { Source : &amp;apos;.Net SqlClient Data Provider&amp;apos;, Number : 3621, State : &amp;apos;0&amp;apos;, Class : &amp;apos;0&amp;apos;, Server : &amp;apos;192.168.11.14&amp;apos;, Message : &amp;apos;The statement has been terminated.&amp;apos;, Procedure : &amp;apos;ctemp&amp;apos;, LineNumber : 6 }, { Source : &amp;apos;.Net SqlClient Data Provider&amp;apos;, Number : 3621, State : &amp;apos;0&amp;apos;, Class : &amp;apos;0&amp;apos;, Server : &amp;apos;192.168.11.14&amp;apos;, Message : &amp;apos;The statement has been terminated.&amp;apos;, Procedure : &amp;apos;ctemp&amp;apos;, LineNumber : 6 }, { Source : &amp;apos;.Net SqlClient Data Provider&amp;apos;, Number : 3621, State : &amp;apos;0&amp;apos;, Class : &amp;apos;0&amp;apos;, Server : &amp;apos;192.168.11.14&amp;apos;, Message : &amp;apos;The statement has been terminated.&amp;apos;, Procedure : &amp;apos;ctemp&amp;apos;, LineNumber : 6 }, { Source : &amp;apos;.Net SqlClient Data Provider&amp;apos;, Number : 3621, State : &amp;apos;0&amp;apos;, Class : &amp;apos;0&amp;apos;, Server : &amp;apos;192.168.11.14&amp;apos;, Message : &amp;apos;The statement has been terminated.&amp;apos;, Procedure : &amp;apos;ctemp&amp;apos;, LineNumber : 6 }, { Source : &amp;apos;.Net SqlClient Data Provider&amp;apos;, Number : 3621, State : &amp;apos;0&amp;apos;, Class : &amp;apos;0&amp;apos;, Server : &amp;apos;192.168.11.14&amp;apos;, Message : &amp;apos;The statement has been terminated.&amp;apos;, Procedure : &amp;apos;ctemp&amp;apos;, LineNumber : 6 }, { Source : &amp;apos;.Net SqlClient Data Provider&amp;apos;, Number : 3621, State : &amp;apos;0&amp;apos;, Class : &amp;apos;0&amp;apos;, Server : &amp;apos;192.168.11.14&amp;apos;, Message : &amp;apos;The statement has been terminated.&amp;apos;, Procedure : &amp;apos;ctemp&amp;apos;, LineNumber : 6 }, { Source : &amp;apos;.Net SqlClient Data Provider&amp;apos;, Number : 3621, State : &amp;apos;0&amp;apos;, Class : &amp;apos;0&amp;apos;, Server : &amp;apos;192.168.11.14&amp;apos;, Message : &amp;apos;The statement has been terminated.&amp;apos;, Procedure : &amp;apos;ctemp&amp;apos;, LineNumber : 6 }, { Source : &amp;apos;.Net SqlClient Data Provider&amp;apos;, Number : 3621, State : &amp;apos;0&amp;apos;, Class : &amp;apos;0&amp;apos;, Server : &amp;apos;192.168.11.14&amp;apos;, Message : &amp;apos;The statement has been terminated.&amp;apos;, Procedure : &amp;apos;ctemp&amp;apos;, LineNumber : 6 }, { Source : &amp;apos;.Net SqlClient Data Provider&amp;apos;, Number : 3621, State : &amp;apos;0&amp;apos;, Class : &amp;apos;0&amp;apos;, Server : &amp;apos;192.168.11.14&amp;apos;, Message : &amp;apos;The statement has been terminated.&amp;apos;, Procedure : &amp;apos;ctemp&amp;apos;, LineNumber : 6 }, { Source : &amp;apos;.Net SqlClient Data Provider&amp;apos;, Number : 3621, State : &amp;apos;0&amp;apos;, Class : &amp;apos;0&amp;apos;, Server : &amp;apos;192.168.11.14&amp;apos;, Message : &amp;apos;The statement has been terminated.&amp;apos;, Procedure : &amp;apos;ctemp&amp;apos;, LineNumber : 6 }, { Source : &amp;apos;.Net SqlClient Data Provider&amp;apos;, Number : 3621, State : &amp;apos;0&amp;apos;, Class : &amp;apos;0&amp;apos;, Server : &amp;apos;192.168.11.14&amp;apos;, Message : &amp;apos;The statement has been terminated.&amp;apos;, Procedure : &amp;apos;ctemp&amp;apos;, LineNumber : 6 }, { Source : &amp;apos;.Net SqlClient Data Provider&amp;apos;, Number : 3621, State : &amp;apos;0&amp;apos;, Class : &amp;apos;0&amp;apos;, Server : &amp;apos;192.168.11.14&amp;apos;, Message : &amp;apos;The statement has been terminated.&amp;apos;, Procedure : &amp;apos;ctemp&amp;apos;, LineNumber : 6 }, { Source : &amp;apos;.Net SqlClient Data Provider&amp;apos;, Number : 3621, State : &amp;apos;0&amp;apos;, Class : &amp;apos;0&amp;apos;, Server : &amp;apos;192.168.11.14&amp;apos;, Message : &amp;apos;The statement has been terminated.&amp;apos;, Procedure : &amp;apos;ctemp&amp;apos;, LineNumber : 6 }, { Source : &amp;apos;.Net SqlClient Data Provider&amp;apos;, Number : 3621, State : &amp;apos;0&amp;apos;, Class : &amp;apos;0&amp;apos;, Server : &amp;apos;192.168.11.14&amp;apos;, Message : &amp;apos;The statement has been terminated.&amp;apos;, Procedure : &amp;apos;ctemp&amp;apos;, LineNumber : 6 }, { Source : &amp;apos;.Net SqlClient Data Provider&amp;apos;, Number : 3621, State : &amp;apos;0&amp;apos;, Class : &amp;apos;0&amp;apos;, Server : &amp;apos;192.168.11.14&amp;apos;, Message : &amp;apos;The statement has been terminated.&amp;apos;, Procedure : &amp;apos;ctemp&amp;apos;, LineNumber : 6 }, { Source : &amp;apos;.Net SqlClient Data Provider&amp;apos;, Number : 3621, State : &amp;apos;0&amp;apos;, Class : &amp;apos;0&amp;apos;, Server : &amp;apos;192.168.11.14&amp;apos;, Message : &amp;apos;The statement has been terminated.&amp;apos;, Procedure : &amp;apos;ctemp&amp;apos;, LineNumber : 6 }, { Source : &amp;apos;.Net SqlClient Data Provider&amp;apos;, Number : 3621, State : &amp;apos;0&amp;apos;, Class : &amp;apos;0&amp;apos;, Server : &amp;apos;192.168.11.14&amp;apos;, Message : &amp;apos;The statement has been terminated.&amp;apos;, Procedure : &amp;apos;ctemp&amp;apos;, LineNumber : 6 }, { Source : &amp;apos;.Net SqlClient Data Provider&amp;apos;, Number : 3621, State : &amp;apos;0&amp;apos;, Class : &amp;apos;0&amp;apos;, Server : &amp;apos;192.168.11.14&amp;apos;, Message : &amp;apos;The statement has been terminated.&amp;apos;, Procedure : &amp;apos;ctemp&amp;apos;, LineNumber : 6 }, { Source : &amp;apos;.Net SqlClient Data Provider&amp;apos;, Number : 3621, State : &amp;apos;0&amp;apos;, Class : &amp;apos;0&amp;apos;, Server : &amp;apos;192.168.11.14&amp;apos;, Message : &amp;apos;The statement has been terminated.&amp;apos;, Procedure : &amp;apos;ctemp&amp;apos;, LineNumber : 6 }, { Source : &amp;apos;.Net SqlClient Data Provider&amp;apos;, Number : 3621, State : &amp;apos;0&amp;apos;, Class : &amp;apos;0&amp;apos;, Server : &amp;apos;192.168.11.14&amp;apos;, Message : &amp;apos;The statement has been terminated.&amp;apos;, Procedure : &amp;apos;ctemp&amp;apos;, LineNumber : 6 }, { Source : &amp;apos;.Net SqlClient Data Provider&amp;apos;, Number : 3621, State : &amp;apos;0&amp;apos;, Class : &amp;apos;0&amp;apos;, Server : &amp;apos;192.168.11.14&amp;apos;, Message : &amp;apos;The statement has been terminated.&amp;apos;, Procedure : &amp;apos;ctemp&amp;apos;, LineNumber : 6 }, { Source : &amp;apos;.Net SqlClient Data Provider&amp;apos;, Number : 3621, State : &amp;apos;0&amp;apos;, Class : &amp;apos;0&amp;apos;, Server : &amp;apos;192.168.11.14&amp;apos;, Message : &amp;apos;The statement has been terminated.&amp;apos;, Procedure : &amp;apos;ctemp&amp;apos;, LineNumber : 6 }, { Source : &amp;apos;.Net SqlClient Data Provider&amp;apos;, Number : 3621, State : &amp;apos;0&amp;apos;, Class : &amp;apos;0&amp;apos;, Server : &amp;apos;192.168.11.14&amp;apos;, Message : &amp;apos;The statement has been terminated.&amp;apos;, Procedure : &amp;apos;ctemp&amp;apos;, LineNumber : 6 }, { Source : &amp;apos;.Net SqlClient Data Provider&amp;apos;, Number : 3621, State : &amp;apos;0&amp;apos;, Class : &amp;apos;0&amp;apos;, Server : &amp;apos;192.168.11.14&amp;apos;, Message : &amp;apos;The statement has been terminated.&amp;apos;, Procedure : &amp;apos;ctemp&amp;apos;, LineNumber : 6 }, { Source : &amp;apos;.Net SqlClient Data Provider&amp;apos;, Number : 3621, State : &amp;apos;0&amp;apos;, Class : &amp;apos;0&amp;apos;, Server : &amp;apos;192.168.11.14&amp;apos;, Message : &amp;apos;The statement has been terminated.&amp;apos;, Procedure : &amp;apos;ctemp&amp;apos;, LineNumber : 6 }, { Source : &amp;apos;.Net SqlClient Data Provider&amp;apos;, Number : 3621, State : &amp;apos;0&amp;apos;, Class : &amp;apos;0&amp;apos;, Server : &amp;apos;192.168.11.14&amp;apos;, Message : &amp;apos;The statement has been terminated.&amp;apos;, Procedure : &amp;apos;ctemp&amp;apos;, LineNumber : 6 }, { Source : &amp;apos;.Net SqlClient Data Provider&amp;apos;, Number : 3621, State : &amp;apos;0&amp;apos;, Class : &amp;apos;0&amp;apos;, Server : &amp;apos;192.168.11.14&amp;apos;, Message : &amp;apos;The statement has been terminated.&amp;apos;, Procedure : &amp;apos;ctemp&amp;apos;, LineNumber : 6 }, { Source : &amp;apos;.Net SqlClient Data Provider&amp;apos;, Number : 3621, State : &amp;apos;0&amp;apos;, Class : &amp;apos;0&amp;apos;, Server : &amp;apos;192.168.11.14&amp;apos;, Message : &amp;apos;The statement has been terminated.&amp;apos;, Procedure : &amp;apos;ctemp&amp;apos;, LineNumber : 6 }, { Source : &amp;apos;.Net SqlClient Data Provider&amp;apos;, Number : 3621, State : &amp;apos;0&amp;apos;, Class : &amp;apos;0&amp;apos;, Server : &amp;apos;192.168.11.14&amp;apos;, Message : &amp;apos;The statement has been terminated.&amp;apos;, Procedure : &amp;apos;ctemp&amp;apos;, LineNumber : 6 }, { Source : &amp;apos;.Net SqlClient Data Provider&amp;apos;, Number : 3621, State : &amp;apos;0&amp;apos;, Class : &amp;apos;0&amp;apos;, Server : &amp;apos;192.168.11.14&amp;apos;, Message : &amp;apos;The statement has been terminated.&amp;apos;, Procedure : &amp;apos;ctemp&amp;apos;, LineNumber : 6 }, { Source : &amp;apos;.Net SqlClient Data Provider&amp;apos;, Number : 3621, State : &amp;apos;0&amp;apos;, Class : &amp;apos;0&amp;apos;, Server : &amp;apos;192.168.11.14&amp;apos;, Message : &amp;apos;The statement has been terminated.&amp;apos;, Procedure : &amp;apos;ctemp&amp;apos;, LineNumber : 6 }, { Source : &amp;apos;.Net SqlClient Data Provider&amp;apos;, Number : 3621, State : &amp;apos;0&amp;apos;, Class : &amp;apos;0&amp;apos;, Server : &amp;apos;192.168.11.14&amp;apos;, Message : &amp;apos;The statement has been terminated.&amp;apos;, Procedure : &amp;apos;ctemp&amp;apos;, LineNumber : 6 }, { Source : &amp;apos;.Net SqlClient Data Provider&amp;apos;, Number : 3621, State : &amp;apos;0&amp;apos;, Class : &amp;apos;0&amp;apos;, Server : &amp;apos;192.168.11.14&amp;apos;, Message : &amp;apos;The statement has been terminated.&amp;apos;, Procedure : &amp;apos;ctemp&amp;apos;, LineNumber : 6 }, { Source : &amp;apos;.Net SqlClient Data Provider&amp;apos;, Number : 3621, State : &amp;apos;0&amp;apos;, Class : &amp;apos;0&amp;apos;, Server : &amp;apos;192.168.11.14&amp;apos;, Message : &amp;apos;The statement has been terminated.&amp;apos;, Procedure : &amp;apos;ctemp&amp;apos;, LineNumber : 6 }, { Source : &amp;apos;.Net SqlClient Data Provider&amp;apos;, Number : 3621, State : &amp;apos;0&amp;apos;, Class : &amp;apos;0&amp;apos;, Server : &amp;apos;192.168.11.14&amp;apos;, Message : &amp;apos;The statement has been terminated.&amp;apos;, Procedure : &amp;apos;ctemp&amp;apos;, LineNumber : 6 }, { Source : &amp;apos;.Net SqlClient Data Provider&amp;apos;, Number : 3621, State : &amp;apos;0&amp;apos;, Class : &amp;apos;0&amp;apos;, Server : &amp;apos;192.168.11.14&amp;apos;, Message : &amp;apos;The statement has been terminated.&amp;apos;, Procedure : &amp;apos;ctemp&amp;apos;, LineNumber : 6 }, { Source : &amp;apos;.Net SqlClient Data Provider&amp;apos;, Number : 3621, State : &amp;apos;0&amp;apos;, Class : &amp;apos;0&amp;apos;, Server : &amp;apos;192.168.11.14&amp;apos;, Message : &amp;apos;The statement has been terminated.&amp;apos;, Procedure : &amp;apos;ctemp&amp;apos;, LineNumber : 6 }, { Source : &amp;apos;.Net SqlClient Data Provider&amp;apos;, Number : 3621, State : &amp;apos;0&amp;apos;, Class : &amp;apos;0&amp;apos;, Server : &amp;apos;192.168.11.14&amp;apos;, Message : &amp;apos;The statement has been terminated.&amp;apos;, Procedure : &amp;apos;ctemp&amp;apos;, LineNumber : 6 }, { Source : &amp;apos;.Net SqlClient Data Provider&amp;apos;, Number : 3621, State : &amp;apos;0&amp;apos;, Class : &amp;apos;0&amp;apos;, Server : &amp;apos;192.168.11.14&amp;apos;, Message : &amp;apos;The statement has been terminated.&amp;apos;, Procedure : &amp;apos;ctemp&amp;apos;, LineNumber : 6 }, { Source : &amp;apos;.Net SqlClient Data Provider&amp;apos;, Number : 3621, State : &amp;apos;0&amp;apos;, Class : &amp;apos;0&amp;apos;, Server : &amp;apos;192.168.11.14&amp;apos;, Message : &amp;apos;The statement has been terminated.&amp;apos;, Procedure : &amp;apos;ctemp&amp;apos;, LineNumber : 6 }, { Source : &amp;apos;.Net SqlClient Data Provider&amp;apos;, Number : 3621, State : &amp;apos;0&amp;apos;, Class : &amp;apos;0&amp;apos;, Server : &amp;apos;192.168.11.14&amp;apos;, Message : &amp;apos;The statement has been terminated.&amp;apos;, Procedure : &amp;apos;ctemp&amp;apos;, LineNumber : 6 }, { Source : &amp;apos;.Net SqlClient Data Provider&amp;apos;, Number : 3621, State : &amp;apos;0&amp;apos;, Class : &amp;apos;0&amp;apos;, Server : &amp;apos;192.168.11.14&amp;apos;, Message : &amp;apos;The statement has been terminated.&amp;apos;, Procedure : &amp;apos;ctemp&amp;apos;, LineNumber : 6 }, { Source : &amp;apos;.Net SqlClient Data Provider&amp;apos;, Number : 3621, State : &amp;apos;0&amp;apos;, Class : &amp;apos;0&amp;apos;, Server : &amp;apos;192.168.11.14&amp;apos;, Message : &amp;apos;The statement has been terminated.&amp;apos;, Procedure : &amp;apos;ctemp&amp;apos;, LineNumber : 6 }, { Source : &amp;apos;.Net SqlClient Data Provider&amp;apos;, Number : 3621, State : &amp;apos;0&amp;apos;, Class : &amp;apos;0&amp;apos;, Server : &amp;apos;192.168.11.14&amp;apos;, Message : &amp;apos;The statement has been terminated.&amp;apos;, Procedure : &amp;apos;ctemp&amp;apos;, LineNumber : 6 }, { Source : &amp;apos;.Net SqlClient Data Provider&amp;apos;, Number : 3621, State : &amp;apos;0&amp;apos;, Class : &amp;apos;0&amp;apos;, Server : &amp;apos;192.168.11.14&amp;apos;, Message : &amp;apos;The statement has been terminated.&amp;apos;, Procedure : &amp;apos;ctemp&amp;apos;, LineNumber : 6 }, { Source : &amp;apos;.Net SqlClient Data Provider&amp;apos;, Number : 3621, State : &amp;apos;0&amp;apos;, Class : &amp;apos;0&amp;apos;, Server : &amp;apos;192.168.11.14&amp;apos;, Message : &amp;apos;The statement has been terminated.&amp;apos;, Procedure : &amp;apos;ctemp&amp;apos;, LineNumber : 6 }, { Source : &amp;apos;.Net SqlClient Data Provider&amp;apos;, Number : 3621, State : &amp;apos;0&amp;apos;, Class : &amp;apos;0&amp;apos;, Server : &amp;apos;192.168.11.14&amp;apos;, Message : &amp;apos;The statement has been terminated.&amp;apos;, Procedure : &amp;apos;ctemp&amp;apos;, LineNumber : 6 }, { Source : &amp;apos;.Net SqlClient Data Provider&amp;apos;, Number : 3621, State : &amp;apos;0&amp;apos;, Class : &amp;apos;0&amp;apos;, Server : &amp;apos;192.168.11.14&amp;apos;, Message : &amp;apos;The statement has been terminated.&amp;apos;, Procedure : &amp;apos;ctemp&amp;apos;, LineNumber : 6 }, { Source : &amp;apos;.Net SqlClient Data Provider&amp;apos;, Number : 3621, State : &amp;apos;0&amp;apos;, Class : &amp;apos;0&amp;apos;, Server : &amp;apos;192.168.11.14&amp;apos;, Message : &amp;apos;The statement has been terminated.&amp;apos;, Procedure : &amp;apos;ctemp&amp;apos;, LineNumber : 6 }, { Source : &amp;apos;.Net SqlClient Data Provider&amp;apos;, Number : 3621, State : &amp;apos;0&amp;apos;, Class : &amp;apos;0&amp;apos;, Server : &amp;apos;192.168.11.14&amp;apos;, Message : &amp;apos;The statement has been terminated.&amp;apos;, Procedure : &amp;apos;ctemp&amp;apos;, LineNumber : 6 }, { Source : &amp;apos;.Net SqlClient Data Provider&amp;apos;, Number : 3621, State : &amp;apos;0&amp;apos;, Class : &amp;apos;0&amp;apos;, Server : &amp;apos;192.168.11.14&amp;apos;, Message : &amp;apos;The statement has been terminated.&amp;apos;, Procedure : &amp;apos;ctemp&amp;apos;, LineNumber : 6 }, { Source : &amp;apos;.Net SqlClient Data Provider&amp;apos;, Number : 3621, State : &amp;apos;0&amp;apos;, Class : &amp;apos;0&amp;apos;, Server : &amp;apos;192.168.11.14&amp;apos;, Message : &amp;apos;The statement has been terminated.&amp;apos;, Procedure : &amp;apos;ctemp&amp;apos;, LineNumber : 6 }, { Source : &amp;apos;.Net SqlClient Data Provider&amp;apos;, Number : 3621, State : &amp;apos;0&amp;apos;, Class : &amp;apos;0&amp;apos;, Server : &amp;apos;192.168.11.14&amp;apos;, Message : &amp;apos;The statement has been terminated.&amp;apos;, Procedure : &amp;apos;ctemp&amp;apos;, LineNumber : 6 }, { Source : &amp;apos;.Net SqlClient Data Provider&amp;apos;, Number : 3621, State : &amp;apos;0&amp;apos;, Class : &amp;apos;0&amp;apos;, Server : &amp;apos;192.168.11.14&amp;apos;, Message : &amp;apos;The statement has been terminated.&amp;apos;, Procedure : &amp;apos;ctemp&amp;apos;, LineNumber : 6 }, { Source : &amp;apos;.Net SqlClient Data Provider&amp;apos;, Number : 3621, State : &amp;apos;0&amp;apos;, Class : &amp;apos;0&amp;apos;, Server : &amp;apos;192.168.11.14&amp;apos;, Message : &amp;apos;The statement has been terminated.&amp;apos;, Procedure : &amp;apos;ctemp&amp;apos;, LineNumber : 6 }, { Source : &amp;apos;.Net SqlClient Data Provider&amp;apos;, Number : 3621, State : &amp;apos;0&amp;apos;, Class : &amp;apos;0&amp;apos;, Server : &amp;apos;192.168.11.14&amp;apos;, Message : &amp;apos;The statement has been terminated.&amp;apos;, Procedure : &amp;apos;ctemp&amp;apos;, LineNumber : 6 }, { Source : &amp;apos;.Net SqlClient Data Provider&amp;apos;, Number : 3621, State : &amp;apos;0&amp;apos;, Class : &amp;apos;0&amp;apos;, Server : &amp;apos;192.168.11.14&amp;apos;, Message : &amp;apos;The statement has been terminated.&amp;apos;, Procedure : &amp;apos;ctemp&amp;apos;, LineNumber : 6 }, { Source : &amp;apos;.Net SqlClient Data Provider&amp;apos;, Number : 3621, State : &amp;apos;0&amp;apos;, Class : &amp;apos;0&amp;apos;, Server : &amp;apos;192.168.11.14&amp;apos;, Message : &amp;apos;The statement has been terminated.&amp;apos;, Procedure : &amp;apos;ctemp&amp;apos;, LineNumber : 6 }, { Source : &amp;apos;.Net SqlClient Data Provider&amp;apos;, Number : 3621, State : &amp;apos;0&amp;apos;, Class : &amp;apos;0&amp;apos;, Server : &amp;apos;192.168.11.14&amp;apos;, Message : &amp;apos;The statement has been terminated.&amp;apos;, Procedure : &amp;apos;ctemp&amp;apos;, LineNumber : 6 }, { Source : &amp;apos;.Net SqlClient Data Provider&amp;apos;, Number : 3621, State : &amp;apos;0&amp;apos;, Class : &amp;apos;0&amp;apos;, Server : &amp;apos;192.168.11.14&amp;apos;, Message : &amp;apos;The statement has been terminated.&amp;apos;, Procedure : &amp;apos;ctemp&amp;apos;, LineNumber : 6 }, { Source : &amp;apos;.Net SqlClient Data Provider&amp;apos;, Number : 3621, State : &amp;apos;0&amp;apos;, Class : &amp;apos;0&amp;apos;, Server : &amp;apos;192.168.11.14&amp;apos;, Message : &amp;apos;The statement has been terminated.&amp;apos;, Procedure : &amp;apos;ctemp&amp;apos;, LineNumber : 6 }, { Source : &amp;apos;.Net SqlClient Data Provider&amp;apos;, Number : 3621, State : &amp;apos;0&amp;apos;, Class : &amp;apos;0&amp;apos;, Server : &amp;apos;192.168.11.14&amp;apos;, Message : &amp;apos;The statement has been terminated.&amp;apos;, Procedure : &amp;apos;ctemp&amp;apos;, LineNumber : 6 }, { Source : &amp;apos;.Net SqlClient Data Provider&amp;apos;, Number : 3621, State : &amp;apos;0&amp;apos;, Class : &amp;apos;0&amp;apos;, Server : &amp;apos;192.168.11.14&amp;apos;, Message : &amp;apos;The statement has been terminated.&amp;apos;, Procedure : &amp;apos;ctemp&amp;apos;, LineNumber : 6 }, { Source : &amp;apos;.Net SqlClient Data Provider&amp;apos;, Number : 3621, State : &amp;apos;0&amp;apos;, Class : &amp;apos;0&amp;apos;, Server : &amp;apos;192.168.11.14&amp;apos;, Message : &amp;apos;The statement has been terminated.&amp;apos;, Procedure : &amp;apos;ctemp&amp;apos;, LineNumber : 6 }, { Source : &amp;apos;.Net SqlClient Data Provider&amp;apos;, Number : 3621, State : &amp;apos;0&amp;apos;, Class : &amp;apos;0&amp;apos;, Server : &amp;apos;192.168.11.14&amp;apos;, Message : &amp;apos;The statement has been terminated.&amp;apos;, Procedure : &amp;apos;ctemp&amp;apos;, LineNumber : 6 }, { Source : &amp;apos;.Net SqlClient Data Provider&amp;apos;, Number : 3621, State : &amp;apos;0&amp;apos;, Class : &amp;apos;0&amp;apos;, Server : &amp;apos;192.168.11.14&amp;apos;, Message : &amp;apos;The statement has been terminated.&amp;apos;, Procedure : &amp;apos;ctemp&amp;apos;, LineNumber : 6 }, { Source : &amp;apos;.Net SqlClient Data Provider&amp;apos;, Number : 3621, State : &amp;apos;0&amp;apos;, Class : &amp;apos;0&amp;apos;, Server : &amp;apos;192.168.11.14&amp;apos;, Message : &amp;apos;The statement has been terminated.&amp;apos;, Procedure : &amp;apos;ctemp&amp;apos;, LineNumber : 6 }, { Source : &amp;apos;.Net SqlClient Data Provider&amp;apos;, Number : 3621, State : &amp;apos;0&amp;apos;, Class : &amp;apos;0&amp;apos;, Server : &amp;apos;192.168.11.14&amp;apos;, Message : &amp;apos;The statement has been terminated.&amp;apos;, Procedure : &amp;apos;ctemp&amp;apos;, LineNumber : 6 }, { Source : &amp;apos;.Net SqlClient Data Provider&amp;apos;, Number : 3621, State : &amp;apos;0&amp;apos;, Class : &amp;apos;0&amp;apos;, Server : &amp;apos;192.168.11.14&amp;apos;, Message : &amp;apos;The statement has been terminated.&amp;apos;, Procedure : &amp;apos;ctemp&amp;apos;, LineNumber : 6 }, { Source : &amp;apos;.Net SqlClient Data Provider&amp;apos;, Number : 3621, State : &amp;apos;0&amp;apos;, Class : &amp;apos;0&amp;apos;, Server : &amp;apos;192.168.11.14&amp;apos;, Message : &amp;apos;The statement has been terminated.&amp;apos;, Procedure : &amp;apos;ctemp&amp;apos;, LineNumber : 6 }, { Source : &amp;apos;.Net SqlClient Data Provider&amp;apos;, Number : 3621, State : &amp;apos;0&amp;apos;, Class : &amp;apos;0&amp;apos;, Server : &amp;apos;192.168.11.14&amp;apos;, Message : &amp;apos;The statement has been terminated.&amp;apos;, Procedure : &amp;apos;ctemp&amp;apos;, LineNumber : 6 }, { Source : &amp;apos;.Net SqlClient Data Provider&amp;apos;, Number : 3621, State : &amp;apos;0&amp;apos;, Class : &amp;apos;0&amp;apos;, Server : &amp;apos;192.168.11.14&amp;apos;, Message : &amp;apos;The statement has been terminated.&amp;apos;, Procedure : &amp;apos;ctemp&amp;apos;, LineNumber : 6 }, { Source : &amp;apos;.Net SqlClient Data Provider&amp;apos;, Number : 3621, State : &amp;apos;0&amp;apos;, Class : &amp;apos;0&amp;apos;, Server : &amp;apos;192.168.11.14&amp;apos;, Message : &amp;apos;The statement has been terminated.&amp;apos;, Procedure : &amp;apos;ctemp&amp;apos;, LineNumber : 6 }, { Source : &amp;apos;.Net SqlClient Data Provider&amp;apos;, Number : 3621, State : &amp;apos;0&amp;apos;, Class : &amp;apos;0&amp;apos;, Server : &amp;apos;192.168.11.14&amp;apos;, Message : &amp;apos;The statement has been terminated.&amp;apos;, Procedure : &amp;apos;ctemp&amp;apos;, LineNumber : 6 }, { Source : &amp;apos;.Net SqlClient Data Provider&amp;apos;, Number : 3621, State : &amp;apos;0&amp;apos;, Class : &amp;apos;0&amp;apos;, Server : &amp;apos;192.168.11.14&amp;apos;, Message : &amp;apos;The statement has been terminated.&amp;apos;, Procedure : &amp;apos;ctemp&amp;apos;, LineNumber : 6 }, { Source : &amp;apos;.Net SqlClient Data Provider&amp;apos;, Number : 3621, State : &amp;apos;0&amp;apos;, Class : &amp;apos;0&amp;apos;, Server : &amp;apos;192.168.11.14&amp;apos;, Message : &amp;apos;The statement has been terminated.&amp;apos;, Procedure : &amp;apos;ctemp&amp;apos;, LineNumber : 6 }, { Source : &amp;apos;.Net SqlClient Data Provider&amp;apos;, Number : 3621, State : &amp;apos;0&amp;apos;, Class : &amp;apos;0&amp;apos;, Server : &amp;apos;192.168.11.14&amp;apos;, Message : &amp;apos;The statement has been terminated.&amp;apos;, Procedure : &amp;apos;ctemp&amp;apos;, LineNumber : 6 }, { Source : &amp;apos;.Net SqlClient Data Provider&amp;apos;, Number : 3621, State : &amp;apos;0&amp;apos;, Class : &amp;apos;0&amp;apos;, Server : &amp;apos;192.168.11.14&amp;apos;, Message : &amp;apos;The statement has been terminated.&amp;apos;, Procedure : &amp;apos;ctemp&amp;apos;, LineNumber : 6 }, { Source : &amp;apos;.Net SqlClient Data Provider&amp;apos;, Number : 3621, State : &amp;apos;0&amp;apos;, Class : &amp;apos;0&amp;apos;, Server : &amp;apos;192.168.11.14&amp;apos;, Message : &amp;apos;The statement has been terminated.&amp;apos;, Procedure : &amp;apos;ctemp&amp;apos;, LineNumber : 6 }, { Source : &amp;apos;.Net SqlClient Data Provider&amp;apos;, Number : 3621, State : &amp;apos;0&amp;apos;, Class : &amp;apos;0&amp;apos;, Server : &amp;apos;192.168.11.14&amp;apos;, Message : &amp;apos;The statement has been terminated.&amp;apos;, Procedure : &amp;apos;ctemp&amp;apos;, LineNumber : 6 }, { Source : &amp;apos;.Net SqlClient Data Provider&amp;apos;, Number : 3621, State : &amp;apos;0&amp;apos;, Class : &amp;apos;0&amp;apos;, Server : &amp;apos;192.168.11.14&amp;apos;, Message : &amp;apos;The statement has been terminated.&amp;apos;, Procedure : &amp;apos;ctemp&amp;apos;, LineNumber : 6 }, { Source : &amp;apos;.Net SqlClient Data Provider&amp;apos;, Number : 3621, State : &amp;apos;0&amp;apos;, Class : &amp;apos;0&amp;apos;, Server : &amp;apos;192.168.11.14&amp;apos;, Message : &amp;apos;The statement has been terminated.&amp;apos;, Procedure : &amp;apos;ctemp&amp;apos;, LineNumber : 6 }, { Source : &amp;apos;.Net SqlClient Data Provider&amp;apos;, Number : 3621, State : &amp;apos;0&amp;apos;, Class : &amp;apos;0&amp;apos;, Server : &amp;apos;192.168.11.14&amp;apos;, Message : &amp;apos;The statement has been terminated.&amp;apos;, Procedure : &amp;apos;ctemp&amp;apos;, LineNumber : 6 }, { Source : &amp;apos;.Net SqlClient Data Provider&amp;apos;, Number : 3621, State : &amp;apos;0&amp;apos;, Class : &amp;apos;0&amp;apos;, Server : &amp;apos;192.168.11.14&amp;apos;, Message : &amp;apos;The statement has been terminated.&amp;apos;, Procedure : &amp;apos;ctemp&amp;apos;, LineNumber : 6 }, { Source : &amp;apos;.Net SqlClient Data Provider&amp;apos;, Number : 3621, State : &amp;apos;0&amp;apos;, Class : &amp;apos;0&amp;apos;, Server : &amp;apos;192.168.11.14&amp;apos;, Message : &amp;apos;The statement has been terminated.&amp;apos;, Procedure : &amp;apos;ctemp&amp;apos;, LineNumber : 6 }, { Source : &amp;apos;.Net SqlClient Data Provider&amp;apos;, Number : 3621, State : &amp;apos;0&amp;apos;, Class : &amp;apos;0&amp;apos;, Server : &amp;apos;192.168.11.14&amp;apos;, Message : &amp;apos;The statement has been terminated.&amp;apos;, Procedure : &amp;apos;ctemp&amp;apos;, LineNumber : 6 }, { Source : &amp;apos;.Net SqlClient Data Provider&amp;apos;, Number : 3621, State : &amp;apos;0&amp;apos;, Class : &amp;apos;0&amp;apos;, Server : &amp;apos;192.168.11.14&amp;apos;, Message : &amp;apos;The statement has been terminated.&amp;apos;, Procedure : &amp;apos;ctemp&amp;apos;, LineNumber : 6 }, { Source : &amp;apos;.Net SqlClient Data Provider&amp;apos;, Number : 3621, State : &amp;apos;0&amp;apos;, Class : &amp;apos;0&amp;apos;, Server : &amp;apos;192.168.11.14&amp;apos;, Message : &amp;apos;The statement has been terminated.&amp;apos;, Procedure : &amp;apos;ctemp&amp;apos;, LineNumber : 6 }, { Source : &amp;apos;.Net SqlClient Data Provider&amp;apos;, Number : 3621, State : &amp;apos;0&amp;apos;, Class : &amp;apos;0&amp;apos;, Server : &amp;apos;192.168.11.14&amp;apos;, Message : &amp;apos;The statement has been terminated.&amp;apos;, Procedure : &amp;apos;ctemp&amp;apos;, LineNumber : 6 }, { Source : &amp;apos;.Net SqlClient Data Provider&amp;apos;, Number : 3621, State : &amp;apos;0&amp;apos;, Class : &amp;apos;0&amp;apos;, Server : &amp;apos;192.168.11.14&amp;apos;, Message : &amp;apos;The statement has been terminated.&amp;apos;, Procedure : &amp;apos;ctemp&amp;apos;, LineNumber : 6 }, { Source : &amp;apos;.Net SqlClient Data Provider&amp;apos;, Number : 3621, State : &amp;apos;0&amp;apos;, Class : &amp;apos;0&amp;apos;, Server : &amp;apos;192.168.11.14&amp;apos;, Message : &amp;apos;The statement has been terminated.&amp;apos;, Procedure : &amp;apos;ctemp&amp;apos;, LineNumber : 6 }, { Source : &amp;apos;.Net SqlClient Data Provider&amp;apos;, Number : 3621, State : &amp;apos;0&amp;apos;, Class : &amp;apos;0&amp;apos;, Server : &amp;apos;192.168.11.14&amp;apos;, Message : &amp;apos;The statement has been terminated.&amp;apos;, Procedure : &amp;apos;ctemp&amp;apos;, LineNumber : 6 }, { Source : &amp;apos;.Net SqlClient Data Provider&amp;apos;, Number : 3621, State : &amp;apos;0&amp;apos;, Class : &amp;apos;0&amp;apos;, Server : &amp;apos;192.168.11.14&amp;apos;, Message : &amp;apos;The statement has been terminated.&amp;apos;, Procedure : &amp;apos;ctemp&amp;apos;, LineNumber : 6 }, { Source : &amp;apos;.Net SqlClient Data Provider&amp;apos;, Number : 3621, State : &amp;apos;0&amp;apos;, Class : &amp;apos;0&amp;apos;, Server : &amp;apos;192.168.11.14&amp;apos;, Message : &amp;apos;The statement has been terminated.&amp;apos;, Procedure : &amp;apos;ctemp&amp;apos;, LineNumber : 6 }, { Source : &amp;apos;.Net SqlClient Data Provider&amp;apos;, Number : 3621, State : &amp;apos;0&amp;apos;, Class : &amp;apos;0&amp;apos;, Server : &amp;apos;192.168.11.14&amp;apos;, Message : &amp;apos;The statement has been terminated.&amp;apos;, Procedure : &amp;apos;ctemp&amp;apos;, LineNumber : 6 }, { Source : &amp;apos;.Net SqlClient Data Provider&amp;apos;, Number : 3621, State : &amp;apos;0&amp;apos;, Class : &amp;apos;0&amp;apos;, Server : &amp;apos;192.168.11.14&amp;apos;, Message : &amp;apos;The statement has been terminated.&amp;apos;, Procedure : &amp;apos;ctemp&amp;apos;, LineNumber : 6 }, { Source : &amp;apos;.Net SqlClient Data Provider&amp;apos;, Number : 3621, State : &amp;apos;0&amp;apos;, Class : &amp;apos;0&amp;apos;, Server : &amp;apos;192.168.11.14&amp;apos;, Message : &amp;apos;The statement has been terminated.&amp;apos;, Procedure : &amp;apos;ctemp&amp;apos;, LineNumber : 6 }, { Source : &amp;apos;.Net SqlClient Data Provider&amp;apos;, Number : 3621, State : &amp;apos;0&amp;apos;, Class : &amp;apos;0&amp;apos;, Server : &amp;apos;192.168.11.14&amp;apos;, Message : &amp;apos;The statement has been terminated.&amp;apos;, Procedure : &amp;apos;ctemp&amp;apos;, LineNumber : 6 }, { Source : &amp;apos;.Net SqlClient Data Provider&amp;apos;, Number : 3621, State : &amp;apos;0&amp;apos;, Class : &amp;apos;0&amp;apos;, Server : &amp;apos;192.168.11.14&amp;apos;, Message : &amp;apos;The statement has been terminated.&amp;apos;, Procedure : &amp;apos;ctemp&amp;apos;, LineNumber : 6 }, { Source : &amp;apos;.Net SqlClient Data Provider&amp;apos;, Number : 3621, State : &amp;apos;0&amp;apos;, Class : &amp;apos;0&amp;apos;, Server : &amp;apos;192.168.11.14&amp;apos;, Message : &amp;apos;The statement has been terminated.&amp;apos;, Procedure : &amp;apos;ctemp&amp;apos;, LineNumber : 6 }, { Source : &amp;apos;.Net SqlClient Data Provider&amp;apos;, Number : 3621, State : &amp;apos;0&amp;apos;, Class : &amp;apos;0&amp;apos;, Server : &amp;apos;192.168.11.14&amp;apos;, Message : &amp;apos;The statement has been terminated.&amp;apos;, Procedure : &amp;apos;ctemp&amp;apos;, LineNumber : 6 }, { Source : &amp;apos;.Net SqlClient Data Provider&amp;apos;, Number : 3621, State : &amp;apos;0&amp;apos;, Class : &amp;apos;0&amp;apos;, Server : &amp;apos;192.168.11.14&amp;apos;, Message : &amp;apos;The statement has been terminated.&amp;apos;, Procedure : &amp;apos;ctemp&amp;apos;, LineNumber : 6 }, { Source : &amp;apos;.Net SqlClient Data Provider&amp;apos;, Number : 3621, State : &amp;apos;0&amp;apos;, Class : &amp;apos;0&amp;apos;, Server : &amp;apos;192.168.11.14&amp;apos;, Message : &amp;apos;The statement has been terminated.&amp;apos;, Procedure : &amp;apos;ctemp&amp;apos;, LineNumber : 6 }, { Source : &amp;apos;.Net SqlClient Data Provider&amp;apos;, Number : 3621, State : &amp;apos;0&amp;apos;, Class : &amp;apos;0&amp;apos;, Server : &amp;apos;192.168.11.14&amp;apos;, Message : &amp;apos;The statement has been terminated.&amp;apos;, Procedure : &amp;apos;ctemp&amp;apos;, LineNumber : 6 }, { Source : &amp;apos;.Net SqlClient Data Provider&amp;apos;, Number : 3621, State : &amp;apos;0&amp;apos;, Class : &amp;apos;0&amp;apos;, Server : &amp;apos;192.168.11.14&amp;apos;, Message : &amp;apos;The statement has been terminated.&amp;apos;, Procedure : &amp;apos;ctemp&amp;apos;, LineNumber : 6 }, { Source : &amp;apos;.Net SqlClient Data Provider&amp;apos;, Number : 3621, State : &amp;apos;0&amp;apos;, Class : &amp;apos;0&amp;apos;, Server : &amp;apos;192.168.11.14&amp;apos;, Message : &amp;apos;The statement has been terminated.&amp;apos;, Procedure : &amp;apos;ctemp&amp;apos;, LineNumber : 6 }, { Source : &amp;apos;.Net SqlClient Data Provider&amp;apos;, Number : 3621, State : &amp;apos;0&amp;apos;, Class : &amp;apos;0&amp;apos;, Server : &amp;apos;192.168.11.14&amp;apos;, Message : &amp;apos;The statement has been terminated.&amp;apos;, Procedure : &amp;apos;ctemp&amp;apos;, LineNumber : 6 }, { Source : &amp;apos;.Net SqlClient Data Provider&amp;apos;, Number : 3621, State : &amp;apos;0&amp;apos;, Class : &amp;apos;0&amp;apos;, Server : &amp;apos;192.168.11.14&amp;apos;, Message : &amp;apos;The statement has been terminated.&amp;apos;, Procedure : &amp;apos;ctemp&amp;apos;, LineNumber : 6 }, { Source : &amp;apos;.Net SqlClient Data Provider&amp;apos;, Number : 3621, State : &amp;apos;0&amp;apos;, Class : &amp;apos;0&amp;apos;, Server : &amp;apos;192.168.11.14&amp;apos;, Message : &amp;apos;The statement has been terminated.&amp;apos;, Procedure : &amp;apos;ctemp&amp;apos;, LineNumber : 6 }, { Source : &amp;apos;.Net SqlClient Data Provider&amp;apos;, Number : 3621, State : &amp;apos;0&amp;apos;, Class : &amp;apos;0&amp;apos;, Server : &amp;apos;192.168.11.14&amp;apos;, Message : &amp;apos;The statement has been terminated.&amp;apos;, Procedure : &amp;apos;ctemp&amp;apos;, LineNumber : 6 }, { Source : &amp;apos;.Net SqlClient Data Provider&amp;apos;, Number : 3621, State : &amp;apos;0&amp;apos;, Class : &amp;apos;0&amp;apos;, Server : &amp;apos;192.168.11.14&amp;apos;, Message : &amp;apos;The statement has been terminated.&amp;apos;, Procedure : &amp;apos;ctemp&amp;apos;, LineNumber : 6 }, { Source : &amp;apos;.Net SqlClient Data Provider&amp;apos;, Number : 3621, State : &amp;apos;0&amp;apos;, Class : &amp;apos;0&amp;apos;, Server : &amp;apos;192.168.11.14&amp;apos;, Message : &amp;apos;The statement has been terminated.&amp;apos;, Procedure : &amp;apos;ctemp&amp;apos;, LineNumber : 6 }, { Source : &amp;apos;.Net SqlClient Data Provider&amp;apos;, Number : 3621, State : &amp;apos;0&amp;apos;, Class : &amp;apos;0&amp;apos;, Server : &amp;apos;192.168.11.14&amp;apos;, Message : &amp;apos;The statement has been terminated.&amp;apos;, Procedure : &amp;apos;ctemp&amp;apos;, LineNumber : 6 }, { Source : &amp;apos;.Net SqlClient Data Provider&amp;apos;, Number : 3621, State : &amp;apos;0&amp;apos;, Class : &amp;apos;0&amp;apos;, Server : &amp;apos;192.168.11.14&amp;apos;, Message : &amp;apos;The statement has been terminated.&amp;apos;, Procedure : &amp;apos;ctemp&amp;apos;, LineNumber : 6 }, { Source : &amp;apos;.Net SqlClient Data Provider&amp;apos;, Number : 3621, State : &amp;apos;0&amp;apos;, Class : &amp;apos;0&amp;apos;, Server : &amp;apos;192.168.11.14&amp;apos;, Message : &amp;apos;The statement has been terminated.&amp;apos;, Procedure : &amp;apos;ctemp&amp;apos;, LineNumber : 6 }, { Source : &amp;apos;.Net SqlClient Data Provider&amp;apos;, Number : 3621, State : &amp;apos;0&amp;apos;, Class : &amp;apos;0&amp;apos;, Server : &amp;apos;192.168.11.14&amp;apos;, Message : &amp;apos;The statement has been terminated.&amp;apos;, Procedure : &amp;apos;ctemp&amp;apos;, LineNumber : 6 }, { Source : &amp;apos;.Net SqlClient Data Provider&amp;apos;, Number : 3621, State : &amp;apos;0&amp;apos;, Class : &amp;apos;0&amp;apos;, Server : &amp;apos;192.168.11.14&amp;apos;, Message : &amp;apos;The statement has been terminated.&amp;apos;, Procedure : &amp;apos;ctemp&amp;apos;, LineNumber : 6 }, { Source : &amp;apos;.Net SqlClient Data Provider&amp;apos;, Number : 3621, State : &amp;apos;0&amp;apos;, Class : &amp;apos;0&amp;apos;, Server : &amp;apos;192.168.11.14&amp;apos;, Message : &amp;apos;The statement has been terminated.&amp;apos;, Procedure : &amp;apos;ctemp&amp;apos;, LineNumber : 6 }, { Source : &amp;apos;.Net SqlClient Data Provider&amp;apos;, Number : 3621, State : &amp;apos;0&amp;apos;, Class : &amp;apos;0&amp;apos;, Server : &amp;apos;192.168.11.14&amp;apos;, Message : &amp;apos;The statement has been terminated.&amp;apos;, Procedure : &amp;apos;ctemp&amp;apos;, LineNumber : 6 }, { Source : &amp;apos;.Net SqlClient Data Provider&amp;apos;, Number : 3621, State : &amp;apos;0&amp;apos;, Class : &amp;apos;0&amp;apos;, Server : &amp;apos;192.168.11.14&amp;apos;, Message : &amp;apos;The statement has been terminated.&amp;apos;, Procedure : &amp;apos;ctemp&amp;apos;, LineNumber : 6 }, { Source : &amp;apos;.Net SqlClient Data Provider&amp;apos;, Number : 3621, State : &amp;apos;0&amp;apos;, Class : &amp;apos;0&amp;apos;, Server : &amp;apos;192.168.11.14&amp;apos;, Message : &amp;apos;The statement has been terminated.&amp;apos;, Procedure : &amp;apos;ctemp&amp;apos;, LineNumber : 6 }, { Source : &amp;apos;.Net SqlClient Data Provider&amp;apos;, Number : 3621, State : &amp;apos;0&amp;apos;, Class : &amp;apos;0&amp;apos;, Server : &amp;apos;192.168.11.14&amp;apos;, Message : &amp;apos;The statement has been terminated.&amp;apos;, Procedure : &amp;apos;ctemp&amp;apos;, LineNumber : 6 }, { Source : &amp;apos;.Net SqlClient Data Provider&amp;apos;, Number : 3621, State : &amp;apos;0&amp;apos;, Class : &amp;apos;0&amp;apos;, Server : &amp;apos;192.168.11.14&amp;apos;, Message : &amp;apos;The statement has been terminated.&amp;apos;, Procedure : &amp;apos;ctemp&amp;apos;, LineNumber : 6 }, { Source : &amp;apos;.Net SqlClient Data Provider&amp;apos;, Number : 3621, State : &amp;apos;0&amp;apos;, Class : &amp;apos;0&amp;apos;, Server : &amp;apos;192.168.11.14&amp;apos;, Message : &amp;apos;The statement has been terminated.&amp;apos;, Procedure : &amp;apos;ctemp&amp;apos;, LineNumber : 6 }, { Source : &amp;apos;.Net SqlClient Data Provider&amp;apos;, Number : 3621, State : &amp;apos;0&amp;apos;, Class : &amp;apos;0&amp;apos;, Server : &amp;apos;192.168.11.14&amp;apos;, Message : &amp;apos;The statement has been terminated.&amp;apos;, Procedure : &amp;apos;ctemp&amp;apos;, LineNumber : 6 }, { Source : &amp;apos;.Net SqlClient Data Provider&amp;apos;, Number : 3621, State : &amp;apos;0&amp;apos;, Class : &amp;apos;0&amp;apos;, Server : &amp;apos;192.168.11.14&amp;apos;, Message : &amp;apos;The statement has been terminated.&amp;apos;, Procedure : &amp;apos;ctemp&amp;apos;, LineNumber : 6 }, { Source : &amp;apos;.Net SqlClient Data Provider&amp;apos;, Number : 3621, State : &amp;apos;0&amp;apos;, Class : &amp;apos;0&amp;apos;, Server : &amp;apos;192.168.11.14&amp;apos;, Message : &amp;apos;The statement has been terminated.&amp;apos;, Procedure : &amp;apos;ctemp&amp;apos;, LineNumber : 6 }, { Source : &amp;apos;.Net SqlClient Data Provider&amp;apos;, Number : 3621, State : &amp;apos;0&amp;apos;, Class : &amp;apos;0&amp;apos;, Server : &amp;apos;192.168.11.14&amp;apos;, Message : &amp;apos;The statement has been terminated.&amp;apos;, Procedure : &amp;apos;ctemp&amp;apos;, LineNumber : 6 }, { Source : &amp;apos;.Net SqlClient Data Provider&amp;apos;, Number : 3621, State : &amp;apos;0&amp;apos;, Class : &amp;apos;0&amp;apos;, Server : &amp;apos;192.168.11.14&amp;apos;, Message : &amp;apos;The statement has been terminated.&amp;apos;, Procedure : &amp;apos;ctemp&amp;apos;, LineNumber : 6 }, { Source : &amp;apos;.Net SqlClient Data Provider&amp;apos;, Number : 3621, State : &amp;apos;0&amp;apos;, Class : &amp;apos;0&amp;apos;, Server : &amp;apos;192.168.11.14&amp;apos;, Message : &amp;apos;The statement has been terminated.&amp;apos;, Procedure : &amp;apos;ctemp&amp;apos;, LineNumber : 6 }, { Source : &amp;apos;.Net SqlClient Data Provider&amp;apos;, Number : 3621, State : &amp;apos;0&amp;apos;, Class : &amp;apos;0&amp;apos;, Server : &amp;apos;192.168.11.14&amp;apos;, Message : &amp;apos;The statement has been terminated.&amp;apos;, Procedure : &amp;apos;ctemp&amp;apos;, LineNumber : 6 }, { Source : &amp;apos;.Net SqlClient Data Provider&amp;apos;, Number : 3621, State : &amp;apos;0&amp;apos;, Class : &amp;apos;0&amp;apos;, Server : &amp;apos;192.168.11.14&amp;apos;, Message : &amp;apos;The statement has been terminated.&amp;apos;, Procedure : &amp;apos;ctemp&amp;apos;, LineNumber : 6 }, { Source : &amp;apos;.Net SqlClient Data Provider&amp;apos;, Number : 3621, State : &amp;apos;0&amp;apos;, Class : &amp;apos;0&amp;apos;, Server : &amp;apos;192.168.11.14&amp;apos;, Message : &amp;apos;The statement has been terminated.&amp;apos;, Procedure : &amp;apos;ctemp&amp;apos;, LineNumber : 6 }, { Source : &amp;apos;.Net SqlClient Data Provider&amp;apos;, Number : 3621, State : &amp;apos;0&amp;apos;, Class : &amp;apos;0&amp;apos;, Server : &amp;apos;192.168.11.14&amp;apos;, Message : &amp;apos;The statement has been terminated.&amp;apos;, Procedure : &amp;apos;ctemp&amp;apos;, LineNumber : 6 }, { Source : &amp;apos;.Net SqlClient Data Provider&amp;apos;, Number : 3621, State : &amp;apos;0&amp;apos;, Class : &amp;apos;0&amp;apos;, Server : &amp;apos;192.168.11.14&amp;apos;, Message : &amp;apos;The statement has been terminated.&amp;apos;, Procedure : &amp;apos;ctemp&amp;apos;, LineNumber : 6 }, { Source : &amp;apos;.Net SqlClient Data Provider&amp;apos;, Number : 3621, State : &amp;apos;0&amp;apos;, Class : &amp;apos;0&amp;apos;, Server : &amp;apos;192.168.11.14&amp;apos;, Message : &amp;apos;The statement has been terminated.&amp;apos;, Procedure : &amp;apos;ctemp&amp;apos;, LineNumber : 6 }, { Source : &amp;apos;.Net SqlClient Data Provider&amp;apos;, Number : 3621, State : &amp;apos;0&amp;apos;, Class : &amp;apos;0&amp;apos;, Server : &amp;apos;192.168.11.14&amp;apos;, Message : &amp;apos;The statement has been terminated.&amp;apos;, Procedure : &amp;apos;ctemp&amp;apos;, LineNumber : 6 }, { Source : &amp;apos;.Net SqlClient Data Provider&amp;apos;, Number : 3621, State : &amp;apos;0&amp;apos;, Class : &amp;apos;0&amp;apos;, Server : &amp;apos;192.168.11.14&amp;apos;, Message : &amp;apos;The statement has been terminated.&amp;apos;, Procedure : &amp;apos;ctemp&amp;apos;, LineNumber : 6 }, { Source : &amp;apos;.Net SqlClient Data Provider&amp;apos;, Number : 3621, State : &amp;apos;0&amp;apos;, Class : &amp;apos;0&amp;apos;, Server : &amp;apos;192.168.11.14&amp;apos;, Message : &amp;apos;The statement has been terminated.&amp;apos;, Procedure : &amp;apos;ctemp&amp;apos;, LineNumber : 6 }, { Source : &amp;apos;.Net SqlClient Data Provider&amp;apos;, Number : 3621, State : &amp;apos;0&amp;apos;, Class : &amp;apos;0&amp;apos;, Server : &amp;apos;192.168.11.14&amp;apos;, Message : &amp;apos;The statement has been terminated.&amp;apos;, Procedure : &amp;apos;ctemp&amp;apos;, LineNumber : 6 }, { Source : &amp;apos;.Net SqlClient Data Provider&amp;apos;, Number : 3621, State : &amp;apos;0&amp;apos;, Class : &amp;apos;0&amp;apos;, Server : &amp;apos;192.168.11.14&amp;apos;, Message : &amp;apos;The statement has been terminated.&amp;apos;, Procedure : &amp;apos;ctemp&amp;apos;, LineNumber : 6 }, { Source : &amp;apos;.Net SqlClient Data Provider&amp;apos;, Number : 3621, State : &amp;apos;0&amp;apos;, Class : &amp;apos;0&amp;apos;, Server : &amp;apos;192.168.11.14&amp;apos;, Message : &amp;apos;The statement has been terminated.&amp;apos;, Procedure : &amp;apos;ctemp&amp;apos;, LineNumber : 6 }, { Source : &amp;apos;.Net SqlClient Data Provider&amp;apos;, Number : 3621, State : &amp;apos;0&amp;apos;, Class : &amp;apos;0&amp;apos;, Server : &amp;apos;192.168.11.14&amp;apos;, Message : &amp;apos;The statement has been terminated.&amp;apos;, Procedure : &amp;apos;ctemp&amp;apos;, LineNumber : 6 }, { Source : &amp;apos;.Net SqlClient Data Provider&amp;apos;, Number : 3621, State : &amp;apos;0&amp;apos;, Class : &amp;apos;0&amp;apos;, Server : &amp;apos;192.168.11.14&amp;apos;, Message : &amp;apos;The statement has been terminated.&amp;apos;, Procedure : &amp;apos;ctemp&amp;apos;, LineNumber : 6 }, { Source : &amp;apos;.Net SqlClient Data Provider&amp;apos;, Number : 3621, State : &amp;apos;0&amp;apos;, Class : &amp;apos;0&amp;apos;, Server : &amp;apos;192.168.11.14&amp;apos;, Message : &amp;apos;The statement has been terminated.&amp;apos;, Procedure : &amp;apos;ctemp&amp;apos;, LineNumber : 6 }, { Source : &amp;apos;.Net SqlClient Data Provider&amp;apos;, Number : 3621, State : &amp;apos;0&amp;apos;, Class : &amp;apos;0&amp;apos;, Server : &amp;apos;192.168.11.14&amp;apos;, Message : &amp;apos;The statement has been terminated.&amp;apos;, Procedure : &amp;apos;ctemp&amp;apos;, LineNumber : 6 }, { Source : &amp;apos;.Net SqlClient Data Provider&amp;apos;, Number : 3621, State : &amp;apos;0&amp;apos;, Class : &amp;apos;0&amp;apos;, Server : &amp;apos;192.168.11.14&amp;apos;, Message : &amp;apos;The statement has been terminated.&amp;apos;, Procedure : &amp;apos;ctemp&amp;apos;, LineNumber : 6 }, { Source : &amp;apos;.Net SqlClient Data Provider&amp;apos;, Number : 3621, State : &amp;apos;0&amp;apos;, Class : &amp;apos;0&amp;apos;, Server : &amp;apos;192.168.11.14&amp;apos;, Message : &amp;apos;The statement has been terminated.&amp;apos;, Procedure : &amp;apos;ctemp&amp;apos;, LineNumber : 6 }, { Source : &amp;apos;.Net SqlClient Data Provider&amp;apos;, Number : 3621, State : &amp;apos;0&amp;apos;, Class : &amp;apos;0&amp;apos;, Server : &amp;apos;192.168.11.14&amp;apos;, Message : &amp;apos;The statement has been terminated.&amp;apos;, Procedure : &amp;apos;ctemp&amp;apos;, LineNumber : 6 }, { Source : &amp;apos;.Net SqlClient Data Provider&amp;apos;, Number : 3621, State : &amp;apos;0&amp;apos;, Class : &amp;apos;0&amp;apos;, Server : &amp;apos;192.168.11.14&amp;apos;, Message : &amp;apos;The statement has been terminated.&amp;apos;, Procedure : &amp;apos;ctemp&amp;apos;, LineNumber : 6 }, { Source : &amp;apos;.Net SqlClient Data Provider&amp;apos;, Number : 3621, State : &amp;apos;0&amp;apos;, Class : &amp;apos;0&amp;apos;, Server : &amp;apos;192.168.11.14&amp;apos;, Message : &amp;apos;The statement has been terminated.&amp;apos;, Procedure : &amp;apos;ctemp&amp;apos;, LineNumber : 6 }, { Source : &amp;apos;.Net SqlClient Data Provider&amp;apos;, Number : 3621, State : &amp;apos;0&amp;apos;, Class : &amp;apos;0&amp;apos;, Server : &amp;apos;192.168.11.14&amp;apos;, Message : &amp;apos;The statement has been terminated.&amp;apos;, Procedure : &amp;apos;ctemp&amp;apos;, LineNumber : 6 }, { Source : &amp;apos;.Net SqlClient Data Provider&amp;apos;, Number : 3621, State : &amp;apos;0&amp;apos;, Class : &amp;apos;0&amp;apos;, Server : &amp;apos;192.168.11.14&amp;apos;, Message : &amp;apos;The statement has been terminated.&amp;apos;, Procedure : &amp;apos;ctemp&amp;apos;, LineNumber : 6 }, { Source : &amp;apos;.Net SqlClient Data Provider&amp;apos;, Number : 3621, State : &amp;apos;0&amp;apos;, Class : &amp;apos;0&amp;apos;, Server : &amp;apos;192.168.11.14&amp;apos;, Message : &amp;apos;The statement has been terminated.&amp;apos;, Procedure : &amp;apos;ctemp&amp;apos;, LineNumber : 6 }, { Source : &amp;apos;.Net SqlClient Data Provider&amp;apos;, Number : 3621, State : &amp;apos;0&amp;apos;, Class : &amp;apos;0&amp;apos;, Server : &amp;apos;192.168.11.14&amp;apos;, Message : &amp;apos;The statement has been terminated.&amp;apos;, Procedure : &amp;apos;ctemp&amp;apos;, LineNumber : 6 }, { Source : &amp;apos;.Net SqlClient Data Provider&amp;apos;, Number : 3621, State : &amp;apos;0&amp;apos;, Class : &amp;apos;0&amp;apos;, Server : &amp;apos;192.168.11.14&amp;apos;, Message : &amp;apos;The statement has been terminated.&amp;apos;, Procedure : &amp;apos;ctemp&amp;apos;, LineNumber : 6 }, { Source : &amp;apos;.Net SqlClient Data Provider&amp;apos;, Number : 3621, State : &amp;apos;0&amp;apos;, Class : &amp;apos;0&amp;apos;, Server : &amp;apos;192.168.11.14&amp;apos;, Message : &amp;apos;The statement has been terminated.&amp;apos;, Procedure : &amp;apos;ctemp&amp;apos;, LineNumber : 6 }, { Source : &amp;apos;.Net SqlClient Data Provider&amp;apos;, Number : 3621, State : &amp;apos;0&amp;apos;, Class : &amp;apos;0&amp;apos;, Server : &amp;apos;192.168.11.14&amp;apos;, Message : &amp;apos;The statement has been terminated.&amp;apos;, Procedure : &amp;apos;ctemp&amp;apos;, LineNumber : 6 }, { Source : &amp;apos;.Net SqlClient Data Provider&amp;apos;, Number : 3621, State : &amp;apos;0&amp;apos;, Class : &amp;apos;0&amp;apos;, Server : &amp;apos;192.168.11.14&amp;apos;, Message : &amp;apos;The statement has been terminated.&amp;apos;, Procedure : &amp;apos;ctemp&amp;apos;, LineNumber : 6 }, { Source : &amp;apos;.Net SqlClient Data Provider&amp;apos;, Number : 3621, State : &amp;apos;0&amp;apos;, Class : &amp;apos;0&amp;apos;, Server : &amp;apos;192.168.11.14&amp;apos;, Message : &amp;apos;The statement has been terminated.&amp;apos;, Procedure : &amp;apos;ctemp&amp;apos;, LineNumber : 6 }, { Source : &amp;apos;.Net SqlClient Data Provider&amp;apos;, Number : 3621, State : &amp;apos;0&amp;apos;, Class : &amp;apos;0&amp;apos;, Server : &amp;apos;192.168.11.14&amp;apos;, Message : &amp;apos;The statement has been terminated.&amp;apos;, Procedure : &amp;apos;ctemp&amp;apos;, LineNumber : 6 }, { Source : &amp;apos;.Net SqlClient Data Provider&amp;apos;, Number : 3621, State : &amp;apos;0&amp;apos;, Class : &amp;apos;0&amp;apos;, Server : &amp;apos;192.168.11.14&amp;apos;, Message : &amp;apos;The statement has been terminated.&amp;apos;, Procedure : &amp;apos;ctemp&amp;apos;, LineNumber : 6 }, { Source : &amp;apos;.Net SqlClient Data Provider&amp;apos;, Number : 3621, State : &amp;apos;0&amp;apos;, Class : &amp;apos;0&amp;apos;, Server : &amp;apos;192.168.11.14&amp;apos;, Message : &amp;apos;The statement has been terminated.&amp;apos;, Procedure : &amp;apos;ctemp&amp;apos;, LineNumber : 6 }, { Source : &amp;apos;.Net SqlClient Data Provider&amp;apos;, Number : 3621, State : &amp;apos;0&amp;apos;, Class : &amp;apos;0&amp;apos;, Server : &amp;apos;192.168.11.14&amp;apos;, Message : &amp;apos;The statement has been terminated.&amp;apos;, Procedure : &amp;apos;ctemp&amp;apos;, LineNumber : 6 }, { Source : &amp;apos;.Net SqlClient Data Provider&amp;apos;, Number : 3621, State : &amp;apos;0&amp;apos;, Class : &amp;apos;0&amp;apos;, Server : &amp;apos;192.168.11.14&amp;apos;, Message : &amp;apos;The statement has been terminated.&amp;apos;, Procedure : &amp;apos;ctemp&amp;apos;, LineNumber : 6 }, { Source : &amp;apos;.Net SqlClient Data Provider&amp;apos;, Number : 3621, State : &amp;apos;0&amp;apos;, Class : &amp;apos;0&amp;apos;, Server : &amp;apos;192.168.11.14&amp;apos;, Message : &amp;apos;The statement has been terminated.&amp;apos;, Procedure : &amp;apos;ctemp&amp;apos;, LineNumber : 6 }, { Source : &amp;apos;.Net SqlClient Data Provider&amp;apos;, Number : 3621, State : &amp;apos;0&amp;apos;, Class : &amp;apos;0&amp;apos;, Server : &amp;apos;192.168.11.14&amp;apos;, Message : &amp;apos;The statement has been terminated.&amp;apos;, Procedure : &amp;apos;ctemp&amp;apos;, LineNumber : 6 }, { Source : &amp;apos;.Net SqlClient Data Provider&amp;apos;, Number : 3621, State : &amp;apos;0&amp;apos;, Class : &amp;apos;0&amp;apos;, Server : &amp;apos;192.168.11.14&amp;apos;, Message : &amp;apos;The statement has been terminated.&amp;apos;, Procedure : &amp;apos;ctemp&amp;apos;, LineNumber : 6 }, { Source : &amp;apos;.Net SqlClient Data Provider&amp;apos;, Number : 3621, State : &amp;apos;0&amp;apos;, Class : &amp;apos;0&amp;apos;, Server : &amp;apos;192.168.11.14&amp;apos;, Message : &amp;apos;The statement has been terminated.&amp;apos;, Procedure : &amp;apos;ctemp&amp;apos;, LineNumber : 6 }, { Source : &amp;apos;.Net SqlClient Data Provider&amp;apos;, Number : 3621, State : &amp;apos;0&amp;apos;, Class : &amp;apos;0&amp;apos;, Server : &amp;apos;192.168.11.14&amp;apos;, Message : &amp;apos;The statement has been terminated.&amp;apos;, Procedure : &amp;apos;ctemp&amp;apos;, LineNumber : 6 }, { Source : &amp;apos;.Net SqlClient Data Provider&amp;apos;, Number : 3621, State : &amp;apos;0&amp;apos;, Class : &amp;apos;0&amp;apos;, Server : &amp;apos;192.168.11.14&amp;apos;, Message : &amp;apos;The statement has been terminated.&amp;apos;, Procedure : &amp;apos;ctemp&amp;apos;, LineNumber : 6 }, { Source : &amp;apos;.Net SqlClient Data Provider&amp;apos;, Number : 3621, State : &amp;apos;0&amp;apos;, Class : &amp;apos;0&amp;apos;, Server : &amp;apos;192.168.11.14&amp;apos;, Message : &amp;apos;The statement has been terminated.&amp;apos;, Procedure : &amp;apos;ctemp&amp;apos;, LineNumber : 6 }, { Source : &amp;apos;.Net SqlClient Data Provider&amp;apos;, Number : 3621, State : &amp;apos;0&amp;apos;, Class : &amp;apos;0&amp;apos;, Server : &amp;apos;192.168.11.14&amp;apos;, Message : &amp;apos;The statement has been terminated.&amp;apos;, Procedure : &amp;apos;ctemp&amp;apos;, LineNumber : 6 }, { Source : &amp;apos;.Net SqlClient Data Provider&amp;apos;, Number : 3621, State : &amp;apos;0&amp;apos;, Class : &amp;apos;0&amp;apos;, Server : &amp;apos;192.168.11.14&amp;apos;, Message : &amp;apos;The statement has been terminated.&amp;apos;, Procedure : &amp;apos;ctemp&amp;apos;, LineNumber : 6 }, { Source : &amp;apos;.Net SqlClient Data Provider&amp;apos;, Number : 3621, State : &amp;apos;0&amp;apos;, Class : &amp;apos;0&amp;apos;, Server : &amp;apos;192.168.11.14&amp;apos;, Message : &amp;apos;The statement has been terminated.&amp;apos;, Procedure : &amp;apos;ctemp&amp;apos;, LineNumber : 6 }, { Source : &amp;apos;.Net SqlClient Data Provider&amp;apos;, Number : 3621, State : &amp;apos;0&amp;apos;, Class : &amp;apos;0&amp;apos;, Server : &amp;apos;192.168.11.14&amp;apos;, Message : &amp;apos;The statement has been terminated.&amp;apos;, Procedure : &amp;apos;ctemp&amp;apos;, LineNumber : 6 }, { Source : &amp;apos;.Net SqlClient Data Provider&amp;apos;, Number : 3621, State : &amp;apos;0&amp;apos;, Class : &amp;apos;0&amp;apos;, Server : &amp;apos;192.168.11.14&amp;apos;, Message : &amp;apos;The statement has been terminated.&amp;apos;, Procedure : &amp;apos;ctemp&amp;apos;, LineNumber : 6 }, { Source : &amp;apos;.Net SqlClient Data Provider&amp;apos;, Number : 3621, State : &amp;apos;0&amp;apos;, Class : &amp;apos;0&amp;apos;, Server : &amp;apos;192.168.11.14&amp;apos;, Message : &amp;apos;The statement has been terminated.&amp;apos;, Procedure : &amp;apos;ctemp&amp;apos;, LineNumber : 6 }, { Source : &amp;apos;.Net SqlClient Data Provider&amp;apos;, Number : 3621, State : &amp;apos;0&amp;apos;, Class : &amp;apos;0&amp;apos;, Server : &amp;apos;192.168.11.14&amp;apos;, Message : &amp;apos;The statement has been terminated.&amp;apos;, Procedure : &amp;apos;ctemp&amp;apos;, LineNumber : 6 }, { Source : &amp;apos;.Net SqlClient Data Provider&amp;apos;, Number : 3621, State : &amp;apos;0&amp;apos;, Class : &amp;apos;0&amp;apos;, Server : &amp;apos;192.168.11.14&amp;apos;, Message : &amp;apos;The statement has been terminated.&amp;apos;, Procedure : &amp;apos;ctemp&amp;apos;, LineNumber : 6 }, { Source : &amp;apos;.Net SqlClient Data Provider&amp;apos;, Number : 3621, State : &amp;apos;0&amp;apos;, Class : &amp;apos;0&amp;apos;, Server : &amp;apos;192.168.11.14&amp;apos;, Message : &amp;apos;The statement has been terminated.&amp;apos;, Procedure : &amp;apos;ctemp&amp;apos;, LineNumber : 6 }, { Source : &amp;apos;.Net SqlClient Data Provider&amp;apos;, Number : 3621, State : &amp;apos;0&amp;apos;, Class : &amp;apos;0&amp;apos;, Server : &amp;apos;192.168.11.14&amp;apos;, Message : &amp;apos;The statement has been terminated.&amp;apos;, Procedure : &amp;apos;ctemp&amp;apos;, LineNumber : 6 }, { Source : &amp;apos;.Net SqlClient Data Provider&amp;apos;, Number : 3621, State : &amp;apos;0&amp;apos;, Class : &amp;apos;0&amp;apos;, Server : &amp;apos;192.168.11.14&amp;apos;, Message : &amp;apos;The statement has been terminated.&amp;apos;, Procedure : &amp;apos;ctemp&amp;apos;, LineNumber : 6 }, { Source : &amp;apos;.Net SqlClient Data Provider&amp;apos;, Number : 3621, State : &amp;apos;0&amp;apos;, Class : &amp;apos;0&amp;apos;, Server : &amp;apos;192.168.11.14&amp;apos;, Message : &amp;apos;The statement has been terminated.&amp;apos;, Procedure : &amp;apos;ctemp&amp;apos;, LineNumber : 6 }, { Source : &amp;apos;.Net SqlClient Data Provider&amp;apos;, Number : 3621, State : &amp;apos;0&amp;apos;, Class : &amp;apos;0&amp;apos;, Server : &amp;apos;192.168.11.14&amp;apos;, Message : &amp;apos;The statement has been terminated.&amp;apos;, Procedure : &amp;apos;ctemp&amp;apos;, LineNumber : 6 }, { Source : &amp;apos;.Net SqlClient Data Provider&amp;apos;, Number : 3621, State : &amp;apos;0&amp;apos;, Class : &amp;apos;0&amp;apos;, Server : &amp;apos;192.168.11.14&amp;apos;, Message : &amp;apos;The statement has been terminated.&amp;apos;, Procedure : &amp;apos;ctemp&amp;apos;, LineNumber : 6 }, { Source : &amp;apos;.Net SqlClient Data Provider&amp;apos;, Number : 3621, State : &amp;apos;0&amp;apos;, Class : &amp;apos;0&amp;apos;, Server : &amp;apos;192.168.11.14&amp;apos;, Message : &amp;apos;The statement has been terminated.&amp;apos;, Procedure : &amp;apos;ctemp&amp;apos;, LineNumber : 6 }, { Source : &amp;apos;.Net SqlClient Data Provider&amp;apos;, Number : 3621, State : &amp;apos;0&amp;apos;, Class : &amp;apos;0&amp;apos;, Server : &amp;apos;192.168.11.14&amp;apos;, Message : &amp;apos;The statement has been terminated.&amp;apos;, Procedure : &amp;apos;ctemp&amp;apos;, LineNumber : 6 }, { Source : &amp;apos;.Net SqlClient Data Provider&amp;apos;, Number : 3621, State : &amp;apos;0&amp;apos;, Class : &amp;apos;0&amp;apos;, Server : &amp;apos;192.168.11.14&amp;apos;, Message : &amp;apos;The statement has been terminated.&amp;apos;, Procedure : &amp;apos;ctemp&amp;apos;, LineNumber : 6 }, { Source : &amp;apos;.Net SqlClient Data Provider&amp;apos;, Number : 3621, State : &amp;apos;0&amp;apos;, Class : &amp;apos;0&amp;apos;, Server : &amp;apos;192.168.11.14&amp;apos;, Message : &amp;apos;The statement has been terminated.&amp;apos;, Procedure : &amp;apos;ctemp&amp;apos;, LineNumber : 6 }, { Source : &amp;apos;.Net SqlClient Data Provider&amp;apos;, Number : 3621, State : &amp;apos;0&amp;apos;, Class : &amp;apos;0&amp;apos;, Server : &amp;apos;192.168.11.14&amp;apos;, Message : &amp;apos;The statement has been terminated.&amp;apos;, Procedure : &amp;apos;ctemp&amp;apos;, LineNumber : 6 }, { Source : &amp;apos;.Net SqlClient Data Provider&amp;apos;, Number : 3621, State : &amp;apos;0&amp;apos;, Class : &amp;apos;0&amp;apos;, Server : &amp;apos;192.168.11.14&amp;apos;, Message : &amp;apos;The statement has been terminated.&amp;apos;, Procedure : &amp;apos;ctemp&amp;apos;, LineNumber : 6 }, { Source : &amp;apos;.Net SqlClient Data Provider&amp;apos;, Number : 3621, State : &amp;apos;0&amp;apos;, Class : &amp;apos;0&amp;apos;, Server : &amp;apos;192.168.11.14&amp;apos;, Message : &amp;apos;The statement has been terminated.&amp;apos;, Procedure : &amp;apos;ctemp&amp;apos;, LineNumber : 6 }, { Source : &amp;apos;.Net SqlClient Data Provider&amp;apos;, Number : 3621, State : &amp;apos;0&amp;apos;, Class : &amp;apos;0&amp;apos;, Server : &amp;apos;192.168.11.14&amp;apos;, Message : &amp;apos;The statement has been terminated.&amp;apos;, Procedure : &amp;apos;ctemp&amp;apos;, LineNumber : 6 }, { Source : &amp;apos;.Net SqlClient Data Provider&amp;apos;, Number : 3621, State : &amp;apos;0&amp;apos;, Class : &amp;apos;0&amp;apos;, Server : &amp;apos;192.168.11.14&amp;apos;, Message : &amp;apos;The statement has been terminated.&amp;apos;, Procedure : &amp;apos;ctemp&amp;apos;, LineNumber : 6 }, { Source : &amp;apos;.Net SqlClient Data Provider&amp;apos;, Number : 3621, State : &amp;apos;0&amp;apos;, Class : &amp;apos;0&amp;apos;, Server : &amp;apos;192.168.11.14&amp;apos;, Message : &amp;apos;The statement has been terminated.&amp;apos;, Procedure : &amp;apos;ctemp&amp;apos;, LineNumber : 6 }, { Source : &amp;apos;.Net SqlClient Data Provider&amp;apos;, Number : 3621, State : &amp;apos;0&amp;apos;, Class : &amp;apos;0&amp;apos;, Server : &amp;apos;192.168.11.14&amp;apos;, Message : &amp;apos;The statement has been terminated.&amp;apos;, Procedure : &amp;apos;ctemp&amp;apos;, LineNumber : 6 }, { Source : &amp;apos;.Net SqlClient Data Provider&amp;apos;, Number : 3621, State : &amp;apos;0&amp;apos;, Class : &amp;apos;0&amp;apos;, Server : &amp;apos;192.168.11.14&amp;apos;, Message : &amp;apos;The statement has been terminated.&amp;apos;, Procedure : &amp;apos;ctemp&amp;apos;, LineNumber : 6 }, { Source : &amp;apos;.Net SqlClient Data Provider&amp;apos;, Number : 3621, State : &amp;apos;0&amp;apos;, Class : &amp;apos;0&amp;apos;, Server : &amp;apos;192.168.11.14&amp;apos;, Message : &amp;apos;The statement has been terminated.&amp;apos;, Procedure : &amp;apos;ctemp&amp;apos;, LineNumber : 6 }, { Source : &amp;apos;.Net SqlClient Data Provider&amp;apos;, Number : 3621, State : &amp;apos;0&amp;apos;, Class : &amp;apos;0&amp;apos;, Server : &amp;apos;192.168.11.14&amp;apos;, Message : &amp;apos;The statement has been terminated.&amp;apos;, Procedure : &amp;apos;ctemp&amp;apos;, LineNumber : 6 }, { Source : &amp;apos;.Net SqlClient Data Provider&amp;apos;, Number : 3621, State : &amp;apos;0&amp;apos;, Class : &amp;apos;0&amp;apos;, Server : &amp;apos;192.168.11.14&amp;apos;, Message : &amp;apos;The statement has been terminated.&amp;apos;, Procedure : &amp;apos;ctemp&amp;apos;, LineNumber : 6 }, { Source : &amp;apos;.Net SqlClient Data Provider&amp;apos;, Number : 3621, State : &amp;apos;0&amp;apos;, Class : &amp;apos;0&amp;apos;, Server : &amp;apos;192.168.11.14&amp;apos;, Message : &amp;apos;The statement has been terminated.&amp;apos;, Procedure : &amp;apos;ctemp&amp;apos;, LineNumber : 6 }, { Source : &amp;apos;.Net SqlClient Data Provider&amp;apos;, Number : 3621, State : &amp;apos;0&amp;apos;, Class : &amp;apos;0&amp;apos;, Server : &amp;apos;192.168.11.14&amp;apos;, Message : &amp;apos;The statement has been terminated.&amp;apos;, Procedure : &amp;apos;ctemp&amp;apos;, LineNumber : 6 }, { Source : &amp;apos;.Net SqlClient Data Provider&amp;apos;, Number : 3621, State : &amp;apos;0&amp;apos;, Class : &amp;apos;0&amp;apos;, Server : &amp;apos;192.168.11.14&amp;apos;, Message : &amp;apos;The statement has been terminated.&amp;apos;, Procedure : &amp;apos;ctemp&amp;apos;, LineNumber : 6 }, { Source : &amp;apos;.Net SqlClient Data Provider&amp;apos;, Number : 3621, State : &amp;apos;0&amp;apos;, Class : &amp;apos;0&amp;apos;, Server : &amp;apos;192.168.11.14&amp;apos;, Message : &amp;apos;The statement has been terminated.&amp;apos;, Procedure : &amp;apos;ctemp&amp;apos;, LineNumber : 6 }, { Source : &amp;apos;.Net SqlClient Data Provider&amp;apos;, Number : 3621, State : &amp;apos;0&amp;apos;, Class : &amp;apos;0&amp;apos;, Server : &amp;apos;192.168.11.14&amp;apos;, Message : &amp;apos;The statement has been terminated.&amp;apos;, Procedure : &amp;apos;ctemp&amp;apos;, LineNumber : 6 }, { Source : &amp;apos;.Net SqlClient Data Provider&amp;apos;, Number : 3621, State : &amp;apos;0&amp;apos;, Class : &amp;apos;0&amp;apos;, Server : &amp;apos;192.168.11.14&amp;apos;, Message : &amp;apos;The statement has been terminated.&amp;apos;, Procedure : &amp;apos;ctemp&amp;apos;, LineNumber : 6 }, { Source : &amp;apos;.Net SqlClient Data Provider&amp;apos;, Number : 3621, State : &amp;apos;0&amp;apos;, Class : &amp;apos;0&amp;apos;, Server : &amp;apos;192.168.11.14&amp;apos;, Message : &amp;apos;The statement has been terminated.&amp;apos;, Procedure : &amp;apos;ctemp&amp;apos;, LineNumber : 6 }, { Source : &amp;apos;.Net SqlClient Data Provider&amp;apos;, Number : 3621, State : &amp;apos;0&amp;apos;, Class : &amp;apos;0&amp;apos;, Server : &amp;apos;192.168.11.14&amp;apos;, Message : &amp;apos;The statement has been terminated.&amp;apos;, Procedure : &amp;apos;ctemp&amp;apos;, LineNumber : 6 }, { Source : &amp;apos;.Net SqlClient Data Provider&amp;apos;, Number : 3621, State : &amp;apos;0&amp;apos;, Class : &amp;apos;0&amp;apos;, Server : &amp;apos;192.168.11.14&amp;apos;, Message : &amp;apos;The statement has been terminated.&amp;apos;, Procedure : &amp;apos;ctemp&amp;apos;, LineNumber : 6 }, { Source : &amp;apos;.Net SqlClient Data Provider&amp;apos;, Number : 3621, State : &amp;apos;0&amp;apos;, Class : &amp;apos;0&amp;apos;, Server : &amp;apos;192.168.11.14&amp;apos;, Message : &amp;apos;The statement has been terminated.&amp;apos;, Procedure : &amp;apos;ctemp&amp;apos;, LineNumber : 6 }, { Source : &amp;apos;.Net SqlClient Data Provider&amp;apos;, Number : 3621, State : &amp;apos;0&amp;apos;, Class : &amp;apos;0&amp;apos;, Server : &amp;apos;192.168.11.14&amp;apos;, Message : &amp;apos;The statement has been terminated.&amp;apos;, Procedure : &amp;apos;ctemp&amp;apos;, LineNumber : 6 }, { Source : &amp;apos;.Net SqlClient Data Provider&amp;apos;, Number : 3621, State : &amp;apos;0&amp;apos;, Class : &amp;apos;0&amp;apos;, Server : &amp;apos;192.168.11.14&amp;apos;, Message : &amp;apos;The statement has been terminated.&amp;apos;, Procedure : &amp;apos;ctemp&amp;apos;, LineNumber : 6 }, { Source : &amp;apos;.Net SqlClient Data Provider&amp;apos;, Number : 3621, State : &amp;apos;0&amp;apos;, Class : &amp;apos;0&amp;apos;, Server : &amp;apos;192.168.11.14&amp;apos;, Message : &amp;apos;The statement has been terminated.&amp;apos;, Procedure : &amp;apos;ctemp&amp;apos;, LineNumber : 6 }, { Source : &amp;apos;.Net SqlClient Data Provider&amp;apos;, Number : 3621, State : &amp;apos;0&amp;apos;, Class : &amp;apos;0&amp;apos;, Server : &amp;apos;192.168.11.14&amp;apos;, Message : &amp;apos;The statement has been terminated.&amp;apos;, Procedure : &amp;apos;ctemp&amp;apos;, LineNumber : 6 }, { Source : &amp;apos;.Net SqlClient Data Provider&amp;apos;, Number : 3621, State : &amp;apos;0&amp;apos;, Class : &amp;apos;0&amp;apos;, Server : &amp;apos;192.168.11.14&amp;apos;, Message : &amp;apos;The statement has been terminated.&amp;apos;, Procedure : &amp;apos;ctemp&amp;apos;, LineNumber : 6 }, { Source : &amp;apos;.Net SqlClient Data Provider&amp;apos;, Number : 3621, State : &amp;apos;0&amp;apos;, Class : &amp;apos;0&amp;apos;, Server : &amp;apos;192.168.11.14&amp;apos;, Message : &amp;apos;The statement has been terminated.&amp;apos;, Procedure : &amp;apos;ctemp&amp;apos;, LineNumber : 6 }, { Source : &amp;apos;.Net SqlClient Data Provider&amp;apos;, Number : 3621, State : &amp;apos;0&amp;apos;, Class : &amp;apos;0&amp;apos;, Server : &amp;apos;192.168.11.14&amp;apos;, Message : &amp;apos;The statement has been terminated.&amp;apos;, Procedure : &amp;apos;ctemp&amp;apos;, LineNumber : 6 }, { Source : &amp;apos;.Net SqlClient Data Provider&amp;apos;, Number : 3621, State : &amp;apos;0&amp;apos;, Class : &amp;apos;0&amp;apos;, Server : &amp;apos;192.168.11.14&amp;apos;, Message : &amp;apos;The statement has been terminated.&amp;apos;, Procedure : &amp;apos;ctemp&amp;apos;, LineNumber : 6 }, { Source : &amp;apos;.Net SqlClient Data Provider&amp;apos;, Number : 3621, State : &amp;apos;0&amp;apos;, Class : &amp;apos;0&amp;apos;, Server : &amp;apos;192.168.11.14&amp;apos;, Message : &amp;apos;The statement has been terminated.&amp;apos;, Procedure : &amp;apos;ctemp&amp;apos;, LineNumber : 6 }, { Source : &amp;apos;.Net SqlClient Data Provider&amp;apos;, Number : 3621, State : &amp;apos;0&amp;apos;, Class : &amp;apos;0&amp;apos;, Server : &amp;apos;192.168.11.14&amp;apos;, Message : &amp;apos;The statement has been terminated.&amp;apos;, Procedure : &amp;apos;ctemp&amp;apos;, LineNumber : 6 }, { Source : &amp;apos;.Net SqlClient Data Provider&amp;apos;, Number : 3621, State : &amp;apos;0&amp;apos;, Class : &amp;apos;0&amp;apos;, Server : &amp;apos;192.168.11.14&amp;apos;, Message : &amp;apos;The statement has been terminated.&amp;apos;, Procedure : &amp;apos;ctemp&amp;apos;, LineNumber : 6 }, { Source : &amp;apos;.Net SqlClient Data Provider&amp;apos;, Number : 3621, State : &amp;apos;0&amp;apos;, Class : &amp;apos;0&amp;apos;, Server : &amp;apos;192.168.11.14&amp;apos;, Message : &amp;apos;The statement has been terminated.&amp;apos;, Procedure : &amp;apos;ctemp&amp;apos;, LineNumber : 6 }, { Source : &amp;apos;.Net SqlClient Data Provider&amp;apos;, Number : 3621, State : &amp;apos;0&amp;apos;, Class : &amp;apos;0&amp;apos;, Server : &amp;apos;192.168.11.14&amp;apos;, Message : &amp;apos;The statement has been terminated.&amp;apos;, Procedure : &amp;apos;ctemp&amp;apos;, LineNumber : 6 }, { Source : &amp;apos;.Net SqlClient Data Provider&amp;apos;, Number : 3621, State : &amp;apos;0&amp;apos;, Class : &amp;apos;0&amp;apos;, Server : &amp;apos;192.168.11.14&amp;apos;, Message : &amp;apos;The statement has been terminated.&amp;apos;, Procedure : &amp;apos;ctemp&amp;apos;, LineNumber : 6 }, { Source : &amp;apos;.Net SqlClient Data Provider&amp;apos;, Number : 3621, State : &amp;apos;0&amp;apos;, Class : &amp;apos;0&amp;apos;, Server : &amp;apos;192.168.11.14&amp;apos;, Message : &amp;apos;The statement has been terminated.&amp;apos;, Procedure : &amp;apos;ctemp&amp;apos;, LineNumber : 6 }, { Source : &amp;apos;.Net SqlClient Data Provider&amp;apos;, Number : 3621, State : &amp;apos;0&amp;apos;, Class : &amp;apos;0&amp;apos;, Server : &amp;apos;192.168.11.14&amp;apos;, Message : &amp;apos;The statement has been terminated.&amp;apos;, Procedure : &amp;apos;ctemp&amp;apos;, LineNumber : 6 }, { Source : &amp;apos;.Net SqlClient Data Provider&amp;apos;, Number : 3621, State : &amp;apos;0&amp;apos;, Class : &amp;apos;0&amp;apos;, Server : &amp;apos;192.168.11.14&amp;apos;, Message : &amp;apos;The statement has been terminated.&amp;apos;, Procedure : &amp;apos;ctemp&amp;apos;, LineNumber : 6 }, { Source : &amp;apos;.Net SqlClient Data Provider&amp;apos;, Number : 3621, State : &amp;apos;0&amp;apos;, Class : &amp;apos;0&amp;apos;, Server : &amp;apos;192.168.11.14&amp;apos;, Message : &amp;apos;The statement has been terminated.&amp;apos;, Procedure : &amp;apos;ctemp&amp;apos;, LineNumber : 6 }, { Source : &amp;apos;.Net SqlClient Data Provider&amp;apos;, Number : 3621, State : &amp;apos;0&amp;apos;, Class : &amp;apos;0&amp;apos;, Server : &amp;apos;192.168.11.14&amp;apos;, Message : &amp;apos;The statement has been terminated.&amp;apos;, Procedure : &amp;apos;ctemp&amp;apos;, LineNumber : 6 }, { Source : &amp;apos;.Net SqlClient Data Provider&amp;apos;, Number : 3621, State : &amp;apos;0&amp;apos;, Class : &amp;apos;0&amp;apos;, Server : &amp;apos;192.168.11.14&amp;apos;, Message : &amp;apos;The statement has been terminated.&amp;apos;, Procedure : &amp;apos;ctemp&amp;apos;, LineNumber : 6 }, { Source : &amp;apos;.Net SqlClient Data Provider&amp;apos;, Number : 3621, State : &amp;apos;0&amp;apos;, Class : &amp;apos;0&amp;apos;, Server : &amp;apos;192.168.11.14&amp;apos;, Message : &amp;apos;The statement has been terminated.&amp;apos;, Procedure : &amp;apos;ctemp&amp;apos;, LineNumber : 6 }, { Source : &amp;apos;.Net SqlClient Data Provider&amp;apos;, Number : 3621, State : &amp;apos;0&amp;apos;, Class : &amp;apos;0&amp;apos;, Server : &amp;apos;192.168.11.14&amp;apos;, Message : &amp;apos;The statement has been terminated.&amp;apos;, Procedure : &amp;apos;ctemp&amp;apos;, LineNumber : 6 }, { Source : &amp;apos;.Net SqlClient Data Provider&amp;apos;, Number : 3621, State : &amp;apos;0&amp;apos;, Class : &amp;apos;0&amp;apos;, Server : &amp;apos;192.168.11.14&amp;apos;, Message : &amp;apos;The statement has been terminated.&amp;apos;, Procedure : &amp;apos;ctemp&amp;apos;, LineNumber : 6 }, { Source : &amp;apos;.Net SqlClient Data Provider&amp;apos;, Number : 3621, State : &amp;apos;0&amp;apos;, Class : &amp;apos;0&amp;apos;, Server : &amp;apos;192.168.11.14&amp;apos;, Message : &amp;apos;The statement has been terminated.&amp;apos;, Procedure : &amp;apos;ctemp&amp;apos;, LineNumber : 6 }, { Source : &amp;apos;.Net SqlClient Data Provider&amp;apos;, Number : 3621, State : &amp;apos;0&amp;apos;, Class : &amp;apos;0&amp;apos;, Server : &amp;apos;192.168.11.14&amp;apos;, Message : &amp;apos;The statement has been terminated.&amp;apos;, Procedure : &amp;apos;ctemp&amp;apos;, LineNumber : 6 }, { Source : &amp;apos;.Net SqlClient Data Provider&amp;apos;, Number : 3621, State : &amp;apos;0&amp;apos;, Class : &amp;apos;0&amp;apos;, Server : &amp;apos;192.168.11.14&amp;apos;, Message : &amp;apos;The statement has been terminated.&amp;apos;, Procedure : &amp;apos;ctemp&amp;apos;, LineNumber : 6 }, { Source : &amp;apos;.Net SqlClient Data Provider&amp;apos;, Number : 3621, State : &amp;apos;0&amp;apos;, Class : &amp;apos;0&amp;apos;, Server : &amp;apos;192.168.11.14&amp;apos;, Message : &amp;apos;The statement has been terminated.&amp;apos;, Procedure : &amp;apos;ctemp&amp;apos;, LineNumber : 6 }, { Source : &amp;apos;.Net SqlClient Data Provider&amp;apos;, Number : 3621, State : &amp;apos;0&amp;apos;, Class : &amp;apos;0&amp;apos;, Server : &amp;apos;192.168.11.14&amp;apos;, Message : &amp;apos;The statement has been terminated.&amp;apos;, Procedure : &amp;apos;ctemp&amp;apos;, LineNumber : 6 }, { Source : &amp;apos;.Net SqlClient Data Provider&amp;apos;, Number : 3621, State : &amp;apos;0&amp;apos;, Class : &amp;apos;0&amp;apos;, Server : &amp;apos;192.168.11.14&amp;apos;, Message : &amp;apos;The statement has been terminated.&amp;apos;, Procedure : &amp;apos;ctemp&amp;apos;, LineNumber : 6 }, { Source : &amp;apos;.Net SqlClient Data Provider&amp;apos;, Number : 3621, State : &amp;apos;0&amp;apos;, Class : &amp;apos;0&amp;apos;, Server : &amp;apos;192.168.11.14&amp;apos;, Message : &amp;apos;The statement has been terminated.&amp;apos;, Procedure : &amp;apos;ctemp&amp;apos;, LineNumber : 6 }, { Source : &amp;apos;.Net SqlClient Data Provider&amp;apos;, Number : 3621, State : &amp;apos;0&amp;apos;, Class : &amp;apos;0&amp;apos;, Server : &amp;apos;192.168.11.14&amp;apos;, Message : &amp;apos;The statement has been terminated.&amp;apos;, Procedure : &amp;apos;ctemp&amp;apos;, LineNumber : 6 }, { Source : &amp;apos;.Net SqlClient Data Provider&amp;apos;, Number : 3621, State : &amp;apos;0&amp;apos;, Class : &amp;apos;0&amp;apos;, Server : &amp;apos;192.168.11.14&amp;apos;, Message : &amp;apos;The statement has been terminated.&amp;apos;, Procedure : &amp;apos;ctemp&amp;apos;, LineNumber : 6 }, { Source : &amp;apos;.Net SqlClient Data Provider&amp;apos;, Number : 3621, State : &amp;apos;0&amp;apos;, Class : &amp;apos;0&amp;apos;, Server : &amp;apos;192.168.11.14&amp;apos;, Message : &amp;apos;The statement has been terminated.&amp;apos;, Procedure : &amp;apos;ctemp&amp;apos;, LineNumber : 6 }, { Source : &amp;apos;.Net SqlClient Data Provider&amp;apos;, Number : 3621, State : &amp;apos;0&amp;apos;, Class : &amp;apos;0&amp;apos;, Server : &amp;apos;192.168.11.14&amp;apos;, Message : &amp;apos;The statement has been terminated.&amp;apos;, Procedure : &amp;apos;ctemp&amp;apos;, LineNumber : 6 }, { Source : &amp;apos;.Net SqlClient Data Provider&amp;apos;, Number : 3621, State : &amp;apos;0&amp;apos;, Class : &amp;apos;0&amp;apos;, Server : &amp;apos;192.168.11.14&amp;apos;, Message : &amp;apos;The statement has been terminated.&amp;apos;, Procedure : &amp;apos;ctemp&amp;apos;, LineNumber : 6 }, { Source : &amp;apos;.Net SqlClient Data Provider&amp;apos;, Number : 3621, State : &amp;apos;0&amp;apos;, Class : &amp;apos;0&amp;apos;, Server : &amp;apos;192.168.11.14&amp;apos;, Message : &amp;apos;The statement has been terminated.&amp;apos;, Procedure : &amp;apos;ctemp&amp;apos;, LineNumber : 6 }, { Source : &amp;apos;.Net SqlClient Data Provider&amp;apos;, Number : 3621, State : &amp;apos;0&amp;apos;, Class : &amp;apos;0&amp;apos;, Server : &amp;apos;192.168.11.14&amp;apos;, Message : &amp;apos;The statement has been terminated.&amp;apos;, Procedure : &amp;apos;ctemp&amp;apos;, LineNumber : 6 }, { Source : &amp;apos;.Net SqlClient Data Provider&amp;apos;, Number : 3621, State : &amp;apos;0&amp;apos;, Class : &amp;apos;0&amp;apos;, Server : &amp;apos;192.168.11.14&amp;apos;, Message : &amp;apos;The statement has been terminated.&amp;apos;, Procedure : &amp;apos;ctemp&amp;apos;, LineNumber : 6 }, { Source : &amp;apos;.Net SqlClient Data Provider&amp;apos;, Number : 3621, State : &amp;apos;0&amp;apos;, Class : &amp;apos;0&amp;apos;, Server : &amp;apos;192.168.11.14&amp;apos;, Message : &amp;apos;The statement has been terminated.&amp;apos;, Procedure : &amp;apos;ctemp&amp;apos;, LineNumber : 6 }, { Source : &amp;apos;.Net SqlClient Data Provider&amp;apos;, Number : 3621, State : &amp;apos;0&amp;apos;, Class : &amp;apos;0&amp;apos;, Server : &amp;apos;192.168.11.14&amp;apos;, Message : &amp;apos;The statement has been terminated.&amp;apos;, Procedure : &amp;apos;ctemp&amp;apos;, LineNumber : 6 }, { Source : &amp;apos;.Net SqlClient Data Provider&amp;apos;, Number : 3621, State : &amp;apos;0&amp;apos;, Class : &amp;apos;0&amp;apos;, Server : &amp;apos;192.168.11.14&amp;apos;, Message : &amp;apos;The statement has been terminated.&amp;apos;, Procedure : &amp;apos;ctemp&amp;apos;, LineNumber : 6 }, { Source : &amp;apos;.Net SqlClient Data Provider&amp;apos;, Number : 3621, State : &amp;apos;0&amp;apos;, Class : &amp;apos;0&amp;apos;, Server : &amp;apos;192.168.11.14&amp;apos;, Message : &amp;apos;The statement has been terminated.&amp;apos;, Procedure : &amp;apos;ctemp&amp;apos;, LineNumber : 6 }, { Source : &amp;apos;.Net SqlClient Data Provider&amp;apos;, Number : 3621, State : &amp;apos;0&amp;apos;, Class : &amp;apos;0&amp;apos;, Server : &amp;apos;192.168.11.14&amp;apos;, Message : &amp;apos;The statement has been terminated.&amp;apos;, Procedure : &amp;apos;ctemp&amp;apos;, LineNumber : 6 }, { Source : &amp;apos;.Net SqlClient Data Provider&amp;apos;, Number : 3621, State : &amp;apos;0&amp;apos;, Class : &amp;apos;0&amp;apos;, Server : &amp;apos;192.168.11.14&amp;apos;, Message : &amp;apos;The statement has been terminated.&amp;apos;, Procedure : &amp;apos;ctemp&amp;apos;, LineNumber : 6 }, { Source : &amp;apos;.Net SqlClient Data Provider&amp;apos;, Number : 3621, State : &amp;apos;0&amp;apos;, Class : &amp;apos;0&amp;apos;, Server : &amp;apos;192.168.11.14&amp;apos;, Message : &amp;apos;The statement has been terminated.&amp;apos;, Procedure : &amp;apos;ctemp&amp;apos;, LineNumber : 6 }, { Source : &amp;apos;.Net SqlClient Data Provider&amp;apos;, Number : 3621, State : &amp;apos;0&amp;apos;, Class : &amp;apos;0&amp;apos;, Server : &amp;apos;192.168.11.14&amp;apos;, Message : &amp;apos;The statement has been terminated.&amp;apos;, Procedure : &amp;apos;ctemp&amp;apos;, LineNumber : 6 }, { Source : &amp;apos;.Net SqlClient Data Provider&amp;apos;, Number : 3621, State : &amp;apos;0&amp;apos;, Class : &amp;apos;0&amp;apos;, Server : &amp;apos;192.168.11.14&amp;apos;, Message : &amp;apos;The statement has been terminated.&amp;apos;, Procedure : &amp;apos;ctemp&amp;apos;, LineNumber : 6 }, { Source : &amp;apos;.Net SqlClient Data Provider&amp;apos;, Number : 3621, State : &amp;apos;0&amp;apos;, Class : &amp;apos;0&amp;apos;, Server : &amp;apos;192.168.11.14&amp;apos;, Message : &amp;apos;The statement has been terminated.&amp;apos;, Procedure : &amp;apos;ctemp&amp;apos;, LineNumber : 6 }, { Source : &amp;apos;.Net SqlClient Data Provider&amp;apos;, Number : 3621, State : &amp;apos;0&amp;apos;, Class : &amp;apos;0&amp;apos;, Server : &amp;apos;192.168.11.14&amp;apos;, Message : &amp;apos;The statement has been terminated.&amp;apos;, Procedure : &amp;apos;ctemp&amp;apos;, LineNumber : 6 }, { Source : &amp;apos;.Net SqlClient Data Provider&amp;apos;, Number : 3621, State : &amp;apos;0&amp;apos;, Class : &amp;apos;0&amp;apos;, Server : &amp;apos;192.168.11.14&amp;apos;, Message : &amp;apos;The statement has been terminated.&amp;apos;, Procedure : &amp;apos;ctemp&amp;apos;, LineNumber : 6 }, { Source : &amp;apos;.Net SqlClient Data Provider&amp;apos;, Number : 3621, State : &amp;apos;0&amp;apos;, Class : &amp;apos;0&amp;apos;, Server : &amp;apos;192.168.11.14&amp;apos;, Message : &amp;apos;The statement has been terminated.&amp;apos;, Procedure : &amp;apos;ctemp&amp;apos;, LineNumber : 6 }, { Source : &amp;apos;.Net SqlClient Data Provider&amp;apos;, Number : 3621, State : &amp;apos;0&amp;apos;, Class : &amp;apos;0&amp;apos;, Server : &amp;apos;192.168.11.14&amp;apos;, Message : &amp;apos;The statement has been terminated.&amp;apos;, Procedure : &amp;apos;ctemp&amp;apos;, LineNumber : 6 }, { Source : &amp;apos;.Net SqlClient Data Provider&amp;apos;, Number : 3621, State : &amp;apos;0&amp;apos;, Class : &amp;apos;0&amp;apos;, Server : &amp;apos;192.168.11.14&amp;apos;, Message : &amp;apos;The statement has been terminated.&amp;apos;, Procedure : &amp;apos;ctemp&amp;apos;, LineNumber : 6 }, { Source : &amp;apos;.Net SqlClient Data Provider&amp;apos;, Number : 3621, State : &amp;apos;0&amp;apos;, Class : &amp;apos;0&amp;apos;, Server : &amp;apos;192.168.11.14&amp;apos;, Message : &amp;apos;The statement has been terminated.&amp;apos;, Procedure : &amp;apos;ctemp&amp;apos;, LineNumber : 6 }, { Source : &amp;apos;.Net SqlClient Data Provider&amp;apos;, Number : 3621, State : &amp;apos;0&amp;apos;, Class : &amp;apos;0&amp;apos;, Server : &amp;apos;192.168.11.14&amp;apos;, Message : &amp;apos;The statement has been terminated.&amp;apos;, Procedure : &amp;apos;ctemp&amp;apos;, LineNumber : 6 }, { Source : &amp;apos;.Net SqlClient Data Provider&amp;apos;, Number : 3621, State : &amp;apos;0&amp;apos;, Class : &amp;apos;0&amp;apos;, Server : &amp;apos;192.168.11.14&amp;apos;, Message : &amp;apos;The statement has been terminated.&amp;apos;, Procedure : &amp;apos;ctemp&amp;apos;, LineNumber : 6 }, { Source : &amp;apos;.Net SqlClient Data Provider&amp;apos;, Number : 3621, State : &amp;apos;0&amp;apos;, Class : &amp;apos;0&amp;apos;, Server : &amp;apos;192.168.11.14&amp;apos;, Message : &amp;apos;The statement has been terminated.&amp;apos;, Procedure : &amp;apos;ctemp&amp;apos;, LineNumber : 6 }, { Source : &amp;apos;.Net SqlClient Data Provider&amp;apos;, Number : 3621, State : &amp;apos;0&amp;apos;, Class : &amp;apos;0&amp;apos;, Server : &amp;apos;192.168.11.14&amp;apos;, Message : &amp;apos;The statement has been terminated.&amp;apos;, Procedure : &amp;apos;ctemp&amp;apos;, LineNumber : 6 }, { Source : &amp;apos;.Net SqlClient Data Provider&amp;apos;, Number : 3621, State : &amp;apos;0&amp;apos;, Class : &amp;apos;0&amp;apos;, Server : &amp;apos;192.168.11.14&amp;apos;, Message : &amp;apos;The statement has been terminated.&amp;apos;, Procedure : &amp;apos;ctemp&amp;apos;, LineNumber : 6 }, { Source : &amp;apos;.Net SqlClient Data Provider&amp;apos;, Number : 3621, State : &amp;apos;0&amp;apos;, Class : &amp;apos;0&amp;apos;, Server : &amp;apos;192.168.11.14&amp;apos;, Message : &amp;apos;The statement has been terminated.&amp;apos;, Procedure : &amp;apos;ctemp&amp;apos;, LineNumber : 6 }, { Source : &amp;apos;.Net SqlClient Data Provider&amp;apos;, Number : 3621, State : &amp;apos;0&amp;apos;, Class : &amp;apos;0&amp;apos;, Server : &amp;apos;192.168.11.14&amp;apos;, Message : &amp;apos;The statement has been terminated.&amp;apos;, Procedure : &amp;apos;ctemp&amp;apos;, LineNumber : 6 }, { Source : &amp;apos;.Net SqlClient Data Provider&amp;apos;, Number : 3621, State : &amp;apos;0&amp;apos;, Class : &amp;apos;0&amp;apos;, Server : &amp;apos;192.168.11.14&amp;apos;, Message : &amp;apos;The statement has been terminated.&amp;apos;, Procedure : &amp;apos;ctemp&amp;apos;, LineNumber : 6 }, { Source : &amp;apos;.Net SqlClient Data Provider&amp;apos;, Number : 3621, State : &amp;apos;0&amp;apos;, Class : &amp;apos;0&amp;apos;, Server : &amp;apos;192.168.11.14&amp;apos;, Message : &amp;apos;The statement has been terminated.&amp;apos;, Procedure : &amp;apos;ctemp&amp;apos;, LineNumber : 6 }, { Source : &amp;apos;.Net SqlClient Data Provider&amp;apos;, Number : 3621, State : &amp;apos;0&amp;apos;, Class : &amp;apos;0&amp;apos;, Server : &amp;apos;192.168.11.14&amp;apos;, Message : &amp;apos;The statement has been terminated.&amp;apos;, Procedure : &amp;apos;ctemp&amp;apos;, LineNumber : 6 }, { Source : &amp;apos;.Net SqlClient Data Provider&amp;apos;, Number : 3621, State : &amp;apos;0&amp;apos;, Class : &amp;apos;0&amp;apos;, Server : &amp;apos;192.168.11.14&amp;apos;, Message : &amp;apos;The statement has been terminated.&amp;apos;, Procedure : &amp;apos;ctemp&amp;apos;, LineNumber : 6 }, { Source : &amp;apos;.Net SqlClient Data Provider&amp;apos;, Number : 3621, State : &amp;apos;0&amp;apos;, Class : &amp;apos;0&amp;apos;, Server : &amp;apos;192.168.11.14&amp;apos;, Message : &amp;apos;The statement has been terminated.&amp;apos;, Procedure : &amp;apos;ctemp&amp;apos;, LineNumber : 6 }, { Source : &amp;apos;.Net SqlClient Data Provider&amp;apos;, Number : 3621, State : &amp;apos;0&amp;apos;, Class : &amp;apos;0&amp;apos;, Server : &amp;apos;192.168.11.14&amp;apos;, Message : &amp;apos;The statement has been terminated.&amp;apos;, Procedure : &amp;apos;ctemp&amp;apos;, LineNumber : 6 }, { Source : &amp;apos;.Net SqlClient Data Provider&amp;apos;, Number : 3621, State : &amp;apos;0&amp;apos;, Class : &amp;apos;0&amp;apos;, Server : &amp;apos;192.168.11.14&amp;apos;, Message : &amp;apos;The statement has been terminated.&amp;apos;, Procedure : &amp;apos;ctemp&amp;apos;, LineNumber : 6 }, { Source : &amp;apos;.Net SqlClient Data Provider&amp;apos;, Number : 3621, State : &amp;apos;0&amp;apos;, Class : &amp;apos;0&amp;apos;, Server : &amp;apos;192.168.11.14&amp;apos;, Message : &amp;apos;The statement has been terminated.&amp;apos;, Procedure : &amp;apos;ctemp&amp;apos;, LineNumber : 6 }, { Source : &amp;apos;.Net SqlClient Data Provider&amp;apos;, Number : 3621, State : &amp;apos;0&amp;apos;, Class : &amp;apos;0&amp;apos;, Server : &amp;apos;192.168.11.14&amp;apos;, Message : &amp;apos;The statement has been terminated.&amp;apos;, Procedure : &amp;apos;ctemp&amp;apos;, LineNumber : 6 }, { Source : &amp;apos;.Net SqlClient Data Provider&amp;apos;, Number : 3621, State : &amp;apos;0&amp;apos;, Class : &amp;apos;0&amp;apos;, Server : &amp;apos;192.168.11.14&amp;apos;, Message : &amp;apos;The statement has been terminated.&amp;apos;, Procedure : &amp;apos;ctemp&amp;apos;, LineNumber : 6 }, { Source : &amp;apos;.Net SqlClient Data Provider&amp;apos;, Number : 3621, State : &amp;apos;0&amp;apos;, Class : &amp;apos;0&amp;apos;, Server : &amp;apos;192.168.11.14&amp;apos;, Message : &amp;apos;The statement has been terminated.&amp;apos;, Procedure : &amp;apos;ctemp&amp;apos;, LineNumber : 6 }, { Source : &amp;apos;.Net SqlClient Data Provider&amp;apos;, Number : 3621, State : &amp;apos;0&amp;apos;, Class : &amp;apos;0&amp;apos;, Server : &amp;apos;192.168.11.14&amp;apos;, Message : &amp;apos;The statement has been terminated.&amp;apos;, Procedure : &amp;apos;ctemp&amp;apos;, LineNumber : 6 }, { Source : &amp;apos;.Net SqlClient Data Provider&amp;apos;, Number : 3621, State : &amp;apos;0&amp;apos;, Class : &amp;apos;0&amp;apos;, Server : &amp;apos;192.168.11.14&amp;apos;, Message : &amp;apos;The statement has been terminated.&amp;apos;, Procedure : &amp;apos;ctemp&amp;apos;, LineNumber : 6 }, { Source : &amp;apos;.Net SqlClient Data Provider&amp;apos;, Number : 3621, State : &amp;apos;0&amp;apos;, Class : &amp;apos;0&amp;apos;, Server : &amp;apos;192.168.11.14&amp;apos;, Message : &amp;apos;The statement has been terminated.&amp;apos;, Procedure : &amp;apos;ctemp&amp;apos;, LineNumber : 6 }, { Source : &amp;apos;.Net SqlClient Data Provider&amp;apos;, Number : 3621, State : &amp;apos;0&amp;apos;, Class : &amp;apos;0&amp;apos;, Server : &amp;apos;192.168.11.14&amp;apos;, Message : &amp;apos;The statement has been terminated.&amp;apos;, Procedure : &amp;apos;ctemp&amp;apos;, LineNumber : 6 }, { Source : &amp;apos;.Net SqlClient Data Provider&amp;apos;, Number : 3621, State : &amp;apos;0&amp;apos;, Class : &amp;apos;0&amp;apos;, Server : &amp;apos;192.168.11.14&amp;apos;, Message : &amp;apos;The statement has been terminated.&amp;apos;, Procedure : &amp;apos;ctemp&amp;apos;, LineNumber : 6 }, { Source : &amp;apos;.Net SqlClient Data Provider&amp;apos;, Number : 3621, State : &amp;apos;0&amp;apos;, Class : &amp;apos;0&amp;apos;, Server : &amp;apos;192.168.11.14&amp;apos;, Message : &amp;apos;The statement has been terminated.&amp;apos;, Procedure : &amp;apos;ctemp&amp;apos;, LineNumber : 6 }, { Source : &amp;apos;.Net SqlClient Data Provider&amp;apos;, Number : 3621, State : &amp;apos;0&amp;apos;, Class : &amp;apos;0&amp;apos;, Server : &amp;apos;192.168.11.14&amp;apos;, Message : &amp;apos;The statement has been terminated.&amp;apos;, Procedure : &amp;apos;ctemp&amp;apos;, LineNumber : 6 }, { Source : &amp;apos;.Net SqlClient Data Provider&amp;apos;, Number : 3621, State : &amp;apos;0&amp;apos;, Class : &amp;apos;0&amp;apos;, Server : &amp;apos;192.168.11.14&amp;apos;, Message : &amp;apos;The statement has been terminated.&amp;apos;, Procedure : &amp;apos;ctemp&amp;apos;, LineNumber : 6 }, { Source : &amp;apos;.Net SqlClient Data Provider&amp;apos;, Number : 3621, State : &amp;apos;0&amp;apos;, Class : &amp;apos;0&amp;apos;, Server : &amp;apos;192.168.11.14&amp;apos;, Message : &amp;apos;The statement has been terminated.&amp;apos;, Procedure : &amp;apos;ctemp&amp;apos;, LineNumber : 6 }, { Source : &amp;apos;.Net SqlClient Data Provider&amp;apos;, Number : 3621, State : &amp;apos;0&amp;apos;, Class : &amp;apos;0&amp;apos;, Server : &amp;apos;192.168.11.14&amp;apos;, Message : &amp;apos;The statement has been terminated.&amp;apos;, Procedure : &amp;apos;ctemp&amp;apos;, LineNumber : 6 }, { Source : &amp;apos;.Net SqlClient Data Provider&amp;apos;, Number : 3621, State : &amp;apos;0&amp;apos;, Class : &amp;apos;0&amp;apos;, Server : &amp;apos;192.168.11.14&amp;apos;, Message : &amp;apos;The statement has been terminated.&amp;apos;, Procedure : &amp;apos;ctemp&amp;apos;, LineNumber : 6 }, { Source : &amp;apos;.Net SqlClient Data Provider&amp;apos;, Number : 3621, State : &amp;apos;0&amp;apos;, Class : &amp;apos;0&amp;apos;, Server : &amp;apos;192.168.11.14&amp;apos;, Message : &amp;apos;The statement has been terminated.&amp;apos;, Procedure : &amp;apos;ctemp&amp;apos;, LineNumber : 6 }, { Source : &amp;apos;.Net SqlClient Data Provider&amp;apos;, Number : 3621, State : &amp;apos;0&amp;apos;, Class : &amp;apos;0&amp;apos;, Server : &amp;apos;192.168.11.14&amp;apos;, Message : &amp;apos;The statement has been terminated.&amp;apos;, Procedure : &amp;apos;ctemp&amp;apos;, LineNumber : 6 }, { Source : &amp;apos;.Net SqlClient Data Provider&amp;apos;, Number : 3621, State : &amp;apos;0&amp;apos;, Class : &amp;apos;0&amp;apos;, Server : &amp;apos;192.168.11.14&amp;apos;, Message : &amp;apos;The statement has been terminated.&amp;apos;, Procedure : &amp;apos;ctemp&amp;apos;, LineNumber : 6 }, { Source : &amp;apos;.Net SqlClient Data Provider&amp;apos;, Number : 3621, State : &amp;apos;0&amp;apos;, Class : &amp;apos;0&amp;apos;, Server : &amp;apos;192.168.11.14&amp;apos;, Message : &amp;apos;The statement has been terminated.&amp;apos;, Procedure : &amp;apos;ctemp&amp;apos;, LineNumber : 6 }, { Source : &amp;apos;.Net SqlClient Data Provider&amp;apos;, Number : 3621, State : &amp;apos;0&amp;apos;, Class : &amp;apos;0&amp;apos;, Server : &amp;apos;192.168.11.14&amp;apos;, Message : &amp;apos;The statement has been terminated.&amp;apos;, Procedure : &amp;apos;ctemp&amp;apos;, LineNumber : 6 }, { Source : &amp;apos;.Net SqlClient Data Provider&amp;apos;, Number : 3621, State : &amp;apos;0&amp;apos;, Class : &amp;apos;0&amp;apos;, Server : &amp;apos;192.168.11.14&amp;apos;, Message : &amp;apos;The statement has been terminated.&amp;apos;, Procedure : &amp;apos;ctemp&amp;apos;, LineNumber : 6 }, { Source : &amp;apos;.Net SqlClient Data Provider&amp;apos;, Number : 3621, State : &amp;apos;0&amp;apos;, Class : &amp;apos;0&amp;apos;, Server : &amp;apos;192.168.11.14&amp;apos;, Message : &amp;apos;The statement has been terminated.&amp;apos;, Procedure : &amp;apos;ctemp&amp;apos;, LineNumber : 6 }, { Source : &amp;apos;.Net SqlClient Data Provider&amp;apos;, Number : 3621, State : &amp;apos;0&amp;apos;, Class : &amp;apos;0&amp;apos;, Server : &amp;apos;192.168.11.14&amp;apos;, Message : &amp;apos;The statement has been terminated.&amp;apos;, Procedure : &amp;apos;ctemp&amp;apos;, LineNumber : 6 }, { Source : &amp;apos;.Net SqlClient Data Provider&amp;apos;, Number : 3621, State : &amp;apos;0&amp;apos;, Class : &amp;apos;0&amp;apos;, Server : &amp;apos;192.168.11.14&amp;apos;, Message : &amp;apos;The statement has been terminated.&amp;apos;, Procedure : &amp;apos;ctemp&amp;apos;, LineNumber : 6 }, { Source : &amp;apos;.Net SqlClient Data Provider&amp;apos;, Number : 3621, State : &amp;apos;0&amp;apos;, Class : &amp;apos;0&amp;apos;, Server : &amp;apos;192.168.11.14&amp;apos;, Message : &amp;apos;The statement has been terminated.&amp;apos;, Procedure : &amp;apos;ctemp&amp;apos;, LineNumber : 6 }, { Source : &amp;apos;.Net SqlClient Data Provider&amp;apos;, Number : 3621, State : &amp;apos;0&amp;apos;, Class : &amp;apos;0&amp;apos;, Server : &amp;apos;192.168.11.14&amp;apos;, Message : &amp;apos;The statement has been terminated.&amp;apos;, Procedure : &amp;apos;ctemp&amp;apos;, LineNumber : 6 }, { Source : &amp;apos;.Net SqlClient Data Provider&amp;apos;, Number : 3621, State : &amp;apos;0&amp;apos;, Class : &amp;apos;0&amp;apos;, Server : &amp;apos;192.168.11.14&amp;apos;, Message : &amp;apos;The statement has been terminated.&amp;apos;, Procedure : &amp;apos;ctemp&amp;apos;, LineNumber : 6 }, { Source : &amp;apos;.Net SqlClient Data Provider&amp;apos;, Number : 3621, State : &amp;apos;0&amp;apos;, Class : &amp;apos;0&amp;apos;, Server : &amp;apos;192.168.11.14&amp;apos;, Message : &amp;apos;The statement has been terminated.&amp;apos;, Procedure : &amp;apos;ctemp&amp;apos;, LineNumber : 6 }, { Source : &amp;apos;.Net SqlClient Data Provider&amp;apos;, Number : 3621, State : &amp;apos;0&amp;apos;, Class : &amp;apos;0&amp;apos;, Server : &amp;apos;192.168.11.14&amp;apos;, Message : &amp;apos;The statement has been terminated.&amp;apos;, Procedure : &amp;apos;ctemp&amp;apos;, LineNumber : 6 }, { Source : &amp;apos;.Net SqlClient Data Provider&amp;apos;, Number : 3621, State : &amp;apos;0&amp;apos;, Class : &amp;apos;0&amp;apos;, Server : &amp;apos;192.168.11.14&amp;apos;, Message : &amp;apos;The statement has been terminated.&amp;apos;, Procedure : &amp;apos;ctemp&amp;apos;, LineNumber : 6 }, { Source : &amp;apos;.Net SqlClient Data Provider&amp;apos;, Number : 3621, State : &amp;apos;0&amp;apos;, Class : &amp;apos;0&amp;apos;, Server : &amp;apos;192.168.11.14&amp;apos;, Message : &amp;apos;The statement has been terminated.&amp;apos;, Procedure : &amp;apos;ctemp&amp;apos;, LineNumber : 6 }, { Source : &amp;apos;.Net SqlClient Data Provider&amp;apos;, Number : 3621, State : &amp;apos;0&amp;apos;, Class : &amp;apos;0&amp;apos;, Server : &amp;apos;192.168.11.14&amp;apos;, Message : &amp;apos;The statement has been terminated.&amp;apos;, Procedure : &amp;apos;ctemp&amp;apos;, LineNumber : 6 }, { Source : &amp;apos;.Net SqlClient Data Provider&amp;apos;, Number : 3621, State : &amp;apos;0&amp;apos;, Class : &amp;apos;0&amp;apos;, Server : &amp;apos;192.168.11.14&amp;apos;, Message : &amp;apos;The statement has been terminated.&amp;apos;, Procedure : &amp;apos;ctemp&amp;apos;, LineNumber : 6 }, { Source : &amp;apos;.Net SqlClient Data Provider&amp;apos;, Number : 3621, State : &amp;apos;0&amp;apos;, Class : &amp;apos;0&amp;apos;, Server : &amp;apos;192.168.11.14&amp;apos;, Message : &amp;apos;The statement has been terminated.&amp;apos;, Procedure : &amp;apos;ctemp&amp;apos;, LineNumber : 6 }, { Source : &amp;apos;.Net SqlClient Data Provider&amp;apos;, Number : 3621, State : &amp;apos;0&amp;apos;, Class : &amp;apos;0&amp;apos;, Server : &amp;apos;192.168.11.14&amp;apos;, Message : &amp;apos;The statement has been terminated.&amp;apos;, Procedure : &amp;apos;ctemp&amp;apos;, LineNumber : 6 }, { Source : &amp;apos;.Net SqlClient Data Provider&amp;apos;, Number : 3621, State : &amp;apos;0&amp;apos;, Class : &amp;apos;0&amp;apos;, Server : &amp;apos;192.168.11.14&amp;apos;, Message : &amp;apos;The statement has been terminated.&amp;apos;, Procedure : &amp;apos;ctemp&amp;apos;, LineNumber : 6 }, { Source : &amp;apos;.Net SqlClient Data Provider&amp;apos;, Number : 3621, State : &amp;apos;0&amp;apos;, Class : &amp;apos;0&amp;apos;, Server : &amp;apos;192.168.11.14&amp;apos;, Message : &amp;apos;The statement has been terminated.&amp;apos;, Procedure : &amp;apos;ctemp&amp;apos;, LineNumber : 6 }, { Source : &amp;apos;.Net SqlClient Data Provider&amp;apos;, Number : 3621, State : &amp;apos;0&amp;apos;, Class : &amp;apos;0&amp;apos;, Server : &amp;apos;192.168.11.14&amp;apos;, Message : &amp;apos;The statement has been terminated.&amp;apos;, Procedure : &amp;apos;ctemp&amp;apos;, LineNumber : 6 }, { Source : &amp;apos;.Net SqlClient Data Provider&amp;apos;, Number : 3621, State : &amp;apos;0&amp;apos;, Class : &amp;apos;0&amp;apos;, Server : &amp;apos;192.168.11.14&amp;apos;, Message : &amp;apos;The statement has been terminated.&amp;apos;, Procedure : &amp;apos;ctemp&amp;apos;, LineNumber : 6 }, { Source : &amp;apos;.Net SqlClient Data Provider&amp;apos;, Number : 3621, State : &amp;apos;0&amp;apos;, Class : &amp;apos;0&amp;apos;, Server : &amp;apos;192.168.11.14&amp;apos;, Message : &amp;apos;The statement has been terminated.&amp;apos;, Procedure : &amp;apos;ctemp&amp;apos;, LineNumber : 6 }, { Source : &amp;apos;.Net SqlClient Data Provider&amp;apos;, Number : 3621, State : &amp;apos;0&amp;apos;, Class : &amp;apos;0&amp;apos;, Server : &amp;apos;192.168.11.14&amp;apos;, Message : &amp;apos;The statement has been terminated.&amp;apos;, Procedure : &amp;apos;ctemp&amp;apos;, LineNumber : 6 }, { Source : &amp;apos;.Net SqlClient Data Provider&amp;apos;, Number : 3621, State : &amp;apos;0&amp;apos;, Class : &amp;apos;0&amp;apos;, Server : &amp;apos;192.168.11.14&amp;apos;, Message : &amp;apos;The statement has been terminated.&amp;apos;, Procedure : &amp;apos;ctemp&amp;apos;, LineNumber : 6 }, { Source : &amp;apos;.Net SqlClient Data Provider&amp;apos;, Number : 3621, State : &amp;apos;0&amp;apos;, Class : &amp;apos;0&amp;apos;, Server : &amp;apos;192.168.11.14&amp;apos;, Message : &amp;apos;The statement has been terminated.&amp;apos;, Procedure : &amp;apos;ctemp&amp;apos;, LineNumber : 6 }, { Source : &amp;apos;.Net SqlClient Data Provider&amp;apos;, Number : 3621, State : &amp;apos;0&amp;apos;, Class : &amp;apos;0&amp;apos;, Server : &amp;apos;192.168.11.14&amp;apos;, Message : &amp;apos;The statement has been terminated.&amp;apos;, Procedure : &amp;apos;ctemp&amp;apos;, LineNumber : 6 }, { Source : &amp;apos;.Net SqlClient Data Provider&amp;apos;, Number : 3621, State : &amp;apos;0&amp;apos;, Class : &amp;apos;0&amp;apos;, Server : &amp;apos;192.168.11.14&amp;apos;, Message : &amp;apos;The statement has been terminated.&amp;apos;, Procedure : &amp;apos;ctemp&amp;apos;, LineNumber : 6 }, { Source : &amp;apos;.Net SqlClient Data Provider&amp;apos;, Number : 3621, State : &amp;apos;0&amp;apos;, Class : &amp;apos;0&amp;apos;, Server : &amp;apos;192.168.11.14&amp;apos;, Message : &amp;apos;The statement has been terminated.&amp;apos;, Procedure : &amp;apos;ctemp&amp;apos;, LineNumber : 6 }, { Source : &amp;apos;.Net SqlClient Data Provider&amp;apos;, Number : 3621, State : &amp;apos;0&amp;apos;, Class : &amp;apos;0&amp;apos;, Server : &amp;apos;192.168.11.14&amp;apos;, Message : &amp;apos;The statement has been terminated.&amp;apos;, Procedure : &amp;apos;ctemp&amp;apos;, LineNumber : 6 }, { Source : &amp;apos;.Net SqlClient Data Provider&amp;apos;, Number : 3621, State : &amp;apos;0&amp;apos;, Class : &amp;apos;0&amp;apos;, Server : &amp;apos;192.168.11.14&amp;apos;, Message : &amp;apos;The statement has been terminated.&amp;apos;, Procedure : &amp;apos;ctemp&amp;apos;, LineNumber : 6 }, { Source : &amp;apos;.Net SqlClient Data Provider&amp;apos;, Number : 3621, State : &amp;apos;0&amp;apos;, Class : &amp;apos;0&amp;apos;, Server : &amp;apos;192.168.11.14&amp;apos;, Message : &amp;apos;The statement has been terminated.&amp;apos;, Procedure : &amp;apos;ctemp&amp;apos;, LineNumber : 6 }, { Source : &amp;apos;.Net SqlClient Data Provider&amp;apos;, Number : 3621, State : &amp;apos;0&amp;apos;, Class : &amp;apos;0&amp;apos;, Server : &amp;apos;192.168.11.14&amp;apos;, Message : &amp;apos;The statement has been terminated.&amp;apos;, Procedure : &amp;apos;ctemp&amp;apos;, LineNumber : 6 }, { Source : &amp;apos;.Net SqlClient Data Provider&amp;apos;, Number : 3621, State : &amp;apos;0&amp;apos;, Class : &amp;apos;0&amp;apos;, Server : &amp;apos;192.168.11.14&amp;apos;, Message : &amp;apos;The statement has been terminated.&amp;apos;, Procedure : &amp;apos;ctemp&amp;apos;, LineNumber : 6 }, { Source : &amp;apos;.Net SqlClient Data Provider&amp;apos;, Number : 3621, State : &amp;apos;0&amp;apos;, Class : &amp;apos;0&amp;apos;, Server : &amp;apos;192.168.11.14&amp;apos;, Message : &amp;apos;The statement has been terminated.&amp;apos;, Procedure : &amp;apos;ctemp&amp;apos;, LineNumber : 6 }, { Source : &amp;apos;.Net SqlClient Data Provider&amp;apos;, Number : 3621, State : &amp;apos;0&amp;apos;, Class : &amp;apos;0&amp;apos;, Server : &amp;apos;192.168.11.14&amp;apos;, Message : &amp;apos;The statement has been terminated.&amp;apos;, Procedure : &amp;apos;ctemp&amp;apos;, LineNumber : 6 }, { Source : &amp;apos;.Net SqlClient Data Provider&amp;apos;, Number : 3621, State : &amp;apos;0&amp;apos;, Class : &amp;apos;0&amp;apos;, Server : &amp;apos;192.168.11.14&amp;apos;, Message : &amp;apos;The statement has been terminated.&amp;apos;, Procedure : &amp;apos;ctemp&amp;apos;, LineNumber : 6 }, { Source : &amp;apos;.Net SqlClient Data Provider&amp;apos;, Number : 3621, State : &amp;apos;0&amp;apos;, Class : &amp;apos;0&amp;apos;, Server : &amp;apos;192.168.11.14&amp;apos;, Message : &amp;apos;The statement has been terminated.&amp;apos;, Procedure : &amp;apos;ctemp&amp;apos;, LineNumber : 6 }, { Source : &amp;apos;.Net SqlClient Data Provider&amp;apos;, Number : 3621, State : &amp;apos;0&amp;apos;, Class : &amp;apos;0&amp;apos;, Server : &amp;apos;192.168.11.14&amp;apos;, Message : &amp;apos;The statement has been terminated.&amp;apos;, Procedure : &amp;apos;ctemp&amp;apos;, LineNumber : 6 }, { Source : &amp;apos;.Net SqlClient Data Provider&amp;apos;, Number : 3621, State : &amp;apos;0&amp;apos;, Class : &amp;apos;0&amp;apos;, Server : &amp;apos;192.168.11.14&amp;apos;, Message : &amp;apos;The statement has been terminated.&amp;apos;, Procedure : &amp;apos;ctemp&amp;apos;, LineNumber : 6 }, { Source : &amp;apos;.Net SqlClient Data Provider&amp;apos;, Number : 3621, State : &amp;apos;0&amp;apos;, Class : &amp;apos;0&amp;apos;, Server : &amp;apos;192.168.11.14&amp;apos;, Message : &amp;apos;The statement has been terminated.&amp;apos;, Procedure : &amp;apos;ctemp&amp;apos;, LineNumber : 6 }, { Source : &amp;apos;.Net SqlClient Data Provider&amp;apos;, Number : 3621, State : &amp;apos;0&amp;apos;, Class : &amp;apos;0&amp;apos;, Server : &amp;apos;192.168.11.14&amp;apos;, Message : &amp;apos;The statement has been terminated.&amp;apos;, Procedure : &amp;apos;ctemp&amp;apos;, LineNumber : 6 }, { Source : &amp;apos;.Net SqlClient Data Provider&amp;apos;, Number : 3621, State : &amp;apos;0&amp;apos;, Class : &amp;apos;0&amp;apos;, Server : &amp;apos;192.168.11.14&amp;apos;, Message : &amp;apos;The statement has been terminated.&amp;apos;, Procedure : &amp;apos;ctemp&amp;apos;, LineNumber : 6 }, { Source : &amp;apos;.Net SqlClient Data Provider&amp;apos;, Number : 3621, State : &amp;apos;0&amp;apos;, Class : &amp;apos;0&amp;apos;, Server : &amp;apos;192.168.11.14&amp;apos;, Message : &amp;apos;The statement has been terminated.&amp;apos;, Procedure : &amp;apos;ctemp&amp;apos;, LineNumber : 6 }, { Source : &amp;apos;.Net SqlClient Data Provider&amp;apos;, Number : 3621, State : &amp;apos;0&amp;apos;, Class : &amp;apos;0&amp;apos;, Server : &amp;apos;192.168.11.14&amp;apos;, Message : &amp;apos;The statement has been terminated.&amp;apos;, Procedure : &amp;apos;ctemp&amp;apos;, LineNumber : 6 }, { Source : &amp;apos;.Net SqlClient Data Provider&amp;apos;, Number : 3621, State : &amp;apos;0&amp;apos;, Class : &amp;apos;0&amp;apos;, Server : &amp;apos;192.168.11.14&amp;apos;, Message : &amp;apos;The statement has been terminated.&amp;apos;, Procedure : &amp;apos;ctemp&amp;apos;, LineNumber : 6 }, { Source : &amp;apos;.Net SqlClient Data Provider&amp;apos;, Number : 3621, State : &amp;apos;0&amp;apos;, Class : &amp;apos;0&amp;apos;, Server : &amp;apos;192.168.11.14&amp;apos;, Message : &amp;apos;The statement has been terminated.&amp;apos;, Procedure : &amp;apos;ctemp&amp;apos;, LineNumber : 6 }, { Source : &amp;apos;.Net SqlClient Data Provider&amp;apos;, Number : 3621, State : &amp;apos;0&amp;apos;, Class : &amp;apos;0&amp;apos;, Server : &amp;apos;192.168.11.14&amp;apos;, Message : &amp;apos;The statement has been terminated.&amp;apos;, Procedure : &amp;apos;ctemp&amp;apos;, LineNumber : 6 }, { Source : &amp;apos;.Net SqlClient Data Provider&amp;apos;, Number : 3621, State : &amp;apos;0&amp;apos;, Class : &amp;apos;0&amp;apos;, Server : &amp;apos;192.168.11.14&amp;apos;, Message : &amp;apos;The statement has been terminated.&amp;apos;, Procedure : &amp;apos;ctemp&amp;apos;, LineNumber : 6 }, { Source : &amp;apos;.Net SqlClient Data Provider&amp;apos;, Number : 3621, State : &amp;apos;0&amp;apos;, Class : &amp;apos;0&amp;apos;, Server : &amp;apos;192.168.11.14&amp;apos;, Message : &amp;apos;The statement has been terminated.&amp;apos;, Procedure : &amp;apos;ctemp&amp;apos;, LineNumber : 6 }, { Source : &amp;apos;.Net SqlClient Data Provider&amp;apos;, Number : 3621, State : &amp;apos;0&amp;apos;, Class : &amp;apos;0&amp;apos;, Server : &amp;apos;192.168.11.14&amp;apos;, Message : &amp;apos;The statement has been terminated.&amp;apos;, Procedure : &amp;apos;ctemp&amp;apos;, LineNumber : 6 }, { Source : &amp;apos;.Net SqlClient Data Provider&amp;apos;, Number : 3621, State : &amp;apos;0&amp;apos;, Class : &amp;apos;0&amp;apos;, Server : &amp;apos;192.168.11.14&amp;apos;, Message : &amp;apos;The statement has been terminated.&amp;apos;, Procedure : &amp;apos;ctemp&amp;apos;, LineNumber : 6 }, { Source : &amp;apos;.Net SqlClient Data Provider&amp;apos;, Number : 3621, State : &amp;apos;0&amp;apos;, Class : &amp;apos;0&amp;apos;, Server : &amp;apos;192.168.11.14&amp;apos;, Message : &amp;apos;The statement has been terminated.&amp;apos;, Procedure : &amp;apos;ctemp&amp;apos;, LineNumber : 6 }, { Source : &amp;apos;.Net SqlClient Data Provider&amp;apos;, Number : 3621, State : &amp;apos;0&amp;apos;, Class : &amp;apos;0&amp;apos;, Server : &amp;apos;192.168.11.14&amp;apos;, Message : &amp;apos;The statement has been terminated.&amp;apos;, Procedure : &amp;apos;ctemp&amp;apos;, LineNumber : 6 }, { Source : &amp;apos;.Net SqlClient Data Provider&amp;apos;, Number : 3621, State : &amp;apos;0&amp;apos;, Class : &amp;apos;0&amp;apos;, Server : &amp;apos;192.168.11.14&amp;apos;, Message : &amp;apos;The statement has been terminated.&amp;apos;, Procedure : &amp;apos;ctemp&amp;apos;, LineNumber : 6 }, { Source : &amp;apos;.Net SqlClient Data Provider&amp;apos;, Number : 3621, State : &amp;apos;0&amp;apos;, Class : &amp;apos;0&amp;apos;, Server : &amp;apos;192.168.11.14&amp;apos;, Message : &amp;apos;The statement has been terminated.&amp;apos;, Procedure : &amp;apos;ctemp&amp;apos;, LineNumber : 6 }, { Source : &amp;apos;.Net SqlClient Data Provider&amp;apos;, Number : 3621, State : &amp;apos;0&amp;apos;, Class : &amp;apos;0&amp;apos;, Server : &amp;apos;192.168.11.14&amp;apos;, Message : &amp;apos;The statement has been terminated.&amp;apos;, Procedure : &amp;apos;ctemp&amp;apos;, LineNumber : 6 }, { Source : &amp;apos;.Net SqlClient Data Provider&amp;apos;, Number : 3621, State : &amp;apos;0&amp;apos;, Class : &amp;apos;0&amp;apos;, Server : &amp;apos;192.168.11.14&amp;apos;, Message : &amp;apos;The statement has been terminated.&amp;apos;, Procedure : &amp;apos;ctemp&amp;apos;, LineNumber : 6 }, { Source : &amp;apos;.Net SqlClient Data Provider&amp;apos;, Number : 3621, State : &amp;apos;0&amp;apos;, Class : &amp;apos;0&amp;apos;, Server : &amp;apos;192.168.11.14&amp;apos;, Message : &amp;apos;The statement has been terminated.&amp;apos;, Procedure : &amp;apos;ctemp&amp;apos;, LineNumber : 6 }, { Source : &amp;apos;.Net SqlClient Data Provider&amp;apos;, Number : 3621, State : &amp;apos;0&amp;apos;, Class : &amp;apos;0&amp;apos;, Server : &amp;apos;192.168.11.14&amp;apos;, Message : &amp;apos;The statement has been terminated.&amp;apos;, Procedure : &amp;apos;ctemp&amp;apos;, LineNumber : 6 }, { Source : &amp;apos;.Net SqlClient Data Provider&amp;apos;, Number : 3621, State : &amp;apos;0&amp;apos;, Class : &amp;apos;0&amp;apos;, Server : &amp;apos;192.168.11.14&amp;apos;, Message : &amp;apos;The statement has been terminated.&amp;apos;, Procedure : &amp;apos;ctemp&amp;apos;, LineNumber : 6 }, { Source : &amp;apos;.Net SqlClient Data Provider&amp;apos;, Number : 3621, State : &amp;apos;0&amp;apos;, Class : &amp;apos;0&amp;apos;, Server : &amp;apos;192.168.11.14&amp;apos;, Message : &amp;apos;The statement has been terminated.&amp;apos;, Procedure : &amp;apos;ctemp&amp;apos;, LineNumber : 6 }, { Source : &amp;apos;.Net SqlClient Data Provider&amp;apos;, Number : 3621, State : &amp;apos;0&amp;apos;, Class : &amp;apos;0&amp;apos;, Server : &amp;apos;192.168.11.14&amp;apos;, Message : &amp;apos;The statement has been terminated.&amp;apos;, Procedure : &amp;apos;ctemp&amp;apos;, LineNumber : 6 }, { Source : &amp;apos;.Net SqlClient Data Provider&amp;apos;, Number : 3621, State : &amp;apos;0&amp;apos;, Class : &amp;apos;0&amp;apos;, Server : &amp;apos;192.168.11.14&amp;apos;, Message : &amp;apos;The statement has been terminated.&amp;apos;, Procedure : &amp;apos;ctemp&amp;apos;, LineNumber : 6 }, { Source : &amp;apos;.Net SqlClient Data Provider&amp;apos;, Number : 3621, State : &amp;apos;0&amp;apos;, Class : &amp;apos;0&amp;apos;, Server : &amp;apos;192.168.11.14&amp;apos;, Message : &amp;apos;The statement has been terminated.&amp;apos;, Procedure : &amp;apos;ctemp&amp;apos;, LineNumber : 6 }, { Source : &amp;apos;.Net SqlClient Data Provider&amp;apos;, Number : 3621, State : &amp;apos;0&amp;apos;, Class : &amp;apos;0&amp;apos;, Server : &amp;apos;192.168.11.14&amp;apos;, Message : &amp;apos;The statement has been terminated.&amp;apos;, Procedure : &amp;apos;ctemp&amp;apos;, LineNumber : 6 }, { Source : &amp;apos;.Net SqlClient Data Provider&amp;apos;, Number : 3621, State : &amp;apos;0&amp;apos;, Class : &amp;apos;0&amp;apos;, Server : &amp;apos;192.168.11.14&amp;apos;, Message : &amp;apos;The statement has been terminated.&amp;apos;, Procedure : &amp;apos;ctemp&amp;apos;, LineNumber : 6 }, { Source : &amp;apos;.Net SqlClient Data Provider&amp;apos;, Number : 3621, State : &amp;apos;0&amp;apos;, Class : &amp;apos;0&amp;apos;, Server : &amp;apos;192.168.11.14&amp;apos;, Message : &amp;apos;The statement has been terminated.&amp;apos;, Procedure : &amp;apos;ctemp&amp;apos;, LineNumber : 6 }, { Source : &amp;apos;.Net SqlClient Data Provider&amp;apos;, Number : 3621, State : &amp;apos;0&amp;apos;, Class : &amp;apos;0&amp;apos;, Server : &amp;apos;192.168.11.14&amp;apos;, Message : &amp;apos;The statement has been terminated.&amp;apos;, Procedure : &amp;apos;ctemp&amp;apos;, LineNumber : 6 }, { Source : &amp;apos;.Net SqlClient Data Provider&amp;apos;, Number : 3621, State : &amp;apos;0&amp;apos;, Class : &amp;apos;0&amp;apos;, Server : &amp;apos;192.168.11.14&amp;apos;, Message : &amp;apos;The statement has been terminated.&amp;apos;, Procedure : &amp;apos;ctemp&amp;apos;, LineNumber : 6 }, { Source : &amp;apos;.Net SqlClient Data Provider&amp;apos;, Number : 3621, State : &amp;apos;0&amp;apos;, Class : &amp;apos;0&amp;apos;, Server : &amp;apos;192.168.11.14&amp;apos;, Message : &amp;apos;The statement has been terminated.&amp;apos;, Procedure : &amp;apos;ctemp&amp;apos;, LineNumber : 6 }, { Source : &amp;apos;.Net SqlClient Data Provider&amp;apos;, Number : 3621, State : &amp;apos;0&amp;apos;, Class : &amp;apos;0&amp;apos;, Server : &amp;apos;192.168.11.14&amp;apos;, Message : &amp;apos;The statement has been terminated.&amp;apos;, Procedure : &amp;apos;ctemp&amp;apos;, LineNumber : 6 }, { Source : &amp;apos;.Net SqlClient Data Provider&amp;apos;, Number : 3621, State : &amp;apos;0&amp;apos;, Class : &amp;apos;0&amp;apos;, Server : &amp;apos;192.168.11.14&amp;apos;, Message : &amp;apos;The statement has been terminated.&amp;apos;, Procedure : &amp;apos;ctemp&amp;apos;, LineNumber : 6 }, { Source : &amp;apos;.Net SqlClient Data Provider&amp;apos;, Number : 3621, State : &amp;apos;0&amp;apos;, Class : &amp;apos;0&amp;apos;, Server : &amp;apos;192.168.11.14&amp;apos;, Message : &amp;apos;The statement has been terminated.&amp;apos;, Procedure : &amp;apos;ctemp&amp;apos;, LineNumber : 6 }, { Source : &amp;apos;.Net SqlClient Data Provider&amp;apos;, Number : 3621, State : &amp;apos;0&amp;apos;, Class : &amp;apos;0&amp;apos;, Server : &amp;apos;192.168.11.14&amp;apos;, Message : &amp;apos;The statement has been terminated.&amp;apos;, Procedure : &amp;apos;ctemp&amp;apos;, LineNumber : 6 }, { Source : &amp;apos;.Net SqlClient Data Provider&amp;apos;, Number : 3621, State : &amp;apos;0&amp;apos;, Class : &amp;apos;0&amp;apos;, Server : &amp;apos;192.168.11.14&amp;apos;, Message : &amp;apos;The statement has been terminated.&amp;apos;, Procedure : &amp;apos;ctemp&amp;apos;, LineNumber : 6 }, { Source : &amp;apos;.Net SqlClient Data Provider&amp;apos;, Number : 3621, State : &amp;apos;0&amp;apos;, Class : &amp;apos;0&amp;apos;, Server : &amp;apos;192.168.11.14&amp;apos;, Message : &amp;apos;The statement has been terminated.&amp;apos;, Procedure : &amp;apos;ctemp&amp;apos;, LineNumber : 6 }, { Source : &amp;apos;.Net SqlClient Data Provider&amp;apos;, Number : 3621, State : &amp;apos;0&amp;apos;, Class : &amp;apos;0&amp;apos;, Server : &amp;apos;192.168.11.14&amp;apos;, Message : &amp;apos;The statement has been terminated.&amp;apos;, Procedure : &amp;apos;ctemp&amp;apos;, LineNumber : 6 }, { Source : &amp;apos;.Net SqlClient Data Provider&amp;apos;, Number : 3621, State : &amp;apos;0&amp;apos;, Class : &amp;apos;0&amp;apos;, Server : &amp;apos;192.168.11.14&amp;apos;, Message : &amp;apos;The statement has been terminated.&amp;apos;, Procedure : &amp;apos;ctemp&amp;apos;, LineNumber : 6 }, { Source : &amp;apos;.Net SqlClient Data Provider&amp;apos;, Number : 3621, State : &amp;apos;0&amp;apos;, Class : &amp;apos;0&amp;apos;, Server : &amp;apos;192.168.11.14&amp;apos;, Message : &amp;apos;The statement has been terminated.&amp;apos;, Procedure : &amp;apos;ctemp&amp;apos;, LineNumber : 6 }, { Source : &amp;apos;.Net SqlClient Data Provider&amp;apos;, Number : 3621, State : &amp;apos;0&amp;apos;, Class : &amp;apos;0&amp;apos;, Server : &amp;apos;192.168.11.14&amp;apos;, Message : &amp;apos;The statement has been terminated.&amp;apos;, Procedure : &amp;apos;ctemp&amp;apos;, LineNumber : 6 }, { Source : &amp;apos;.Net SqlClient Data Provider&amp;apos;, Number : 3621, State : &amp;apos;0&amp;apos;, Class : &amp;apos;0&amp;apos;, Server : &amp;apos;192.168.11.14&amp;apos;, Message : &amp;apos;The statement has been terminated.&amp;apos;, Procedure : &amp;apos;ctemp&amp;apos;, LineNumber : 6 }, { Source : &amp;apos;.Net SqlClient Data Provider&amp;apos;, Number : 3621, State : &amp;apos;0&amp;apos;, Class : &amp;apos;0&amp;apos;, Server : &amp;apos;192.168.11.14&amp;apos;, Message : &amp;apos;The statement has been terminated.&amp;apos;, Procedure : &amp;apos;ctemp&amp;apos;, LineNumber : 6 }, { Source : &amp;apos;.Net SqlClient Data Provider&amp;apos;, Number : 3621, State : &amp;apos;0&amp;apos;, Class : &amp;apos;0&amp;apos;, Server : &amp;apos;192.168.11.14&amp;apos;, Message : &amp;apos;The statement has been terminated.&amp;apos;, Procedure : &amp;apos;ctemp&amp;apos;, LineNumber : 6 }, { Source : &amp;apos;.Net SqlClient Data Provider&amp;apos;, Number : 3621, State : &amp;apos;0&amp;apos;, Class : &amp;apos;0&amp;apos;, Server : &amp;apos;192.168.11.14&amp;apos;, Message : &amp;apos;The statement has been terminated.&amp;apos;, Procedure : &amp;apos;ctemp&amp;apos;, LineNumber : 6 }, { Source : &amp;apos;.Net SqlClient Data Provider&amp;apos;, Number : 3621, State : &amp;apos;0&amp;apos;, Class : &amp;apos;0&amp;apos;, Server : &amp;apos;192.168.11.14&amp;apos;, Message : &amp;apos;The statement has been terminated.&amp;apos;, Procedure : &amp;apos;ctemp&amp;apos;, LineNumber : 6 }, { Source : &amp;apos;.Net SqlClient Data Provider&amp;apos;, Number : 3621, State : &amp;apos;0&amp;apos;, Class : &amp;apos;0&amp;apos;, Server : &amp;apos;192.168.11.14&amp;apos;, Message : &amp;apos;The statement has been terminated.&amp;apos;, Procedure : &amp;apos;ctemp&amp;apos;, LineNumber : 6 }, { Source : &amp;apos;.Net SqlClient Data Provider&amp;apos;, Number : 3621, State : &amp;apos;0&amp;apos;, Class : &amp;apos;0&amp;apos;, Server : &amp;apos;192.168.11.14&amp;apos;, Message : &amp;apos;The statement has been terminated.&amp;apos;, Procedure : &amp;apos;ctemp&amp;apos;, LineNumber : 6 }, { Source : &amp;apos;.Net SqlClient Data Provider&amp;apos;, Number : 3621, State : &amp;apos;0&amp;apos;, Class : &amp;apos;0&amp;apos;, Server : &amp;apos;192.168.11.14&amp;apos;, Message : &amp;apos;The statement has been terminated.&amp;apos;, Procedure : &amp;apos;ctemp&amp;apos;, LineNumber : 6 }, { Source : &amp;apos;.Net SqlClient Data Provider&amp;apos;, Number : 3621, State : &amp;apos;0&amp;apos;, Class : &amp;apos;0&amp;apos;, Server : &amp;apos;192.168.11.14&amp;apos;, Message : &amp;apos;The statement has been terminated.&amp;apos;, Procedure : &amp;apos;ctemp&amp;apos;, LineNumber : 6 }, { Source : &amp;apos;.Net SqlClient Data Provider&amp;apos;, Number : 3621, State : &amp;apos;0&amp;apos;, Class : &amp;apos;0&amp;apos;, Server : &amp;apos;192.168.11.14&amp;apos;, Message : &amp;apos;The statement has been terminated.&amp;apos;, Procedure : &amp;apos;ctemp&amp;apos;, LineNumber : 6 }, { Source : &amp;apos;.Net SqlClient Data Provider&amp;apos;, Number : 3621, State : &amp;apos;0&amp;apos;, Class : &amp;apos;0&amp;apos;, Server : &amp;apos;192.168.11.14&amp;apos;, Message : &amp;apos;The statement has been terminated.&amp;apos;, Procedure : &amp;apos;ctemp&amp;apos;, LineNumber : 6 }, { Source : &amp;apos;.Net SqlClient Data Provider&amp;apos;, Number : 3621, State : &amp;apos;0&amp;apos;, Class : &amp;apos;0&amp;apos;, Server : &amp;apos;192.168.11.14&amp;apos;, Message : &amp;apos;The statement has been terminated.&amp;apos;, Procedure : &amp;apos;ctemp&amp;apos;, LineNumber : 6 }, { Source : &amp;apos;.Net SqlClient Data Provider&amp;apos;, Number : 3621, State : &amp;apos;0&amp;apos;, Class : &amp;apos;0&amp;apos;, Server : &amp;apos;192.168.11.14&amp;apos;, Message : &amp;apos;The statement has been terminated.&amp;apos;, Procedure : &amp;apos;ctemp&amp;apos;, LineNumber : 6 }, { Source : &amp;apos;.Net SqlClient Data Provider&amp;apos;, Number : 3621, State : &amp;apos;0&amp;apos;, Class : &amp;apos;0&amp;apos;, Server : &amp;apos;192.168.11.14&amp;apos;, Message : &amp;apos;The statement has been terminated.&amp;apos;, Procedure : &amp;apos;ctemp&amp;apos;, LineNumber : 6 }, { Source : &amp;apos;.Net SqlClient Data Provider&amp;apos;, Number : 3621, State : &amp;apos;0&amp;apos;, Class : &amp;apos;0&amp;apos;, Server : &amp;apos;192.168.11.14&amp;apos;, Message : &amp;apos;The statement has been terminated.&amp;apos;, Procedure : &amp;apos;ctemp&amp;apos;, LineNumber : 6 }, { Source : &amp;apos;.Net SqlClient Data Provider&amp;apos;, Number : 3621, State : &amp;apos;0&amp;apos;, Class : &amp;apos;0&amp;apos;, Server : &amp;apos;192.168.11.14&amp;apos;, Message : &amp;apos;The statement has been terminated.&amp;apos;, Procedure : &amp;apos;ctemp&amp;apos;, LineNumber : 6 }, { Source : &amp;apos;.Net SqlClient Data Provider&amp;apos;, Number : 3621, State : &amp;apos;0&amp;apos;, Class : &amp;apos;0&amp;apos;, Server : &amp;apos;192.168.11.14&amp;apos;, Message : &amp;apos;The statement has been terminated.&amp;apos;, Procedure : &amp;apos;ctemp&amp;apos;, LineNumber : 6 }, { Source : &amp;apos;.Net SqlClient Data Provider&amp;apos;, Number : 3621, State : &amp;apos;0&amp;apos;, Class : &amp;apos;0&amp;apos;, Server : &amp;apos;192.168.11.14&amp;apos;, Message : &amp;apos;The statement has been terminated.&amp;apos;, Procedure : &amp;apos;ctemp&amp;apos;, LineNumber : 6 }, { Source : &amp;apos;.Net SqlClient Data Provider&amp;apos;, Number : 3621, State : &amp;apos;0&amp;apos;, Class : &amp;apos;0&amp;apos;, Server : &amp;apos;192.168.11.14&amp;apos;, Message : &amp;apos;The statement has been terminated.&amp;apos;, Procedure : &amp;apos;ctemp&amp;apos;, LineNumber : 6 }, { Source : &amp;apos;.Net SqlClient Data Provider&amp;apos;, Number : 3621, State : &amp;apos;0&amp;apos;, Class : &amp;apos;0&amp;apos;, Server : &amp;apos;192.168.11.14&amp;apos;, Message : &amp;apos;The statement has been terminated.&amp;apos;, Procedure : &amp;apos;ctemp&amp;apos;, LineNumber : 6 }, { Source : &amp;apos;.Net SqlClient Data Provider&amp;apos;, Number : 3621, State : &amp;apos;0&amp;apos;, Class : &amp;apos;0&amp;apos;, Server : &amp;apos;192.168.11.14&amp;apos;, Message : &amp;apos;The statement has been terminated.&amp;apos;, Procedure : &amp;apos;ctemp&amp;apos;, LineNumber : 6 }, { Source : &amp;apos;.Net SqlClient Data Provider&amp;apos;, Number : 3621, State : &amp;apos;0&amp;apos;, Class : &amp;apos;0&amp;apos;, Server : &amp;apos;192.168.11.14&amp;apos;, Message : &amp;apos;The statement has been terminated.&amp;apos;, Procedure : &amp;apos;ctemp&amp;apos;, LineNumber : 6 }, { Source : &amp;apos;.Net SqlClient Data Provider&amp;apos;, Number : 3621, State : &amp;apos;0&amp;apos;, Class : &amp;apos;0&amp;apos;, Server : &amp;apos;192.168.11.14&amp;apos;, Message : &amp;apos;The statement has been terminated.&amp;apos;, Procedure : &amp;apos;ctemp&amp;apos;, LineNumber : 6 }, { Source : &amp;apos;.Net SqlClient Data Provider&amp;apos;, Number : 3621, State : &amp;apos;0&amp;apos;, Class : &amp;apos;0&amp;apos;, Server : &amp;apos;192.168.11.14&amp;apos;, Message : &amp;apos;The statement has been terminated.&amp;apos;, Procedure : &amp;apos;ctemp&amp;apos;, LineNumber : 6 }, { Source : &amp;apos;.Net SqlClient Data Provider&amp;apos;, Number : 3621, State : &amp;apos;0&amp;apos;, Class : &amp;apos;0&amp;apos;, Server : &amp;apos;192.168.11.14&amp;apos;, Message : &amp;apos;The statement has been terminated.&amp;apos;, Procedure : &amp;apos;ctemp&amp;apos;, LineNumber : 6 }, { Source : &amp;apos;.Net SqlClient Data Provider&amp;apos;, Number : 3621, State : &amp;apos;0&amp;apos;, Class : &amp;apos;0&amp;apos;, Server : &amp;apos;192.168.11.14&amp;apos;, Message : &amp;apos;The statement has been terminated.&amp;apos;, Procedure : &amp;apos;ctemp&amp;apos;, LineNumber : 6 }, { Source : &amp;apos;.Net SqlClient Data Provider&amp;apos;, Number : 3621, State : &amp;apos;0&amp;apos;, Class : &amp;apos;0&amp;apos;, Server : &amp;apos;192.168.11.14&amp;apos;, Message : &amp;apos;The statement has been terminated.&amp;apos;, Procedure : &amp;apos;ctemp&amp;apos;, LineNumber : 6 }, { Source : &amp;apos;.Net SqlClient Data Provider&amp;apos;, Number : 3621, State : &amp;apos;0&amp;apos;, Class : &amp;apos;0&amp;apos;, Server : &amp;apos;192.168.11.14&amp;apos;, Message : &amp;apos;The statement has been terminated.&amp;apos;, Procedure : &amp;apos;ctemp&amp;apos;, LineNumber : 6 }, { Source : &amp;apos;.Net SqlClient Data Provider&amp;apos;, Number : 3621, State : &amp;apos;0&amp;apos;, Class : &amp;apos;0&amp;apos;, Server : &amp;apos;192.168.11.14&amp;apos;, Message : &amp;apos;The statement has been terminated.&amp;apos;, Procedure : &amp;apos;ctemp&amp;apos;, LineNumber : 6 }, { Source : &amp;apos;.Net SqlClient Data Provider&amp;apos;, Number : 3621, State : &amp;apos;0&amp;apos;, Class : &amp;apos;0&amp;apos;, Server : &amp;apos;192.168.11.14&amp;apos;, Message : &amp;apos;The statement has been terminated.&amp;apos;, Procedure : &amp;apos;ctemp&amp;apos;, LineNumber : 6 }, { Source : &amp;apos;.Net SqlClient Data Provider&amp;apos;, Number : 3621, State : &amp;apos;0&amp;apos;, Class : &amp;apos;0&amp;apos;, Server : &amp;apos;192.168.11.14&amp;apos;, Message : &amp;apos;The statement has been terminated.&amp;apos;, Procedure : &amp;apos;ctemp&amp;apos;, LineNumber : 6 }, { Source : &amp;apos;.Net SqlClient Data Provider&amp;apos;, Number : 3621, State : &amp;apos;0&amp;apos;, Class : &amp;apos;0&amp;apos;, Server : &amp;apos;192.168.11.14&amp;apos;, Message : &amp;apos;The statement has been terminated.&amp;apos;, Procedure : &amp;apos;ctemp&amp;apos;, LineNumber : 6 }, { Source : &amp;apos;.Net SqlClient Data Provider&amp;apos;, Number : 3621, State : &amp;apos;0&amp;apos;, Class : &amp;apos;0&amp;apos;, Server : &amp;apos;192.168.11.14&amp;apos;, Message : &amp;apos;The statement has been terminated.&amp;apos;, Procedure : &amp;apos;ctemp&amp;apos;, LineNumber : 6 }, { Source : &amp;apos;.Net SqlClient Data Provider&amp;apos;, Number : 3621, State : &amp;apos;0&amp;apos;, Class : &amp;apos;0&amp;apos;, Server : &amp;apos;192.168.11.14&amp;apos;, Message : &amp;apos;The statement has been terminated.&amp;apos;, Procedure : &amp;apos;ctemp&amp;apos;, LineNumber : 6 }, { Source : &amp;apos;.Net SqlClient Data Provider&amp;apos;, Number : 3621, State : &amp;apos;0&amp;apos;, Class : &amp;apos;0&amp;apos;, Server : &amp;apos;192.168.11.14&amp;apos;, Message : &amp;apos;The statement has been terminated.&amp;apos;, Procedure : &amp;apos;ctemp&amp;apos;, LineNumber : 6 }, { Source : &amp;apos;.Net SqlClient Data Provider&amp;apos;, Number : 3621, State : &amp;apos;0&amp;apos;, Class : &amp;apos;0&amp;apos;, Server : &amp;apos;192.168.11.14&amp;apos;, Message : &amp;apos;The statement has been terminated.&amp;apos;, Procedure : &amp;apos;ctemp&amp;apos;, LineNumber : 6 }, { Source : &amp;apos;.Net SqlClient Data Provider&amp;apos;, Number : 3621, State : &amp;apos;0&amp;apos;, Class : &amp;apos;0&amp;apos;, Server : &amp;apos;192.168.11.14&amp;apos;, Message : &amp;apos;The statement has been terminated.&amp;apos;, Procedure : &amp;apos;ctemp&amp;apos;, LineNumber : 6 }, { Source : &amp;apos;.Net SqlClient Data Provider&amp;apos;, Number : 3621, State : &amp;apos;0&amp;apos;, Class : &amp;apos;0&amp;apos;, Server : &amp;apos;192.168.11.14&amp;apos;, Message : &amp;apos;The statement has been terminated.&amp;apos;, Procedure : &amp;apos;ctemp&amp;apos;, LineNumber : 6 }, { Source : &amp;apos;.Net SqlClient Data Provider&amp;apos;, Number : 3621, State : &amp;apos;0&amp;apos;, Class : &amp;apos;0&amp;apos;, Server : &amp;apos;192.168.11.14&amp;apos;, Message : &amp;apos;The statement has been terminated.&amp;apos;, Procedure : &amp;apos;ctemp&amp;apos;, LineNumber : 6 }, { Source : &amp;apos;.Net SqlClient Data Provider&amp;apos;, Number : 3621, State : &amp;apos;0&amp;apos;, Class : &amp;apos;0&amp;apos;, Server : &amp;apos;192.168.11.14&amp;apos;, Message : &amp;apos;The statement has been terminated.&amp;apos;, Procedure : &amp;apos;ctemp&amp;apos;, LineNumber : 6 }, { Source : &amp;apos;.Net SqlClient Data Provider&amp;apos;, Number : 3621, State : &amp;apos;0&amp;apos;, Class : &amp;apos;0&amp;apos;, Server : &amp;apos;192.168.11.14&amp;apos;, Message : &amp;apos;The statement has been terminated.&amp;apos;, Procedure : &amp;apos;ctemp&amp;apos;, LineNumber : 6 }, { Source : &amp;apos;.Net SqlClient Data Provider&amp;apos;, Number : 3621, State : &amp;apos;0&amp;apos;, Class : &amp;apos;0&amp;apos;, Server : &amp;apos;192.168.11.14&amp;apos;, Message : &amp;apos;The statement has been terminated.&amp;apos;, Procedure : &amp;apos;ctemp&amp;apos;, LineNumber : 6 }, { Source : &amp;apos;.Net SqlClient Data Provider&amp;apos;, Number : 3621, State : &amp;apos;0&amp;apos;, Class : &amp;apos;0&amp;apos;, Server : &amp;apos;192.168.11.14&amp;apos;, Message : &amp;apos;The statement has been terminated.&amp;apos;, Procedure : &amp;apos;ctemp&amp;apos;, LineNumber : 6 }, { Source : &amp;apos;.Net SqlClient Data Provider&amp;apos;, Number : 3621, State : &amp;apos;0&amp;apos;, Class : &amp;apos;0&amp;apos;, Server : &amp;apos;192.168.11.14&amp;apos;, Message : &amp;apos;The statement has been terminated.&amp;apos;, Procedure : &amp;apos;ctemp&amp;apos;, LineNumber : 6 }, { Source : &amp;apos;.Net SqlClient Data Provider&amp;apos;, Number : 3621, State : &amp;apos;0&amp;apos;, Class : &amp;apos;0&amp;apos;, Server : &amp;apos;192.168.11.14&amp;apos;, Message : &amp;apos;The statement has been terminated.&amp;apos;, Procedure : &amp;apos;ctemp&amp;apos;, LineNumber : 6 }, { Source : &amp;apos;.Net SqlClient Data Provider&amp;apos;, Number : 3621, State : &amp;apos;0&amp;apos;, Class : &amp;apos;0&amp;apos;, Server : &amp;apos;192.168.11.14&amp;apos;, Message : &amp;apos;The statement has been terminated.&amp;apos;, Procedure : &amp;apos;ctemp&amp;apos;, LineNumber : 6 }, { Source : &amp;apos;.Net SqlClient Data Provider&amp;apos;, Number : 3621, State : &amp;apos;0&amp;apos;, Class : &amp;apos;0&amp;apos;, Server : &amp;apos;192.168.11.14&amp;apos;, Message : &amp;apos;The statement has been terminated.&amp;apos;, Procedure : &amp;apos;ctemp&amp;apos;, LineNumber : 6 }, { Source : &amp;apos;.Net SqlClient Data Provider&amp;apos;, Number : 3621, State : &amp;apos;0&amp;apos;, Class : &amp;apos;0&amp;apos;, Server : &amp;apos;192.168.11.14&amp;apos;, Message : &amp;apos;The statement has been terminated.&amp;apos;, Procedure : &amp;apos;ctemp&amp;apos;, LineNumber : 6 }, { Source : &amp;apos;.Net SqlClient Data Provider&amp;apos;, Number : 3621, State : &amp;apos;0&amp;apos;, Class : &amp;apos;0&amp;apos;, Server : &amp;apos;192.168.11.14&amp;apos;, Message : &amp;apos;The statement has been terminated.&amp;apos;, Procedure : &amp;apos;ctemp&amp;apos;, LineNumber : 6 }, { Source : &amp;apos;.Net SqlClient Data Provider&amp;apos;, Number : 3621, State : &amp;apos;0&amp;apos;, Class : &amp;apos;0&amp;apos;, Server : &amp;apos;192.168.11.14&amp;apos;, Message : &amp;apos;The statement has been terminated.&amp;apos;, Procedure : &amp;apos;ctemp&amp;apos;, LineNumber : 6 }, { Source : &amp;apos;.Net SqlClient Data Provider&amp;apos;, Number : 3621, State : &amp;apos;0&amp;apos;, Class : &amp;apos;0&amp;apos;, Server : &amp;apos;192.168.11.14&amp;apos;, Message : &amp;apos;The statement has been terminated.&amp;apos;, Procedure : &amp;apos;ctemp&amp;apos;, LineNumber : 6 }, { Source : &amp;apos;.Net SqlClient Data Provider&amp;apos;, Number : 3621, State : &amp;apos;0&amp;apos;, Class : &amp;apos;0&amp;apos;, Server : &amp;apos;192.168.11.14&amp;apos;, Message : &amp;apos;The statement has been terminated.&amp;apos;, Procedure : &amp;apos;ctemp&amp;apos;, LineNumber : 6 }, { Source : &amp;apos;.Net SqlClient Data Provider&amp;apos;, Number : 3621, State : &amp;apos;0&amp;apos;, Class : &amp;apos;0&amp;apos;, Server : &amp;apos;192.168.11.14&amp;apos;, Message : &amp;apos;The statement has been terminated.&amp;apos;, Procedure : &amp;apos;ctemp&amp;apos;, LineNumber : 6 }, { Source : &amp;apos;.Net SqlClient Data Provider&amp;apos;, Number : 3621, State : &amp;apos;0&amp;apos;, Class : &amp;apos;0&amp;apos;, Server : &amp;apos;192.168.11.14&amp;apos;, Message : &amp;apos;The statement has been terminated.&amp;apos;, Procedure : &amp;apos;ctemp&amp;apos;, LineNumber : 6 }, { Source : &amp;apos;.Net SqlClient Data Provider&amp;apos;, Number : 3621, State : &amp;apos;0&amp;apos;, Class : &amp;apos;0&amp;apos;, Server : &amp;apos;192.168.11.14&amp;apos;, Message : &amp;apos;The statement has been terminated.&amp;apos;, Procedure : &amp;apos;ctemp&amp;apos;, LineNumber : 6 }, { Source : &amp;apos;.Net SqlClient Data Provider&amp;apos;, Number : 3621, State : &amp;apos;0&amp;apos;, Class : &amp;apos;0&amp;apos;, Server : &amp;apos;192.168.11.14&amp;apos;, Message : &amp;apos;The statement has been terminated.&amp;apos;, Procedure : &amp;apos;ctemp&amp;apos;, LineNumber : 6 }, { Source : &amp;apos;.Net SqlClient Data Provider&amp;apos;, Number : 3621, State : &amp;apos;0&amp;apos;, Class : &amp;apos;0&amp;apos;, Server : &amp;apos;192.168.11.14&amp;apos;, Message : &amp;apos;The statement has been terminated.&amp;apos;, Procedure : &amp;apos;ctemp&amp;apos;, LineNumber : 6 }, { Source : &amp;apos;.Net SqlClient Data Provider&amp;apos;, Number : 3621, State : &amp;apos;0&amp;apos;, Class : &amp;apos;0&amp;apos;, Server : &amp;apos;192.168.11.14&amp;apos;, Message : &amp;apos;The statement has been terminated.&amp;apos;, Procedure : &amp;apos;ctemp&amp;apos;, LineNumber : 6 }, { Source : &amp;apos;.Net SqlClient Data Provider&amp;apos;, Number : 3621, State : &amp;apos;0&amp;apos;, Class : &amp;apos;0&amp;apos;, Server : &amp;apos;192.168.11.14&amp;apos;, Message : &amp;apos;The statement has been terminated.&amp;apos;, Procedure : &amp;apos;ctemp&amp;apos;, LineNumber : 6 }, { Source : &amp;apos;.Net SqlClient Data Provider&amp;apos;, Number : 3621, State : &amp;apos;0&amp;apos;, Class : &amp;apos;0&amp;apos;, Server : &amp;apos;192.168.11.14&amp;apos;, Message : &amp;apos;The statement has been terminated.&amp;apos;, Procedure : &amp;apos;ctemp&amp;apos;, LineNumber : 6 }, { Source : &amp;apos;.Net SqlClient Data Provider&amp;apos;, Number : 3621, State : &amp;apos;0&amp;apos;, Class : &amp;apos;0&amp;apos;, Server : &amp;apos;192.168.11.14&amp;apos;, Message : &amp;apos;The statement has been terminated.&amp;apos;, Procedure : &amp;apos;ctemp&amp;apos;, LineNumber : 6 }, { Source : &amp;apos;.Net SqlClient Data Provider&amp;apos;, Number : 3621, State : &amp;apos;0&amp;apos;, Class : &amp;apos;0&amp;apos;, Server : &amp;apos;192.168.11.14&amp;apos;, Message : &amp;apos;The statement has been terminated.&amp;apos;, Procedure : &amp;apos;ctemp&amp;apos;, LineNumber : 6 }, { Source : &amp;apos;.Net SqlClient Data Provider&amp;apos;, Number : 3621, State : &amp;apos;0&amp;apos;, Class : &amp;apos;0&amp;apos;, Server : &amp;apos;192.168.11.14&amp;apos;, Message : &amp;apos;The statement has been terminated.&amp;apos;, Procedure : &amp;apos;ctemp&amp;apos;, LineNumber : 6 }, { Source : &amp;apos;.Net SqlClient Data Provider&amp;apos;, Number : 3621, State : &amp;apos;0&amp;apos;, Class : &amp;apos;0&amp;apos;, Server : &amp;apos;192.168.11.14&amp;apos;, Message : &amp;apos;The statement has been terminated.&amp;apos;, Procedure : &amp;apos;ctemp&amp;apos;, LineNumber : 6 }, { Source : &amp;apos;.Net SqlClient Data Provider&amp;apos;, Number : 3621, State : &amp;apos;0&amp;apos;, Class : &amp;apos;0&amp;apos;, Server : &amp;apos;192.168.11.14&amp;apos;, Message : &amp;apos;The statement has been terminated.&amp;apos;, Procedure : &amp;apos;ctemp&amp;apos;, LineNumber : 6 }, { Source : &amp;apos;.Net SqlClient Data Provider&amp;apos;, Number : 3621, State : &amp;apos;0&amp;apos;, Class : &amp;apos;0&amp;apos;, Server : &amp;apos;192.168.11.14&amp;apos;, Message : &amp;apos;The statement has been terminated.&amp;apos;, Procedure : &amp;apos;ctemp&amp;apos;, LineNumber : 6 }, { Source : &amp;apos;.Net SqlClient Data Provider&amp;apos;, Number : 3621, State : &amp;apos;0&amp;apos;, Class : &amp;apos;0&amp;apos;, Server : &amp;apos;192.168.11.14&amp;apos;, Message : &amp;apos;The statement has been terminated.&amp;apos;, Procedure : &amp;apos;ctemp&amp;apos;, LineNumber : 6 }, { Source : &amp;apos;.Net SqlClient Data Provider&amp;apos;, Number : 3621, State : &amp;apos;0&amp;apos;, Class : &amp;apos;0&amp;apos;, Server : &amp;apos;192.168.11.14&amp;apos;, Message : &amp;apos;The statement has been terminated.&amp;apos;, Procedure : &amp;apos;ctemp&amp;apos;, LineNumber : 6 }, { Source : &amp;apos;.Net SqlClient Data Provider&amp;apos;, Number : 3621, State : &amp;apos;0&amp;apos;, Class : &amp;apos;0&amp;apos;, Server : &amp;apos;192.168.11.14&amp;apos;, Message : &amp;apos;The statement has been terminated.&amp;apos;, Procedure : &amp;apos;ctemp&amp;apos;, LineNumber : 6 }, { Source : &amp;apos;.Net SqlClient Data Provider&amp;apos;, Number : 3621, State : &amp;apos;0&amp;apos;, Class : &amp;apos;0&amp;apos;, Server : &amp;apos;192.168.11.14&amp;apos;, Message : &amp;apos;The statement has been terminated.&amp;apos;, Procedure : &amp;apos;ctemp&amp;apos;, LineNumber : 6 }, { Source : &amp;apos;.Net SqlClient Data Provider&amp;apos;, Number : 3621, State : &amp;apos;0&amp;apos;, Class : &amp;apos;0&amp;apos;, Server : &amp;apos;192.168.11.14&amp;apos;, Message : &amp;apos;The statement has been terminated.&amp;apos;, Procedure : &amp;apos;ctemp&amp;apos;, LineNumber : 6 }, { Source : &amp;apos;.Net SqlClient Data Provider&amp;apos;, Number : 3621, State : &amp;apos;0&amp;apos;, Class : &amp;apos;0&amp;apos;, Server : &amp;apos;192.168.11.14&amp;apos;, Message : &amp;apos;The statement has been terminated.&amp;apos;, Procedure : &amp;apos;ctemp&amp;apos;, LineNumber : 6 }, { Source : &amp;apos;.Net SqlClient Data Provider&amp;apos;, Number : 3621, State : &amp;apos;0&amp;apos;, Class : &amp;apos;0&amp;apos;, Server : &amp;apos;192.168.11.14&amp;apos;, Message : &amp;apos;The statement has been terminated.&amp;apos;, Procedure : &amp;apos;ctemp&amp;apos;, LineNumber : 6 }, { Source : &amp;apos;.Net SqlClient Data Provider&amp;apos;, Number : 3621, State : &amp;apos;0&amp;apos;, Class : &amp;apos;0&amp;apos;, Server : &amp;apos;192.168.11.14&amp;apos;, Message : &amp;apos;The statement has been terminated.&amp;apos;, Procedure : &amp;apos;ctemp&amp;apos;, LineNumber : 6 }, { Source : &amp;apos;.Net SqlClient Data Provider&amp;apos;, Number : 3621, State : &amp;apos;0&amp;apos;, Class : &amp;apos;0&amp;apos;, Server : &amp;apos;192.168.11.14&amp;apos;, Message : &amp;apos;The statement has been terminated.&amp;apos;, Procedure : &amp;apos;ctemp&amp;apos;, LineNumber : 6 }, { Source : &amp;apos;.Net SqlClient Data Provider&amp;apos;, Number : 3621, State : &amp;apos;0&amp;apos;, Class : &amp;apos;0&amp;apos;, Server : &amp;apos;192.168.11.14&amp;apos;, Message : &amp;apos;The statement has been terminated.&amp;apos;, Procedure : &amp;apos;ctemp&amp;apos;, LineNumber : 6 }, { Source : &amp;apos;.Net SqlClient Data Provider&amp;apos;, Number : 3621, State : &amp;apos;0&amp;apos;, Class : &amp;apos;0&amp;apos;, Server : &amp;apos;192.168.11.14&amp;apos;, Message : &amp;apos;The statement has been terminated.&amp;apos;, Procedure : &amp;apos;ctemp&amp;apos;, LineNumber : 6 }, { Source : &amp;apos;.Net SqlClient Data Provider&amp;apos;, Number : 3621, State : &amp;apos;0&amp;apos;, Class : &amp;apos;0&amp;apos;, Server : &amp;apos;192.168.11.14&amp;apos;, Message : &amp;apos;The statement has been terminated.&amp;apos;, Procedure : &amp;apos;ctemp&amp;apos;, LineNumber : 6 }, { Source : &amp;apos;.Net SqlClient Data Provider&amp;apos;, Number : 3621, State : &amp;apos;0&amp;apos;, Class : &amp;apos;0&amp;apos;, Server : &amp;apos;192.168.11.14&amp;apos;, Message : &amp;apos;The statement has been terminated.&amp;apos;, Procedure : &amp;apos;ctemp&amp;apos;, LineNumber : 6 }, { Source : &amp;apos;.Net SqlClient Data Provider&amp;apos;, Number : 3621, State : &amp;apos;0&amp;apos;, Class : &amp;apos;0&amp;apos;, Server : &amp;apos;192.168.11.14&amp;apos;, Message : &amp;apos;The statement has been terminated.&amp;apos;, Procedure : &amp;apos;ctemp&amp;apos;, LineNumber : 6 }, { Source : &amp;apos;.Net SqlClient Data Provider&amp;apos;, Number : 3621, State : &amp;apos;0&amp;apos;, Class : &amp;apos;0&amp;apos;, Server : &amp;apos;192.168.11.14&amp;apos;, Message : &amp;apos;The statement has been terminated.&amp;apos;, Procedure : &amp;apos;ctemp&amp;apos;, LineNumber : 6 }, { Source : &amp;apos;.Net SqlClient Data Provider&amp;apos;, Number : 3621, State : &amp;apos;0&amp;apos;, Class : &amp;apos;0&amp;apos;, Server : &amp;apos;192.168.11.14&amp;apos;, Message : &amp;apos;The statement has been terminated.&amp;apos;, Procedure : &amp;apos;ctemp&amp;apos;, LineNumber : 6 }, { Source : &amp;apos;.Net SqlClient Data Provider&amp;apos;, Number : 3621, State : &amp;apos;0&amp;apos;, Class : &amp;apos;0&amp;apos;, Server : &amp;apos;192.168.11.14&amp;apos;, Message : &amp;apos;The statement has been terminated.&amp;apos;, Procedure : &amp;apos;ctemp&amp;apos;, LineNumber : 6 }, { Source : &amp;apos;.Net SqlClient Data Provider&amp;apos;, Number : 3621, State : &amp;apos;0&amp;apos;, Class : &amp;apos;0&amp;apos;, Server : &amp;apos;192.168.11.14&amp;apos;, Message : &amp;apos;The statement has been terminated.&amp;apos;, Procedure : &amp;apos;ctemp&amp;apos;, LineNumber : 6 }, { Source : &amp;apos;.Net SqlClient Data Provider&amp;apos;, Number : 3621, State : &amp;apos;0&amp;apos;, Class : &amp;apos;0&amp;apos;, Server : &amp;apos;192.168.11.14&amp;apos;, Message : &amp;apos;The statement has been terminated.&amp;apos;, Procedure : &amp;apos;ctemp&amp;apos;, LineNumber : 6 }, { Source : &amp;apos;.Net SqlClient Data Provider&amp;apos;, Number : 3621, State : &amp;apos;0&amp;apos;, Class : &amp;apos;0&amp;apos;, Server : &amp;apos;192.168.11.14&amp;apos;, Message : &amp;apos;The statement has been terminated.&amp;apos;, Procedure : &amp;apos;ctemp&amp;apos;, LineNumber : 6 }, { Source : &amp;apos;.Net SqlClient Data Provider&amp;apos;, Number : 3621, State : &amp;apos;0&amp;apos;, Class : &amp;apos;0&amp;apos;, Server : &amp;apos;192.168.11.14&amp;apos;, Message : &amp;apos;The statement has been terminated.&amp;apos;, Procedure : &amp;apos;ctemp&amp;apos;, LineNumber : 6 }, { Source : &amp;apos;.Net SqlClient Data Provider&amp;apos;, Number : 3621, State : &amp;apos;0&amp;apos;, Class : &amp;apos;0&amp;apos;, Server : &amp;apos;192.168.11.14&amp;apos;, Message : &amp;apos;The statement has been terminated.&amp;apos;, Procedure : &amp;apos;ctemp&amp;apos;, LineNumber : 6 }, { Source : &amp;apos;.Net SqlClient Data Provider&amp;apos;, Number : 3621, State : &amp;apos;0&amp;apos;, Class : &amp;apos;0&amp;apos;, Server : &amp;apos;192.168.11.14&amp;apos;, Message : &amp;apos;The statement has been terminated.&amp;apos;, Procedure : &amp;apos;ctemp&amp;apos;, LineNumber : 6 }, { Source : &amp;apos;.Net SqlClient Data Provider&amp;apos;, Number : 3621, State : &amp;apos;0&amp;apos;, Class : &amp;apos;0&amp;apos;, Server : &amp;apos;192.168.11.14&amp;apos;, Message : &amp;apos;The statement has been terminated.&amp;apos;, Procedure : &amp;apos;ctemp&amp;apos;, LineNumber : 6 }, { Source : &amp;apos;.Net SqlClient Data Provider&amp;apos;, Number : 3621, State : &amp;apos;0&amp;apos;, Class : &amp;apos;0&amp;apos;, Server : &amp;apos;192.168.11.14&amp;apos;, Message : &amp;apos;The statement has been terminated.&amp;apos;, Procedure : &amp;apos;ctemp&amp;apos;, LineNumber : 6 }, { Source : &amp;apos;.Net SqlClient Data Provider&amp;apos;, Number : 3621, State : &amp;apos;0&amp;apos;, Class : &amp;apos;0&amp;apos;, Server : &amp;apos;192.168.11.14&amp;apos;, Message : &amp;apos;The statement has been terminated.&amp;apos;, Procedure : &amp;apos;ctemp&amp;apos;, LineNumber : 6 }, { Source : &amp;apos;.Net SqlClient Data Provider&amp;apos;, Number : 3621, State : &amp;apos;0&amp;apos;, Class : &amp;apos;0&amp;apos;, Server : &amp;apos;192.168.11.14&amp;apos;, Message : &amp;apos;The statement has been terminated.&amp;apos;, Procedure : &amp;apos;ctemp&amp;apos;, LineNumber : 6 }, { Source : &amp;apos;.Net SqlClient Data Provider&amp;apos;, Number : 3621, State : &amp;apos;0&amp;apos;, Class : &amp;apos;0&amp;apos;, Server : &amp;apos;192.168.11.14&amp;apos;, Message : &amp;apos;The statement has been terminated.&amp;apos;, Procedure : &amp;apos;ctemp&amp;apos;, LineNumber : 6 }, { Source : &amp;apos;.Net SqlClient Data Provider&amp;apos;, Number : 3621, State : &amp;apos;0&amp;apos;, Class : &amp;apos;0&amp;apos;, Server : &amp;apos;192.168.11.14&amp;apos;, Message : &amp;apos;The statement has been terminated.&amp;apos;, Procedure : &amp;apos;ctemp&amp;apos;, LineNumber : 6 }, { Source : &amp;apos;.Net SqlClient Data Provider&amp;apos;, Number : 3621, State : &amp;apos;0&amp;apos;, Class : &amp;apos;0&amp;apos;, Server : &amp;apos;192.168.11.14&amp;apos;, Message : &amp;apos;The statement has been terminated.&amp;apos;, Procedure : &amp;apos;ctemp&amp;apos;, LineNumber : 6 }, { Source : &amp;apos;.Net SqlClient Data Provider&amp;apos;, Number : 3621, State : &amp;apos;0&amp;apos;, Class : &amp;apos;0&amp;apos;, Server : &amp;apos;192.168.11.14&amp;apos;, Message : &amp;apos;The statement has been terminated.&amp;apos;, Procedure : &amp;apos;ctemp&amp;apos;, LineNumber : 6 }, { Source : &amp;apos;.Net SqlClient Data Provider&amp;apos;, Number : 3621, State : &amp;apos;0&amp;apos;, Class : &amp;apos;0&amp;apos;, Server : &amp;apos;192.168.11.14&amp;apos;, Message : &amp;apos;The statement has been terminated.&amp;apos;, Procedure : &amp;apos;ctemp&amp;apos;, LineNumber : 6 }, { Source : &amp;apos;.Net SqlClient Data Provider&amp;apos;, Number : 3621, State : &amp;apos;0&amp;apos;, Class : &amp;apos;0&amp;apos;, Server : &amp;apos;192.168.11.14&amp;apos;, Message : &amp;apos;The statement has been terminated.&amp;apos;, Procedure : &amp;apos;ctemp&amp;apos;, LineNumber : 6 }, { Source : &amp;apos;.Net SqlClient Data Provider&amp;apos;, Number : 3621, State : &amp;apos;0&amp;apos;, Class : &amp;apos;0&amp;apos;, Server : &amp;apos;192.168.11.14&amp;apos;, Message : &amp;apos;The statement has been terminated.&amp;apos;, Procedure : &amp;apos;ctemp&amp;apos;, LineNumber : 6 }, { Source : &amp;apos;.Net SqlClient Data Provider&amp;apos;, Number : 3621, State : &amp;apos;0&amp;apos;, Class : &amp;apos;0&amp;apos;, Server : &amp;apos;192.168.11.14&amp;apos;, Message : &amp;apos;The statement has been terminated.&amp;apos;, Procedure : &amp;apos;ctemp&amp;apos;, LineNumber : 6 }, { Source : &amp;apos;.Net SqlClient Data Provider&amp;apos;, Number : 3621, State : &amp;apos;0&amp;apos;, Class : &amp;apos;0&amp;apos;, Server : &amp;apos;192.168.11.14&amp;apos;, Message : &amp;apos;The statement has been terminated.&amp;apos;, Procedure : &amp;apos;ctemp&amp;apos;, LineNumber : 6 }, { Source : &amp;apos;.Net SqlClient Data Provider&amp;apos;, Number : 3621, State : &amp;apos;0&amp;apos;, Class : &amp;apos;0&amp;apos;, Server : &amp;apos;192.168.11.14&amp;apos;, Message : &amp;apos;The statement has been terminated.&amp;apos;, Procedure : &amp;apos;ctemp&amp;apos;, LineNumber : 6 } ], ClientConnectionId : &amp;apos;5c00e9f4-c68d-4a44-be15-e62d96508023&amp;apos;, Class : &amp;apos;16&amp;apos;, LineNumber : 6, Number : 242, Procedure : &amp;apos;ctemp&amp;apos;, Server : &amp;apos;192.168.11.14&amp;apos;, State : &amp;apos;3&amp;apos;, Source : &amp;apos;.Net SqlClient Data Provider&amp;apos;, ErrorCode : -2146232060, Message : &amp;apos;The conversion of a varchar data type to a datetime data type resulted in an out-of-range value.
The conversion of a varchar data type to a datetime data type resulted in an out-of-range value.
The conversion of a varchar data type to a datetime data type resulted in an out-of-range value.
The conversion of a varchar data type to a datetime data type resulted in an out-of-range value.
The conversion of a varchar data type to a datetime data type resulted in an out-of-range value.
The conversion of a varchar data type to a datetime data type resulted in an out-of-range value.
The conversion of a varchar data type to a datetime data type resulted in an out-of-range value.
The conversion of a varchar data type to a datetime data type resulted in an out-of-range value.
The conversion of a varchar data type to a datetime data type resulted in an out-of-range value.
The conversion of a varchar data type to a datetime data type resulted in an out-of-range value.
The conversion of a varchar data type to a datetime data type resulted in an out-of-range value.
The conversion of a varchar data type to a datetime data type resulted in an out-of-range value.
The conversion of a varchar data type to a datetime data type resulted in an out-of-range value.
The conversion of a varchar data type to a datetime data type resulted in an out-of-range value.
The conversion of a varchar data type to a datetime data type resulted in an out-of-range value.
The conversion of a varchar data type to a datetime data type resulted in an out-of-range value.
The conversion of a varchar data type to a datetime data type resulted in an out-of-range value.
The conversion of a varchar data type to a datetime data type resulted in an out-of-range value.
The conversion of a varchar data type to a datetime data type resulted in an out-of-range value.
The conversion of a varchar data type to a datetime data type resulted in an out-of-range value.
The conversion of a varchar data type to a datetime data type resulted in an out-of-range value.
The conversion of a varchar data type to a datetime data type resulted in an out-of-range value.
The conversion of a varchar data type to a datetime data type resulted in an out-of-range value.
The conversion of a varchar data type to a datetime data type resulted in an out-of-range value.
The conversion of a varchar data type to a datetime data type resulted in an out-of-range value.
The conversion of a varchar data type to a datetime data type resulted in an out-of-range value.
The conversion of a varchar data type to a datetime data type resulted in an out-of-range value.
The conversion of a varchar data type to a datetime data type resulted in an out-of-range value.
The conversion of a varchar data type to a datetime data type resulted in an out-of-range value.
The conversion of a varchar data type to a datetime data type resulted in an out-of-range value.
The conversion of a varchar data type to a datetime data type resulted in an out-of-range value.
The conversion of a varchar data type to a datetime data type resulted in an out-of-range value.
The conversion of a varchar data type to a datetime data type resulted in an out-of-range value.
The conversion of a varchar data type to a datetime data type resulted in an out-of-range value.
The conversion of a varchar data type to a datetime data type resulted in an out-of-range value.
The conversion of a varchar data type to a datetime data type resulted in an out-of-range value.
The conversion of a varchar data type to a datetime data type resulted in an out-of-range value.
The conversion of a varchar data type to a datetime data type resulted in an out-of-range value.
The conversion of a varchar data type to a datetime data type resulted in an out-of-range value.
The conversion of a varchar data type to a datetime data type resulted in an out-of-range value.
The conversion of a varchar data type to a datetime data type resulted in an out-of-range value.
The conversion of a varchar data type to a datetime data type resulted in an out-of-range value.
The conversion of a varchar data type to a datetime data type resulted in an out-of-range value.
The conversion of a varchar data type to a datetime data type resulted in an out-of-range value.
The conversion of a varchar data type to a datetime data type resulted in an out-of-range value.
The conversion of a varchar data type to a datetime data type resulted in an out-of-range value.
The conversion of a varchar data type to a datetime data type resulted in an out-of-range value.
The conversion of a varchar data type to a datetime data type resulted in an out-of-range value.
The conversion of a varchar data type to a datetime data type resulted in an out-of-range value.
The conversion of a varchar data type to a datetime data type resulted in an out-of-range value.
The conversion of a varchar data type to a datetime data type resulted in an out-of-range value.
The conversion of a varchar data type to a datetime data type resulted in an out-of-range value.
The conversion of a varchar data type to a datetime data type resulted in an out-of-range value.
The conversion of a varchar data type to a datetime data type resulted in an out-of-range value.
The conversion of a varchar data type to a datetime data type resulted in an out-of-range value.
The conversion of a varchar data type to a datetime data type resulted in an out-of-range value.
The conversion of a varchar data type to a datetime data type resulted in an out-of-range value.
The conversion of a varchar data type to a datetime data type resulted in an out-of-range value.
The conversion of a varchar data type to a datetime data type resulted in an out-of-range value.
The conversion of a varchar data type to a datetime data type resulted in an out-of-range value.
The conversion of a varchar data type to a datetime data type resulted in an out-of-range value.
The conversion of a varchar data type to a datetime data type resulted in an out-of-range value.
The conversion of a varchar data type to a datetime data type resulted in an out-of-range value.
The conversion of a varchar data type to a datetime data type resulted in an out-of-range value.
The conversion of a varchar data type to a datetime data type resulted in an out-of-range value.
The conversion of a varchar data type to a datetime data type resulted in an out-of-range value.
The conversion of a varchar data type to a datetime data type resulted in an out-of-range value.
The conversion of a varchar data type to a datetime data type resulted in an out-of-range value.
The conversion of a varchar data type to a datetime data type resulted in an out-of-range value.
The conversion of a varchar data type to a datetime data type resulted in an out-of-range value.
The conversion of a varchar data type to a datetime data type resulted in an out-of-range value.
The conversion of a varchar data type to a datetime data type resulted in an out-of-range value.
The conversion of a varchar data type to a datetime data type resulted in an out-of-range value.
The conversion of a varchar data type to a datetime data type resulted in an out-of-range value.
The conversion of a varchar data type to a datetime data type resulted in an out-of-range value.
The conversion of a varchar data type to a datetime data type resulted in an out-of-range value.
The conversion of a varchar data type to a datetime data type resulted in an out-of-range value.
The conversion of a varchar data type to a datetime data type resulted in an out-of-range value.
The conversion of a varchar data type to a datetime data type resulted in an out-of-range value.
The conversion of a varchar data type to a datetime data type resulted in an out-of-range value.
The conversion of a varchar data type to a datetime data type resulted in an out-of-range value.
The conversion of a varchar data type to a datetime data type resulted in an out-of-range value.
The conversion of a varchar data type to a datetime data type resulted in an out-of-range value.
The conversion of a varchar data type to a datetime data type resulted in an out-of-range value.
The conversion of a varchar data type to a datetime data type resulted in an out-of-range value.
The conversion of a varchar data type to a datetime data type resulted in an out-of-range value.
The conversion of a varchar data type to a datetime data type resulted in an out-of-range value.
The conversion of a varchar data type to a datetime data type resulted in an out-of-range value.
The conversion of a varchar data type to a datetime data type resulted in an out-of-range value.
The conversion of a varchar data type to a datetime data type resulted in an out-of-range value.
The conversion of a varchar data type to a datetime data type resulted in an out-of-range value.
The conversion of a varchar data type to a datetime data type resulted in an out-of-range value.
The conversion of a varchar data type to a datetime data type resulted in an out-of-range value.
The conversion of a varchar data type to a datetime data type resulted in an out-of-range value.
The conversion of a varchar data type to a datetime data type resulted in an out-of-range value.
The conversion of a varchar data type to a datetime data type resulted in an out-of-range value.
The conversion of a varchar data type to a datetime data type resulted in an out-of-range value.
The conversion of a varchar data type to a datetime data type resulted in an out-of-range value.
The conversion of a varchar data type to a datetime data type resulted in an out-of-range value.
The conversion of a varchar data type to a datetime data type resulted in an out-of-range value.
The conversion of a varchar data type to a datetime data type resulted in an out-of-range value.
The conversion of a varchar data type to a datetime data type resulted in an out-of-range value.
The conversion of a varchar data type to a datetime data type resulted in an out-of-range value.
The conversion of a varchar data type to a datetime data type resulted in an out-of-range value.
The conversion of a varchar data type to a datetime data type resulted in an out-of-range value.
The conversion of a varchar data type to a datetime data type resulted in an out-of-range value.
The conversion of a varchar data type to a datetime data type resulted in an out-of-range value.
The conversion of a varchar data type to a datetime data type resulted in an out-of-range value.
The conversion of a varchar data type to a datetime data type resulted in an out-of-range value.
The conversion of a varchar data type to a datetime data type resulted in an out-of-range value.
The conversion of a varchar data type to a datetime data type resulted in an out-of-range value.
The conversion of a varchar data type to a datetime data type resulted in an out-of-range value.
The conversion of a varchar data type to a datetime data type resulted in an out-of-range value.
The conversion of a varchar data type to a datetime data type resulted in an out-of-range value.
The conversion of a varchar data type to a datetime data type resulted in an out-of-range value.
The conversion of a varchar data type to a datetime data type resulted in an out-of-range value.
The conversion of a varchar data type to a datetime data type resulted in an out-of-range value.
The conversion of a varchar data type to a datetime data type resulted in an out-of-range value.
The conversion of a varchar data type to a datetime data type resulted in an out-of-range value.
The conversion of a varchar data type to a datetime data type resulted in an out-of-range value.
The conversion of a varchar data type to a datetime data type resulted in an out-of-range value.
The conversion of a varchar data type to a datetime data type resulted in an out-of-range value.
The conversion of a varchar data type to a datetime data type resulted in an out-of-range value.
The conversion of a varchar data type to a datetime data type resulted in an out-of-range value.
The conversion of a varchar data type to a datetime data type resulted in an out-of-range value.
The conversion of a varchar data type to a datetime data type resulted in an out-of-range value.
The conversion of a varchar data type to a datetime data type resulted in an out-of-range value.
The conversion of a varchar data type to a datetime data type resulted in an out-of-range value.
The conversion of a varchar data type to a datetime data type resulted in an out-of-range value.
The conversion of a varchar data type to a datetime data type resulted in an out-of-range value.
The conversion of a varchar data type to a datetime data type resulted in an out-of-range value.
The conversion of a varchar data type to a datetime data type resulted in an out-of-range value.
The conversion of a varchar data type to a datetime data type resulted in an out-of-range value.
The conversion of a varchar data type to a datetime data type resulted in an out-of-range value.
The conversion of a varchar data type to a datetime data type resulted in an out-of-range value.
The conversion of a varchar data type to a datetime data type resulted in an out-of-range value.
The conversion of a varchar data type to a datetime data type resulted in an out-of-range value.
The conversion of a varchar data type to a datetime data type resulted in an out-of-range value.
The conversion of a varchar data type to a datetime data type resulted in an out-of-range value.
The conversion of a varchar data type to a datetime data type resulted in an out-of-range value.
The conversion of a varchar data type to a datetime data type resulted in an out-of-range value.
The conversion of a varchar data type to a datetime data type resulted in an out-of-range value.
The conversion of a varchar data type to a datetime data type resulted in an out-of-range value.
The conversion of a varchar data type to a datetime data type resulted in an out-of-range value.
The conversion of a varchar data type to a datetime data type resulted in an out-of-range value.
The conversion of a varchar data type to a datetime data type resulted in an out-of-range value.
The conversion of a varchar data type to a datetime data type resulted in an out-of-range value.
The conversion of a varchar data type to a datetime data type resulted in an out-of-range value.
The conversion of a varchar data type to a datetime data type resulted in an out-of-range value.
The conversion of a varchar data type to a datetime data type resulted in an out-of-range value.
The conversion of a varchar data type to a datetime data type resulted in an out-of-range value.
The conversion of a varchar data type to a datetime data type resulted in an out-of-range value.
The conversion of a varchar data type to a datetime data type resulted in an out-of-range value.
The conversion of a varchar data type to a datetime data type resulted in an out-of-range value.
The conversion of a varchar data type to a datetime data type resulted in an out-of-range value.
The conversion of a varchar data type to a datetime data type resulted in an out-of-range value.
The conversion of a varchar data type to a datetime data type resulted in an out-of-range value.
The conversion of a varchar data type to a datetime data type resulted in an out-of-range value.
The conversion of a varchar data type to a datetime data type resulted in an out-of-range value.
The conversion of a varchar data type to a datetime data type resulted in an out-of-range value.
The conversion of a varchar data type to a datetime data type resulted in an out-of-range value.
The conversion of a varchar data type to a datetime data type resulted in an out-of-range value.
The conversion of a varchar data type to a datetime data type resulted in an out-of-range value.
The conversion of a varchar data type to a datetime data type resulted in an out-of-range value.
The conversion of a varchar data type to a datetime data type resulted in an out-of-range value.
The conversion of a varchar data type to a datetime data type resulted in an out-of-range value.
The conversion of a varchar data type to a datetime data type resulted in an out-of-range value.
The conversion of a varchar data type to a datetime data type resulted in an out-of-range value.
The conversion of a varchar data type to a datetime data type resulted in an out-of-range value.
The conversion of a varchar data type to a datetime data type resulted in an out-of-range value.
The conversion of a varchar data type to a datetime data type resulted in an out-of-range value.
The conversion of a varchar data type to a datetime data type resulted in an out-of-range value.
The conversion of a varchar data type to a datetime data type resulted in an out-of-range value.
The conversion of a varchar data type to a datetime data type resulted in an out-of-range value.
The conversion of a varchar data type to a datetime data type resulted in an out-of-range value.
The conversion of a varchar data type to a datetime data type resulted in an out-of-range value.
The conversion of a varchar data type to a datetime data type resulted in an out-of-range value.
The conversion of a varchar data type to a datetime data type resulted in an out-of-range value.
The conversion of a varchar data type to a datetime data type resulted in an out-of-range value.
The conversion of a varchar data type to a datetime data type resulted in an out-of-range value.
The conversion of a varchar data type to a datetime data type resulted in an out-of-range value.
The conversion of a varchar data type to a datetime data type resulted in an out-of-range value.
The conversion of a varchar data type to a datetime data type resulted in an out-of-range value.
The conversion of a varchar data type to a datetime data type resulted in an out-of-range value.
The conversion of a varchar data type to a datetime data type resulted in an out-of-range value.
The conversion of a varchar data type to a datetime data type resulted in an out-of-range value.
The conversion of a varchar data type to a datetime data type resulted in an out-of-range value.
The conversion of a varchar data type to a datetime data type resulted in an out-of-range value.
The conversion of a varchar data type to a datetime data type resulted in an out-of-range value.
The conversion of a varchar data type to a datetime data type resulted in an out-of-range value.
The conversion of a varchar data type to a datetime data type resulted in an out-of-range value.
The conversion of a varchar data type to a datetime data type resulted in an out-of-range value.
The conversion of a varchar data type to a datetime data type resulted in an out-of-range value.
The conversion of a varchar data type to a datetime data type resulted in an out-of-range value.
The conversion of a varchar data type to a datetime data type resulted in an out-of-range value.
The conversion of a varchar data type to a datetime data type resulted in an out-of-range value.
The conversion of a varchar data type to a datetime data type resulted in an out-of-range value.
The conversion of a varchar data type to a datetime data type resulted in an out-of-range value.
The conversion of a varchar data type to a datetime data type resulted in an out-of-range value.
The conversion of a varchar data type to a datetime data type resulted in an out-of-range value.
The conversion of a varchar data type to a datetime data type resulted in an out-of-range value.
The conversion of a varchar data type to a datetime data type resulted in an out-of-range value.
The conversion of a varchar data type to a datetime data type resulted in an out-of-range value.
The conversion of a varchar data type to a datetime data type resulted in an out-of-range value.
The conversion of a varchar data type to a datetime data type resulted in an out-of-range value.
The conversion of a varchar data type to a datetime data type resulted in an out-of-range value.
The conversion of a varchar data type to a datetime data type resulted in an out-of-range value.
The conversion of a varchar data type to a datetime data type resulted in an out-of-range value.
The conversion of a varchar data type to a datetime data type resulted in an out-of-range value.
The conversion of a varchar data type to a datetime data type resulted in an out-of-range value.
The conversion of a varchar data type to a datetime data type resulted in an out-of-range value.
The conversion of a varchar data type to a datetime data type resulted in an out-of-range value.
The conversion of a varchar data type to a datetime data type resulted in an out-of-range value.
The conversion of a varchar data type to a datetime data type resulted in an out-of-range value.
The conversion of a varchar data type to a datetime data type resulted in an out-of-range value.
The conversion of a varchar data type to a datetime data type resulted in an out-of-range value.
The conversion of a varchar data type to a datetime data type resulted in an out-of-range value.
The conversion of a varchar data type to a datetime data type resulted in an out-of-range value.
The conversion of a varchar data type to a datetime data type resulted in an out-of-range value.
The conversion of a varchar data type to a datetime data type resulted in an out-of-range value.
The conversion of a varchar data type to a datetime data type resulted in an out-of-range value.
The conversion of a varchar data type to a datetime data type resulted in an out-of-range value.
The conversion of a varchar data type to a datetime data type resulted in an out-of-range value.
The conversion of a varchar data type to a datetime data type resulted in an out-of-range value.
The conversion of a varchar data type to a datetime data type resulted in an out-of-range value.
The conversion of a varchar data type to a datetime data type resulted in an out-of-range value.
The conversion of a varchar data type to a datetime data type resulted in an out-of-range value.
The conversion of a varchar data type to a datetime data type resulted in an out-of-range value.
The conversion of a varchar data type to a datetime data type resulted in an out-of-range value.
The conversion of a varchar data type to a datetime data type resulted in an out-of-range value.
The conversion of a varchar data type to a datetime data type resulted in an out-of-range value.
The conversion of a varchar data type to a datetime data type resulted in an out-of-range value.
The conversion of a varchar data type to a datetime data type resulted in an out-of-range value.
The conversion of a varchar data type to a datetime data type resulted in an out-of-range value.
The conversion of a varchar data type to a datetime data type resulted in an out-of-range value.
The conversion of a varchar data type to a datetime data type resulted in an out-of-range value.
The conversion of a varchar data type to a datetime data type resulted in an out-of-range value.
The conversion of a varchar data type to a datetime data type resulted in an out-of-range value.
The conversion of a varchar data type to a datetime data type resulted in an out-of-range value.
The conversion of a varchar data type to a datetime data type resulted in an out-of-range value.
The conversion of a varchar data type to a datetime data type resulted in an out-of-range value.
The conversion of a varchar data type to a datetime data type resulted in an out-of-range value.
The conversion of a varchar data type to a datetime data type resulted in an out-of-range value.
The conversion of a varchar data type to a datetime data type resulted in an out-of-range value.
The conversion of a varchar data type to a datetime data type resulted in an out-of-range value.
The conversion of a varchar data type to a datetime data type resulted in an out-of-range value.
The conversion of a varchar data type to a datetime data type resulted in an out-of-range value.
The conversion of a varchar data type to a datetime data type resulted in an out-of-range value.
The conversion of a varchar data type to a datetime data type resulted in an out-of-range value.
The conversion of a varchar data type to a datetime data type resulted in an out-of-range value.
The conversion of a varchar data type to a datetime data type resulted in an out-of-range value.
The conversion of a varchar data type to a datetime data type resulted in an out-of-range value.
The conversion of a varchar data type to a datetime data type resulted in an out-of-range value.
The conversion of a varchar data type to a datetime data type resulted in an out-of-range value.
The conversion of a varchar data type to a datetime data type resulted in an out-of-range value.
The conversion of a varchar data type to a datetime data type resulted in an out-of-range value.
The conversion of a varchar data type to a datetime data type resulted in an out-of-range value.
The conversion of a varchar data type to a datetime data type resulted in an out-of-range value.
The conversion of a varchar data type to a datetime data type resulted in an out-of-range value.
The conversion of a varchar data type to a datetime data type resulted in an out-of-range value.
The conversion of a varchar data type to a datetime data type resulted in an out-of-range value.
The conversion of a varchar data type to a datetime data type resulted in an out-of-range value.
The conversion of a varchar data type to a datetime data type resulted in an out-of-range value.
The conversion of a varchar data type to a datetime data type resulted in an out-of-range value.
The conversion of a varchar data type to a datetime data type resulted in an out-of-range value.
The conversion of a varchar data type to a datetime data type resulted in an out-of-range value.
The conversion of a varchar data type to a datetime data type resulted in an out-of-range value.
The conversion of a varchar data type to a datetime data type resulted in an out-of-range value.
The conversion of a varchar data type to a datetime data type resulted in an out-of-range value.
The conversion of a varchar data type to a datetime data type resulted in an out-of-range value.
The conversion of a varchar data type to a datetime data type resulted in an out-of-range value.
The conversion of a varchar data type to a datetime data type resulted in an out-of-range value.
The conversion of a varchar data type to a datetime data type resulted in an out-of-range value.
The conversion of a varchar data type to a datetime data type resulted in an out-of-range value.
The conversion of a varchar data type to a datetime data type resulted in an out-of-range value.
The conversion of a varchar data type to a datetime data type resulted in an out-of-range value.
The conversion of a varchar data type to a datetime data type resulted in an out-of-range value.
The conversion of a varchar data type to a datetime data type resulted in an out-of-range value.
The conversion of a varchar data type to a datetime data type resulted in an out-of-range value.
The conversion of a varchar data type to a datetime data type resulted in an out-of-range value.
The conversion of a varchar data type to a datetime data type resulted in an out-of-range value.
The conversion of a varchar data type to a datetime data type resulted in an out-of-range value.
The conversion of a varchar data type to a datetime data type resulted in an out-of-range value.
The conversion of a varchar data type to a datetime data type resulted in an out-of-range value.
The conversion of a varchar data type to a datetime data type resulted in an out-of-range value.
The conversion of a varchar data type to a datetime data type resulted in an out-of-range value.
The conversion of a varchar data type to a datetime data type resulted in an out-of-range value.
The conversion of a varchar data type to a datetime data type resulted in an out-of-range value.
The conversion of a varchar data type to a datetime data type resulted in an out-of-range value.
The conversion of a varchar data type to a datetime data type resulted in an out-of-range value.
The conversion of a varchar data type to a datetime data type resulted in an out-of-range value.
The conversion of a varchar data type to a datetime data type resulted in an out-of-range value.
The conversion of a varchar data type to a datetime data type resulted in an out-of-range value.
The conversion of a varchar data type to a datetime data type resulted in an out-of-range value.
The conversion of a varchar data type to a datetime data type resulted in an out-of-range value.
The conversion of a varchar data type to a datetime data type resulted in an out-of-range value.
The conversion of a varchar data type to a datetime data type resulted in an out-of-range value.
The conversion of a varchar data type to a datetime data type resulted in an out-of-range value.
The conversion of a varchar data type to a datetime data type resulted in an out-of-range value.
The conversion of a varchar data type to a datetime data type resulted in an out-of-range value.
The conversion of a varchar data type to a datetime data type resulted in an out-of-range value.
The conversion of a varchar data type to a datetime data type resulted in an out-of-range value.
The conversion of a varchar data type to a datetime data type resulted in an out-of-range value.
The conversion of a varchar data type to a datetime data type resulted in an out-of-range value.
The conversion of a varchar data type to a datetime data type resulted in an out-of-range value.
The conversion of a varchar data type to a datetime data type resulted in an out-of-range value.
The conversion of a varchar data type to a datetime data type resulted in an out-of-range value.
The conversion of a varchar data type to a datetime data type resulted in an out-of-range value.
The conversion of a varchar data type to a datetime data type resulted in an out-of-range value.
The conversion of a varchar data type to a datetime data type resulted in an out-of-range value.
The conversion of a varchar data type to a datetime data type resulted in an out-of-range value.
The conversion of a varchar data type to a datetime data type resulted in an out-of-range value.
The conversion of a varchar data type to a datetime data type resulted in an out-of-range value.
The conversion of a varchar data type to a datetime data type resulted in an out-of-range value.
The conversion of a varchar data type to a datetime data type resulted in an out-of-range value.
The conversion of a varchar data type to a datetime data type resulted in an out-of-range value.
The conversion of a varchar data type to a datetime data type resulted in an out-of-range value.
The conversion of a varchar data type to a datetime data type resulted in an out-of-range value.
The conversion of a varchar data type to a datetime data type resulted in an out-of-range value.
The conversion of a varchar data type to a datetime data type resulted in an out-of-range value.
The conversion of a varchar data type to a datetime data type resulted in an out-of-range value.
The conversion of a varchar data type to a datetime data type resulted in an out-of-range value.
The conversion of a varchar data type to a datetime data type resulted in an out-of-range value.
The conversion of a varchar data type to a datetime data type resulted in an out-of-range value.
The conversion of a varchar data type to a datetime data type resulted in an out-of-range value.
The conversion of a varchar data type to a datetime data type resulted in an out-of-range value.
The conversion of a varchar data type to a datetime data type resulted in an out-of-range value.
The conversion of a varchar data type to a datetime data type resulted in an out-of-range value.
The conversion of a varchar data type to a datetime data type resulted in an out-of-range value.
The conversion of a varchar data type to a datetime data type resulted in an out-of-range value.
The conversion of a varchar data type to a datetime data type resulted in an out-of-range value.
The conversion of a varchar data type to a datetime data type resulted in an out-of-range value.
The conversion of a varchar data type to a datetime data type resulted in an out-of-range value.
The conversion of a varchar data type to a datetime data type resulted in an out-of-range value.
The conversion of a varchar data type to a datetime data type resulted in an out-of-range value.
The conversion of a varchar data type to a datetime data type resulted in an out-of-range value.
The conversion of a varchar data type to a datetime data type resulted in an out-of-range value.
The conversion of a varchar data type to a datetime data type resulted in an out-of-range value.
The conversion of a varchar data type to a datetime data type resulted in an out-of-range value.
The conversion of a varchar data type to a datetime data type resulted in an out-of-range value.
The conversion of a varchar data type to a datetime data type resulted in an out-of-range value.
The conversion of a varchar data type to a datetime data type resulted in an out-of-range value.
The conversion of a varchar data type to a datetime data type resulted in an out-of-range value.
The conversion of a varchar data type to a datetime data type resulted in an out-of-range value.
The conversion of a varchar data type to a datetime data type resulted in an out-of-range value.
The conversion of a varchar data type to a datetime data type resulted in an out-of-range value.
The conversion of a varchar data type to a datetime data type resulted in an out-of-range value.
The conversion of a varchar data type to a datetime data type resulted in an out-of-range value.
The conversion of a varchar data type to a datetime data type resulted in an out-of-range value.
The conversion of a varchar data type to a datetime data type resulted in an out-of-range value.
The conversion of a varchar data type to a datetime data type resulted in an out-of-range value.
The conversion of a varchar data type to a datetime data type resulted in an out-of-range value.
The conversion of a varchar data type to a datetime data type resulted in an out-of-range value.
The conversion of a varchar data type to a datetime data type resulted in an out-of-range value.
The conversion of a varchar data type to a datetime data type resulted in an out-of-range value.
The conversion of a varchar data type to a datetime data type resulted in an out-of-range value.
The conversion of a varchar data type to a datetime data type resulted in an out-of-range value.
The conversion of a varchar data type to a datetime data type resulted in an out-of-range value.
The conversion of a varchar data type to a datetime data type resulted in an out-of-range value.
The conversion of a varchar data type to a datetime data type resulted in an out-of-range value.
The conversion of a varchar data type to a datetime data type resulted in an out-of-range value.
The conversion of a varchar data type to a datetime data type resulted in an out-of-range value.
The conversion of a varchar data type to a datetime data type resulted in an out-of-range value.
The conversion of a varchar data type to a datetime data type resulted in an out-of-range value.
The conversion of a varchar data type to a datetime data type resulted in an out-of-range value.
The conversion of a varchar data type to a datetime data type resulted in an out-of-range value.
The conversion of a varchar data type to a datetime data type resulted in an out-of-range value.
The conversion of a varchar data type to a datetime data type resulted in an out-of-range value.
The conversion of a varchar data type to a datetime data type resulted in an out-of-range value.
The conversion of a varchar data type to a datetime data type resulted in an out-of-range value.
The conversion of a varchar data type to a datetime data type resulted in an out-of-range value.
The conversion of a varchar data type to a datetime data type resulted in an out-of-range value.
The conversion of a varchar data type to a datetime data type resulted in an out-of-range value.
The conversion of a varchar data type to a datetime data type resulted in an out-of-range value.
The conversion of a varchar data type to a datetime data type resulted in an out-of-range value.
The conversion of a varchar data type to a datetime data type resulted in an out-of-range value.
The conversion of a varchar data type to a datetime data type resulted in an out-of-range value.
The conversion of a varchar data type to a datetime data type resulted in an out-of-range value.
The conversion of a varchar data type to a datetime data type resulted in an out-of-range value.
The conversion of a varchar data type to a datetime data type resulted in an out-of-range value.
The conversion of a varchar data type to a datetime data type resulted in an out-of-range value.
The conversion of a varchar data type to a datetime data type resulted in an out-of-range value.
The conversion of a varchar data type to a datetime data type resulted in an out-of-range value.
The conversion of a varchar data type to a datetime data type resulted in an out-of-range value.
The conversion of a varchar data type to a datetime data type resulted in an out-of-range value.
The conversion of a varchar data type to a datetime data type resulted in an out-of-range value.
The conversion of a varchar data type to a datetime data type resulted in an out-of-range value.
The conversion of a varchar data type to a datetime data type resulted in an out-of-range value.
The conversion of a varchar data type to a datetime data type resulted in an out-of-range value.
The conversion of a varchar data type to a datetime data type resulted in an out-of-range value.
The conversion of a varchar data type to a datetime data type resulted in an out-of-range value.
The conversion of a varchar data type to a datetime data type resulted in an out-of-range value.
The conversion of a varchar data type to a datetime data type resulted in an out-of-range value.
The conversion of a varchar data type to a datetime data type resulted in an out-of-range value.
The conversion of a varchar data type to a datetime data type resulted in an out-of-range value.
The conversion of a varchar data type to a datetime data type resulted in an out-of-range value.
The conversion of a varchar data type to a datetime data type resulted in an out-of-range value.
The conversion of a varchar data type to a datetime data type resulted in an out-of-range value.
The conversion of a varchar data type to a datetime data type resulted in an out-of-range value.
The conversion of a varchar data type to a datetime data type resulted in an out-of-range value.
The conversion of a varchar data type to a datetime data type resulted in an out-of-range value.
The conversion of a varchar data type to a datetime data type resulted in an out-of-range value.
The conversion of a varchar data type to a datetime data type resulted in an out-of-range value.
The conversion of a varchar data type to a datetime data type resulted in an out-of-range value.
The conversion of a varchar data type to a datetime data type resulted in an out-of-range value.
The conversion of a varchar data type to a datetime data type resulted in an out-of-range value.
The conversion of a varchar data type to a datetime data type resulted in an out-of-range value.
The conversion of a varchar data type to a datetime data type resulted in an out-of-range value.
The conversion of a varchar data type to a datetime data type resulted in an out-of-range value.
The conversion of a varchar data type to a datetime data type resulted in an out-of-range value.
The conversion of a varchar data type to a datetime data type resulted in an out-of-range value.
The conversion of a varchar data type to a datetime data type resulted in an out-of-range value.
The conversion of a varchar data type to a datetime data type resulted in an out-of-range value.
The conversion of a varchar data type to a datetime data type resulted in an out-of-range value.
The conversion of a varchar data type to a datetime data type resulted in an out-of-range value.
The conversion of a varchar data type to a datetime data type resulted in an out-of-range value.
The conversion of a varchar data type to a datetime data type resulted in an out-of-range value.
The conversion of a varchar data type to a datetime data type resulted in an out-of-range value.
The conversion of a varchar data type to a datetime data type resulted in an out-of-range value.
The conversion of a varchar data type to a datetime data type resulted in an out-of-range value.
The conversion of a varchar data type to a datetime data type resulted in an out-of-range value.
The conversion of a varchar data type to a datetime data type resulted in an out-of-range value.
The conversion of a varchar data type to a datetime data type resulted in an out-of-range value.
The conversion of a varchar data type to a datetime data type resulted in an out-of-range value.
The conversion of a varchar data type to a datetime data type resulted in an out-of-range value.
The conversion of a varchar data type to a datetime data type resulted in an out-of-range value.
The conversion of a varchar data type to a datetime data type resulted in an out-of-range value.
The conversion of a varchar data type to a datetime data type resulted in an out-of-range value.
The conversion of a varchar data type to a datetime data type resulted in an out-of-range value.
The conversion of a varchar data type to a datetime data type resulted in an out-of-range value.
The conversion of a varchar data type to a datetime data type resulted in an out-of-range value.
The conversion of a varchar data type to a datetime data type resulted in an out-of-range value.
The conversion of a varchar data type to a datetime data type resulted in an out-of-range value.
The conversion of a varchar data type to a datetime data type resulted in an out-of-range value.
The conversion of a varchar data type to a datetime data type resulted in an out-of-range value.
The conversion of a varchar data type to a datetime data type resulted in an out-of-range value.
The conversion of a varchar data type to a datetime data type resulted in an out-of-range value.
The conversion of a varchar data type to a datetime data type resulted in an out-of-range value.
The conversion of a varchar data type to a datetime data type resulted in an out-of-range value.
The conversion of a varchar data type to a datetime data type resulted in an out-of-range value.
The conversion of a varchar data type to a datetime data type resulted in an out-of-range value.
The conversion of a varchar data type to a datetime data type resulted in an out-of-range value.
The conversion of a varchar data type to a datetime data type resulted in an out-of-range value.
The conversion of a varchar data type to a datetime data type resulted in an out-of-range value.
The conversion of a varchar data type to a datetime data type resulted in an out-of-range value.
The conversion of a varchar data type to a datetime data type resulted in an out-of-range value.
The conversion of a varchar data type to a datetime data type resulted in an out-of-range value.
The conversion of a varchar data type to a datetime data type resulted in an out-of-range value.
The conversion of a varchar data type to a datetime data type resulted in an out-of-range value.
The conversion of a varchar data type to a datetime data type resulted in an out-of-range value.
The conversion of a varchar data type to a datetime data type resulted in an out-of-range value.
The conversion of a varchar data type to a datetime data type resulted in an out-of-range value.
The conversion of a varchar data type to a datetime data type resulted in an out-of-range value.
The conversion of a varchar data type to a datetime data type resulted in an out-of-range value.
The conversion of a varchar data type to a datetime data type resulted in an out-of-range value.
The conversion of a varchar data type to a datetime data type resulted in an out-of-range value.
The conversion of a varchar data type to a datetime data type resulted in an out-of-range value.
The conversion of a varchar data type to a datetime data type resulted in an out-of-range value.
The conversion of a varchar data type to a datetime data type resulted in an out-of-range value.
The conversion of a varchar data type to a datetime data type resulted in an out-of-range value.
The conversion of a varchar data type to a datetime data type resulted in an out-of-range value.
The conversion of a varchar data type to a datetime data type resulted in an out-of-range value.
The conversion of a varchar data type to a datetime data type resulted in an out-of-range value.
The conversion of a varchar data type to a datetime data type resulted in an out-of-range value.
The conversion of a varchar data type to a datetime data type resulted in an out-of-range value.
The conversion of a varchar data type to a datetime data type resulted in an out-of-range value.
The conversion of a varchar data type to a datetime data type resulted in an out-of-range value.
The conversion of a varchar data type to a datetime data type resulted in an out-of-range value.
The conversion of a varchar data type to a datetime data type resulted in an out-of-range value.
The conversion of a varchar data type to a datetime data type resulted in an out-of-range value.
The conversion of a varchar data type to a datetime data type resulted in an out-of-range value.
The conversion of a varchar data type to a datetime data type resulted in an out-of-range value.
The conversion of a varchar data type to a datetime data type resulted in an out-of-range value.
The conversion of a varchar data type to a datetime data type resulted in an out-of-range value.
The conversion of a varchar data type to a datetime data type resulted in an out-of-range value.
The conversion of a varchar data type to a datetime data type resulted in an out-of-range value.
The conversion of a varchar data type to a datetime data type resulted in an out-of-range value.
The conversion of a varchar data type to a datetime data type resulted in an out-of-range value.
The conversion of a varchar data type to a datetime data type resulted in an out-of-range value.
The conversion of a varchar data type to a datetime data type resulted in an out-of-range value.
The conversion of a varchar data type to a datetime data type resulted in an out-of-range value.
The conversion of a varchar data type to a datetime data type resulted in an out-of-range value.
The conversion of a varchar data type to a datetime data type resulted in an out-of-range value.
The conversion of a varchar data type to a datetime data type resulted in an out-of-range value.
The conversion of a varchar data type to a datetime data type resulted in an out-of-range value.
The conversion of a varchar data type to a datetime data type resulted in an out-of-range value.
The conversion of a varchar data type to a datetime data type resulted in an out-of-range value.
The conversion of a varchar data type to a datetime data type resulted in an out-of-range value.
The conversion of a varchar data type to a datetime data type resulted in an out-of-range value.
The conversion of a varchar data type to a datetime data type resulted in an out-of-range value.
The conversion of a varchar data type to a datetime data type resulted in an out-of-range value.
The conversion of a varchar data type to a datetime data type resulted in an out-of-range value.
The conversion of a varchar data type to a datetime data type resulted in an out-of-range value.
The conversion of a varchar data type to a datetime data type resulted in an out-of-range value.
The conversion of a varchar data type to a datetime data type resulted in an out-of-range value.
The conversion of a varchar data type to a datetime data type resulted in an out-of-range value.
The conversion of a varchar data type to a datetime data type resulted in an out-of-range value.
The conversion of a varchar data type to a datetime data type resulted in an out-of-range value.
The conversion of a varchar data type to a datetime data type resulted in an out-of-range value.
The statement has been terminated.
The statement has been terminated.
The statement has been terminated.
The statement has been terminated.
The statement has been terminated.
The statement has been terminated.
The statement has been terminated.
The statement has been terminated.
The statement has been terminated.
The statement has been terminated.
The statement has been terminated.
The statement has been terminated.
The statement has been terminated.
The statement has been terminated.
The statement has been terminated.
The statement has been terminated.
The statement has been terminated.
The statement has been terminated.
The statement has been terminated.
The statement has been terminated.
The statement has been terminated.
The statement has been terminated.
The statement has been terminated.
The statement has been terminated.
The statement has been terminated.
The statement has been terminated.
The statement has been terminated.
The statement has been terminated.
The statement has been terminated.
The statement has been terminated.
The statement has been terminated.
The statement has been terminated.
The statement has been terminated.
The statement has been terminated.
The statement has been terminated.
The statement has been terminated.
The statement has been terminated.
The statement has been terminated.
The statement has been terminated.
The statement has been terminated.
The statement has been terminated.
The statement has been terminated.
The statement has been terminated.
The statement has been terminated.
The statement has been terminated.
The statement has been terminated.
The statement has been terminated.
The statement has been terminated.
The statement has been terminated.
The statement has been terminated.
The statement has been terminated.
The statement has been terminated.
The statement has been terminated.
The statement has been terminated.
The statement has been terminated.
The statement has been terminated.
The statement has been terminated.
The statement has been terminated.
The statement has been terminated.
The statement has been terminated.
The statement has been terminated.
The statement has been terminated.
The statement has been terminated.
The statement has been terminated.
The statement has been terminated.
The statement has been terminated.
The statement has been terminated.
The statement has been terminated.
The statement has been terminated.
The statement has been terminated.
The statement has been terminated.
The statement has been terminated.
The statement has been terminated.
The statement has been terminated.
The statement has been terminated.
The statement has been terminated.
The statement has been terminated.
The statement has been terminated.
The statement has been terminated.
The statement has been terminated.
The statement has been terminated.
The statement has been terminated.
The statement has been terminated.
The statement has been terminated.
The statement has been terminated.
The statement has been terminated.
The statement has been terminated.
The statement has been terminated.
The statement has been terminated.
The statement has been terminated.
The statement has been terminated.
The statement has been terminated.
The statement has been terminated.
The statement has been terminated.
The statement has been terminated.
The statement has been terminated.
The statement has been terminated.
The statement has been terminated.
The statement has been terminated.
The statement has been terminated.
The statement has been terminated.
The statement has been terminated.
The statement has been terminated.
The statement has been terminated.
The statement has been terminated.
The statement has been terminated.
The statement has been terminated.
The statement has been terminated.
The statement has been terminated.
The statement has been terminated.
The statement has been terminated.
The statement has been terminated.
The statement has been terminated.
The statement has been terminated.
The statement has been terminated.
The statement has been terminated.
The statement has been terminated.
The statement has been terminated.
The statement has been terminated.
The statement has been terminated.
The statement has been terminated.
The statement has been terminated.
The statement has been terminated.
The statement has been terminated.
The statement has been terminated.
The statement has been terminated.
The statement has been terminated.
The statement has been terminated.
The statement has been terminated.
The statement has been terminated.
The statement has been terminated.
The statement has been terminated.
The statement has been terminated.
The statement has been terminated.
The statement has been terminated.
The statement has been terminated.
The statement has been terminated.
The statement has been terminated.
The statement has been terminated.
The statement has been terminated.
The statement has been terminated.
The statement has been terminated.
The statement has been terminated.
The statement has been terminated.
The statement has been terminated.
The statement has been terminated.
The statement has been terminated.
The statement has been terminated.
The statement has been terminated.
The statement has been terminated.
The statement has been terminated.
The statement has been terminated.
The statement has been terminated.
The statement has been terminated.
The statement has been terminated.
The statement has been terminated.
The statement has been terminated.
The statement has been terminated.
The statement has been terminated.
The statement has been terminated.
The statement has been terminated.
The statement has been terminated.
The statement has been terminated.
The statement has been terminated.
The statement has been terminated.
The statement has been terminated.
The statement has been terminated.
The statement has been terminated.
The statement has been terminated.
The statement has been terminated.
The statement has been terminated.
The statement has been terminated.
The statement has been terminated.
The statement has been terminated.
The statement has been terminated.
The statement has been terminated.
The statement has been terminated.
The statement has been terminated.
The statement has been terminated.
The statement has been terminated.
The statement has been terminated.
The statement has been terminated.
The statement has been terminated.
The statement has been terminated.
The statement has been terminated.
The statement has been terminated.
The statement has been terminated.
The statement has been terminated.
The statement has been terminated.
The statement has been terminated.
The statement has been terminated.
The statement has been terminated.
The statement has been terminated.
The statement has been terminated.
The statement has been terminated.
The statement has been terminated.
The statement has been terminated.
The statement has been terminated.
The statement has been terminated.
The statement has been terminated.
The statement has been terminated.
The statement has been terminated.
The statement has been terminated.
The statement has been terminated.
The statement has been terminated.
The statement has been terminated.
The statement has been terminated.
The statement has been terminated.
The statement has been terminated.
The statement has been terminated.
The statement has been terminated.
The statement has been terminated.
The statement has been terminated.
The statement has been terminated.
The statement has been terminated.
The statement has been terminated.
The statement has been terminated.
The statement has been terminated.
The statement has been terminated.
The statement has been terminated.
The statement has been terminated.
The statement has been terminated.
The statement has been terminated.
The statement has been terminated.
The statement has been terminated.
The statement has been terminated.
The statement has been terminated.
The statement has been terminated.
The statement has been terminated.
The statement has been terminated.
The statement has been terminated.
The statement has been terminated.
The statement has been terminated.
The statement has been terminated.
The statement has been terminated.
The statement has been terminated.
The statement has been terminated.
The statement has been terminated.
The statement has been terminated.
The statement has been terminated.
The statement has been terminated.
The statement has been terminated.
The statement has been terminated.
The statement has been terminated.
The statement has been terminated.
The statement has been terminated.
The statement has been terminated.
The statement has been terminated.
The statement has been terminated.
The statement has been terminated.
The statement has been terminated.
The statement has been terminated.
The statement has been terminated.
The statement has been terminated.
The statement has been terminated.
The statement has been terminated.
The statement has been terminated.
The statement has been terminated.
The statement has been terminated.
The statement has been terminated.
The statement has been terminated.
The statement has been terminated.
The statement has been terminated.
The statement has been terminated.
The statement has been terminated.
The statement has been terminated.
The statement has been terminated.
The statement has been terminated.
The statement has been terminated.
The statement has been terminated.
The statement has been terminated.
The statement has been terminated.
The statement has been terminated.
The statement has been terminated.
The statement has been terminated.
The statement has been terminated.
The statement has been terminated.
The statement has been terminated.
The statement has been terminated.
The statement has been terminated.
The statement has been terminated.
The statement has been terminated.
The statement has been terminated.
The statement has been terminated.
The statement has been terminated.
The statement has been terminated.
The statement has been terminated.
The statement has been terminated.
The statement has been terminated.
The statement has been terminated.
The statement has been terminated.
The statement has been terminated.
The statement has been terminated.
The statement has been terminated.
The statement has been terminated.
The statement has been terminated.
The statement has been terminated.
The statement has been terminated.
The statement has been terminated.
The statement has been terminated.
The statement has been terminated.
The statement has been terminated.
The statement has been terminated.
The statement has been terminated.
The statement has been terminated.
The statement has been terminated.
The statement has been terminated.
The statement has been terminated.
The statement has been terminated.
The statement has been terminated.
The statement has been terminated.
The statement has been terminated.
The statement has been terminated.
The statement has been terminated.
The statement has been terminated.
The statement has been terminated.
The statement has been terminated.
The statement has been terminated.
The statement has been terminated.
The statement has been terminated.
The statement has been terminated.
The statement has been terminated.
The statement has been terminated.
The statement has been terminated.
The statement has been terminated.
The statement has been terminated.
The statement has been terminated.
The statement has been terminated.
The statement has been terminated.
The statement has been terminated.
The statement has been terminated.
The statement has been terminated.
The statement has been terminated.
The statement has been terminated.
The statement has been terminated.
The statement has been terminated.
The statement has been terminated.
The statement has been terminated.
The statement has been terminated.
The statement has been terminated.
The statement has been terminated.
The statement has been terminated.
The statement has been terminated.
The statement has been terminated.
The statement has been terminated.
The statement has been terminated.
The statement has been terminated.
The statement has been terminated.
The statement has been terminated.
The statement has been terminated.
The statement has been terminated.
The statement has been terminated.
The statement has been terminated.
The statement has been terminated.
The statement has been terminated.
The statement has been terminated.
The statement has been terminated.
The statement has been terminated.
The statement has been terminated.
The statement has been terminated.
The statement has been terminated.
The statement has been terminated.
The statement has been terminated.
The statement has been terminated.
The statement has been terminated.
The statement has been terminated.
The statement has been terminated.
The statement has been terminated.
The statement has been terminated.
The statement has been terminated.
The statement has been terminated.
The statement has been terminated.
The statement has been terminated.
The statement has been terminated.
The statement has been terminated.
The statement has been terminated.
The statement has been terminated.
The statement has been terminated.
The statement has been terminated.
The statement has been terminated.
The statement has been terminated.
The statement has been terminated.
The statement has been terminated.
The statement has been terminated.
The statement has been terminated.
The statement has been terminated.
The statement has been terminated.
The statement has been terminated.
The statement has been terminated.
The statement has been terminated.
The statement has been terminated.
The statement has been terminated.
The statement has been terminated.
The statement has been terminated.
The statement has been terminated.
The statement has been terminated.
The statement has been terminated.
The statement has been terminated.
The statement has been terminated.
The statement has been terminated.
The statement has been terminated.
The statement has been terminated.
The statement has been terminated.
The statement has been terminated.
The statement has been terminated.
The statement has been terminated.
The statement has been terminated.
The statement has been terminated.
The statement has been terminated.
The statement has been terminated.
The statement has been terminated.
The statement has been terminated.
The statement has been terminated.
The statement has been terminated.
The statement has been terminated.
The statement has been terminated.
The statement has been terminated.
The statement has been terminated.
The statement has been terminated.
The statement has been terminated.
The statement has been terminated.
The statement has been terminated.
The statement has been terminated.
The statement has been terminated.
The statement has been terminated.
The statement has been terminated.
The statement has been terminated.
The statement has been terminated.
The statement has been terminated.
The statement has been terminated.
The statement has been terminated.
The statement has been terminated.
The statement has been terminated.
The statement has been terminated.
The statement has been terminated.
The statement has been terminated.
The statement has been terminated.
The statement has been terminated.
The statement has been terminated.
The statement has been terminated.
The statement has been terminated.
The statement has been terminated.
The statement has been terminated.
The statement has been terminated.
The statement has been terminated.
The statement has been terminated.
The statement has been terminated.
The statement has been terminated.
The statement has been terminated.
The statement has been terminated.
The statement has been terminated.
The statement has been terminated.
The statement has been terminated.
The statement has been terminated.
The statement has been terminated.
The statement has been terminated.
The statement has been terminated.
The statement has been terminated.
The statement has been terminated.
The statement has been terminated.
The statement has been terminated.
The statement has been terminated.
The statement has been terminated.
The statement has been terminated.
The statement has been terminated.
The statement has been terminated.
The statement has been terminated.
The statement has been terminated.
The statement has been terminated.
The statement has been terminated.
The statement has been terminated.
The statement has been terminated.
The statement has been terminated.
The statement has been terminated.
The statement has been terminated.
The statement has been terminated.
The statement has been terminated.
The statement has been terminated.
The statement has been terminated.
The statement has been terminated.
The statement has been terminated.
The statement has been terminated.
The statement has been terminated.
The statement has been terminated.
The statement has been terminated.
The statement has been terminated.
The statement has been terminated.
The statement has been terminated.
The statement has been terminated.
The statement has been terminated.
The statement has been terminated.
The statement has been terminated.
The statement has been terminated.
The statement has been terminated.
The statement has been terminated.
The statement has been terminated.
The statement has been terminated.
The statement has been terminated.
The statement has been terminated.&amp;apos;, Data : { HelpLink.ProdName : &amp;apos;Microsoft SQL Server&amp;apos;, HelpLink.ProdVer : &amp;apos;15.00.4138&amp;apos;, HelpLink.EvtSrc : &amp;apos;MSSQLServer&amp;apos;, HelpLink.EvtID : &amp;apos;242&amp;apos;, HelpLink.BaseHelpUrl : &amp;apos;http://go.microsoft.com/fwlink&amp;apos;, HelpLink.LinkId : &amp;apos;20476&amp;apos; }, InnerException : null, TargetSite : {  }, StackTrace : &amp;apos;   in System.Data.SqlClient.SqlConnection.OnError(SqlException exception, Boolean breakConnection, Action`1 wrapCloseInAction)
   in System.Data.SqlClient.TdsParser.ThrowExceptionAndWarning(TdsParserStateObject stateObj, Boolean callerHasConnectionLock, Boolean asyncClose)
   in System.Data.SqlClient.TdsParser.TryRun(RunBehavior runBehavior, SqlCommand cmdHandler, SqlDataReader dataStream, BulkCopySimpleResultSet bulkCopyHandler, TdsParserStateObject stateObj, Boolean&amp; dataReady)
   in System.Data.SqlClient.SqlCommand.InternalEndExecuteNonQuery(IAsyncResult asyncResult, String endMethod, Boolean isInternal)
   in System.Data.SqlClient.SqlCommand.EndExecuteNonQueryInternal(IAsyncResult asyncResult)
   in System.Data.SqlClient.SqlCommand.EndExecuteNonQueryAsync(IAsyncResult asyncResult)
   in System.Threading.Tasks.TaskFactory`1.FromAsyncCoreLogic(IAsyncResult iar, Func`2 endFunction, Action`1 endAction, Task`1 promise, Boolean requiresSynchronization)
--- Fine traccia dello stack da posizione precedente dove è stata generata l&amp;apos;eccezione ---
   in System.Runtime.ExceptionServices.ExceptionDispatchInfo.Throw()
   in System.Runtime.CompilerServices.TaskAwaiter.HandleNonSuccessAndDebuggerNotification(Task task)
   in System.Runtime.CompilerServices.TaskAwaiter`1.GetResult()
   in sqlServerConn.&amp;lt;internalExecuteNonQuery&amp;gt;d__11.MoveNext()
--- Fine traccia dello stack da posizione precedente dove è stata generata l&amp;apos;eccezione ---
   in System.Runtime.ExceptionServices.ExceptionDispatchInfo.Throw()
   in System.Runtime.CompilerServices.TaskAwaiter.HandleNonSuccessAndDebuggerNotification(Task task)
   in System.Runtime.CompilerServices.TaskAwaiter`1.GetResult()
   in sqlServerConn.&amp;lt;executeNonQueryConn&amp;gt;d__8.MoveNext()
--- Fine traccia dello stack da posizione precedente dove è stata generata l&amp;apos;eccezione ---
   in System.Runtime.ExceptionServices.ExceptionDispatchInfo.Throw()
   in System.Runtime.CompilerServices.TaskAwaiter.HandleNonSuccessAndDebuggerNotification(Task task)
   in System.Runtime.CompilerServices.TaskAwaiter`1.GetResult()
   in EdgeCompiler.&amp;lt;&amp;gt;c__DisplayClass5_1.&amp;lt;&amp;lt;CompileFunc&amp;gt;b__3&amp;gt;d.MoveNext()&amp;apos;, HelpLink : null, HResult : -2146232060, message : &amp;apos;The conversion of a varchar data type to a datetime data type resulted in an out-of-range value.
The conversion of a varchar data type to a datetime data type resulted in an out-of-range value.
The conversion of a varchar data type to a datetime data type resulted in an out-of-range value.
The conversion of a varchar data type to a datetime data type resulted in an out-of-range value.
The conversion of a varchar data type to a datetime data type resulted in an out-of-range value.
The conversion of a varchar data type to a datetime data type resulted in an out-of-range value.
The conversion of a varchar data type to a datetime data type resulted in an out-of-range value.
The conversion of a varchar data type to a datetime data type resulted in an out-of-range value.
The conversion of a varchar data type to a datetime data type resulted in an out-of-range value.
The conversion of a varchar data type to a datetime data type resulted in an out-of-range value.
The conversion of a varchar data type to a datetime data type resulted in an out-of-range value.
The conversion of a varchar data type to a datetime data type resulted in an out-of-range value.
The conversion of a varchar data type to a datetime data type resulted in an out-of-range value.
The conversion of a varchar data type to a datetime data type resulted in an out-of-range value.
The conversion of a varchar data type to a datetime data type resulted in an out-of-range value.
The conversion of a varchar data type to a datetime data type resulted in an out-of-range value.
The conversion of a varchar data type to a datetime data type resulted in an out-of-range value.
The conversion of a varchar data type to a datetime data type resulted in an out-of-range value.
The conversion of a varchar data type to a datetime data type resulted in an out-of-range value.
The conversion of a varchar data type to a datetime data type resulted in an out-of-range value.
The conversion of a varchar data type to a datetime data type resulted in an out-of-range value.
The conversion of a varchar data type to a datetime data type resulted in an out-of-range value.
The conversion of a varchar data type to a datetime data type resulted in an out-of-range value.
The conversion of a varchar data type to a datetime data type resulted in an out-of-range value.
The conversion of a varchar data type to a datetime data type resulted in an out-of-range value.
The conversion of a varchar data type to a datetime data type resulted in an out-of-range value.
The conversion of a varchar data type to a datetime data type resulted in an out-of-range value.
The conversion of a varchar data type to a datetime data type resulted in an out-of-range value.
The conversion of a varchar data type to a datetime data type resulted in an out-of-range value.
The conversion of a varchar data type to a datetime data type resulted in an out-of-range value.
The conversion of a varchar data type to a datetime data type resulted in an out-of-range value.
The conversion of a varchar data type to a datetime data type resulted in an out-of-range value.
The conversion of a varchar data type to a datetime data type resulted in an out-of-range value.
The conversion of a varchar data type to a datetime data type resulted in an out-of-range value.
The conversion of a varchar data type to a datetime data type resulted in an out-of-range value.
The conversion of a varchar data type to a datetime data type resulted in an out-of-range value.
The conversion of a varchar data type to a datetime data type resulted in an out-of-range value.
The conversion of a varchar data type to a datetime data type resulted in an out-of-range value.
The conversion of a varchar data type to a datetime data type resulted in an out-of-range value.
The conversion of a varchar data type to a datetime data type resulted in an out-of-range value.
The conversion of a varchar data type to a datetime data type resulted in an out-of-range value.
The conversion of a varchar data type to a datetime data type resulted in an out-of-range value.
The conversion of a varchar data type to a datetime data type resulted in an out-of-range value.
The conversion of a varchar data type to a datetime data type resulted in an out-of-range value.
The conversion of a varchar data type to a datetime data type resulted in an out-of-range value.
The conversion of a varchar data type to a datetime data type resulted in an out-of-range value.
The conversion of a varchar data type to a datetime data type resulted in an out-of-range value.
The conversion of a varchar data type to a datetime data type resulted in an out-of-range value.
The conversion of a varchar data type to a datetime data type resulted in an out-of-range value.
The conversion of a varchar data type to a datetime data type resulted in an out-of-range value.
The conversion of a varchar data type to a datetime data type resulted in an out-of-range value.
The conversion of a varchar data type to a datetime data type resulted in an out-of-range value.
The conversion of a varchar data type to a datetime data type resulted in an out-of-range value.
The conversion of a varchar data type to a datetime data type resulted in an out-of-range value.
The conversion of a varchar data type to a datetime data type resulted in an out-of-range value.
The conversion of a varchar data type to a datetime data type resulted in an out-of-range value.
The conversion of a varchar data type to a datetime data type resulted in an out-of-range value.
The conversion of a varchar data type to a datetime data type resulted in an out-of-range value.
The conversion of a varchar data type to a datetime data type resulted in an out-of-range value.
The conversion of a varchar data type to a datetime data type resulted in an out-of-range value.
The conversion of a varchar data type to a datetime data type resulted in an out-of-range value.
The conversion of a varchar data type to a datetime data type resulted in an out-of-range value.
The conversion of a varchar data type to a datetime data type resulted in an out-of-range value.
The conversion of a varchar data type to a datetime data type resulted in an out-of-range value.
The conversion of a varchar data type to a datetime data type resulted in an out-of-range value.
The conversion of a varchar data type to a datetime data type resulted in an out-of-range value.
The conversion of a varchar data type to a datetime data type resulted in an out-of-range value.
The conversion of a varchar data type to a datetime data type resulted in an out-of-range value.
The conversion of a varchar data type to a datetime data type resulted in an out-of-range value.
The conversion of a varchar data type to a datetime data type resulted in an out-of-range value.
The conversion of a varchar data type to a datetime data type resulted in an out-of-range value.
The conversion of a varchar data type to a datetime data type resulted in an out-of-range value.
The conversion of a varchar data type to a datetime data type resulted in an out-of-range value.
The conversion of a varchar data type to a datetime data type resulted in an out-of-range value.
The conversion of a varchar data type to a datetime data type resulted in an out-of-range value.
The conversion of a varchar data type to a datetime data type resulted in an out-of-range value.
The conversion of a varchar data type to a datetime data type resulted in an out-of-range value.
The conversion of a varchar data type to a datetime data type resulted in an out-of-range value.
The conversion of a varchar data type to a datetime data type resulted in an out-of-range value.
The conversion of a varchar data type to a datetime data type resulted in an out-of-range value.
The conversion of a varchar data type to a datetime data type resulted in an out-of-range value.
The conversion of a varchar data type to a datetime data type resulted in an out-of-range value.
The conversion of a varchar data type to a datetime data type resulted in an out-of-range value.
The conversion of a varchar data type to a datetime data type resulted in an out-of-range value.
The conversion of a varchar data type to a datetime data type resulted in an out-of-range value.
The conversion of a varchar data type to a datetime data type resulted in an out-of-range value.
The conversion of a varchar data type to a datetime data type resulted in an out-of-range value.
The conversion of a varchar data type to a datetime data type resulted in an out-of-range value.
The conversion of a varchar data type to a datetime data type resulted in an out-of-range value.
The conversion of a varchar data type to a datetime data type resulted in an out-of-range value.
The conversion of a varchar data type to a datetime data type resulted in an out-of-range value.
The conversion of a varchar data type to a datetime data type resulted in an out-of-range value.
The conversion of a varchar data type to a datetime data type resulted in an out-of-range value.
The conversion of a varchar data type to a datetime data type resulted in an out-of-range value.
The conversion of a varchar data type to a datetime data type resulted in an out-of-range value.
The conversion of a varchar data type to a datetime data type resulted in an out-of-range value.
The conversion of a varchar data type to a datetime data type resulted in an out-of-range value.
The conversion of a varchar data type to a datetime data type resulted in an out-of-range value.
The conversion of a varchar data type to a datetime data type resulted in an out-of-range value.
The conversion of a varchar data type to a datetime data type resulted in an out-of-range value.
The conversion of a varchar data type to a datetime data type resulted in an out-of-range value.
The conversion of a varchar data type to a datetime data type resulted in an out-of-range value.
The conversion of a varchar data type to a datetime data type resulted in an out-of-range value.
The conversion of a varchar data type to a datetime data type resulted in an out-of-range value.
The conversion of a varchar data type to a datetime data type resulted in an out-of-range value.
The conversion of a varchar data type to a datetime data type resulted in an out-of-range value.
The conversion of a varchar data type to a datetime data type resulted in an out-of-range value.
The conversion of a varchar data type to a datetime data type resulted in an out-of-range value.
The conversion of a varchar data type to a datetime data type resulted in an out-of-range value.
The conversion of a varchar data type to a datetime data type resulted in an out-of-range value.
The conversion of a varchar data type to a datetime data type resulted in an out-of-range value.
The conversion of a varchar data type to a datetime data type resulted in an out-of-range value.
The conversion of a varchar data type to a datetime data type resulted in an out-of-range value.
The conversion of a varchar data type to a datetime data type resulted in an out-of-range value.
The conversion of a varchar data type to a datetime data type resulted in an out-of-range value.
The conversion of a varchar data type to a datetime data type resulted in an out-of-range value.
The conversion of a varchar data type to a datetime data type resulted in an out-of-range value.
The conversion of a varchar data type to a datetime data type resulted in an out-of-range value.
The conversion of a varchar data type to a datetime data type resulted in an out-of-range value.
The conversion of a varchar data type to a datetime data type resulted in an out-of-range value.
The conversion of a varchar data type to a datetime data type resulted in an out-of-range value.
The conversion of a varchar data type to a datetime data type resulted in an out-of-range value.
The conversion of a varchar data type to a datetime data type resulted in an out-of-range value.
The conversion of a varchar data type to a datetime data type resulted in an out-of-range value.
The conversion of a varchar data type to a datetime data type resulted in an out-of-range value.
The conversion of a varchar data type to a datetime data type resulted in an out-of-range value.
The conversion of a varchar data type to a datetime data type resulted in an out-of-range value.
The conversion of a varchar data type to a datetime data type resulted in an out-of-range value.
The conversion of a varchar data type to a datetime data type resulted in an out-of-range value.
The conversion of a varchar data type to a datetime data type resulted in an out-of-range value.
The conversion of a varchar data type to a datetime data type resulted in an out-of-range value.
The conversion of a varchar data type to a datetime data type resulted in an out-of-range value.
The conversion of a varchar data type to a datetime data type resulted in an out-of-range value.
The conversion of a varchar data type to a datetime data type resulted in an out-of-range value.
The conversion of a varchar data type to a datetime data type resulted in an out-of-range value.
The conversion of a varchar data type to a datetime data type resulted in an out-of-range value.
The conversion of a varchar data type to a datetime data type resulted in an out-of-range value.
The conversion of a varchar data type to a datetime data type resulted in an out-of-range value.
The conversion of a varchar data type to a datetime data type resulted in an out-of-range value.
The conversion of a varchar data type to a datetime data type resulted in an out-of-range value.
The conversion of a varchar data type to a datetime data type resulted in an out-of-range value.
The conversion of a varchar data type to a datetime data type resulted in an out-of-range value.
The conversion of a varchar data type to a datetime data type resulted in an out-of-range value.
The conversion of a varchar data type to a datetime data type resulted in an out-of-range value.
The conversion of a varchar data type to a datetime data type resulted in an out-of-range value.
The conversion of a varchar data type to a datetime data type resulted in an out-of-range value.
The conversion of a varchar data type to a datetime data type resulted in an out-of-range value.
The conversion of a varchar data type to a datetime data type resulted in an out-of-range value.
The conversion of a varchar data type to a datetime data type resulted in an out-of-range value.
The conversion of a varchar data type to a datetime data type resulted in an out-of-range value.
The conversion of a varchar data type to a datetime data type resulted in an out-of-range value.
The conversion of a varchar data type to a datetime data type resulted in an out-of-range value.
The conversion of a varchar data type to a datetime data type resulted in an out-of-range value.
The conversion of a varchar data type to a datetime data type resulted in an out-of-range value.
The conversion of a varchar data type to a datetime data type resulted in an out-of-range value.
The conversion of a varchar data type to a datetime data type resulted in an out-of-range value.
The conversion of a varchar data type to a datetime data type resulted in an out-of-range value.
The conversion of a varchar data type to a datetime data type resulted in an out-of-range value.
The conversion of a varchar data type to a datetime data type resulted in an out-of-range value.
The conversion of a varchar data type to a datetime data type resulted in an out-of-range value.
The conversion of a varchar data type to a datetime data type resulted in an out-of-range value.
The conversion of a varchar data type to a datetime data type resulted in an out-of-range value.
The conversion of a varchar data type to a datetime data type resulted in an out-of-range value.
The conversion of a varchar data type to a datetime data type resulted in an out-of-range value.
The conversion of a varchar data type to a datetime data type resulted in an out-of-range value.
The conversion of a varchar data type to a datetime data type resulted in an out-of-range value.
The conversion of a varchar data type to a datetime data type resulted in an out-of-range value.
The conversion of a varchar data type to a datetime data type resulted in an out-of-range value.
The conversion of a varchar data type to a datetime data type resulted in an out-of-range value.
The conversion of a varchar data type to a datetime data type resulted in an out-of-range value.
The conversion of a varchar data type to a datetime data type resulted in an out-of-range value.
The conversion of a varchar data type to a datetime data type resulted in an out-of-range value.
The conversion of a varchar data type to a datetime data type resulted in an out-of-range value.
The conversion of a varchar data type to a datetime data type resulted in an out-of-range value.
The conversion of a varchar data type to a datetime data type resulted in an out-of-range value.
The conversion of a varchar data type to a datetime data type resulted in an out-of-range value.
The conversion of a varchar data type to a datetime data type resulted in an out-of-range value.
The conversion of a varchar data type to a datetime data type resulted in an out-of-range value.
The conversion of a varchar data type to a datetime data type resulted in an out-of-range value.
The conversion of a varchar data type to a datetime data type resulted in an out-of-range value.
The conversion of a varchar data type to a datetime data type resulted in an out-of-range value.
The conversion of a varchar data type to a datetime data type resulted in an out-of-range value.
The conversion of a varchar data type to a datetime data type resulted in an out-of-range value.
The conversion of a varchar data type to a datetime data type resulted in an out-of-range value.
The conversion of a varchar data type to a datetime data type resulted in an out-of-range value.
The conversion of a varchar data type to a datetime data type resulted in an out-of-range value.
The conversion of a varchar data type to a datetime data type resulted in an out-of-range value.
The conversion of a varchar data type to a datetime data type resulted in an out-of-range value.
The conversion of a varchar data type to a datetime data type resulted in an out-of-range value.
The conversion of a varchar data type to a datetime data type resulted in an out-of-range value.
The conversion of a varchar data type to a datetime data type resulted in an out-of-range value.
The conversion of a varchar data type to a datetime data type resulted in an out-of-range value.
The conversion of a varchar data type to a datetime data type resulted in an out-of-range value.
The conversion of a varchar data type to a datetime data type resulted in an out-of-range value.
The conversion of a varchar data type to a datetime data type resulted in an out-of-range value.
The conversion of a varchar data type to a datetime data type resulted in an out-of-range value.
The conversion of a varchar data type to a datetime data type resulted in an out-of-range value.
The conversion of a varchar data type to a datetime data type resulted in an out-of-range value.
The conversion of a varchar data type to a datetime data type resulted in an out-of-range value.
The conversion of a varchar data type to a datetime data type resulted in an out-of-range value.
The conversion of a varchar data type to a datetime data type resulted in an out-of-range value.
The conversion of a varchar data type to a datetime data type resulted in an out-of-range value.
The conversion of a varchar data type to a datetime data type resulted in an out-of-range value.
The conversion of a varchar data type to a datetime data type resulted in an out-of-range value.
The conversion of a varchar data type to a datetime data type resulted in an out-of-range value.
The conversion of a varchar data type to a datetime data type resulted in an out-of-range value.
The conversion of a varchar data type to a datetime data type resulted in an out-of-range value.
The conversion of a varchar data type to a datetime data type resulted in an out-of-range value.
The conversion of a varchar data type to a datetime data type resulted in an out-of-range value.
The conversion of a varchar data type to a datetime data type resulted in an out-of-range value.
The conversion of a varchar data type to a datetime data type resulted in an out-of-range value.
The conversion of a varchar data type to a datetime data type resulted in an out-of-range value.
The conversion of a varchar data type to a datetime data type resulted in an out-of-range value.
The conversion of a varchar data type to a datetime data type resulted in an out-of-range value.
The conversion of a varchar data type to a datetime data type resulted in an out-of-range value.
The conversion of a varchar data type to a datetime data type resulted in an out-of-range value.
The conversion of a varchar data type to a datetime data type resulted in an out-of-range value.
The conversion of a varchar data type to a datetime data type resulted in an out-of-range value.
The conversion of a varchar data type to a datetime data type resulted in an out-of-range value.
The conversion of a varchar data type to a datetime data type resulted in an out-of-range value.
The conversion of a varchar data type to a datetime data type resulted in an out-of-range value.
The conversion of a varchar data type to a datetime data type resulted in an out-of-range value.
The conversion of a varchar data type to a datetime data type resulted in an out-of-range value.
The conversion of a varchar data type to a datetime data type resulted in an out-of-range value.
The conversion of a varchar data type to a datetime data type resulted in an out-of-range value.
The conversion of a varchar data type to a datetime data type resulted in an out-of-range value.
The conversion of a varchar data type to a datetime data type resulted in an out-of-range value.
The conversion of a varchar data type to a datetime data type resulted in an out-of-range value.
The conversion of a varchar data type to a datetime data type resulted in an out-of-range value.
The conversion of a varchar data type to a datetime data type resulted in an out-of-range value.
The conversion of a varchar data type to a datetime data type resulted in an out-of-range value.
The conversion of a varchar data type to a datetime data type resulted in an out-of-range value.
The conversion of a varchar data type to a datetime data type resulted in an out-of-range value.
The conversion of a varchar data type to a datetime data type resulted in an out-of-range value.
The conversion of a varchar data type to a datetime data type resulted in an out-of-range value.
The conversion of a varchar data type to a datetime data type resulted in an out-of-range value.
The conversion of a varchar data type to a datetime data type resulted in an out-of-range value.
The conversion of a varchar data type to a datetime data type resulted in an out-of-range value.
The conversion of a varchar data type to a datetime data type resulted in an out-of-range value.
The conversion of a varchar data type to a datetime data type resulted in an out-of-range value.
The conversion of a varchar data type to a datetime data type resulted in an out-of-range value.
The conversion of a varchar data type to a datetime data type resulted in an out-of-range value.
The conversion of a varchar data type to a datetime data type resulted in an out-of-range value.
The conversion of a varchar data type to a datetime data type resulted in an out-of-range value.
The conversion of a varchar data type to a datetime data type resulted in an out-of-range value.
The conversion of a varchar data type to a datetime data type resulted in an out-of-range value.
The conversion of a varchar data type to a datetime data type resulted in an out-of-range value.
The conversion of a varchar data type to a datetime data type resulted in an out-of-range value.
The conversion of a varchar data type to a datetime data type resulted in an out-of-range value.
The conversion of a varchar data type to a datetime data type resulted in an out-of-range value.
The conversion of a varchar data type to a datetime data type resulted in an out-of-range value.
The conversion of a varchar data type to a datetime data type resulted in an out-of-range value.
The conversion of a varchar data type to a datetime data type resulted in an out-of-range value.
The conversion of a varchar data type to a datetime data type resulted in an out-of-range value.
The conversion of a varchar data type to a datetime data type resulted in an out-of-range value.
The conversion of a varchar data type to a datetime data type resulted in an out-of-range value.
The conversion of a varchar data type to a datetime data type resulted in an out-of-range value.
The conversion of a varchar data type to a datetime data type resulted in an out-of-range value.
The conversion of a varchar data type to a datetime data type resulted in an out-of-range value.
The conversion of a varchar data type to a datetime data type resulted in an out-of-range value.
The conversion of a varchar data type to a datetime data type resulted in an out-of-range value.
The conversion of a varchar data type to a datetime data type resulted in an out-of-range value.
The conversion of a varchar data type to a datetime data type resulted in an out-of-range value.
The conversion of a varchar data type to a datetime data type resulted in an out-of-range value.
The conversion of a varchar data type to a datetime data type resulted in an out-of-range value.
The conversion of a varchar data type to a datetime data type resulted in an out-of-range value.
The conversion of a varchar data type to a datetime data type resulted in an out-of-range value.
The conversion of a varchar data type to a datetime data type resulted in an out-of-range value.
The conversion of a varchar data type to a datetime data type resulted in an out-of-range value.
The conversion of a varchar data type to a datetime data type resulted in an out-of-range value.
The conversion of a varchar data type to a datetime data type resulted in an out-of-range value.
The conversion of a varchar data type to a datetime data type resulted in an out-of-range value.
The conversion of a varchar data type to a datetime data type resulted in an out-of-range value.
The conversion of a varchar data type to a datetime data type resulted in an out-of-range value.
The conversion of a varchar data type to a datetime data type resulted in an out-of-range value.
The conversion of a varchar data type to a datetime data type resulted in an out-of-range value.
The conversion of a varchar data type to a datetime data type resulted in an out-of-range value.
The conversion of a varchar data type to a datetime data type resulted in an out-of-range value.
The conversion of a varchar data type to a datetime data type resulted in an out-of-range value.
The conversion of a varchar data type to a datetime data type resulted in an out-of-range value.
The conversion of a varchar data type to a datetime data type resulted in an out-of-range value.
The conversion of a varchar data type to a datetime data type resulted in an out-of-range value.
The conversion of a varchar data type to a datetime data type resulted in an out-of-range value.
The conversion of a varchar data type to a datetime data type resulted in an out-of-range value.
The conversion of a varchar data type to a datetime data type resulted in an out-of-range value.
The conversion of a varchar data type to a datetime data type resulted in an out-of-range value.
The conversion of a varchar data type to a datetime data type resulted in an out-of-range value.
The conversion of a varchar data type to a datetime data type resulted in an out-of-range value.
The conversion of a varchar data type to a datetime data type resulted in an out-of-range value.
The conversion of a varchar data type to a datetime data type resulted in an out-of-range value.
The conversion of a varchar data type to a datetime data type resulted in an out-of-range value.
The conversion of a varchar data type to a datetime data type resulted in an out-of-range value.
The conversion of a varchar data type to a datetime data type resulted in an out-of-range value.
The conversion of a varchar data type to a datetime data type resulted in an out-of-range value.
The conversion of a varchar data type to a datetime data type resulted in an out-of-range value.
The conversion of a varchar data type to a datetime data type resulted in an out-of-range value.
The conversion of a varchar data type to a datetime data type resulted in an out-of-range value.
The conversion of a varchar data type to a datetime data type resulted in an out-of-range value.
The conversion of a varchar data type to a datetime data type resulted in an out-of-range value.
The conversion of a varchar data type to a datetime data type resulted in an out-of-range value.
The conversion of a varchar data type to a datetime data type resulted in an out-of-range value.
The conversion of a varchar data type to a datetime data type resulted in an out-of-range value.
The conversion of a varchar data type to a datetime data type resulted in an out-of-range value.
The conversion of a varchar data type to a datetime data type resulted in an out-of-range value.
The conversion of a varchar data type to a datetime data type resulted in an out-of-range value.
The conversion of a varchar data type to a datetime data type resulted in an out-of-range value.
The conversion of a varchar data type to a datetime data type resulted in an out-of-range value.
The conversion of a varchar data type to a datetime data type resulted in an out-of-range value.
The conversion of a varchar data type to a datetime data type resulted in an out-of-range value.
The conversion of a varchar data type to a datetime data type resulted in an out-of-range value.
The conversion of a varchar data type to a datetime data type resulted in an out-of-range value.
The conversion of a varchar data type to a datetime data type resulted in an out-of-range value.
The conversion of a varchar data type to a datetime data type resulted in an out-of-range value.
The conversion of a varchar data type to a datetime data type resulted in an out-of-range value.
The conversion of a varchar data type to a datetime data type resulted in an out-of-range value.
The conversion of a varchar data type to a datetime data type resulted in an out-of-range value.
The conversion of a varchar data type to a datetime data type resulted in an out-of-range value.
The conversion of a varchar data type to a datetime data type resulted in an out-of-range value.
The conversion of a varchar data type to a datetime data type resulted in an out-of-range value.
The conversion of a varchar data type to a datetime data type resulted in an out-of-range value.
The conversion of a varchar data type to a datetime data type resulted in an out-of-range value.
The conversion of a varchar data type to a datetime data type resulted in an out-of-range value.
The conversion of a varchar data type to a datetime data type resulted in an out-of-range value.
The conversion of a varchar data type to a datetime data type resulted in an out-of-range value.
The conversion of a varchar data type to a datetime data type resulted in an out-of-range value.
The conversion of a varchar data type to a datetime data type resulted in an out-of-range value.
The conversion of a varchar data type to a datetime data type resulted in an out-of-range value.
The conversion of a varchar data type to a datetime data type resulted in an out-of-range value.
The conversion of a varchar data type to a datetime data type resulted in an out-of-range value.
The conversion of a varchar data type to a datetime data type resulted in an out-of-range value.
The conversion of a varchar data type to a datetime data type resulted in an out-of-range value.
The conversion of a varchar data type to a datetime data type resulted in an out-of-range value.
The conversion of a varchar data type to a datetime data type resulted in an out-of-range value.
The conversion of a varchar data type to a datetime data type resulted in an out-of-range value.
The conversion of a varchar data type to a datetime data type resulted in an out-of-range value.
The conversion of a varchar data type to a datetime data type resulted in an out-of-range value.
The conversion of a varchar data type to a datetime data type resulted in an out-of-range value.
The conversion of a varchar data type to a datetime data type resulted in an out-of-range value.
The conversion of a varchar data type to a datetime data type resulted in an out-of-range value.
The conversion of a varchar data type to a datetime data type resulted in an out-of-range value.
The conversion of a varchar data type to a datetime data type resulted in an out-of-range value.
The conversion of a varchar data type to a datetime data type resulted in an out-of-range value.
The conversion of a varchar data type to a datetime data type resulted in an out-of-range value.
The conversion of a varchar data type to a datetime data type resulted in an out-of-range value.
The conversion of a varchar data type to a datetime data type resulted in an out-of-range value.
The conversion of a varchar data type to a datetime data type resulted in an out-of-range value.
The conversion of a varchar data type to a datetime data type resulted in an out-of-range value.
The conversion of a varchar data type to a datetime data type resulted in an out-of-range value.
The conversion of a varchar data type to a datetime data type resulted in an out-of-range value.
The conversion of a varchar data type to a datetime data type resulted in an out-of-range value.
The conversion of a varchar data type to a datetime data type resulted in an out-of-range value.
The conversion of a varchar data type to a datetime data type resulted in an out-of-range value.
The conversion of a varchar data type to a datetime data type resulted in an out-of-range value.
The conversion of a varchar data type to a datetime data type resulted in an out-of-range value.
The conversion of a varchar data type to a datetime data type resulted in an out-of-range value.
The conversion of a varchar data type to a datetime data type resulted in an out-of-range value.
The conversion of a varchar data type to a datetime data type resulted in an out-of-range value.
The conversion of a varchar data type to a datetime data type resulted in an out-of-range value.
The conversion of a varchar data type to a datetime data type resulted in an out-of-range value.
The conversion of a varchar data type to a datetime data type resulted in an out-of-range value.
The conversion of a varchar data type to a datetime data type resulted in an out-of-range value.
The conversion of a varchar data type to a datetime data type resulted in an out-of-range value.
The conversion of a varchar data type to a datetime data type resulted in an out-of-range value.
The conversion of a varchar data type to a datetime data type resulted in an out-of-range value.
The conversion of a varchar data type to a datetime data type resulted in an out-of-range value.
The conversion of a varchar data type to a datetime data type resulted in an out-of-range value.
The conversion of a varchar data type to a datetime data type resulted in an out-of-range value.
The conversion of a varchar data type to a datetime data type resulted in an out-of-range value.
The conversion of a varchar data type to a datetime data type resulted in an out-of-range value.
The conversion of a varchar data type to a datetime data type resulted in an out-of-range value.
The conversion of a varchar data type to a datetime data type resulted in an out-of-range value.
The conversion of a varchar data type to a datetime data type resulted in an out-of-range value.
The conversion of a varchar data type to a datetime data type resulted in an out-of-range value.
The conversion of a varchar data type to a datetime data type resulted in an out-of-range value.
The conversion of a varchar data type to a datetime data type resulted in an out-of-range value.
The conversion of a varchar data type to a datetime data type resulted in an out-of-range value.
The conversion of a varchar data type to a datetime data type resulted in an out-of-range value.
The conversion of a varchar data type to a datetime data type resulted in an out-of-range value.
The conversion of a varchar data type to a datetime data type resulted in an out-of-range value.
The conversion of a varchar data type to a datetime data type resulted in an out-of-range value.
The conversion of a varchar data type to a datetime data type resulted in an out-of-range value.
The conversion of a varchar data type to a datetime data type resulted in an out-of-range value.
The conversion of a varchar data type to a datetime data type resulted in an out-of-range value.
The conversion of a varchar data type to a datetime data type resulted in an out-of-range value.
The conversion of a varchar data type to a datetime data type resulted in an out-of-range value.
The conversion of a varchar data type to a datetime data type resulted in an out-of-range value.
The conversion of a varchar data type to a datetime data type resulted in an out-of-range value.
The conversion of a varchar data type to a datetime data type resulted in an out-of-range value.
The conversion of a varchar data type to a datetime data type resulted in an out-of-range value.
The conversion of a varchar data type to a datetime data type resulted in an out-of-range value.
The conversion of a varchar data type to a datetime data type resulted in an out-of-range value.
The conversion of a varchar data type to a datetime data type resulted in an out-of-range value.
The conversion of a varchar data type to a datetime data type resulted in an out-of-range value.
The conversion of a varchar data type to a datetime data type resulted in an out-of-range value.
The conversion of a varchar data type to a datetime data type resulted in an out-of-range value.
The conversion of a varchar data type to a datetime data type resulted in an out-of-range value.
The conversion of a varchar data type to a datetime data type resulted in an out-of-range value.
The conversion of a varchar data type to a datetime data type resulted in an out-of-range value.
The conversion of a varchar data type to a datetime data type resulted in an out-of-range value.
The conversion of a varchar data type to a datetime data type resulted in an out-of-range value.
The conversion of a varchar data type to a datetime data type resulted in an out-of-range value.
The conversion of a varchar data type to a datetime data type resulted in an out-of-range value.
The conversion of a varchar data type to a datetime data type resulted in an out-of-range value.
The conversion of a varchar data type to a datetime data type resulted in an out-of-range value.
The conversion of a varchar data type to a datetime data type resulted in an out-of-range value.
The conversion of a varchar data type to a datetime data type resulted in an out-of-range value.
The conversion of a varchar data type to a datetime data type resulted in an out-of-range value.
The conversion of a varchar data type to a datetime data type resulted in an out-of-range value.
The conversion of a varchar data type to a datetime data type resulted in an out-of-range value.
The conversion of a varchar data type to a datetime data type resulted in an out-of-range value.
The conversion of a varchar data type to a datetime data type resulted in an out-of-range value.
The conversion of a varchar data type to a datetime data type resulted in an out-of-range value.
The conversion of a varchar data type to a datetime data type resulted in an out-of-range value.
The conversion of a varchar data type to a datetime data type resulted in an out-of-range value.
The conversion of a varchar data type to a datetime data type resulted in an out-of-range value.
The conversion of a varchar data type to a datetime data type resulted in an out-of-range value.
The conversion of a varchar data type to a datetime data type resulted in an out-of-range value.
The conversion of a varchar data type to a datetime data type resulted in an out-of-range value.
The conversion of a varchar data type to a datetime data type resulted in an out-of-range value.
The conversion of a varchar data type to a datetime data type resulted in an out-of-range value.
The conversion of a varchar data type to a datetime data type resulted in an out-of-range value.
The conversion of a varchar data type to a datetime data type resulted in an out-of-range value.
The conversion of a varchar data type to a datetime data type resulted in an out-of-range value.
The conversion of a varchar data type to a datetime data type resulted in an out-of-range value.
The conversion of a varchar data type to a datetime data type resulted in an out-of-range value.
The conversion of a varchar data type to a datetime data type resulted in an out-of-range value.
The conversion of a varchar data type to a datetime data type resulted in an out-of-range value.
The conversion of a varchar data type to a datetime data type resulted in an out-of-range value.
The conversion of a varchar data type to a datetime data type resulted in an out-of-range value.
The conversion of a varchar data type to a datetime data type resulted in an out-of-range value.
The conversion of a varchar data type to a datetime data type resulted in an out-of-range value.
The conversion of a varchar data type to a datetime data type resulted in an out-of-range value.
The conversion of a varchar data type to a datetime data type resulted in an out-of-range value.
The conversion of a varchar data type to a datetime data type resulted in an out-of-range value.
The conversion of a varchar data type to a datetime data type resulted in an out-of-range value.
The conversion of a varchar data type to a datetime data type resulted in an out-of-range value.
The conversion of a varchar data type to a datetime data type resulted in an out-of-range value.
The conversion of a varchar data type to a datetime data type resulted in an out-of-range value.
The conversion of a varchar data type to a datetime data type resulted in an out-of-range value.
The conversion of a varchar data type to a datetime data type resulted in an out-of-range value.
The conversion of a varchar data type to a datetime data type resulted in an out-of-range value.
The conversion of a varchar data type to a datetime data type resulted in an out-of-range value.
The conversion of a varchar data type to a datetime data type resulted in an out-of-range value.
The conversion of a varchar data type to a datetime data type resulted in an out-of-range value.
The conversion of a varchar data type to a datetime data type resulted in an out-of-range value.
The conversion of a varchar data type to a datetime data type resulted in an out-of-range value.
The conversion of a varchar data type to a datetime data type resulted in an out-of-range value.
The conversion of a varchar data type to a datetime data type resulted in an out-of-range value.
The conversion of a varchar data type to a datetime data type resulted in an out-of-range value.
The conversion of a varchar data type to a datetime data type resulted in an out-of-range value.
The conversion of a varchar data type to a datetime data type resulted in an out-of-range value.
The conversion of a varchar data type to a datetime data type resulted in an out-of-range value.
The conversion of a varchar data type to a datetime data type resulted in an out-of-range value.
The conversion of a varchar data type to a datetime data type resulted in an out-of-range value.
The conversion of a varchar data type to a datetime data type resulted in an out-of-range value.
The conversion of a varchar data type to a datetime data type resulted in an out-of-range value.
The conversion of a varchar data type to a datetime data type resulted in an out-of-range value.
The conversion of a varchar data type to a datetime data type resulted in an out-of-range value.
The conversion of a varchar data type to a datetime data type resulted in an out-of-range value.
The conversion of a varchar data type to a datetime data type resulted in an out-of-range value.
The conversion of a varchar data type to a datetime data type resulted in an out-of-range value.
The conversion of a varchar data type to a datetime data type resulted in an out-of-range value.
The conversion of a varchar data type to a datetime data type resulted in an out-of-range value.
The conversion of a varchar data type to a datetime data type resulted in an out-of-range value.
The conversion of a varchar data type to a datetime data type resulted in an out-of-range value.
The conversion of a varchar data type to a datetime data type resulted in an out-of-range value.
The conversion of a varchar data type to a datetime data type resulted in an out-of-range value.
The conversion of a varchar data type to a datetime data type resulted in an out-of-range value.
The conversion of a varchar data type to a datetime data type resulted in an out-of-range value.
The conversion of a varchar data type to a datetime data type resulted in an out-of-range value.
The conversion of a varchar data type to a datetime data type resulted in an out-of-range value.
The conversion of a varchar data type to a datetime data type resulted in an out-of-range value.
The conversion of a varchar data type to a datetime data type resulted in an out-of-range value.
The conversion of a varchar data type to a datetime data type resulted in an out-of-range value.
The conversion of a varchar data type to a datetime data type resulted in an out-of-range value.
The conversion of a varchar data type to a datetime data type resulted in an out-of-range value.
The conversion of a varchar data type to a datetime data type resulted in an out-of-range value.
The conversion of a varchar data type to a datetime data type resulted in an out-of-range value.
The conversion of a varchar data type to a datetime data type resulted in an out-of-range value.
The conversion of a varchar data type to a datetime data type resulted in an out-of-range value.
The conversion of a varchar data type to a datetime data type resulted in an out-of-range value.
The conversion of a varchar data type to a datetime data type resulted in an out-of-range value.
The conversion of a varchar data type to a datetime data type resulted in an out-of-range value.
The conversion of a varchar data type to a datetime data type resulted in an out-of-range value.
The conversion of a varchar data type to a datetime data type resulted in an out-of-range value.
The conversion of a varchar data type to a datetime data type resulted in an out-of-range value.
The conversion of a varchar data type to a datetime data type resulted in an out-of-range value.
The conversion of a varchar data type to a datetime data type resulted in an out-of-range value.
The conversion of a varchar data type to a datetime data type resulted in an out-of-range value.
The conversion of a varchar data type to a datetime data type resulted in an out-of-range value.
The conversion of a varchar data type to a datetime data type resulted in an out-of-range value.
The conversion of a varchar data type to a datetime data type resulted in an out-of-range value.
The conversion of a varchar data type to a datetime data type resulted in an out-of-range value.
The conversion of a varchar data type to a datetime data type resulted in an out-of-range value.
The conversion of a varchar data type to a datetime data type resulted in an out-of-range value.
The conversion of a varchar data type to a datetime data type resulted in an out-of-range value.
The conversion of a varchar data type to a datetime data type resulted in an out-of-range value.
The conversion of a varchar data type to a datetime data type resulted in an out-of-range value.
The conversion of a varchar data type to a datetime data type resulted in an out-of-range value.
The statement has been terminated.
The statement has been terminated.
The statement has been terminated.
The statement has been terminated.
The statement has been terminated.
The statement has been terminated.
The statement has been terminated.
The statement has been terminated.
The statement has been terminated.
The statement has been terminated.
The statement has been terminated.
The statement has been terminated.
The statement has been terminated.
The statement has been terminated.
The statement has been terminated.
The statement has been terminated.
The statement has been terminated.
The statement has been terminated.
The statement has been terminated.
The statement has been terminated.
The statement has been terminated.
The statement has been terminated.
The statement has been terminated.
The statement has been terminated.
The statement has been terminated.
The statement has been terminated.
The statement has been terminated.
The statement has been terminated.
The statement has been terminated.
The statement has been terminated.
The statement has been terminated.
The statement has been terminated.
The statement has been terminated.
The statement has been terminated.
The statement has been terminated.
The statement has been terminated.
The statement has been terminated.
The statement has been terminated.
The statement has been terminated.
The statement has been terminated.
The statement has been terminated.
The statement has been terminated.
The statement has been terminated.
The statement has been terminated.
The statement has been terminated.
The statement has been terminated.
The statement has been terminated.
The statement has been terminated.
The statement has been terminated.
The statement has been terminated.
The statement has been terminated.
The statement has been terminated.
The statement has been terminated.
The statement has been terminated.
The statement has been terminated.
The statement has been terminated.
The statement has been terminated.
The statement has been terminated.
The statement has been terminated.
The statement has been terminated.
The statement has been terminated.
The statement has been terminated.
The statement has been terminated.
The statement has been terminated.
The statement has been terminated.
The statement has been terminated.
The statement has been terminated.
The statement has been terminated.
The statement has been terminated.
The statement has been terminated.
The statement has been terminated.
The statement has been terminated.
The statement has been terminated.
The statement has been terminated.
The statement has been terminated.
The statement has been terminated.
The statement has been terminated.
The statement has been terminated.
The statement has been terminated.
The statement has been terminated.
The statement has been terminated.
The statement has been terminated.
The statement has been terminated.
The statement has been terminated.
The statement has been terminated.
The statement has been terminated.
The statement has been terminated.
The statement has been terminated.
The statement has been terminated.
The statement has been terminated.
The statement has been terminated.
The statement has been terminated.
The statement has been terminated.
The statement has been terminated.
The statement has been terminated.
The statement has been terminated.
The statement has been terminated.
The statement has been terminated.
The statement has been terminated.
The statement has been terminated.
The statement has been terminated.
The statement has been terminated.
The statement has been terminated.
The statement has been terminated.
The statement has been terminated.
The statement has been terminated.
The statement has been terminated.
The statement has been terminated.
The statement has been terminated.
The statement has been terminated.
The statement has been terminated.
The statement has been terminated.
The statement has been terminated.
The statement has been terminated.
The statement has been terminated.
The statement has been terminated.
The statement has been terminated.
The statement has been terminated.
The statement has been terminated.
The statement has been terminated.
The statement has been terminated.
The statement has been terminated.
The statement has been terminated.
The statement has been terminated.
The statement has been terminated.
The statement has been terminated.
The statement has been terminated.
The statement has been terminated.
The statement has been terminated.
The statement has been terminated.
The statement has been terminated.
The statement has been terminated.
The statement has been terminated.
The statement has been terminated.
The statement has been terminated.
The statement has been terminated.
The statement has been terminated.
The statement has been terminated.
The statement has been terminated.
The statement has been terminated.
The statement has been terminated.
The statement has been terminated.
The statement has been terminated.
The statement has been terminated.
The statement has been terminated.
The statement has been terminated.
The statement has been terminated.
The statement has been terminated.
The statement has been terminated.
The statement has been terminated.
The statement has been terminated.
The statement has been terminated.
The statement has been terminated.
The statement has been terminated.
The statement has been terminated.
The statement has been terminated.
The statement has been terminated.
The statement has been terminated.
The statement has been terminated.
The statement has been terminated.
The statement has been terminated.
The statement has been terminated.
The statement has been terminated.
The statement has been terminated.
The statement has been terminated.
The statement has been terminated.
The statement has been terminated.
The statement has been terminated.
The statement has been terminated.
The statement has been terminated.
The statement has been terminated.
The statement has been terminated.
The statement has been terminated.
The statement has been terminated.
The statement has been terminated.
The statement has been terminated.
The statement has been terminated.
The statement has been terminated.
The statement has been terminated.
The statement has been terminated.
The statement has been terminated.
The statement has been terminated.
The statement has been terminated.
The statement has been terminated.
The statement has been terminated.
The statement has been terminated.
The statement has been terminated.
The statement has been terminated.
The statement has been terminated.
The statement has been terminated.
The statement has been terminated.
The statement has been terminated.
The statement has been terminated.
The statement has been terminated.
The statement has been terminated.
The statement has been terminated.
The statement has been terminated.
The statement has been terminated.
The statement has been terminated.
The statement has been terminated.
The statement has been terminated.
The statement has been terminated.
The statement has been terminated.
The statement has been terminated.
The statement has been terminated.
The statement has been terminated.
The statement has been terminated.
The statement has been terminated.
The statement has been terminated.
The statement has been terminated.
The statement has been terminated.
The statement has been terminated.
The statement has been terminated.
The statement has been terminated.
The statement has been terminated.
The statement has been terminated.
The statement has been terminated.
The statement has been terminated.
The statement has been terminated.
The statement has been terminated.
The statement has been terminated.
The statement has been terminated.
The statement has been terminated.
The statement has been terminated.
The statement has been terminated.
The statement has been terminated.
The statement has been terminated.
The statement has been terminated.
The statement has been terminated.
The statement has been terminated.
The statement has been terminated.
The statement has been terminated.
The statement has been terminated.
The statement has been terminated.
The statement has been terminated.
The statement has been terminated.
The statement has been terminated.
The statement has been terminated.
The statement has been terminated.
The statement has been terminated.
The statement has been terminated.
The statement has been terminated.
The statement has been terminated.
The statement has been terminated.
The statement has been terminated.
The statement has been terminated.
The statement has been terminated.
The statement has been terminated.
The statement has been terminated.
The statement has been terminated.
The statement has been terminated.
The statement has been terminated.
The statement has been terminated.
The statement has been terminated.
The statement has been terminated.
The statement has been terminated.
The statement has been terminated.
The statement has been terminated.
The statement has been terminated.
The statement has been terminated.
The statement has been terminated.
The statement has been terminated.
The statement has been terminated.
The statement has been terminated.
The statement has been terminated.
The statement has been terminated.
The statement has been terminated.
The statement has been terminated.
The statement has been terminated.
The statement has been terminated.
The statement has been terminated.
The statement has been terminated.
The statement has been terminated.
The statement has been terminated.
The statement has been terminated.
The statement has been terminated.
The statement has been terminated.
The statement has been terminated.
The statement has been terminated.
The statement has been terminated.
The statement has been terminated.
The statement has been terminated.
The statement has been terminated.
The statement has been terminated.
The statement has been terminated.
The statement has been terminated.
The statement has been terminated.
The statement has been terminated.
The statement has been terminated.
The statement has been terminated.
The statement has been terminated.
The statement has been terminated.
The statement has been terminated.
The statement has been terminated.
The statement has been terminated.
The statement has been terminated.
The statement has been terminated.
The statement has been terminated.
The statement has been terminated.
The statement has been terminated.
The statement has been terminated.
The statement has been terminated.
The statement has been terminated.
The statement has been terminated.
The statement has been terminated.
The statement has been terminated.
The statement has been terminated.
The statement has been terminated.
The statement has been terminated.
The statement has been terminated.
The statement has been terminated.
The statement has been terminated.
The statement has been terminated.
The statement has been terminated.
The statement has been terminated.
The statement has been terminated.
The statement has been terminated.
The statement has been terminated.
The statement has been terminated.
The statement has been terminated.
The statement has been terminated.
The statement has been terminated.
The statement has been terminated.
The statement has been terminated.
The statement has been terminated.
The statement has been terminated.
The statement has been terminated.
The statement has been terminated.
The statement has been terminated.
The statement has been terminated.
The statement has been terminated.
The statement has been terminated.
The statement has been terminated.
The statement has been terminated.
The statement has been terminated.
The statement has been terminated.
The statement has been terminated.
The statement has been terminated.
The statement has been terminated.
The statement has been terminated.
The statement has been terminated.
The statement has been terminated.
The statement has been terminated.
The statement has been terminated.
The statement has been terminated.
The statement has been terminated.
The statement has been terminated.
The statement has been terminated.
The statement has been terminated.
The statement has been terminated.
The statement has been terminated.
The statement has been terminated.
The statement has been terminated.
The statement has been terminated.
The statement has been terminated.
The statement has been terminated.
The statement has been terminated.
The statement has been terminated.
The statement has been terminated.
The statement has been terminated.
The statement has been terminated.
The statement has been terminated.
The statement has been terminated.
The statement has been terminated.
The statement has been terminated.
The statement has been terminated.
The statement has been terminated.
The statement has been terminated.
The statement has been terminated.
The statement has been terminated.
The statement has been terminated.
The statement has been terminated.
The statement has been terminated.
The statement has been terminated.
The statement has been terminated.
The statement has been terminated.
The statement has been terminated.
The statement has been terminated.
The statement has been terminated.
The statement has been terminated.
The statement has been terminated.
The statement has been terminated.
The statement has been terminated.
The statement has been terminated.
The statement has been terminated.
The statement has been terminated.
The statement has been terminated.
The statement has been terminated.
The statement has been terminated.
The statement has been terminated.
The statement has been terminated.
The statement has been terminated.
The statement has been terminated.
The statement has been terminated.
The statement has been terminated.
The statement has been terminated.
The statement has been terminated.
The statement has been terminated.
The statement has been terminated.
The statement has been terminated.
The statement has been terminated.
The statement has been terminated.
The statement has been terminated.
The statement has been terminated.
The statement has been terminated.
The statement has been terminated.
The statement has been terminated.
The statement has been terminated.
The statement has been terminated.
The statement has been terminated.
The statement has been terminated.
The statement has been terminated.
The statement has been terminated.
The statement has been terminated.
The statement has been terminated.
The statement has been terminated.
The statement has been terminated.
The statement has been terminated.
The statement has been terminated.
The statement has been terminated.
The statement has been terminated.
The statement has been terminated.
The statement has been terminated.
The statement has been terminated.
The statement has been terminated.
The statement has been terminated.
The statement has been terminated.
The statement has been terminated.
The statement has been terminated.
The statement has been terminated.
The statement has been terminated.
The statement has been terminated.
The statement has been terminated.
The statement has been terminated.
The statement has been terminated.
The statement has been terminated.
The statement has been terminated.
The statement has been terminated.
The statement has been terminated.
The statement has been terminated.
The statement has been terminated.
The statement has been terminated.
The statement has been terminated.
The statement has been terminated.
The statement has been terminated.
The statement has been terminated.
The statement has been terminated.
The statement has been terminated.
The statement has been terminated.
The statement has been terminated.
The statement has been terminated.
The statement has been terminated.
The statement has been terminated.
The statement has been terminated.
The statement has been terminated.
The statement has been terminated.
The statement has been terminated.
The statement has been terminated.
The statement has been terminated.
The statement has been terminated.
The statement has been terminated.
The statement has been terminated.
The statement has been terminated.
The statement has been terminated.
The statement has been terminated.
The statement has been terminated.
The statement has been terminated.
The statement has been terminated.
The statement has been terminated.
The statement has been terminated.
The statement has been terminated.
The statement has been terminated.
The statement has been terminated.
The statement has been terminated.
The statement has been terminated.
The statement has been terminated.
The statement has been terminated.
The statement has been terminated.
The statement has been terminated.
The statement has been terminated.
The statement has been terminated.
The statement has been terminated.
The statement has been terminated.
The statement has been terminated.
The statement has been terminated.
The statement has been terminated.
The statement has been terminated.
The statement has been terminated.
The statement has been terminated.
The statement has been terminated.
The statement has been terminated.
The statement has been terminated.
The statement has been terminated.
The statement has been terminated.
The statement has been terminated.
The statement has been terminated.
The statement has been terminated.
The statement has been terminated.
The statement has been terminated.&amp;apos;, name : &amp;apos;System.Data.SqlClient.SqlException&amp;apos; } to be undefined.
    at new jasmine.ExpectationResult (D:\progetti\jsMetaBackend\node_modules\jasmine-node\lib\jasmine-node/jasmine-1.3.1.js:114:32)
    at matchersClass.toBeUndefined (D:\progetti\jsMetaBackend\node_modules\jasmine-node\lib\jasmine-node/jasmine-1.3.1.js:1316:29)
    at Object.&amp;lt;anonymous&amp;gt; (D:\progetti\jsMetaBackend\test\spec\jsSqlServerDriverSpec.js:107:33)
    at fire (D:\progetti\jsMetaBackend\node_modules\JQDeferred\lib\jquery-deferred.js:212:30)
    at Object.fireWith [as rejectWith] (D:\progetti\jsMetaBackend\node_modules\JQDeferred\lib\jquery-deferred.js:324:7)
    at Object.deferred.&amp;lt;computed&amp;gt; [as reject] (D:\progetti\jsMetaBackend\node_modules\JQDeferred\lib\jquery-deferred.js:73:33)
    at Object.&amp;lt;anonymous&amp;gt; (D:\progetti\jsMetaBackend\src\edge-sql.js:433:9)
    at fire (D:\progetti\jsMetaBackend\node_modules\JQDeferred\lib\jquery-deferred.js:212:30)
    at Object.fireWith [as rejectWith] (D:\progetti\jsMetaBackend\node_modules\JQDeferred\lib\jquery-deferred.js:324:7)
    at Object.deferred.&amp;lt;computed&amp;gt; [as reject] (D:\progetti\jsMetaBackend\node_modules\JQDeferred\lib\jquery-deferred.js:73:33)
    at D:\progetti\jsMetaBackend\src\edge-sql.js:244:8
</failure></testcase>
</testsuite>