<?xml version="1.0" encoding="UTF-8" ?>
<testsuite name="BusinessLogic getRules ruleFilter" errors="0" tests="1" failures="0" time="0.051" timestamp="2021-04-20T10:18:42">
  <testcase classname="BusinessLogic getRules ruleFilter" name="should be taken from environment" time="0.051"></testcase>
</testsuite>