<?xml version="1.0" encoding="UTF-8" ?>
<testsuite name="getData" errors="0" tests="15" failures="0" time="1.252" timestamp="2021-09-20T12:12:22">
  <testcase classname="getData" name="should define getFilterKey" time="0.002"></testcase>
  <testcase classname="getData" name="getFilterKey should filter key fields (single key)" time="0.08"></testcase>
  <testcase classname="getData" name="getFilterKey should filter key fields (multi key)" time="0.048"></testcase>
  <testcase classname="getData" name="fillDataSetByKey should fill a dataset (single table)" time="0.079"></testcase>
  <testcase classname="getData" name="fillDataSetByKey should fill main table (multiple table)" time="0.153"></testcase>
  <testcase classname="getData" name="fillDataSetByKey should call getStartingFrom)" time="0.074"></testcase>
  <testcase classname="getData" name="fillDataSetByKey should call getByKey)" time="0.051"></testcase>
  <testcase classname="getData" name="fillDataSetByKey should call getStartingFrom)" time="0.085"></testcase>
  <testcase classname="getData" name="fillDataSetByKey should call getStartingFrom with given table filled)" time="0.07"></testcase>
  <testcase classname="getData" name="fillDataSetByKey should call scanTables)" time="0.049"></testcase>
  <testcase classname="getData" name="fillDataSetByKey should fill child table (one child table)" time="0.055"></testcase>
  <testcase classname="getData" name="fillDataSetByKey should fill child table (different parent tables)" time="0.05"></testcase>
  <testcase classname="getData" name="fillDataSetByFilter should fill give same results as fillDataSetByKey when filter is key filter" time="0.061"></testcase>
  <testcase classname="getData" name="fillDataSetByFilter should call getParentRows on every single row read" time="0.052"></testcase>
  <testcase classname="getData" name="fillDataSetByFilter should call getAllChildRows on every not-empty table read" time="0.048"></testcase>
</testsuite>