<?xml version="1.0" encoding="UTF-8" ?>
<testsuite name="PostData" errors="0" tests="0" failures="0" time="0" timestamp="2021-09-20T12:09:01">
</testsuite>