<?xml version="1.0" encoding="UTF-8" ?>
<testsuite name="MetaModel" errors="0" tests="0" failures="0" time="0" timestamp="2021-09-30T17:48:08">
</testsuite>