<?xml version="1.0" encoding="UTF-8" ?>
<testsuite name="MetaData" errors="0" tests="1" failures="1" time="0.005" timestamp="2021-10-11T18:07:20">
  <testcase classname="MetaData" name="encountered a declaration exception" time="0.005"><failure type="expect" message="ReferenceError: appMeta is not defined">ReferenceError: appMeta is not defined
    at jasmine.Suite.&amp;lt;anonymous&amp;gt; (D:\progetti\jsMetaBackend\test\spec\MetaDataSpec.js:5:25)
    at jasmine.Env.describe_ (D:\progetti\jsMetaBackend\node_modules\jasmine-node\lib\jasmine-node/jasmine-1.3.1.js:884:21)
    at jasmine.Env.describe (D:\progetti\jsMetaBackend\node_modules\jasmine-node\lib\jasmine-node/jasmine-1.3.1.js:869:15)
    at describe (D:\progetti\jsMetaBackend\node_modules\jasmine-node\lib\jasmine-node/jasmine-1.3.1.js:629:27)
    at Object.&amp;lt;anonymous&amp;gt; (D:\progetti\jsMetaBackend\test\spec\MetaDataSpec.js:3:1)
    at Module._compile (internal/modules/cjs/loader.js:1063:30)
    at Object.Module._extensions..js (internal/modules/cjs/loader.js:1092:10)
    at Module.load (D:\progetti\jsMetaBackend\node_modules\coffeescript\lib\coffee-script\register.js:45:36)
    at Function.Module._load (internal/modules/cjs/loader.js:769:14)
    at Module.require (internal/modules/cjs/loader.js:952:19)
    at require (internal/modules/cjs/helpers.js:88:18)
    at Object.jasmine.executeSpecsInFolder (D:\progetti\jsMetaBackend\node_modules\jasmine-node\lib\jasmine-node\index.js:160:9)
    at Object.&amp;lt;anonymous&amp;gt; (D:\progetti\jsMetaBackend\node_modules\grunt-jasmine-node\tasks\jasmine-node-task.js:96:17)
    at Object.&amp;lt;anonymous&amp;gt; (D:\progetti\jsMetaBackend\node_modules\grunt\lib\grunt\task.js:252:15)
    at Object.thisTask.fn (D:\progetti\jsMetaBackend\node_modules\grunt\lib\grunt\task.js:70:16)
    at Object.&amp;lt;anonymous&amp;gt; (D:\progetti\jsMetaBackend\node_modules\grunt\lib\util\task.js:294:30)
    at Task.runTaskFn (D:\progetti\jsMetaBackend\node_modules\grunt\lib\util\task.js:244:24)
    at Task.&amp;lt;anonymous&amp;gt; (D:\progetti\jsMetaBackend\node_modules\grunt\lib\util\task.js:293:12)
    at D:\progetti\jsMetaBackend\node_modules\grunt\lib\util\task.js:220:11
    at processTicksAndRejections (internal/process/task_queues.js:75:11)
</failure></testcase>
</testsuite>