<?xml version="1.0" encoding="UTF-8" ?>
<testsuite name="sqlServerDriver " errors="0" tests="0" failures="0" time="0" timestamp="2021-10-15T13:26:19">
</testsuite>