<?xml version="1.0" encoding="UTF-8" ?>
<testsuite name="DataSet" errors="0" tests="1" failures="0" time="0.013" timestamp="2022-05-26T14:27:54">
  <testcase classname="DataSet" name="dsSpace should be defined" time="0"></testcase>
</testsuite>