<?xml version="1.0" encoding="UTF-8" ?>
<testsuite name="BusinessMessage findPostingColumn" errors="0" tests="6" failures="0" time="0" timestamp="2021-10-28T15:35:11">
  <testcase classname="BusinessMessage findPostingColumn" name="should give the exact column where it exists" time="0"></testcase>
  <testcase classname="BusinessMessage findPostingColumn" name="should be null when a column is not found" time="0"></testcase>
  <testcase classname="BusinessMessage findPostingColumn" name="should give the column if has forPosting set with that field name" time="0"></testcase>
  <testcase classname="BusinessMessage findPostingColumn" name="should not give column if Table has no alias for writing" time="0"></testcase>
  <testcase classname="BusinessMessage findPostingColumn" name="should not give the column if has forPosting set with a different name" time="0"></testcase>
  <testcase classname="BusinessMessage findPostingColumn" name="should  give the column if has forPosting set with same name" time="0"></testcase>
</testsuite>