<?xml version="1.0" encoding="UTF-8" ?>
<testsuite name="PostData changeList deletes should precede other kind of operations" errors="0" tests="1" failures="1" time="0.001" timestamp="2021-05-04T11:08:16">
  <testcase classname="PostData changeList deletes should precede other kind of operations" name="insert on parents should precede insert on child" time="0.001"><failure type="expect" message="TypeError: p.changeList is not a function">TypeError: p.changeList is not a function
    at jasmine.Spec.&amp;lt;anonymous&amp;gt; (D:\progetti\jsMetaBackend\test\spec\jsPostDataSpec.js:530:29)
    at jasmine.Block.execute (D:\progetti\jsMetaBackend\node_modules\jasmine-node\lib\jasmine-node/jasmine-1.3.1.js:1145:17)
    at jasmine.Queue.next_ (D:\progetti\jsMetaBackend\node_modules\jasmine-node\lib\jasmine-node/jasmine-1.3.1.js:2177:31)
    at jasmine.Queue.start (D:\progetti\jsMetaBackend\node_modules\jasmine-node\lib\jasmine-node/jasmine-1.3.1.js:2130:8)
    at jasmine.Spec.execute (D:\progetti\jsMetaBackend\node_modules\jasmine-node\lib\jasmine-node/jasmine-1.3.1.js:2458:14)
    at jasmine.Queue.next_ (D:\progetti\jsMetaBackend\node_modules\jasmine-node\lib\jasmine-node/jasmine-1.3.1.js:2177:31)
    at jasmine.Queue.start (D:\progetti\jsMetaBackend\node_modules\jasmine-node\lib\jasmine-node/jasmine-1.3.1.js:2130:8)
    at jasmine.Suite.execute (D:\progetti\jsMetaBackend\node_modules\jasmine-node\lib\jasmine-node/jasmine-1.3.1.js:2604:14)
    at jasmine.Queue.next_ (D:\progetti\jsMetaBackend\node_modules\jasmine-node\lib\jasmine-node/jasmine-1.3.1.js:2177:31)
    at jasmine.Queue.start (D:\progetti\jsMetaBackend\node_modules\jasmine-node\lib\jasmine-node/jasmine-1.3.1.js:2130:8)
    at jasmine.Suite.execute (D:\progetti\jsMetaBackend\node_modules\jasmine-node\lib\jasmine-node/jasmine-1.3.1.js:2604:14)
    at jasmine.Queue.next_ (D:\progetti\jsMetaBackend\node_modules\jasmine-node\lib\jasmine-node/jasmine-1.3.1.js:2177:31)
    at jasmine.Queue.start (D:\progetti\jsMetaBackend\node_modules\jasmine-node\lib\jasmine-node/jasmine-1.3.1.js:2130:8)
    at jasmine.Suite.execute (D:\progetti\jsMetaBackend\node_modules\jasmine-node\lib\jasmine-node/jasmine-1.3.1.js:2604:14)
    at jasmine.Queue.next_ (D:\progetti\jsMetaBackend\node_modules\jasmine-node\lib\jasmine-node/jasmine-1.3.1.js:2177:31)
    at onComplete (D:\progetti\jsMetaBackend\node_modules\jasmine-node\lib\jasmine-node/jasmine-1.3.1.js:2173:18)
    at jasmine.Suite.finish (D:\progetti\jsMetaBackend\node_modules\jasmine-node\lib\jasmine-node/jasmine-1.3.1.js:2561:5)
    at jasmine.Queue.onComplete (D:\progetti\jsMetaBackend\node_modules\jasmine-node\lib\jasmine-node/jasmine-1.3.1.js:2605:10)
    at jasmine.Queue.next_ (D:\progetti\jsMetaBackend\node_modules\jasmine-node\lib\jasmine-node/jasmine-1.3.1.js:2187:14)
    at onComplete (D:\progetti\jsMetaBackend\node_modules\jasmine-node\lib\jasmine-node/jasmine-1.3.1.js:2173:18)
    at jasmine.Spec.finish (D:\progetti\jsMetaBackend\node_modules\jasmine-node\lib\jasmine-node/jasmine-1.3.1.js:2432:5)
    at jasmine.Queue.onComplete (D:\progetti\jsMetaBackend\node_modules\jasmine-node\lib\jasmine-node/jasmine-1.3.1.js:2459:10)
    at jasmine.Queue.next_ (D:\progetti\jsMetaBackend\node_modules\jasmine-node\lib\jasmine-node/jasmine-1.3.1.js:2187:14)
    at Timeout._onTimeout (D:\progetti\jsMetaBackend\node_modules\jasmine-node\lib\jasmine-node/jasmine-1.3.1.js:2167:18)
    at listOnTimeout (internal/timers.js:554:17)
    at processTimers (internal/timers.js:497:7)
</failure></testcase>
</testsuite>