<?xml version="1.0" encoding="UTF-8" ?>
<testsuite name="PostData getSqlStatements" errors="0" tests="8" failures="0" time="0.102" timestamp="2021-09-20T12:08:58">
  <testcase classname="PostData getSqlStatements" name="should be a function" time="0.001"></testcase>
  <testcase classname="PostData getSqlStatements" name="should call calcAllAutoId for every given row" time="0.012"></testcase>
  <testcase classname="PostData getSqlStatements" name="should call calcAllAutoId one at a time" time="0.012"></testcase>
  <testcase classname="PostData getSqlStatements" name="if calcAllAutoId one does fail, should reject request and stop" time="0.012"></testcase>
  <testcase classname="PostData getSqlStatements" name="should call DAC.getPostCommand and giveErrorNumberDataWasNotWritten for every given row" time="0.02"></testcase>
  <testcase classname="PostData getSqlStatements" name="should call appendCommands for every given row " time="0.018"></testcase>
  <testcase classname="PostData getSqlStatements" name="should call appendCommands for every given row  (all single sql commands)" time="0.012"></testcase>
  <testcase classname="PostData getSqlStatements" name="should call appendCommands for every given row (grouped sql commands)" time="0.015"></testcase>
</testsuite>