<?xml version="1.0" encoding="UTF-8" ?>
<testsuite name="Token getToken NOT132 12" errors="0" tests="1" failures="0" time="0" timestamp="2021-06-18T16:46:59">
  <testcase classname="Token getToken NOT132 12" name="Get Token " time="0"></testcase>
</testsuite>