<?xml version="1.0" encoding="UTF-8" ?>
<testsuite name="edgeSql  querylines" errors="0" tests="6" failures="0" time="0.386" timestamp="2021-07-08T15:04:40">
  <testcase classname="edgeSql  querylines" name="queryLines should return as many meta as read tables " time="0.063"></testcase>
  <testcase classname="edgeSql  querylines" name="meta returned from queryLines should be arrays " time="0.061"></testcase>
  <testcase classname="edgeSql  querylines" name="queryLines should return all rows one at a time" time="0.067"></testcase>
  <testcase classname="edgeSql  querylines" name="queryLines should return row as arrays " time="0.068"></testcase>
  <testcase classname="edgeSql  querylines" name="queryLines should return row as objects when raw=false " time="0.068"></testcase>
  <testcase classname="edgeSql  querylines" name="queryLines should work with multiple results " time="0.059"></testcase>
</testsuite>