<?xml version="1.0" encoding="UTF-8" ?>
<testsuite name="edgeSql " errors="0" tests="0" failures="0" time="0" timestamp="2021-07-08T15:04:41">
</testsuite>