<?xml version="1.0" encoding="UTF-8" ?>
<testsuite name="PostData doPost" errors="0" tests="23" failures="0" time="1.484" timestamp="2021-09-20T12:08:57">
  <testcase classname="PostData doPost" name="should return an instance of a PostData " time="0.002"></testcase>
  <testcase classname="PostData doPost" name="should return a resolved promise to {checks:[]} when called with no change " time="0.001"></testcase>
  <testcase classname="PostData doPost" name="should call opt.callChecks when there is something to save" time="0.074"></testcase>
  <testcase classname="PostData doPost" name="should append error got from callChecks to output errors" time="0.056"></testcase>
  <testcase classname="PostData doPost" name="should call open and begin transaction if prechecks did not return errors" time="0.072"></testcase>
  <testcase classname="PostData doPost" name="should NOT call physicalPostBatch if prechecks returned errors" time="0.054"></testcase>
  <testcase classname="PostData doPost" name="should NOT call physicalPostBatch if prechecks throws" time="0.048"></testcase>
  <testcase classname="PostData doPost" name="should call physicalPostBatch if prechecks returns warnings" time="0.075"></testcase>
  <testcase classname="PostData doPost" name="should call opt.log if physicalPostBatch is resolved and opt.log is given" time="0.102"></testcase>
  <testcase classname="PostData doPost" name="should NOT call getChecks(post) if given opt.log rejects his promise" time="0.069"></testcase>
  <testcase classname="PostData doPost" name="should NOT call getChecks(post) if given opt.log throws" time="0.105"></testcase>
  <testcase classname="PostData doPost" name="should call postChecks if physicalPostBatch is resolved" time="0.057"></testcase>
  <testcase classname="PostData doPost" name="should NOT call postChecks if physicalPostBatch is rejected" time="0.044"></testcase>
  <testcase classname="PostData doPost" name="should return some error if physicalPostBatch throws  " time="0.056"></testcase>
  <testcase classname="PostData doPost" name="should NOT call opt.doUpdate if physicalPostBatch is resolved and opt.doUpdate is given and there are msgs" time="0.053"></testcase>
  <testcase classname="PostData doPost" name="should  call doUpdate if physicalPostBatch is resolved and opt.doUpdate is given and there are no checks" time="0.097"></testcase>
  <testcase classname="PostData doPost" name="should  call opt.doUpdate if physicalPostBatch is resolved and opt.doUpdate is given and there are checks    but they were already present" time="0.051"></testcase>
  <testcase classname="PostData doPost" name="should  call commit if optional doUpdate resolves" time="0.114"></testcase>
  <testcase classname="PostData doPost" name="should  call rollBack (and not commit) if optional doUpdate returns msgs" time="0.107"></testcase>
  <testcase classname="PostData doPost" name="should  call rollBack (and not commit) if optional doUpdate is rejected" time="0.049"></testcase>
  <testcase classname="PostData doPost" name="should  call commit  if optional doUpdate is rejected with a previously ignored message" time="0.076"></testcase>
  <testcase classname="PostData doPost" name="should  call rollback  if optional doUpdate is gives a blocking error previously present as warning" time="0.053"></testcase>
  <testcase classname="PostData doPost" name="should  call rollBack (and not commit) if physicalPostBatch is rejected" time="0.067"></testcase>
</testsuite>