<?xml version="1.0" encoding="UTF-8" ?>
<testsuite name="BusinessLogic refineMessages groupQueries" errors="0" tests="3" failures="0" time="0.235" timestamp="2021-10-28T15:35:12">
  <testcase classname="BusinessLogic refineMessages groupQueries" name="should group subst basing on table names" time="0.072"></testcase>
  <testcase classname="BusinessLogic refineMessages groupQueries" name="should not merge over queryLimit chars (case one clause only)" time="0.072"></testcase>
  <testcase classname="BusinessLogic refineMessages groupQueries" name="should not merge over queryLimit chars (case multiple clauses)" time="0.091"></testcase>
</testsuite>