<?xml version="1.0" encoding="UTF-8" ?>
<testsuite name="Token" errors="0" tests="0" failures="0" time="0" timestamp="2021-07-29T16:30:35">
</testsuite>