<?xml version="1.0" encoding="UTF-8" ?>
<testsuite name="BusinessLogic parametersFor" errors="0" tests="3" failures="0" time="0.229" timestamp="2021-10-28T15:35:11">
  <testcase classname="BusinessLogic parametersFor" name="should evaluate an array of parameters" time="0.075"></testcase>
  <testcase classname="BusinessLogic parametersFor" name="should not append autoincrement columns as parameters if state added" time="0.072"></testcase>
  <testcase classname="BusinessLogic parametersFor" name="should  append autoincrement columns as parameters if state not added" time="0.082"></testcase>
</testsuite>