<?xml version="1.0" encoding="UTF-8" ?>
<testsuite name="DataSet DataRelation functions" errors="0" tests="21" failures="1" time="0.004" timestamp="2022-05-26T14:27:54">
  <testcase classname="DataSet DataRelation functions" name="ds.relations should exists" time="0"></testcase>
  <testcase classname="DataSet DataRelation functions" name="ds.newRelation should be a function" time="0"></testcase>
  <testcase classname="DataSet DataRelation functions" name="calling ds.newRelation adds a relation to ds.relations" time="0"></testcase>
  <testcase classname="DataSet DataRelation functions" name="newRelation adds a relation to ds.relations" time="0"></testcase>
  <testcase classname="DataSet DataRelation functions" name="newRelation  adds a relation to ds.relations (case with comma separated field list)" time="0"></testcase>
  <testcase classname="DataSet DataRelation functions" name="relation.getChildsFilter should be a function" time="0"></testcase>
  <testcase classname="DataSet DataRelation functions" name="relation.getChildsFilter should return a function" time="0.001"></testcase>
  <testcase classname="DataSet DataRelation functions" name="relation.getChildsFilter().toSql should be a function" time="0"></testcase>
  <testcase classname="DataSet DataRelation functions" name="relation.getChildsFilter() should return false on non matching objects" time="0"></testcase>
  <testcase classname="DataSet DataRelation functions" name="relation.getChildsFilter() should return true on matching objects" time="0"></testcase>
  <testcase classname="DataSet DataRelation functions" name="relation.getChildsFilter() should return false on (with null)-matching objects" time="0"></testcase>
  <testcase classname="DataSet DataRelation functions" name="relation.getParentsFilter() should return false on non matching objects" time="0"></testcase>
  <testcase classname="DataSet DataRelation functions" name="relation.getParentsFilter() should return true on matching objects" time="0"></testcase>
  <testcase classname="DataSet DataRelation functions" name="relation.getParentsFilter() should return false on (with null)-matching objects" time="0"></testcase>
  <testcase classname="DataSet DataRelation functions" name="getting a relation function should call _.map" time="0"></testcase>
  <testcase classname="DataSet DataRelation functions" name="getting a getChildFilter function should call _.map with  parentCols as first argument " time="0.001"></testcase>
  <testcase classname="DataSet DataRelation functions" name="getting a getParentsFilter function should call _.map with  childCols as first argument " time="0"><failure type="expect" message="TypeError: dsSpace.myLoDash.map.calls.first is not a function">TypeError: dsSpace.myLoDash.map.calls.first is not a function
    at jasmine.Spec.&amp;lt;anonymous&amp;gt; (D:\progetti\jsMetaBackend\test\spec\jsDataSetSpec.js:318:43)
    at jasmine.Block.execute (D:\progetti\jsMetaBackend\node_modules\jasmine-node\lib\jasmine-node/jasmine-1.3.1.js:1145:17)
    at jasmine.Queue.next_ (D:\progetti\jsMetaBackend\node_modules\jasmine-node\lib\jasmine-node/jasmine-1.3.1.js:2177:31)
    at jasmine.Queue.start (D:\progetti\jsMetaBackend\node_modules\jasmine-node\lib\jasmine-node/jasmine-1.3.1.js:2130:8)
    at jasmine.Spec.execute (D:\progetti\jsMetaBackend\node_modules\jasmine-node\lib\jasmine-node/jasmine-1.3.1.js:2458:14)
    at jasmine.Queue.next_ (D:\progetti\jsMetaBackend\node_modules\jasmine-node\lib\jasmine-node/jasmine-1.3.1.js:2177:31)
    at jasmine.Queue.start (D:\progetti\jsMetaBackend\node_modules\jasmine-node\lib\jasmine-node/jasmine-1.3.1.js:2130:8)
    at jasmine.Suite.execute (D:\progetti\jsMetaBackend\node_modules\jasmine-node\lib\jasmine-node/jasmine-1.3.1.js:2604:14)
    at jasmine.Queue.next_ (D:\progetti\jsMetaBackend\node_modules\jasmine-node\lib\jasmine-node/jasmine-1.3.1.js:2177:31)
    at jasmine.Queue.start (D:\progetti\jsMetaBackend\node_modules\jasmine-node\lib\jasmine-node/jasmine-1.3.1.js:2130:8)
    at jasmine.Suite.execute (D:\progetti\jsMetaBackend\node_modules\jasmine-node\lib\jasmine-node/jasmine-1.3.1.js:2604:14)
    at jasmine.Queue.next_ (D:\progetti\jsMetaBackend\node_modules\jasmine-node\lib\jasmine-node/jasmine-1.3.1.js:2177:31)
    at onComplete (D:\progetti\jsMetaBackend\node_modules\jasmine-node\lib\jasmine-node/jasmine-1.3.1.js:2173:18)
    at jasmine.Suite.finish (D:\progetti\jsMetaBackend\node_modules\jasmine-node\lib\jasmine-node/jasmine-1.3.1.js:2561:5)
    at jasmine.Queue.onComplete (D:\progetti\jsMetaBackend\node_modules\jasmine-node\lib\jasmine-node/jasmine-1.3.1.js:2605:10)
    at jasmine.Queue.next_ (D:\progetti\jsMetaBackend\node_modules\jasmine-node\lib\jasmine-node/jasmine-1.3.1.js:2187:14)
    at onComplete (D:\progetti\jsMetaBackend\node_modules\jasmine-node\lib\jasmine-node/jasmine-1.3.1.js:2173:18)
    at jasmine.Spec.finish (D:\progetti\jsMetaBackend\node_modules\jasmine-node\lib\jasmine-node/jasmine-1.3.1.js:2432:5)
    at jasmine.Queue.onComplete (D:\progetti\jsMetaBackend\node_modules\jasmine-node\lib\jasmine-node/jasmine-1.3.1.js:2459:10)
    at jasmine.Queue.next_ (D:\progetti\jsMetaBackend\node_modules\jasmine-node\lib\jasmine-node/jasmine-1.3.1.js:2187:14)
    at Timeout._onTimeout (D:\progetti\jsMetaBackend\node_modules\jasmine-node\lib\jasmine-node/jasmine-1.3.1.js:2167:18)
    at listOnTimeout (internal/timers.js:554:17)
    at processTimers (internal/timers.js:497:7)
</failure></testcase>
  <testcase classname="DataSet DataRelation functions" name="calling a relation function should not call _.map" time="0"></testcase>
  <testcase classname="DataSet DataRelation functions" name="dataSet.relationsByParent and should be set relationsByChild after calling newRelation" time="0"></testcase>
  <testcase classname="DataSet DataRelation functions" name="dataSet.relationsByParent and should be set relationsByChild after calling newRelation" time="0"></testcase>
  <testcase classname="DataSet DataRelation functions" name="clone should preserve relationsByParent relationsByChild and " time="0.001"></testcase>
</testsuite>