<?xml version="1.0" encoding="UTF-8" ?>
<testsuite name="edgeSql  clear dataBase" errors="0" tests="1" failures="0" time="0.176" timestamp="2021-07-08T15:04:40">
  <testcase classname="edgeSql  clear dataBase" name="should run the destroy script" time="0.176"></testcase>
</testsuite>