<?xml version="1.0" encoding="UTF-8" ?>
<testsuite name="dataAccess" errors="0" tests="16" failures="0" time="1.667" timestamp="2021-09-30T16:26:09">
  <testcase classname="dataAccess" name="getDataAccess should return an instance of DataAccess" time="0.006"></testcase>
  <testcase classname="dataAccess" name="readSingleValue should return a single value" time="0.102"></testcase>
  <testcase classname="dataAccess" name="readSingleValue should return a single value" time="0.055"></testcase>
  <testcase classname="dataAccess" name="runCmd should return a single value" time="0.05"></testcase>
  <testcase classname="dataAccess" name="runCmd should return a single value" time="0.043"></testcase>
  <testcase classname="dataAccess" name="readLastValue should return last returned value" time="0.066"></testcase>
  <testcase classname="dataAccess" name="runSql should return a table" time="0.066"></testcase>
  <testcase classname="dataAccess" name="runSql with errors should intercept errors" time="0.067"></testcase>
  <testcase classname="dataAccess" name="doSingleInsert should have success" time="0.069"></testcase>
  <testcase classname="dataAccess" name="callSP should get multiple tables " time="0.062"></testcase>
  <testcase classname="dataAccess" name="callSP with bad sp should intercept errors " time="0.057"></testcase>
  <testcase classname="dataAccess" name="selectRows should give rows one at a time" time="0.068"></testcase>
  <testcase classname="dataAccess" name="selectRows should give rows one at a time (raw)" time="0.066"></testcase>
  <testcase classname="dataAccess" name="objectify should transform raw data into objects" time="0.063"></testcase>
  <testcase classname="dataAccess" name="raw data read should be quick" time="0.072"></testcase>
  <testcase classname="dataAccess" name="select should give a table" time="0.058"></testcase>
</testsuite>