<?xml version="1.0" encoding="UTF-8" ?>
<testsuite name="DataSet DataSet Structure" errors="0" tests="7" failures="0" time="0.001" timestamp="2022-05-26T14:27:54">
  <testcase classname="DataSet DataSet Structure" name="ds should be defined" time="0"></testcase>
  <testcase classname="DataSet DataSet Structure" name="ds.tables should be defined" time="0"></testcase>
  <testcase classname="DataSet DataSet Structure" name="ds.relations  should be defined" time="0"></testcase>
  <testcase classname="DataSet DataSet Structure" name="ds should have a field name" time="0"></testcase>
  <testcase classname="DataSet DataSet Structure" name="ds name should be not null" time="0"></testcase>
  <testcase classname="DataSet DataSet Structure" name="ds should have a string field name" time="0"></testcase>
  <testcase classname="DataSet DataSet Structure" name="dsSpace.DataRow should be a function" time="0"></testcase>
</testsuite>