<?xml version="1.0" encoding="UTF-8" ?>
<testsuite name="multiSelect Select" errors="0" tests="16" failures="0" time="0.003" timestamp="2021-07-29T16:30:29">
  <testcase classname="multiSelect Select" name="Select() should return an object and set columns" time="0"></testcase>
  <testcase classname="multiSelect Select" name="Select() should have a null filter" time="0"></testcase>
  <testcase classname="multiSelect Select" name="where should set a filter" time="0"></testcase>
  <testcase classname="multiSelect Select" name="MultiCompare should set a filter" time="0"></testcase>
  <testcase classname="multiSelect Select" name="from() should set tableName and default alias" time="0"></testcase>
  <testcase classname="multiSelect Select" name="intoTable() should set alias" time="0"></testcase>
  <testcase classname="multiSelect Select" name="orderBy() should set sorting" time="0"></testcase>
  <testcase classname="multiSelect Select" name="getTop() should set top" time="0.001"></testcase>
  <testcase classname="multiSelect Select" name="canAppend() compare tableName and alias (equal)" time="0"></testcase>
  <testcase classname="multiSelect Select" name="canAppend() compare tableName and alias (alias different)" time="0"></testcase>
  <testcase classname="multiSelect Select" name="canAppend() compare tableName and alias (alias different and one table undefined" time="0"></testcase>
  <testcase classname="multiSelect Select" name="canAppend() compare tableName and alias (alias equals one table undefined)" time="0"></testcase>
  <testcase classname="multiSelect Select" name="optimizedAppendTo should return false if one of the two  table is not optimized" time="0"></testcase>
  <testcase classname="multiSelect Select" name="optimizedAppendTo should return false if one of the two  table is not optimized" time="0.001"></testcase>
  <testcase classname="multiSelect Select" name="optimizedAppendTo should return true if a merge is possible" time="0"></testcase>
  <testcase classname="multiSelect Select" name="appendTo should transform optimized select into not-optimized" time="0.001"></testcase>
</testsuite>