<?xml version="1.0" encoding="UTF-8" ?>
<testsuite name="DataRow module test" errors="0" tests="0" failures="0" time="0" timestamp="2022-05-26T14:27:54">
</testsuite>